<?xml version="1.0" encoding="UTF-8" standalone="yes"?><!DOCTYPE report PUBLIC "-//JACOCO//DTD Report 1.1//EN" "report.dtd"><report name="JaCoCo Coverage Report"><sessioninfo id="MSI-31f7315a" start="1788250032742" dump="1788250036190"/><package name="org/apache/storm/daemon/ui"><class name="org/apache/storm/daemon/ui/UIHelpers" sourcefilename="UIHelpers.java"><method name="&lt;init&gt;" desc="()V" line="117"><counter type="INSTRUCTION" missed="0" covered="3"/><counter type="LINE" missed="0" covered="1"/><counter type="COMPLEXITY" missed="0" covered="1"/><counter type="METHOD" missed="0" covered="1"/></method><method name="prettyUptimeStr" desc="(Ljava/lang/String;[[Ljava/lang/Object;)Ljava/lang/String;" line="180"><counter type="INSTRUCTION" missed="5" covered="56"/><counter type="BRANCH" missed="1" covered="5"/><counter type="LINE" missed="1" covered="10"/><counter type="COMPLEXITY" missed="1" covered="3"/><counter type="METHOD" missed="0" covered="1"/></method><method name="prettyUptimeSec" desc="(Ljava/lang/String;)Ljava/lang/String;" line="203"><counter type="INSTRUCTION" missed="4" covered="0"/><counter type="LINE" missed="1" covered="0"/><counter type="COMPLEXITY" missed="1" covered="0"/><counter type="METHOD" missed="1" covered="0"/></method><method name="prettyUptimeSec" desc="(I)Ljava/lang/String;" line="212"><counter type="INSTRUCTION" missed="0" covered="5"/><counter type="LINE" missed="0" covered="1"/><counter type="COMPLEXITY" missed="0" covered="1"/><counter type="METHOD" missed="0" covered="1"/></method><method name="prettyUptimeMs" desc="(Ljava/lang/String;)Ljava/lang/String;" line="221"><counter type="INSTRUCTION" missed="4" covered="0"/><counter type="LINE" missed="1" covered="0"/><counter type="COMPLEXITY" missed="1" covered="0"/><counter type="METHOD" missed="1" covered="0"/></method><method name="prettyUptimeMs" desc="(I)Ljava/lang/String;" line="230"><counter type="INSTRUCTION" missed="0" covered="5"/><counter type="LINE" missed="0" covered="1"/><counter type="COMPLEXITY" missed="0" covered="1"/><counter type="METHOD" missed="0" covered="1"/></method><method name="urlFormat" desc="(Ljava/lang/String;[Ljava/lang/Object;)Ljava/lang/String;" line="240"><counter type="INSTRUCTION" missed="0" covered="24"/><counter type="BRANCH" missed="0" covered="2"/><counter type="LINE" missed="0" covered="4"/><counter type="COMPLEXITY" missed="0" covered="2"/><counter type="METHOD" missed="0" covered="1"/></method><method name="prettyExecutorInfo" desc="(Lorg/apache/storm/generated/ExecutorInfo;)Ljava/lang/String;" line="253"><counter type="INSTRUCTION" missed="0" covered="6"/><counter type="LINE" missed="0" covered="1"/><counter type="COMPLEXITY" missed="0" covered="1"/><counter type="METHOD" missed="0" covered="1"/></method><method name="unauthorizedUserJson" desc="(Ljava/lang/String;)Ljava/util/Map;" line="262"><counter type="INSTRUCTION" missed="0" covered="13"/><counter type="LINE" missed="0" covered="2"/><counter type="COMPLEXITY" missed="0" covered="1"/><counter type="METHOD" missed="0" covered="1"/></method><method name="mkSslConnector" desc="(Lorg/eclipse/jetty/server/Server;Ljava/lang/Integer;Ljava/lang/String;Ljava/lang/String;Ljava/lang/String;Ljava/lang/String;Ljava/lang/String;Ljava/lang/String;Ljava/lang/String;Ljava/lang/Boolean;Ljava/lang/Boolean;Ljava/lang/Integer;Z)Lorg/eclipse/jetty/server/ServerConnector;" line="273"><counter type="INSTRUCTION" missed="117" covered="0"/><counter type="BRANCH" missed="16" covered="0"/><counter type="LINE" missed="24" covered="0"/><counter type="COMPLEXITY" missed="9" covered="0"/><counter type="METHOD" missed="1" covered="0"/></method><method name="configSsl" desc="(Lorg/eclipse/jetty/server/Server;Ljava/lang/Integer;Ljava/lang/String;Ljava/lang/String;Ljava/lang/String;Ljava/lang/String;Ljava/lang/String;Ljava/lang/String;Ljava/lang/String;Ljava/lang/Boolean;Ljava/lang/Boolean;Z)V" line="313"><counter type="INSTRUCTION" missed="15" covered="0"/><counter type="LINE" missed="2" covered="0"/><counter type="COMPLEXITY" missed="1" covered="0"/><counter type="METHOD" missed="1" covered="0"/></method><method name="configSsl" desc="(Lorg/eclipse/jetty/server/Server;Ljava/lang/Integer;Ljava/lang/String;Ljava/lang/String;Ljava/lang/String;Ljava/lang/String;Ljava/lang/String;Ljava/lang/String;Ljava/lang/String;Ljava/lang/Boolean;Ljava/lang/Boolean;Ljava/lang/Integer;Z)V" line="340"><counter type="INSTRUCTION" missed="20" covered="0"/><counter type="BRANCH" missed="2" covered="0"/><counter type="LINE" missed="4" covered="0"/><counter type="COMPLEXITY" missed="2" covered="0"/><counter type="METHOD" missed="1" covered="0"/></method><method name="corsFilterHandle" desc="()Lorg/eclipse/jetty/servlet/FilterHolder;" line="356"><counter type="INSTRUCTION" missed="25" covered="0"/><counter type="LINE" missed="6" covered="0"/><counter type="COMPLEXITY" missed="1" covered="0"/><counter type="METHOD" missed="1" covered="0"/></method><method name="mkAccessLoggingFilterHandle" desc="()Lorg/eclipse/jetty/servlet/FilterHolder;" line="373"><counter type="INSTRUCTION" missed="0" covered="7"/><counter type="LINE" missed="0" covered="1"/><counter type="COMPLEXITY" missed="0" covered="1"/><counter type="METHOD" missed="0" covered="1"/></method><method name="configFilter" desc="(Lorg/eclipse/jetty/server/Server;Ljakarta/servlet/Servlet;Ljava/util/List;)V" line="378"><counter type="INSTRUCTION" missed="6" covered="0"/><counter type="LINE" missed="2" covered="0"/><counter type="COMPLEXITY" missed="1" covered="0"/><counter type="METHOD" missed="1" covered="0"/></method><method name="configFilter" desc="(Lorg/eclipse/jetty/server/Server;Ljakarta/servlet/Servlet;Ljava/util/List;Ljava/util/Map;)V" line="391"><counter type="INSTRUCTION" missed="32" covered="0"/><counter type="BRANCH" missed="4" covered="0"/><counter type="LINE" missed="10" covered="0"/><counter type="COMPLEXITY" missed="3" covered="0"/><counter type="METHOD" missed="1" covered="0"/></method><method name="configFilters" desc="(Lorg/eclipse/jetty/servlet/ServletContextHandler;Ljava/util/List;)V" line="411"><counter type="INSTRUCTION" missed="68" covered="0"/><counter type="BRANCH" missed="8" covered="0"/><counter type="LINE" missed="18" covered="0"/><counter type="COMPLEXITY" missed="5" covered="0"/><counter type="METHOD" missed="1" covered="0"/></method><method name="jettyCreateServer" desc="(Ljava/lang/Integer;Ljava/lang/String;Ljava/lang/Integer;Ljava/lang/Boolean;)Lorg/eclipse/jetty/server/Server;" line="439"><counter type="INSTRUCTION" missed="0" covered="7"/><counter type="LINE" missed="0" covered="1"/><counter type="COMPLEXITY" missed="0" covered="1"/><counter type="METHOD" missed="0" covered="1"/></method><method name="jettyCreateServer" desc="(Ljava/lang/Integer;Ljava/lang/String;Ljava/lang/Integer;Ljava/lang/Integer;Ljava/lang/Boolean;)Lorg/eclipse/jetty/server/Server;" line="447"><counter type="INSTRUCTION" missed="0" covered="60"/><counter type="BRANCH" missed="1" covered="9"/><counter type="LINE" missed="0" covered="12"/><counter type="COMPLEXITY" missed="1" covered="5"/><counter type="METHOD" missed="0" covered="1"/></method><method name="stormRunJetty" desc="(Ljava/lang/Integer;Ljava/lang/String;Ljava/lang/Integer;Ljava/lang/Integer;Lorg/apache/storm/daemon/ui/IConfigurator;)V" line="474"><counter type="INSTRUCTION" missed="3" covered="13"/><counter type="BRANCH" missed="1" covered="1"/><counter type="LINE" missed="2" covered="3"/><counter type="COMPLEXITY" missed="1" covered="1"/><counter type="METHOD" missed="0" covered="1"/></method><method name="stormRunJetty" desc="(Ljava/lang/Integer;Ljava/lang/Integer;Lorg/apache/storm/daemon/ui/IConfigurator;)V" line="483"><counter type="INSTRUCTION" missed="7" covered="0"/><counter type="LINE" missed="2" covered="0"/><counter type="COMPLEXITY" missed="1" covered="0"/><counter type="METHOD" missed="1" covered="0"/></method><method name="sanitizeJsonpCallback" desc="(Ljava/lang/String;)Ljava/lang/String;" line="490"><counter type="INSTRUCTION" missed="0" covered="20"/><counter type="BRANCH" missed="1" covered="5"/><counter type="LINE" missed="0" covered="6"/><counter type="COMPLEXITY" missed="1" covered="3"/><counter type="METHOD" missed="0" covered="1"/></method><method name="wrapJsonInCallback" desc="(Ljava/lang/String;Ljava/lang/String;)Ljava/lang/String;" line="507"><counter type="INSTRUCTION" missed="0" covered="4"/><counter type="LINE" missed="0" covered="1"/><counter type="COMPLEXITY" missed="0" covered="1"/><counter type="METHOD" missed="0" covered="1"/></method><method name="getJsonResponseHeaders" desc="(Ljava/lang/String;Ljava/util/Map;)Ljava/util/Map;" line="517"><counter type="INSTRUCTION" missed="9" covered="38"/><counter type="BRANCH" missed="2" covered="2"/><counter type="LINE" missed="2" covered="10"/><counter type="COMPLEXITY" missed="2" covered="1"/><counter type="METHOD" missed="0" covered="1"/></method><method name="getJsonResponseBody" desc="(Ljava/lang/Object;Ljava/lang/String;Z)Ljava/lang/String;" line="539"><counter type="INSTRUCTION" missed="0" covered="19"/><counter type="BRANCH" missed="0" covered="4"/><counter type="LINE" missed="0" covered="3"/><counter type="COMPLEXITY" missed="0" covered="3"/><counter type="METHOD" missed="0" covered="1"/></method><method name="exceptionToJson" desc="(Ljava/lang/Exception;I)Ljava/util/Map;" line="551"><counter type="INSTRUCTION" missed="27" covered="0"/><counter type="BRANCH" missed="4" covered="0"/><counter type="LINE" missed="6" covered="0"/><counter type="COMPLEXITY" missed="3" covered="0"/><counter type="METHOD" missed="1" covered="0"/></method><method name="makeStandardResponse" desc="(Ljava/lang/Object;Ljava/lang/String;)Ljakarta/ws/rs/core/Response;" line="564"><counter type="INSTRUCTION" missed="0" covered="6"/><counter type="LINE" missed="0" covered="1"/><counter type="COMPLEXITY" missed="0" covered="1"/><counter type="METHOD" missed="0" covered="1"/></method><method name="makeStandardResponse" desc="(Ljava/lang/Object;Ljava/lang/String;Ljakarta/ws/rs/core/Response$Status;)Ljakarta/ws/rs/core/Response;" line="568"><counter type="INSTRUCTION" missed="0" covered="6"/><counter type="LINE" missed="0" covered="1"/><counter type="COMPLEXITY" missed="0" covered="1"/><counter type="METHOD" missed="0" covered="1"/></method><method name="makeStandardResponse" desc="(Ljava/lang/Object;Ljava/lang/String;ZLjakarta/ws/rs/core/Response$Status;)Ljakarta/ws/rs/core/Response;" line="580"><counter type="INSTRUCTION" missed="0" covered="37"/><counter type="BRANCH" missed="0" covered="2"/><counter type="LINE" missed="0" covered="7"/><counter type="COMPLEXITY" missed="0" covered="2"/><counter type="METHOD" missed="0" covered="1"/></method><method name="toJsonStruct" desc="(Lorg/apache/storm/utils/IVersionInfo;)Ljava/util/Map;" line="593"><counter type="INSTRUCTION" missed="36" covered="0"/><counter type="LINE" missed="7" covered="0"/><counter type="COMPLEXITY" missed="1" covered="0"/><counter type="METHOD" missed="1" covered="0"/></method><method name="getClusterSummary" desc="(Lorg/apache/storm/generated/ClusterSummary;Ljava/lang/String;Ljava/util/Map;)Ljava/util/Map;" line="611"><counter type="INSTRUCTION" missed="333" covered="0"/><counter type="BRANCH" missed="14" covered="0"/><counter type="LINE" missed="74" covered="0"/><counter type="COMPLEXITY" missed="8" covered="0"/><counter type="METHOD" missed="1" covered="0"/></method><method name="prettifyGenericResources" desc="(Ljava/util/Map;)Ljava/lang/String;" line="711"><counter type="INSTRUCTION" missed="22" covered="0"/><counter type="BRANCH" missed="2" covered="0"/><counter type="LINE" missed="8" covered="0"/><counter type="COMPLEXITY" missed="2" covered="0"/><counter type="METHOD" missed="1" covered="0"/></method><method name="unpackOwnerResourceSummary" desc="(Lorg/apache/storm/generated/OwnerResourceSummary;)Ljava/util/Map;" line="730"><counter type="INSTRUCTION" missed="27" covered="171"/><counter type="BRANCH" missed="9" covered="9"/><counter type="LINE" missed="5" covered="33"/><counter type="COMPLEXITY" missed="9" covered="1"/><counter type="METHOD" missed="0" covered="1"/></method><method name="getOwnerResourceSummaries" desc="(Ljava/util/List;Ljava/util/Map;)Ljava/util/Map;" line="794"><counter type="INSTRUCTION" missed="38" covered="0"/><counter type="BRANCH" missed="2" covered="0"/><counter type="LINE" missed="8" covered="0"/><counter type="COMPLEXITY" missed="2" covered="0"/><counter type="METHOD" missed="1" covered="0"/></method><method name="getTopologyMap" desc="(Lorg/apache/storm/generated/TopologySummary;)Ljava/util/Map;" line="813"><counter type="INSTRUCTION" missed="169" covered="4"/><counter type="LINE" missed="29" covered="1"/><counter type="COMPLEXITY" missed="0" covered="1"/><counter type="METHOD" missed="0" covered="1"/></method><method name="getOwnerResourceSummary" desc="(Ljava/util/List;Lorg/apache/storm/generated/Nimbus$Iface;Ljava/lang/String;Ljava/util/Map;)Ljava/util/Map;" line="856"><counter type="INSTRUCTION" missed="30" covered="11"/><counter type="BRANCH" missed="2" covered="0"/><counter type="LINE" missed="7" covered="2"/><counter type="COMPLEXITY" missed="1" covered="1"/><counter type="METHOD" missed="0" covered="1"/></method><method name="getTopologiesMap" desc="(Ljava/lang/String;Ljava/util/List;)Ljava/util/List;" line="879"><counter type="INSTRUCTION" missed="13" covered="16"/><counter type="BRANCH" missed="4" covered="2"/><counter type="LINE" missed="3" covered="3"/><counter type="COMPLEXITY" missed="3" covered="1"/><counter type="METHOD" missed="0" covered="1"/></method><method name="getLogviewerLink" desc="(Ljava/lang/String;Ljava/lang/String;Ljava/util/Map;I)Ljava/lang/String;" line="899"><counter type="INSTRUCTION" missed="19" covered="22"/><counter type="BRANCH" missed="1" covered="1"/><counter type="LINE" missed="2" covered="3"/><counter type="COMPLEXITY" missed="1" covered="1"/><counter type="METHOD" missed="0" covered="1"/></method><method name="getNimbusLogLink" desc="(Ljava/lang/String;Ljava/util/Map;)Ljava/lang/String;" line="915"><counter type="INSTRUCTION" missed="33" covered="0"/><counter type="BRANCH" missed="2" covered="0"/><counter type="LINE" missed="5" covered="0"/><counter type="COMPLEXITY" missed="2" covered="0"/><counter type="METHOD" missed="1" covered="0"/></method><method name="getSupervisorLogLink" desc="(Ljava/lang/String;Ljava/util/Map;)Ljava/lang/String;" line="930"><counter type="INSTRUCTION" missed="33" covered="0"/><counter type="BRANCH" missed="2" covered="0"/><counter type="LINE" missed="5" covered="0"/><counter type="COMPLEXITY" missed="2" covered="0"/><counter type="METHOD" missed="1" covered="0"/></method><method name="getWorkerLogLink" desc="(Ljava/lang/String;ILjava/util/Map;Ljava/lang/String;)Ljava/lang/String;" line="946"><counter type="INSTRUCTION" missed="0" covered="9"/><counter type="LINE" missed="0" covered="3"/><counter type="COMPLEXITY" missed="0" covered="1"/><counter type="METHOD" missed="0" covered="1"/></method><method name="getPrettifiedSupervisorMap" desc="(Lorg/apache/storm/generated/SupervisorSummary;Ljava/util/Map;)Ljava/util/Map;" line="962"><counter type="INSTRUCTION" missed="104" covered="70"/><counter type="LINE" missed="20" covered="13"/><counter type="COMPLEXITY" missed="0" covered="1"/><counter type="METHOD" missed="0" covered="1"/></method><method name="getTopologyHistoryInfo" desc="(Lorg/apache/storm/generated/TopologyHistoryInfo;)Ljava/util/Map;" line="1015"><counter type="INSTRUCTION" missed="8" covered="4"/><counter type="LINE" missed="2" covered="1"/><counter type="COMPLEXITY" missed="0" covered="1"/><counter type="METHOD" missed="0" covered="1"/></method><method name="isSecureLogviewer" desc="(Ljava/util/Map;)Z" line="1026"><counter type="INSTRUCTION" missed="10" covered="6"/><counter type="BRANCH" missed="3" covered="1"/><counter type="LINE" missed="3" covered="2"/><counter type="COMPLEXITY" missed="2" covered="1"/><counter type="METHOD" missed="0" covered="1"/></method><method name="getLogviewerPort" desc="(Ljava/util/Map;)I" line="1041"><counter type="INSTRUCTION" missed="15" covered="0"/><counter type="BRANCH" missed="2" covered="0"/><counter type="LINE" missed="3" covered="0"/><counter type="COMPLEXITY" missed="2" covered="0"/><counter type="METHOD" missed="1" covered="0"/></method><method name="getWorkerSummaries" desc="(Lorg/apache/storm/generated/SupervisorPageInfo;Ljava/util/Map;)Ljava/util/List;" line="1055"><counter type="INSTRUCTION" missed="27" covered="0"/><counter type="BRANCH" missed="4" covered="0"/><counter type="LINE" missed="6" covered="0"/><counter type="COMPLEXITY" missed="3" covered="0"/><counter type="METHOD" missed="1" covered="0"/></method><method name="getWorkerSummaryMap" desc="(Lorg/apache/storm/generated/WorkerSummary;Ljava/util/Map;)Ljava/util/Map;" line="1071"><counter type="INSTRUCTION" missed="103" covered="0"/><counter type="LINE" missed="17" covered="0"/><counter type="COMPLEXITY" missed="1" covered="0"/><counter type="METHOD" missed="1" covered="0"/></method><method name="getSupervisorSummary" desc="(Ljava/util/List;Ljakarta/ws/rs/core/SecurityContext;Ljava/util/Map;)Ljava/util/Map;" line="1100"><counter type="INSTRUCTION" missed="25" covered="0"/><counter type="LINE" missed="7" covered="0"/><counter type="COMPLEXITY" missed="1" covered="0"/><counter type="METHOD" missed="1" covered="0"/></method><method name="getSupervisorsMap" desc="(Ljava/util/List;Ljava/util/Map;)Ljava/util/List;" line="1119"><counter type="INSTRUCTION" missed="23" covered="0"/><counter type="BRANCH" missed="2" covered="0"/><counter type="LINE" missed="5" covered="0"/><counter type="COMPLEXITY" missed="2" covered="0"/><counter type="METHOD" missed="1" covered="0"/></method><method name="addLogviewerInfo" desc="(Ljava/util/Map;Ljava/util/Map;)V" line="1132"><counter type="INSTRUCTION" missed="20" covered="0"/><counter type="BRANCH" missed="2" covered="0"/><counter type="LINE" missed="6" covered="0"/><counter type="COMPLEXITY" missed="2" covered="0"/><counter type="METHOD" missed="1" covered="0"/></method><method name="getSupervisorPageInfo" desc="(Lorg/apache/storm/generated/SupervisorPageInfo;Ljava/util/Map;)Ljava/util/Map;" line="1148"><counter type="INSTRUCTION" missed="33" covered="0"/><counter type="LINE" missed="7" covered="0"/><counter type="COMPLEXITY" missed="1" covered="0"/><counter type="METHOD" missed="1" covered="0"/></method><method name="getAllTopologiesSummary" desc="(Ljava/util/List;Ljava/util/Map;)Ljava/util/Map;" line="1165"><counter type="INSTRUCTION" missed="16" covered="4"/><counter type="LINE" missed="3" covered="1"/><counter type="COMPLEXITY" missed="0" covered="1"/><counter type="METHOD" missed="0" covered="1"/></method><method name="getWindowHint" desc="(Ljava/lang/String;)Ljava/lang/String;" line="1177"><counter type="INSTRUCTION" missed="3" covered="6"/><counter type="BRANCH" missed="1" covered="1"/><counter type="LINE" missed="1" covered="2"/><counter type="COMPLEXITY" missed="1" covered="1"/><counter type="METHOD" missed="0" covered="1"/></method><method name="getStatDisplayMap" desc="(Ljava/util/Map;)Ljava/util/Map;" line="1189"><counter type="INSTRUCTION" missed="15" covered="13"/><counter type="BRANCH" missed="1" covered="1"/><counter type="LINE" missed="2" covered="3"/><counter type="COMPLEXITY" missed="1" covered="1"/><counter type="METHOD" missed="0" covered="1"/></method><method name="getTopologySummary" desc="(Lorg/apache/storm/generated/TopologyPageInfo;Ljava/lang/String;Ljava/util/Map;Ljava/lang/String;)Ljava/util/Map;" line="1207"><counter type="INSTRUCTION" missed="70" covered="9"/><counter type="LINE" missed="14" covered="2"/><counter type="COMPLEXITY" missed="0" covered="1"/><counter type="METHOD" missed="0" covered="1"/></method><method name="getStatDisplayMapLong" desc="(Ljava/util/Map;)Ljava/util/Map;" line="1231"><counter type="INSTRUCTION" missed="27" covered="0"/><counter type="BRANCH" missed="2" covered="0"/><counter type="LINE" missed="5" covered="0"/><counter type="COMPLEXITY" missed="2" covered="0"/><counter type="METHOD" missed="1" covered="0"/></method><method name="getCommonAggStatsMap" desc="(Lorg/apache/storm/generated/CommonAggregateStats;)Ljava/util/Map;" line="1244"><counter type="INSTRUCTION" missed="82" covered="0"/><counter type="BRANCH" missed="2" covered="0"/><counter type="LINE" missed="17" covered="0"/><counter type="COMPLEXITY" missed="2" covered="0"/><counter type="METHOD" missed="1" covered="0"/></method><method name="getTruncatedErrorString" desc="(Ljava/lang/String;)Ljava/lang/String;" line="1275"><counter type="INSTRUCTION" missed="8" covered="0"/><counter type="LINE" missed="1" covered="0"/><counter type="COMPLEXITY" missed="1" covered="0"/><counter type="METHOD" missed="1" covered="0"/></method><method name="getSpoutAggStatsMap" desc="(Lorg/apache/storm/generated/ComponentAggregateStats;Ljava/lang/String;)Ljava/util/Map;" line="1286"><counter type="INSTRUCTION" missed="74" covered="0"/><counter type="BRANCH" missed="2" covered="0"/><counter type="LINE" missed="13" covered="0"/><counter type="COMPLEXITY" missed="2" covered="0"/><counter type="METHOD" missed="1" covered="0"/></method><method name="getBoltAggStatsMap" desc="(Lorg/apache/storm/generated/ComponentAggregateStats;Ljava/lang/String;)Ljava/util/Map;" line="1310"><counter type="INSTRUCTION" missed="83" covered="0"/><counter type="LINE" missed="14" covered="0"/><counter type="COMPLEXITY" missed="1" covered="0"/><counter type="METHOD" missed="1" covered="0"/></method><method name="nullToZero" desc="(Ljava/lang/Long;)Ljava/lang/Long;" line="1332"><counter type="INSTRUCTION" missed="9" covered="0"/><counter type="BRANCH" missed="2" covered="0"/><counter type="LINE" missed="1" covered="0"/><counter type="COMPLEXITY" missed="2" covered="0"/><counter type="METHOD" missed="1" covered="0"/></method><method name="nullToZero" desc="(Ljava/lang/Double;)Ljava/lang/Double;" line="1341"><counter type="INSTRUCTION" missed="9" covered="0"/><counter type="BRANCH" missed="2" covered="0"/><counter type="LINE" missed="1" covered="0"/><counter type="COMPLEXITY" missed="2" covered="0"/><counter type="METHOD" missed="1" covered="0"/></method><method name="getBoltInputStats" desc="(Lorg/apache/storm/generated/GlobalStreamId;Lorg/apache/storm/generated/ComponentAggregateStats;)Ljava/util/Map;" line="1352"><counter type="INSTRUCTION" missed="75" covered="0"/><counter type="LINE" missed="14" covered="0"/><counter type="COMPLEXITY" missed="1" covered="0"/><counter type="METHOD" missed="1" covered="0"/></method><method name="getBoltOutputStats" desc="(Ljava/lang/String;Lorg/apache/storm/generated/ComponentAggregateStats;)Ljava/util/Map;" line="1376"><counter type="INSTRUCTION" missed="30" covered="0"/><counter type="LINE" missed="6" covered="0"/><counter type="COMPLEXITY" missed="1" covered="0"/><counter type="METHOD" missed="1" covered="0"/></method><method name="getSpoutOutputStats" desc="(Ljava/lang/String;Lorg/apache/storm/generated/ComponentAggregateStats;)Ljava/util/Map;" line="1392"><counter type="INSTRUCTION" missed="60" covered="0"/><counter type="LINE" missed="11" covered="0"/><counter type="COMPLEXITY" missed="1" covered="0"/><counter type="METHOD" missed="1" covered="0"/></method><method name="getBoltExecutorStats" desc="(Ljava/lang/String;Ljava/util/Map;Lorg/apache/storm/generated/ExecutorAggregateStats;)Ljava/util/Map;" line="1414"><counter type="INSTRUCTION" missed="143" covered="0"/><counter type="LINE" missed="26" covered="0"/><counter type="COMPLEXITY" missed="1" covered="0"/><counter type="METHOD" missed="1" covered="0"/></method><method name="getSpoutExecutorStats" desc="(Ljava/lang/String;Ljava/util/Map;Lorg/apache/storm/generated/ExecutorAggregateStats;)Ljava/util/Map;" line="1453"><counter type="INSTRUCTION" missed="118" covered="0"/><counter type="LINE" missed="23" covered="0"/><counter type="COMPLEXITY" missed="1" covered="0"/><counter type="METHOD" missed="1" covered="0"/></method><method name="getComponentLastErrorInfo" desc="(Lorg/apache/storm/generated/ErrorInfo;Ljava/util/Map;Ljava/lang/String;)Ljava/util/Map;" line="1490"><counter type="INSTRUCTION" missed="47" covered="0"/><counter type="BRANCH" missed="2" covered="0"/><counter type="LINE" missed="10" covered="0"/><counter type="COMPLEXITY" missed="2" covered="0"/><counter type="METHOD" missed="1" covered="0"/></method><method name="getComponentErrorInfo" desc="(Lorg/apache/storm/generated/ErrorInfo;Ljava/util/Map;Ljava/lang/String;Z)Ljava/util/Map;" line="1518"><counter type="INSTRUCTION" missed="63" covered="0"/><counter type="BRANCH" missed="2" covered="0"/><counter type="LINE" missed="13" covered="0"/><counter type="COMPLEXITY" missed="2" covered="0"/><counter type="METHOD" missed="1" covered="0"/></method><method name="getComponentErrors" desc="(Ljava/util/List;Ljava/lang/String;Ljava/util/Map;)Ljava/util/Map;" line="1546"><counter type="INSTRUCTION" missed="22" covered="0"/><counter type="LINE" missed="6" covered="0"/><counter type="COMPLEXITY" missed="1" covered="0"/><counter type="METHOD" missed="1" covered="0"/></method><method name="getTopologySpoutAggStatsMap" desc="(Lorg/apache/storm/generated/ComponentAggregateStats;Ljava/lang/String;Ljava/util/Map;Ljava/lang/String;)Ljava/util/Map;" line="1565"><counter type="INSTRUCTION" missed="43" covered="0"/><counter type="LINE" missed="9" covered="0"/><counter type="COMPLEXITY" missed="1" covered="0"/><counter type="METHOD" missed="1" covered="0"/></method><method name="getTopologyBoltAggStatsMap" desc="(Lorg/apache/storm/generated/ComponentAggregateStats;Ljava/lang/String;Ljava/util/Map;Ljava/lang/String;)Ljava/util/Map;" line="1584"><counter type="INSTRUCTION" missed="66" covered="0"/><counter type="LINE" missed="12" covered="0"/><counter type="COMPLEXITY" missed="1" covered="0"/><counter type="METHOD" missed="1" covered="0"/></method><method name="getTopologyStatsMap" desc="(Lorg/apache/storm/generated/TopologyStats;)Ljava/util/List;" line="1604"><counter type="INSTRUCTION" missed="102" covered="0"/><counter type="BRANCH" missed="2" covered="0"/><counter type="LINE" missed="19" covered="0"/><counter type="COMPLEXITY" missed="2" covered="0"/><counter type="METHOD" missed="1" covered="0"/></method><method name="unpackTopologyInfo" desc="(Lorg/apache/storm/generated/TopologyPageInfo;Ljava/util/Map;)Ljava/util/Map;" line="1634"><counter type="INSTRUCTION" missed="375" covered="0"/><counter type="BRANCH" missed="12" covered="0"/><counter type="LINE" missed="64" covered="0"/><counter type="COMPLEXITY" missed="7" covered="0"/><counter type="METHOD" missed="1" covered="0"/></method><method name="getTopologyWorkers" desc="(Lorg/apache/storm/generated/TopologyInfo;Ljava/util/Map;)Ljava/util/Map;" line="1717"><counter type="INSTRUCTION" missed="65" covered="0"/><counter type="BRANCH" missed="2" covered="0"/><counter type="LINE" missed="15" covered="0"/><counter type="COMPLEXITY" missed="2" covered="0"/><counter type="METHOD" missed="1" covered="0"/></method><method name="getTopologyLag" desc="(Lorg/apache/storm/generated/StormTopology;Ljava/util/Map;)Ljava/util/Map;" line="1742"><counter type="INSTRUCTION" missed="14" covered="0"/><counter type="BRANCH" missed="2" covered="0"/><counter type="LINE" missed="2" covered="0"/><counter type="COMPLEXITY" missed="2" covered="0"/><counter type="METHOD" missed="1" covered="0"/></method><method name="getBoltExecutors" desc="(Ljava/util/List;Lorg/apache/storm/generated/StormTopology;Z)Ljava/util/Map;" line="1755"><counter type="INSTRUCTION" missed="49" covered="0"/><counter type="BRANCH" missed="8" covered="0"/><counter type="LINE" missed="9" covered="0"/><counter type="COMPLEXITY" missed="5" covered="0"/><counter type="METHOD" missed="1" covered="0"/></method><method name="getSpoutExecutors" desc="(Ljava/util/List;Lorg/apache/storm/generated/StormTopology;)Ljava/util/Map;" line="1775"><counter type="INSTRUCTION" missed="43" covered="0"/><counter type="BRANCH" missed="4" covered="0"/><counter type="LINE" missed="8" covered="0"/><counter type="COMPLEXITY" missed="3" covered="0"/><counter type="METHOD" missed="1" covered="0"/></method><method name="sanitizeStreamName" desc="(Ljava/lang/String;)Ljava/lang/String;" line="1793"><counter type="INSTRUCTION" missed="0" covered="22"/><counter type="BRANCH" missed="1" covered="3"/><counter type="LINE" missed="0" covered="4"/><counter type="COMPLEXITY" missed="1" covered="2"/><counter type="METHOD" missed="0" covered="1"/></method><method name="sanitizeTransferredStats" desc="(Ljava/util/Map;)Ljava/util/Map;" line="1807"><counter type="INSTRUCTION" missed="53" covered="0"/><counter type="BRANCH" missed="4" covered="0"/><counter type="LINE" missed="9" covered="0"/><counter type="COMPLEXITY" missed="3" covered="0"/><counter type="METHOD" missed="1" covered="0"/></method><method name="getStatMapFromExecutorSummary" desc="(Lorg/apache/storm/generated/ExecutorSummary;)Ljava/util/Map;" line="1824"><counter type="INSTRUCTION" missed="42" covered="0"/><counter type="BRANCH" missed="2" covered="0"/><counter type="LINE" missed="8" covered="0"/><counter type="COMPLEXITY" missed="2" covered="0"/><counter type="METHOD" missed="1" covered="0"/></method><method name="getInputMap" desc="(Ljava/util/Map$Entry;)Ljava/util/Map;" line="1843"><counter type="INSTRUCTION" missed="41" covered="0"/><counter type="LINE" missed="6" covered="0"/><counter type="COMPLEXITY" missed="1" covered="0"/><counter type="METHOD" missed="1" covered="0"/></method><method name="getVisualizationData" desc="(Lorg/apache/storm/generated/Nimbus$Iface;Ljava/lang/String;Ljava/lang/String;Z)Ljava/util/Map;" line="1862"><counter type="INSTRUCTION" missed="263" covered="7"/><counter type="BRANCH" missed="12" covered="0"/><counter type="LINE" missed="48" covered="2"/><counter type="COMPLEXITY" missed="6" covered="1"/><counter type="METHOD" missed="0" covered="1"/></method><method name="getStreamBox" desc="(Ljava/lang/Object;)Ljava/util/Map;" line="1934"><counter type="INSTRUCTION" missed="42" covered="0"/><counter type="BRANCH" missed="2" covered="0"/><counter type="LINE" missed="7" covered="0"/><counter type="COMPLEXITY" missed="2" covered="0"/><counter type="METHOD" missed="1" covered="0"/></method><method name="getBuildVisualization" desc="(Lorg/apache/storm/generated/Nimbus$Iface;Ljava/util/Map;Ljava/lang/String;Ljava/lang/String;Z)Ljava/util/Map;" line="1956"><counter type="INSTRUCTION" missed="24" covered="4"/><counter type="LINE" missed="4" covered="1"/><counter type="COMPLEXITY" missed="0" covered="1"/><counter type="METHOD" missed="0" covered="1"/></method><method name="getActiveAction" desc="(Lorg/apache/storm/generated/ProfileRequest;Ljava/util/Map;Ljava/lang/String;)Ljava/util/Map;" line="1971"><counter type="INSTRUCTION" missed="51" covered="0"/><counter type="LINE" missed="9" covered="0"/><counter type="COMPLEXITY" missed="1" covered="0"/><counter type="METHOD" missed="1" covered="0"/></method><method name="getActiveProfileActions" desc="(Lorg/apache/storm/generated/Nimbus$Iface;Ljava/lang/String;Ljava/lang/String;Ljava/util/Map;)Ljava/util/List;" line="1993"><counter type="INSTRUCTION" missed="12" covered="4"/><counter type="LINE" missed="2" covered="1"/><counter type="COMPLEXITY" missed="0" covered="1"/><counter type="METHOD" missed="0" covered="1"/></method><method name="getWorkerDumpLink" desc="(Ljava/lang/String;JLjava/lang/String;Ljava/util/Map;)Ljava/lang/String;" line="2008"><counter type="INSTRUCTION" missed="30" covered="33"/><counter type="BRANCH" missed="1" covered="1"/><counter type="LINE" missed="5" covered="5"/><counter type="COMPLEXITY" missed="1" covered="1"/><counter type="METHOD" missed="0" covered="1"/></method><method name="unpackBoltPageInfo" desc="(Lorg/apache/storm/generated/ComponentPageInfo;Ljava/lang/String;Ljava/lang/String;ZLjava/util/Map;)Ljava/util/Map;" line="2038"><counter type="INSTRUCTION" missed="55" covered="7"/><counter type="LINE" missed="13" covered="2"/><counter type="COMPLEXITY" missed="0" covered="1"/><counter type="METHOD" missed="0" covered="1"/></method><method name="unpackSpoutPageInfo" desc="(Lorg/apache/storm/generated/ComponentPageInfo;Ljava/lang/String;Ljava/lang/String;ZLjava/util/Map;)Ljava/util/Map;" line="2080"><counter type="INSTRUCTION" missed="43" covered="7"/><counter type="LINE" missed="10" covered="2"/><counter type="COMPLEXITY" missed="0" covered="1"/><counter type="METHOD" missed="0" covered="1"/></method><method name="getComponentPage" desc="(Lorg/apache/storm/generated/Nimbus$Iface;Ljava/lang/String;Ljava/lang/String;Ljava/lang/String;ZLjava/lang/String;Ljava/util/Map;)Ljava/util/Map;" line="2118"><counter type="INSTRUCTION" missed="229" covered="0"/><counter type="BRANCH" missed="16" covered="0"/><counter type="LINE" missed="41" covered="0"/><counter type="COMPLEXITY" missed="9" covered="0"/><counter type="METHOD" missed="1" covered="0"/></method><method name="getTopolgoyLogConfig" desc="(Lorg/apache/storm/generated/LogConfig;)Ljava/util/Map;" line="2177"><counter type="INSTRUCTION" missed="58" covered="18"/><counter type="BRANCH" missed="3" covered="1"/><counter type="LINE" missed="8" covered="5"/><counter type="COMPLEXITY" missed="2" covered="1"/><counter type="METHOD" missed="0" covered="1"/></method><method name="getTopologyOpResponse" desc="(Ljava/lang/String;Ljava/lang/String;)Ljava/util/Map;" line="2200"><counter type="INSTRUCTION" missed="0" covered="21"/><counter type="LINE" missed="0" covered="5"/><counter type="COMPLEXITY" missed="0" covered="1"/><counter type="METHOD" missed="0" covered="1"/></method><method name="putTopologyActivate" desc="(Lorg/apache/storm/generated/Nimbus$Iface;Ljava/lang/String;)Ljava/util/Map;" line="2215"><counter type="INSTRUCTION" missed="20" covered="0"/><counter type="LINE" missed="5" covered="0"/><counter type="COMPLEXITY" missed="1" covered="0"/><counter type="METHOD" missed="1" covered="0"/></method><method name="putTopologyDeactivate" desc="(Lorg/apache/storm/generated/Nimbus$Iface;Ljava/lang/String;)Ljava/util/Map;" line="2230"><counter type="INSTRUCTION" missed="13" covered="7"/><counter type="LINE" missed="3" covered="2"/><counter type="COMPLEXITY" missed="0" covered="1"/><counter type="METHOD" missed="0" covered="1"/></method><method name="putTopologyDebugActionSpct" desc="(Lorg/apache/storm/generated/Nimbus$Iface;Ljava/lang/String;Ljava/lang/String;Ljava/lang/String;Ljava/lang/String;)Ljava/util/Map;" line="2249"><counter type="INSTRUCTION" missed="21" covered="7"/><counter type="LINE" missed="3" covered="2"/><counter type="COMPLEXITY" missed="0" covered="1"/><counter type="METHOD" missed="0" covered="1"/></method><method name="putTopologyRebalance" desc="(Lorg/apache/storm/generated/Nimbus$Iface;Ljava/lang/String;Ljava/lang/String;)Ljava/util/Map;" line="2266"><counter type="INSTRUCTION" missed="22" covered="7"/><counter type="LINE" missed="5" covered="2"/><counter type="COMPLEXITY" missed="0" covered="1"/><counter type="METHOD" missed="0" covered="1"/></method><method name="putTopologyKill" desc="(Lorg/apache/storm/generated/Nimbus$Iface;Ljava/lang/String;Ljava/lang/String;)Ljava/util/Map;" line="2284"><counter type="INSTRUCTION" missed="22" covered="7"/><counter type="LINE" missed="5" covered="2"/><counter type="COMPLEXITY" missed="0" covered="1"/><counter type="METHOD" missed="0" covered="1"/></method><method name="setTopologyProfilingAction" desc="(Lorg/apache/storm/generated/Nimbus$Iface;Ljava/lang/String;Ljava/lang/String;Ljava/lang/Long;Ljava/util/Map;Lorg/apache/storm/generated/ProfileAction;)V" line="2307"><counter type="INSTRUCTION" missed="32" covered="10"/><counter type="LINE" missed="7" covered="2"/><counter type="COMPLEXITY" missed="0" covered="1"/><counter type="METHOD" missed="0" covered="1"/></method><method name="getTopologyProfilingStart" desc="(Lorg/apache/storm/generated/Nimbus$Iface;Ljava/lang/String;Ljava/lang/String;Ljava/lang/String;Ljava/util/Map;)Ljava/util/Map;" line="2330"><counter type="INSTRUCTION" missed="55" covered="3"/><counter type="LINE" missed="9" covered="1"/><counter type="COMPLEXITY" missed="0" covered="1"/><counter type="METHOD" missed="0" covered="1"/></method><method name="getTopologyProfilingStop" desc="(Lorg/apache/storm/generated/Nimbus$Iface;Ljava/lang/String;Ljava/lang/String;Ljava/util/Map;)Ljava/util/Map;" line="2355"><counter type="INSTRUCTION" missed="24" covered="0"/><counter type="LINE" missed="5" covered="0"/><counter type="COMPLEXITY" missed="1" covered="0"/><counter type="METHOD" missed="1" covered="0"/></method><method name="getProfilingDisabled" desc="()Ljava/util/Map;" line="2367"><counter type="INSTRUCTION" missed="0" covered="16"/><counter type="LINE" missed="0" covered="4"/><counter type="COMPLEXITY" missed="0" covered="1"/><counter type="METHOD" missed="0" covered="1"/></method><method name="getTopologyProfilingDump" desc="(Lorg/apache/storm/generated/Nimbus$Iface;Ljava/lang/String;Ljava/lang/String;Ljava/util/Map;)Ljava/util/Map;" line="2384"><counter type="INSTRUCTION" missed="17" covered="7"/><counter type="LINE" missed="4" covered="2"/><counter type="COMPLEXITY" missed="0" covered="1"/><counter type="METHOD" missed="0" covered="1"/></method><method name="getTopologyProfilingDumpJstack" desc="(Lorg/apache/storm/generated/Nimbus$Iface;Ljava/lang/String;Ljava/lang/String;Ljava/util/Map;)Ljava/util/Map;" line="2397"><counter type="INSTRUCTION" missed="17" covered="7"/><counter type="LINE" missed="4" covered="2"/><counter type="COMPLEXITY" missed="0" covered="1"/><counter type="METHOD" missed="0" covered="1"/></method><method name="getTopologyProfilingRestartWorker" desc="(Lorg/apache/storm/generated/Nimbus$Iface;Ljava/lang/String;Ljava/lang/String;Ljava/util/Map;)Ljava/util/Map;" line="2418"><counter type="INSTRUCTION" missed="17" covered="7"/><counter type="LINE" missed="4" covered="2"/><counter type="COMPLEXITY" missed="0" covered="1"/><counter type="METHOD" missed="0" covered="1"/></method><method name="getTopologyProfilingDumpHeap" desc="(Lorg/apache/storm/generated/Nimbus$Iface;Ljava/lang/String;Ljava/lang/String;Ljava/util/Map;)Ljava/util/Map;" line="2438"><counter type="INSTRUCTION" missed="24" covered="0"/><counter type="LINE" missed="5" covered="0"/><counter type="COMPLEXITY" missed="1" covered="0"/><counter type="METHOD" missed="1" covered="0"/></method><method name="putTopologyLogLevel" desc="(Lorg/apache/storm/generated/Nimbus$Iface;Ljava/util/Map;Ljava/lang/String;)Ljava/util/Map;" line="2455"><counter type="INSTRUCTION" missed="74" covered="0"/><counter type="BRANCH" missed="4" covered="0"/><counter type="LINE" missed="17" covered="0"/><counter type="COMPLEXITY" missed="3" covered="0"/><counter type="METHOD" missed="1" covered="0"/></method><method name="getNimbusSummary" desc="(Lorg/apache/storm/generated/ClusterSummary;Ljava/util/Map;)Ljava/util/Map;" line="2483"><counter type="INSTRUCTION" missed="196" covered="0"/><counter type="BRANCH" missed="10" covered="0"/><counter type="LINE" missed="36" covered="0"/><counter type="COMPLEXITY" missed="6" covered="0"/><counter type="METHOD" missed="1" covered="0"/></method><method name="lambda$unpackSpoutPageInfo$10" desc="(Ljava/lang/String;Ljava/util/Map;Lorg/apache/storm/generated/ExecutorAggregateStats;)Ljava/util/Map;" line="2096"><counter type="INSTRUCTION" missed="5" covered="0"/><counter type="LINE" missed="1" covered="0"/><counter type="COMPLEXITY" missed="1" covered="0"/><counter type="METHOD" missed="1" covered="0"/></method><method name="lambda$unpackSpoutPageInfo$9" desc="(Ljava/util/Map$Entry;)Ljava/util/Map;" line="2090"><counter type="INSTRUCTION" missed="8" covered="0"/><counter type="LINE" missed="1" covered="0"/><counter type="COMPLEXITY" missed="1" covered="0"/><counter type="METHOD" missed="1" covered="0"/></method><method name="lambda$unpackSpoutPageInfo$8" desc="(Ljava/util/Map$Entry;)Ljava/util/Map;" line="2084"><counter type="INSTRUCTION" missed="8" covered="0"/><counter type="LINE" missed="1" covered="0"/><counter type="COMPLEXITY" missed="1" covered="0"/><counter type="METHOD" missed="1" covered="0"/></method><method name="lambda$unpackBoltPageInfo$7" desc="(Ljava/lang/String;Ljava/util/Map;Lorg/apache/storm/generated/ExecutorAggregateStats;)Ljava/util/Map;" line="2061"><counter type="INSTRUCTION" missed="5" covered="0"/><counter type="LINE" missed="1" covered="0"/><counter type="COMPLEXITY" missed="1" covered="0"/><counter type="METHOD" missed="1" covered="0"/></method><method name="lambda$unpackBoltPageInfo$6" desc="(Ljava/util/Map$Entry;)Ljava/util/Map;" line="2055"><counter type="INSTRUCTION" missed="8" covered="0"/><counter type="LINE" missed="1" covered="0"/><counter type="COMPLEXITY" missed="1" covered="0"/><counter type="METHOD" missed="1" covered="0"/></method><method name="lambda$unpackBoltPageInfo$5" desc="(Ljava/util/Map$Entry;)Ljava/util/Map;" line="2049"><counter type="INSTRUCTION" missed="8" covered="0"/><counter type="LINE" missed="1" covered="0"/><counter type="COMPLEXITY" missed="1" covered="0"/><counter type="METHOD" missed="1" covered="0"/></method><method name="lambda$unpackBoltPageInfo$4" desc="(Ljava/util/Map$Entry;)Ljava/util/Map;" line="2043"><counter type="INSTRUCTION" missed="8" covered="0"/><counter type="LINE" missed="1" covered="0"/><counter type="COMPLEXITY" missed="1" covered="0"/><counter type="METHOD" missed="1" covered="0"/></method><method name="lambda$getActiveProfileActions$3" desc="(Ljava/util/Map;Ljava/lang/String;Lorg/apache/storm/generated/ProfileRequest;)Ljava/util/Map;" line="1995"><counter type="INSTRUCTION" missed="5" covered="0"/><counter type="LINE" missed="1" covered="0"/><counter type="COMPLEXITY" missed="1" covered="0"/><counter type="METHOD" missed="1" covered="0"/></method><method name="lambda$getComponentErrors$2" desc="(Ljava/util/Map;Ljava/lang/String;Lorg/apache/storm/generated/ErrorInfo;)Ljava/util/Map;" line="1550"><counter type="INSTRUCTION" missed="6" covered="0"/><counter type="LINE" missed="1" covered="0"/><counter type="COMPLEXITY" missed="1" covered="0"/><counter type="METHOD" missed="1" covered="0"/></method><method name="lambda$getClusterSummary$1" desc="(Lorg/apache/storm/generated/SupervisorSummary;)D" line="672"><counter type="INSTRUCTION" missed="12" covered="0"/><counter type="LINE" missed="2" covered="0"/><counter type="COMPLEXITY" missed="1" covered="0"/><counter type="METHOD" missed="1" covered="0"/></method><method name="lambda$getClusterSummary$0" desc="(Lorg/apache/storm/generated/SupervisorSummary;)D" line="664"><counter type="INSTRUCTION" missed="12" covered="0"/><counter type="LINE" missed="2" covered="0"/><counter type="COMPLEXITY" missed="1" covered="0"/><counter type="METHOD" missed="1" covered="0"/></method><method name="&lt;clinit&gt;" desc="()V" line="118"><counter type="INSTRUCTION" missed="0" covered="145"/><counter type="LINE" missed="0" covered="14"/><counter type="COMPLEXITY" missed="0" covered="1"/><counter type="METHOD" missed="0" covered="1"/></method><counter type="INSTRUCTION" missed="4756" covered="1020"/><counter type="BRANCH" missed="192" covered="50"/><counter type="LINE" missed="920" covered="197"/><counter type="COMPLEXITY" missed="177" covered="64"/><counter type="METHOD" missed="69" covered="51"/><counter type="CLASS" missed="0" covered="1"/></class><sourcefile name="UIHelpers.java"><line nr="117" mi="0" ci="3" mb="0" cb="0"/><line nr="118" mi="0" ci="3" mb="0" cb="0"/><line nr="158" mi="0" ci="13" mb="0" cb="0"/><line nr="159" mi="0" ci="14" mb="0" cb="0"/><line nr="160" mi="0" ci="14" mb="0" cb="0"/><line nr="161" mi="0" ci="17" mb="0" cb="0"/><line nr="165" mi="0" ci="13" mb="0" cb="0"/><line nr="166" mi="0" ci="14" mb="0" cb="0"/><line nr="167" mi="0" ci="14" mb="0" cb="0"/><line nr="168" mi="0" ci="14" mb="0" cb="0"/><line nr="169" mi="0" ci="17" mb="0" cb="0"/><line nr="180" mi="0" ci="3" mb="0" cb="0"/><line nr="181" mi="0" ci="4" mb="0" cb="0"/><line nr="182" mi="0" ci="16" mb="0" cb="2"/><line nr="183" mi="0" ci="2" mb="0" cb="2"/><line nr="184" mi="0" ci="5" mb="0" cb="0"/><line nr="185" mi="0" ci="5" mb="0" cb="0"/><line nr="186" mi="0" ci="2" mb="1" cb="1"/><line nr="187" mi="0" ci="8" mb="0" cb="0"/><line nr="188" mi="0" ci="6" mb="0" cb="0"/><line nr="190" mi="5" ci="0" mb="0" cb="0"/><line nr="194" mi="0" ci="5" mb="0" cb="0"/><line nr="203" mi="4" ci="0" mb="0" cb="0"/><line nr="212" mi="0" ci="5" mb="0" cb="0"/><line nr="221" mi="4" ci="0" mb="0" cb="0"/><line nr="230" mi="0" ci="5" mb="0" cb="0"/><line nr="240" mi="0" ci="4" mb="0" cb="0"/><line nr="241" mi="0" ci="8" mb="0" cb="2"/><line nr="242" mi="0" ci="8" mb="0" cb="0"/><line nr="244" mi="0" ci="4" mb="0" cb="0"/><line nr="253" mi="0" ci="6" mb="0" cb="0"/><line nr="262" mi="0" ci="12" mb="0" cb="0"/><line nr="264" mi="0" ci="1" mb="0" cb="0"/><line nr="273" mi="5" ci="0" mb="0" cb="0"/><line nr="274" mi="12" ci="0" mb="0" cb="0"/><line nr="275" mi="8" ci="0" mb="0" cb="0"/><line nr="276" mi="3" ci="0" mb="0" cb="0"/><line nr="277" mi="3" ci="0" mb="0" cb="0"/><line nr="278" mi="3" ci="0" mb="0" cb="0"/><line nr="279" mi="3" ci="0" mb="0" cb="0"/><line nr="280" mi="3" ci="0" mb="0" cb="0"/><line nr="282" mi="6" ci="0" mb="6" cb="0"/><line nr="283" mi="3" ci="0" mb="0" cb="0"/><line nr="284" mi="3" ci="0" mb="0" cb="0"/><line nr="285" mi="3" ci="0" mb="0" cb="0"/><line nr="288" mi="5" ci="0" mb="4" cb="0"/><line nr="289" mi="4" ci="0" mb="0" cb="0"/><line nr="290" mi="5" ci="0" mb="4" cb="0"/><line nr="291" mi="3" ci="0" mb="0" cb="0"/><line nr="294" mi="4" ci="0" mb="0" cb="0"/><line nr="295" mi="5" ci="0" mb="0" cb="0"/><line nr="296" mi="3" ci="0" mb="2" cb="0"/><line nr="297" mi="4" ci="0" mb="0" cb="0"/><line nr="299" mi="11" ci="0" mb="0" cb="0"/><line nr="301" mi="12" ci="0" mb="0" cb="0"/><line nr="304" mi="4" ci="0" mb="0" cb="0"/><line nr="305" mi="2" ci="0" mb="0" cb="0"/><line nr="313" mi="14" ci="0" mb="0" cb="0"/><line nr="315" mi="1" ci="0" mb="0" cb="0"/><line nr="340" mi="3" ci="0" mb="2" cb="0"/><line nr="341" mi="15" ci="0" mb="0" cb="0"/><line nr="342" mi="1" ci="0" mb="0" cb="0"/><line nr="349" mi="1" ci="0" mb="0" cb="0"/><line nr="356" mi="7" ci="0" mb="0" cb="0"/><line nr="357" mi="4" ci="0" mb="0" cb="0"/><line nr="358" mi="4" ci="0" mb="0" cb="0"/><line nr="359" mi="4" ci="0" mb="0" cb="0"/><line nr="363" mi="4" ci="0" mb="0" cb="0"/><line nr="364" mi="2" ci="0" mb="0" cb="0"/><line nr="373" mi="0" ci="7" mb="0" cb="0"/><line nr="378" mi="5" ci="0" mb="0" cb="0"/><line nr="379" mi="1" ci="0" mb="0" cb="0"/><line nr="391" mi="2" ci="0" mb="2" cb="0"/><line nr="392" mi="5" ci="0" mb="0" cb="0"/><line nr="393" mi="3" ci="0" mb="0" cb="0"/><line nr="394" mi="2" ci="0" mb="2" cb="0"/><line nr="395" mi="3" ci="0" mb="0" cb="0"/><line nr="397" mi="6" ci="0" mb="0" cb="0"/><line nr="398" mi="4" ci="0" mb="0" cb="0"/><line nr="399" mi="3" ci="0" mb="0" cb="0"/><line nr="400" mi="3" ci="0" mb="0" cb="0"/><line nr="402" mi="1" ci="0" mb="0" cb="0"/><line nr="411" mi="6" ci="0" mb="0" cb="0"/><line nr="412" mi="10" ci="0" mb="2" cb="0"/><line nr="413" mi="3" ci="0" mb="0" cb="0"/><line nr="414" mi="3" ci="0" mb="0" cb="0"/><line nr="415" mi="3" ci="0" mb="0" cb="0"/><line nr="416" mi="2" ci="0" mb="2" cb="0"/><line nr="417" mi="4" ci="0" mb="0" cb="0"/><line nr="418" mi="3" ci="0" mb="0" cb="0"/><line nr="419" mi="2" ci="0" mb="2" cb="0"/><line nr="420" mi="4" ci="0" mb="0" cb="0"/><line nr="422" mi="3" ci="0" mb="0" cb="0"/><line nr="424" mi="2" ci="0" mb="2" cb="0"/><line nr="425" mi="4" ci="0" mb="0" cb="0"/><line nr="427" mi="5" ci="0" mb="0" cb="0"/><line nr="429" mi="6" ci="0" mb="0" cb="0"/><line nr="431" mi="1" ci="0" mb="0" cb="0"/><line nr="432" mi="6" ci="0" mb="0" cb="0"/><line nr="433" mi="1" ci="0" mb="0" cb="0"/><line nr="439" mi="0" ci="7" mb="0" cb="0"/><line nr="447" mi="0" ci="4" mb="0" cb="0"/><line nr="449" mi="0" ci="10" mb="1" cb="7"/><line nr="450" mi="0" ci="4" mb="0" cb="0"/><line nr="451" mi="0" ci="3" mb="0" cb="0"/><line nr="452" mi="0" ci="3" mb="0" cb="2"/><line nr="453" mi="0" ci="4" mb="0" cb="0"/><line nr="455" mi="0" ci="14" mb="0" cb="0"/><line nr="458" mi="0" ci="7" mb="0" cb="0"/><line nr="459" mi="0" ci="3" mb="0" cb="0"/><line nr="460" mi="0" ci="3" mb="0" cb="0"/><line nr="461" mi="0" ci="3" mb="0" cb="0"/><line nr="464" mi="0" ci="2" mb="0" cb="0"/><line nr="474" mi="0" ci="8" mb="0" cb="0"/><line nr="475" mi="0" ci="2" mb="1" cb="1"/><line nr="476" mi="0" ci="3" mb="0" cb="0"/><line nr="478" mi="2" ci="0" mb="0" cb="0"/><line nr="479" mi="1" ci="0" mb="0" cb="0"/><line nr="483" mi="6" ci="0" mb="0" cb="0"/><line nr="484" mi="1" ci="0" mb="0" cb="0"/><line nr="486" mi="0" ci="1" mb="0" cb="0"/><line nr="487" mi="0" ci="2" mb="0" cb="0"/><line nr="490" mi="0" ci="2" mb="0" cb="2"/><line nr="491" mi="0" ci="2" mb="0" cb="0"/><line nr="493" mi="0" ci="9" mb="1" cb="3"/><line nr="494" mi="0" ci="3" mb="0" cb="0"/><line nr="495" mi="0" ci="2" mb="0" cb="0"/><line nr="497" mi="0" ci="2" mb="0" cb="0"/><line nr="507" mi="0" ci="4" mb="0" cb="0"/><line nr="517" mi="0" ci="3" mb="0" cb="0"/><line nr="518" mi="0" ci="4" mb="0" cb="0"/><line nr="519" mi="0" ci="5" mb="0" cb="0"/><line nr="520" mi="0" ci="5" mb="0" cb="0"/><line nr="521" mi="0" ci="5" mb="0" cb="0"/><line nr="526" mi="0" ci="5" mb="0" cb="0"/><line nr="527" mi="0" ci="2" mb="1" cb="1"/><line nr="528" mi="6" ci="0" mb="0" cb="0"/><line nr="530" mi="0" ci="5" mb="0" cb="0"/><line nr="532" mi="0" ci="2" mb="1" cb="1"/><line nr="533" mi="3" ci="0" mb="0" cb="0"/><line nr="535" mi="0" ci="2" mb="0" cb="0"/><line nr="539" mi="0" ci="3" mb="0" cb="0"/><line nr="540" mi="0" ci="8" mb="0" cb="2"/><line nr="541" mi="0" ci="8" mb="0" cb="2"/><line nr="551" mi="6" ci="0" mb="0" cb="0"/><line nr="552" mi="3" ci="0" mb="0" cb="0"/><line nr="553" mi="5" ci="0" mb="4" cb="0"/><line nr="554" mi="4" ci="0" mb="0" cb="0"/><line nr="556" mi="5" ci="0" mb="0" cb="0"/><line nr="559" mi="4" ci="0" mb="0" cb="0"/><line nr="564" mi="0" ci="6" mb="0" cb="0"/><line nr="568" mi="0" ci="6" mb="0" cb="0"/><line nr="580" mi="0" ci="5" mb="0" cb="0"/><line nr="581" mi="0" ci="5" mb="0" cb="0"/><line nr="582" mi="0" ci="4" mb="0" cb="0"/><line nr="583" mi="0" ci="11" mb="0" cb="2"/><line nr="584" mi="0" ci="8" mb="0" cb="0"/><line nr="585" mi="0" ci="1" mb="0" cb="0"/><line nr="586" mi="0" ci="3" mb="0" cb="0"/><line nr="589" mi="0" ci="4" mb="0" cb="0"/><line nr="590" mi="0" ci="5" mb="0" cb="0"/><line nr="593" mi="4" ci="0" mb="0" cb="0"/><line nr="594" mi="6" ci="0" mb="0" cb="0"/><line nr="595" mi="6" ci="0" mb="0" cb="0"/><line nr="596" mi="6" ci="0" mb="0" cb="0"/><line nr="597" mi="6" ci="0" mb="0" cb="0"/><line nr="598" mi="6" ci="0" mb="0" cb="0"/><line nr="599" mi="2" ci="0" mb="0" cb="0"/><line nr="611" mi="4" ci="0" mb="0" cb="0"/><line nr="613" mi="3" ci="0" mb="2" cb="0"/><line nr="615" mi="3" ci="0" mb="0" cb="0"/><line nr="616" mi="4" ci="0" mb="0" cb="0"/><line nr="617" mi="11" ci="0" mb="2" cb="0"/><line nr="618" mi="8" ci="0" mb="0" cb="0"/><line nr="619" mi="7" ci="0" mb="0" cb="0"/><line nr="620" mi="4" ci="0" mb="0" cb="0"/><line nr="621" mi="1" ci="0" mb="0" cb="0"/><line nr="622" mi="3" ci="0" mb="0" cb="0"/><line nr="624" mi="4" ci="0" mb="0" cb="0"/><line nr="625" mi="3" ci="0" mb="2" cb="0"/><line nr="626" mi="5" ci="0" mb="0" cb="0"/><line nr="629" mi="3" ci="0" mb="2" cb="0"/><line nr="630" mi="4" ci="0" mb="0" cb="0"/><line nr="633" mi="5" ci="0" mb="0" cb="0"/><line nr="634" mi="5" ci="0" mb="0" cb="0"/><line nr="635" mi="6" ci="0" mb="0" cb="0"/><line nr="636" mi="3" ci="0" mb="0" cb="0"/><line nr="637" mi="7" ci="0" mb="0" cb="0"/><line nr="638" mi="7" ci="0" mb="0" cb="0"/><line nr="640" mi="1" ci="0" mb="0" cb="0"/><line nr="641" mi="3" ci="0" mb="0" cb="0"/><line nr="642" mi="2" ci="0" mb="0" cb="0"/><line nr="643" mi="6" ci="0" mb="0" cb="0"/><line nr="645" mi="1" ci="0" mb="0" cb="0"/><line nr="646" mi="3" ci="0" mb="0" cb="0"/><line nr="647" mi="2" ci="0" mb="0" cb="0"/><line nr="648" mi="6" ci="0" mb="0" cb="0"/><line nr="649" mi="8" ci="0" mb="0" cb="0"/><line nr="651" mi="3" ci="0" mb="0" cb="0"/><line nr="652" mi="1" ci="0" mb="0" cb="0"/><line nr="653" mi="3" ci="0" mb="0" cb="0"/><line nr="654" mi="2" ci="0" mb="0" cb="0"/><line nr="655" mi="6" ci="0" mb="0" cb="0"/><line nr="657" mi="1" ci="0" mb="0" cb="0"/><line nr="658" mi="3" ci="0" mb="0" cb="0"/><line nr="659" mi="2" ci="0" mb="0" cb="0"/><line nr="660" mi="6" ci="0" mb="0" cb="0"/><line nr="663" mi="1" ci="0" mb="0" cb="0"/><line nr="664" mi="11" ci="0" mb="0" cb="0"/><line nr="666" mi="4" ci="0" mb="0" cb="0"/><line nr="668" mi="2" ci="0" mb="0" cb="0"/><line nr="669" mi="6" ci="0" mb="0" cb="0"/><line nr="671" mi="1" ci="0" mb="0" cb="0"/><line nr="672" mi="11" ci="0" mb="0" cb="0"/><line nr="674" mi="4" ci="0" mb="0" cb="0"/><line nr="676" mi="2" ci="0" mb="0" cb="0"/><line nr="677" mi="6" ci="0" mb="0" cb="0"/><line nr="679" mi="1" ci="0" mb="0" cb="0"/><line nr="680" mi="5" ci="0" mb="0" cb="0"/><line nr="681" mi="8" ci="0" mb="0" cb="0"/><line nr="683" mi="1" ci="0" mb="0" cb="0"/><line nr="684" mi="5" ci="0" mb="0" cb="0"/><line nr="685" mi="8" ci="0" mb="0" cb="0"/><line nr="686" mi="10" ci="0" mb="0" cb="0"/><line nr="687" mi="10" ci="0" mb="0" cb="0"/><line nr="688" mi="6" ci="0" mb="0" cb="0"/><line nr="689" mi="1" ci="0" mb="0" cb="0"/><line nr="690" mi="8" ci="0" mb="2" cb="0"/><line nr="691" mi="9" ci="0" mb="0" cb="0"/><line nr="692" mi="8" ci="0" mb="2" cb="0"/><line nr="693" mi="9" ci="0" mb="0" cb="0"/><line nr="694" mi="7" ci="0" mb="0" cb="0"/><line nr="695" mi="7" ci="0" mb="0" cb="0"/><line nr="697" mi="4" ci="0" mb="0" cb="0"/><line nr="698" mi="4" ci="0" mb="0" cb="0"/><line nr="699" mi="10" ci="0" mb="2" cb="0"/><line nr="700" mi="5" ci="0" mb="0" cb="0"/><line nr="701" mi="5" ci="0" mb="0" cb="0"/><line nr="702" mi="1" ci="0" mb="0" cb="0"/><line nr="703" mi="2" ci="0" mb="0" cb="0"/><line nr="704" mi="2" ci="0" mb="0" cb="0"/><line nr="705" mi="6" ci="0" mb="0" cb="0"/><line nr="706" mi="6" ci="0" mb="0" cb="0"/><line nr="707" mi="2" ci="0" mb="0" cb="0"/><line nr="711" mi="2" ci="0" mb="2" cb="0"/><line nr="712" mi="2" ci="0" mb="0" cb="0"/><line nr="714" mi="4" ci="0" mb="0" cb="0"/><line nr="715" mi="3" ci="0" mb="0" cb="0"/><line nr="716" mi="2" ci="0" mb="0" cb="0"/><line nr="717" mi="5" ci="0" mb="0" cb="0"/><line nr="718" mi="3" ci="0" mb="0" cb="0"/><line nr="719" mi="1" ci="0" mb="0" cb="0"/><line nr="730" mi="0" ci="3" mb="0" cb="0"/><line nr="731" mi="0" ci="3" mb="1" cb="1"/><line nr="732" mi="4" ci="0" mb="0" cb="0"/><line nr="735" mi="0" ci="3" mb="0" cb="0"/><line nr="736" mi="0" ci="3" mb="1" cb="1"/><line nr="737" mi="4" ci="0" mb="0" cb="0"/><line nr="740" mi="0" ci="2" mb="0" cb="0"/><line nr="741" mi="0" ci="3" mb="1" cb="1"/><line nr="742" mi="3" ci="0" mb="0" cb="0"/><line nr="745" mi="0" ci="3" mb="0" cb="0"/><line nr="746" mi="0" ci="3" mb="1" cb="1"/><line nr="747" mi="4" ci="0" mb="0" cb="0"/><line nr="750" mi="0" ci="3" mb="0" cb="0"/><line nr="751" mi="0" ci="3" mb="1" cb="1"/><line nr="752" mi="4" ci="0" mb="0" cb="0"/><line nr="755" mi="0" ci="4" mb="0" cb="0"/><line nr="756" mi="0" ci="6" mb="0" cb="0"/><line nr="757" mi="0" ci="7" mb="0" cb="0"/><line nr="758" mi="0" ci="7" mb="0" cb="0"/><line nr="759" mi="0" ci="7" mb="0" cb="0"/><line nr="760" mi="0" ci="7" mb="0" cb="0"/><line nr="761" mi="0" ci="7" mb="0" cb="0"/><line nr="762" mi="0" ci="7" mb="0" cb="0"/><line nr="764" mi="2" ci="10" mb="1" cb="1"/><line nr="765" mi="2" ci="10" mb="1" cb="1"/><line nr="766" mi="0" ci="6" mb="0" cb="0"/><line nr="768" mi="0" ci="4" mb="0" cb="0"/><line nr="769" mi="2" ci="6" mb="1" cb="1"/><line nr="770" mi="0" ci="4" mb="0" cb="0"/><line nr="771" mi="2" ci="6" mb="1" cb="1"/><line nr="772" mi="0" ci="7" mb="0" cb="0"/><line nr="774" mi="0" ci="7" mb="0" cb="0"/><line nr="776" mi="0" ci="7" mb="0" cb="0"/><line nr="777" mi="0" ci="7" mb="0" cb="0"/><line nr="778" mi="0" ci="5" mb="0" cb="0"/><line nr="779" mi="0" ci="2" mb="0" cb="0"/><line nr="781" mi="0" ci="7" mb="0" cb="0"/><line nr="783" mi="0" ci="2" mb="0" cb="0"/><line nr="794" mi="4" ci="0" mb="0" cb="0"/><line nr="796" mi="7" ci="0" mb="0" cb="0"/><line nr="798" mi="4" ci="0" mb="0" cb="0"/><line nr="800" mi="10" ci="0" mb="2" cb="0"/><line nr="801" mi="5" ci="0" mb="0" cb="0"/><line nr="802" mi="1" ci="0" mb="0" cb="0"/><line nr="803" mi="5" ci="0" mb="0" cb="0"/><line nr="804" mi="2" ci="0" mb="0" cb="0"/><line nr="813" mi="0" ci="4" mb="0" cb="0"/><line nr="814" mi="6" ci="0" mb="0" cb="0"/><line nr="815" mi="7" ci="0" mb="0" cb="0"/><line nr="816" mi="6" ci="0" mb="0" cb="0"/><line nr="817" mi="6" ci="0" mb="0" cb="0"/><line nr="818" mi="6" ci="0" mb="0" cb="0"/><line nr="819" mi="7" ci="0" mb="0" cb="0"/><line nr="820" mi="7" ci="0" mb="0" cb="0"/><line nr="821" mi="7" ci="0" mb="0" cb="0"/><line nr="822" mi="7" ci="0" mb="0" cb="0"/><line nr="823" mi="7" ci="0" mb="0" cb="0"/><line nr="824" mi="7" ci="0" mb="0" cb="0"/><line nr="825" mi="6" ci="0" mb="0" cb="0"/><line nr="826" mi="7" ci="0" mb="0" cb="0"/><line nr="827" mi="7" ci="0" mb="0" cb="0"/><line nr="828" mi="5" ci="0" mb="0" cb="0"/><line nr="829" mi="3" ci="0" mb="0" cb="0"/><line nr="830" mi="2" ci="0" mb="0" cb="0"/><line nr="831" mi="7" ci="0" mb="0" cb="0"/><line nr="832" mi="7" ci="0" mb="0" cb="0"/><line nr="833" mi="7" ci="0" mb="0" cb="0"/><line nr="834" mi="7" ci="0" mb="0" cb="0"/><line nr="835" mi="5" ci="0" mb="0" cb="0"/><line nr="836" mi="3" ci="0" mb="0" cb="0"/><line nr="837" mi="2" ci="0" mb="0" cb="0"/><line nr="838" mi="7" ci="0" mb="0" cb="0"/><line nr="839" mi="7" ci="0" mb="0" cb="0"/><line nr="840" mi="6" ci="0" mb="0" cb="0"/><line nr="841" mi="6" ci="0" mb="0" cb="0"/><line nr="842" mi="2" ci="0" mb="0" cb="0"/><line nr="856" mi="0" ci="4" mb="0" cb="0"/><line nr="857" mi="0" ci="7" mb="0" cb="0"/><line nr="859" mi="3" ci="0" mb="2" cb="0"/><line nr="860" mi="6" ci="0" mb="0" cb="0"/><line nr="863" mi="3" ci="0" mb="0" cb="0"/><line nr="864" mi="4" ci="0" mb="0" cb="0"/><line nr="866" mi="7" ci="0" mb="0" cb="0"/><line nr="867" mi="5" ci="0" mb="0" cb="0"/><line nr="869" mi="2" ci="0" mb="0" cb="0"/><line nr="879" mi="0" ci="4" mb="0" cb="0"/><line nr="881" mi="0" ci="10" mb="1" cb="1"/><line nr="882" mi="5" ci="2" mb="3" cb="1"/><line nr="883" mi="5" ci="0" mb="0" cb="0"/><line nr="885" mi="1" ci="0" mb="0" cb="0"/><line nr="886" mi="2" ci="0" mb="0" cb="0"/><line nr="899" mi="0" ci="3" mb="1" cb="1"/><line nr="900" mi="13" ci="0" mb="0" cb="0"/><line nr="901" mi="6" ci="0" mb="0" cb="0"/><line nr="903" mi="0" ci="13" mb="0" cb="0"/><line nr="904" mi="0" ci="6" mb="0" cb="0"/><line nr="915" mi="3" ci="0" mb="2" cb="0"/><line nr="916" mi="13" ci="0" mb="0" cb="0"/><line nr="917" mi="2" ci="0" mb="0" cb="0"/><line nr="919" mi="13" ci="0" mb="0" cb="0"/><line nr="920" mi="2" ci="0" mb="0" cb="0"/><line nr="930" mi="3" ci="0" mb="2" cb="0"/><line nr="931" mi="13" ci="0" mb="0" cb="0"/><line nr="932" mi="2" ci="0" mb="0" cb="0"/><line nr="934" mi="13" ci="0" mb="0" cb="0"/><line nr="935" mi="2" ci="0" mb="0" cb="0"/><line nr="946" mi="0" ci="5" mb="0" cb="0"/><line nr="947" mi="0" ci="3" mb="0" cb="0"/><line nr="948" mi="0" ci="1" mb="0" cb="0"/><line nr="962" mi="0" ci="4" mb="0" cb="0"/><line nr="964" mi="0" ci="6" mb="0" cb="0"/><line nr="965" mi="0" ci="6" mb="0" cb="0"/><line nr="966" mi="0" ci="7" mb="0" cb="0"/><line nr="967" mi="0" ci="7" mb="0" cb="0"/><line nr="968" mi="0" ci="7" mb="0" cb="0"/><line nr="969" mi="0" ci="7" mb="0" cb="0"/><line nr="970" mi="0" ci="7" mb="0" cb="0"/><line nr="971" mi="0" ci="5" mb="0" cb="0"/><line nr="972" mi="0" ci="4" mb="0" cb="0"/><line nr="973" mi="0" ci="3" mb="0" cb="0"/><line nr="974" mi="0" ci="3" mb="0" cb="0"/><line nr="975" mi="3" ci="4" mb="0" cb="0"/><line nr="977" mi="2" ci="0" mb="0" cb="0"/><line nr="979" mi="5" ci="0" mb="0" cb="0"/><line nr="982" mi="7" ci="0" mb="0" cb="0"/><line nr="984" mi="2" ci="0" mb="0" cb="0"/><line nr="986" mi="5" ci="0" mb="0" cb="0"/><line nr="988" mi="7" ci="0" mb="0" cb="0"/><line nr="989" mi="7" ci="0" mb="0" cb="0"/><line nr="990" mi="5" ci="0" mb="0" cb="0"/><line nr="992" mi="3" ci="0" mb="0" cb="0"/><line nr="994" mi="10" ci="0" mb="0" cb="0"/><line nr="995" mi="10" ci="0" mb="0" cb="0"/><line nr="996" mi="6" ci="0" mb="0" cb="0"/><line nr="998" mi="5" ci="0" mb="0" cb="0"/><line nr="999" mi="6" ci="0" mb="0" cb="0"/><line nr="1000" mi="3" ci="0" mb="0" cb="0"/><line nr="1001" mi="6" ci="0" mb="0" cb="0"/><line nr="1002" mi="2" ci="0" mb="0" cb="0"/><line nr="1003" mi="2" ci="0" mb="0" cb="0"/><line nr="1004" mi="6" ci="0" mb="0" cb="0"/><line nr="1006" mi="2" ci="0" mb="0" cb="0"/><line nr="1015" mi="0" ci="4" mb="0" cb="0"/><line nr="1016" mi="6" ci="0" mb="0" cb="0"/><line nr="1017" mi="2" ci="0" mb="0" cb="0"/><line nr="1026" mi="0" ci="4" mb="1" cb="1"/><line nr="1027" mi="6" ci="0" mb="0" cb="0"/><line nr="1028" mi="2" ci="0" mb="2" cb="0"/><line nr="1029" mi="2" ci="0" mb="0" cb="0"/><line nr="1032" mi="0" ci="2" mb="0" cb="0"/><line nr="1041" mi="3" ci="0" mb="2" cb="0"/><line nr="1042" mi="6" ci="0" mb="0" cb="0"/><line nr="1044" mi="6" ci="0" mb="0" cb="0"/><line nr="1055" mi="4" ci="0" mb="0" cb="0"/><line nr="1056" mi="3" ci="0" mb="2" cb="0"/><line nr="1057" mi="11" ci="0" mb="2" cb="0"/><line nr="1058" mi="6" ci="0" mb="0" cb="0"/><line nr="1059" mi="1" ci="0" mb="0" cb="0"/><line nr="1061" mi="2" ci="0" mb="0" cb="0"/><line nr="1071" mi="4" ci="0" mb="0" cb="0"/><line nr="1072" mi="6" ci="0" mb="0" cb="0"/><line nr="1073" mi="6" ci="0" mb="0" cb="0"/><line nr="1074" mi="7" ci="0" mb="0" cb="0"/><line nr="1075" mi="6" ci="0" mb="0" cb="0"/><line nr="1076" mi="6" ci="0" mb="0" cb="0"/><line nr="1077" mi="7" ci="0" mb="0" cb="0"/><line nr="1078" mi="7" ci="0" mb="0" cb="0"/><line nr="1079" mi="7" ci="0" mb="0" cb="0"/><line nr="1080" mi="7" ci="0" mb="0" cb="0"/><line nr="1081" mi="6" ci="0" mb="0" cb="0"/><line nr="1082" mi="7" ci="0" mb="0" cb="0"/><line nr="1083" mi="7" ci="0" mb="0" cb="0"/><line nr="1084" mi="8" ci="0" mb="0" cb="0"/><line nr="1085" mi="4" ci="0" mb="0" cb="0"/><line nr="1086" mi="6" ci="0" mb="0" cb="0"/><line nr="1087" mi="2" ci="0" mb="0" cb="0"/><line nr="1100" mi="4" ci="0" mb="0" cb="0"/><line nr="1101" mi="3" ci="0" mb="0" cb="0"/><line nr="1102" mi="4" ci="0" mb="0" cb="0"/><line nr="1103" mi="5" ci="0" mb="0" cb="0"/><line nr="1104" mi="6" ci="0" mb="0" cb="0"/><line nr="1105" mi="1" ci="0" mb="0" cb="0"/><line nr="1108" mi="2" ci="0" mb="0" cb="0"/><line nr="1119" mi="4" ci="0" mb="0" cb="0"/><line nr="1120" mi="10" ci="0" mb="2" cb="0"/><line nr="1121" mi="6" ci="0" mb="0" cb="0"/><line nr="1122" mi="1" ci="0" mb="0" cb="0"/><line nr="1123" mi="2" ci="0" mb="0" cb="0"/><line nr="1132" mi="7" ci="0" mb="0" cb="0"/><line nr="1133" mi="2" ci="0" mb="0" cb="0"/><line nr="1134" mi="3" ci="0" mb="2" cb="0"/><line nr="1135" mi="2" ci="0" mb="0" cb="0"/><line nr="1137" mi="5" ci="0" mb="0" cb="0"/><line nr="1138" mi="1" ci="0" mb="0" cb="0"/><line nr="1148" mi="4" ci="0" mb="0" cb="0"/><line nr="1149" mi="7" ci="0" mb="0" cb="0"/><line nr="1150" mi="7" ci="0" mb="0" cb="0"/><line nr="1151" mi="5" ci="0" mb="0" cb="0"/><line nr="1152" mi="5" ci="0" mb="0" cb="0"/><line nr="1153" mi="3" ci="0" mb="0" cb="0"/><line nr="1154" mi="2" ci="0" mb="0" cb="0"/><line nr="1165" mi="0" ci="4" mb="0" cb="0"/><line nr="1166" mi="7" ci="0" mb="0" cb="0"/><line nr="1167" mi="7" ci="0" mb="0" cb="0"/><line nr="1168" mi="2" ci="0" mb="0" cb="0"/><line nr="1177" mi="0" ci="4" mb="1" cb="1"/><line nr="1178" mi="0" ci="2" mb="0" cb="0"/><line nr="1180" mi="3" ci="0" mb="0" cb="0"/><line nr="1189" mi="0" ci="4" mb="0" cb="0"/><line nr="1190" mi="4" ci="7" mb="1" cb="1"/><line nr="1191" mi="10" ci="0" mb="0" cb="0"/><line nr="1192" mi="1" ci="0" mb="0" cb="0"/><line nr="1194" mi="0" ci="2" mb="0" cb="0"/><line nr="1207" mi="0" ci="4" mb="0" cb="0"/><line nr="1208" mi="0" ci="5" mb="0" cb="0"/><line nr="1209" mi="6" ci="0" mb="0" cb="0"/><line nr="1210" mi="2" ci="0" mb="0" cb="0"/><line nr="1211" mi="2" ci="0" mb="0" cb="0"/><line nr="1212" mi="3" ci="0" mb="0" cb="0"/><line nr="1213" mi="5" ci="0" mb="0" cb="0"/><line nr="1214" mi="5" ci="0" mb="0" cb="0"/><line nr="1215" mi="6" ci="0" mb="0" cb="0"/><line nr="1216" mi="6" ci="0" mb="0" cb="0"/><line nr="1217" mi="5" ci="0" mb="0" cb="0"/><line nr="1218" mi="7" ci="0" mb="0" cb="0"/><line nr="1219" mi="7" ci="0" mb="0" cb="0"/><line nr="1220" mi="7" ci="0" mb="0" cb="0"/><line nr="1221" mi="7" ci="0" mb="0" cb="0"/><line nr="1222" mi="2" ci="0" mb="0" cb="0"/><line nr="1231" mi="4" ci="0" mb="0" cb="0"/><line nr="1232" mi="11" ci="0" mb="2" cb="0"/><line nr="1233" mi="9" ci="0" mb="0" cb="0"/><line nr="1234" mi="1" ci="0" mb="0" cb="0"/><line nr="1235" mi="2" ci="0" mb="0" cb="0"/><line nr="1244" mi="4" ci="0" mb="0" cb="0"/><line nr="1245" mi="7" ci="0" mb="0" cb="0"/><line nr="1246" mi="7" ci="0" mb="0" cb="0"/><line nr="1247" mi="7" ci="0" mb="0" cb="0"/><line nr="1248" mi="7" ci="0" mb="0" cb="0"/><line nr="1249" mi="7" ci="0" mb="0" cb="0"/><line nr="1250" mi="7" ci="0" mb="0" cb="0"/><line nr="1251" mi="3" ci="0" mb="2" cb="0"/><line nr="1252" mi="5" ci="0" mb="0" cb="0"/><line nr="1254" mi="3" ci="0" mb="0" cb="0"/><line nr="1256" mi="5" ci="0" mb="0" cb="0"/><line nr="1258" mi="3" ci="0" mb="0" cb="0"/><line nr="1259" mi="5" ci="0" mb="0" cb="0"/><line nr="1261" mi="3" ci="0" mb="0" cb="0"/><line nr="1262" mi="5" ci="0" mb="0" cb="0"/><line nr="1264" mi="2" ci="0" mb="0" cb="0"/><line nr="1266" mi="2" ci="0" mb="0" cb="0"/><line nr="1275" mi="8" ci="0" mb="0" cb="0"/><line nr="1286" mi="4" ci="0" mb="0" cb="0"/><line nr="1287" mi="4" ci="0" mb="0" cb="0"/><line nr="1288" mi="3" ci="0" mb="0" cb="0"/><line nr="1289" mi="5" ci="0" mb="0" cb="0"/><line nr="1290" mi="6" ci="0" mb="0" cb="0"/><line nr="1291" mi="7" ci="0" mb="0" cb="0"/><line nr="1292" mi="7" ci="0" mb="0" cb="0"/><line nr="1293" mi="7" ci="0" mb="0" cb="0"/><line nr="1294" mi="7" ci="0" mb="0" cb="0"/><line nr="1295" mi="7" ci="0" mb="0" cb="0"/><line nr="1297" mi="3" ci="0" mb="0" cb="0"/><line nr="1298" mi="12" ci="0" mb="2" cb="0"/><line nr="1299" mi="2" ci="0" mb="0" cb="0"/><line nr="1310" mi="4" ci="0" mb="0" cb="0"/><line nr="1311" mi="3" ci="0" mb="0" cb="0"/><line nr="1312" mi="5" ci="0" mb="0" cb="0"/><line nr="1313" mi="6" ci="0" mb="0" cb="0"/><line nr="1314" mi="7" ci="0" mb="0" cb="0"/><line nr="1315" mi="7" ci="0" mb="0" cb="0"/><line nr="1316" mi="7" ci="0" mb="0" cb="0"/><line nr="1317" mi="7" ci="0" mb="0" cb="0"/><line nr="1318" mi="4" ci="0" mb="0" cb="0"/><line nr="1319" mi="8" ci="0" mb="0" cb="0"/><line nr="1320" mi="7" ci="0" mb="0" cb="0"/><line nr="1321" mi="8" ci="0" mb="0" cb="0"/><line nr="1322" mi="8" ci="0" mb="0" cb="0"/><line nr="1323" mi="2" ci="0" mb="0" cb="0"/><line nr="1332" mi="9" ci="0" mb="2" cb="0"/><line nr="1341" mi="9" ci="0" mb="2" cb="0"/><line nr="1352" mi="4" ci="0" mb="0" cb="0"/><line nr="1353" mi="3" ci="0" mb="0" cb="0"/><line nr="1354" mi="3" ci="0" mb="0" cb="0"/><line nr="1355" mi="3" ci="0" mb="0" cb="0"/><line nr="1356" mi="3" ci="0" mb="0" cb="0"/><line nr="1357" mi="5" ci="0" mb="0" cb="0"/><line nr="1358" mi="6" ci="0" mb="0" cb="0"/><line nr="1359" mi="6" ci="0" mb="0" cb="0"/><line nr="1360" mi="8" ci="0" mb="0" cb="0"/><line nr="1361" mi="8" ci="0" mb="0" cb="0"/><line nr="1362" mi="8" ci="0" mb="0" cb="0"/><line nr="1363" mi="8" ci="0" mb="0" cb="0"/><line nr="1364" mi="8" ci="0" mb="0" cb="0"/><line nr="1365" mi="2" ci="0" mb="0" cb="0"/><line nr="1376" mi="4" ci="0" mb="0" cb="0"/><line nr="1377" mi="5" ci="0" mb="0" cb="0"/><line nr="1378" mi="3" ci="0" mb="0" cb="0"/><line nr="1379" mi="8" ci="0" mb="0" cb="0"/><line nr="1380" mi="8" ci="0" mb="0" cb="0"/><line nr="1381" mi="2" ci="0" mb="0" cb="0"/><line nr="1392" mi="3" ci="0" mb="0" cb="0"/><line nr="1393" mi="3" ci="0" mb="0" cb="0"/><line nr="1394" mi="4" ci="0" mb="0" cb="0"/><line nr="1395" mi="5" ci="0" mb="0" cb="0"/><line nr="1396" mi="3" ci="0" mb="0" cb="0"/><line nr="1397" mi="8" ci="0" mb="0" cb="0"/><line nr="1398" mi="8" ci="0" mb="0" cb="0"/><line nr="1399" mi="8" ci="0" mb="0" cb="0"/><line nr="1400" mi="8" ci="0" mb="0" cb="0"/><line nr="1401" mi="8" ci="0" mb="0" cb="0"/><line nr="1402" mi="2" ci="0" mb="0" cb="0"/><line nr="1414" mi="4" ci="0" mb="0" cb="0"/><line nr="1415" mi="3" ci="0" mb="0" cb="0"/><line nr="1416" mi="3" ci="0" mb="0" cb="0"/><line nr="1417" mi="3" ci="0" mb="0" cb="0"/><line nr="1418" mi="5" ci="0" mb="0" cb="0"/><line nr="1419" mi="6" ci="0" mb="0" cb="0"/><line nr="1420" mi="7" ci="0" mb="0" cb="0"/><line nr="1421" mi="7" ci="0" mb="0" cb="0"/><line nr="1422" mi="3" ci="0" mb="0" cb="0"/><line nr="1423" mi="5" ci="0" mb="0" cb="0"/><line nr="1424" mi="3" ci="0" mb="0" cb="0"/><line nr="1425" mi="6" ci="0" mb="0" cb="0"/><line nr="1427" mi="3" ci="0" mb="0" cb="0"/><line nr="1428" mi="3" ci="0" mb="0" cb="0"/><line nr="1429" mi="8" ci="0" mb="0" cb="0"/><line nr="1430" mi="8" ci="0" mb="0" cb="0"/><line nr="1432" mi="3" ci="0" mb="0" cb="0"/><line nr="1433" mi="3" ci="0" mb="0" cb="0"/><line nr="1434" mi="9" ci="0" mb="0" cb="0"/><line nr="1435" mi="8" ci="0" mb="0" cb="0"/><line nr="1436" mi="8" ci="0" mb="0" cb="0"/><line nr="1437" mi="8" ci="0" mb="0" cb="0"/><line nr="1438" mi="8" ci="0" mb="0" cb="0"/><line nr="1439" mi="8" ci="0" mb="0" cb="0"/><line nr="1440" mi="9" ci="0" mb="0" cb="0"/><line nr="1441" mi="2" ci="0" mb="0" cb="0"/><line nr="1453" mi="4" ci="0" mb="0" cb="0"/><line nr="1454" mi="3" ci="0" mb="0" cb="0"/><line nr="1455" mi="3" ci="0" mb="0" cb="0"/><line nr="1456" mi="3" ci="0" mb="0" cb="0"/><line nr="1457" mi="3" ci="0" mb="0" cb="0"/><line nr="1458" mi="3" ci="0" mb="0" cb="0"/><line nr="1459" mi="3" ci="0" mb="0" cb="0"/><line nr="1460" mi="3" ci="0" mb="0" cb="0"/><line nr="1461" mi="5" ci="0" mb="0" cb="0"/><line nr="1462" mi="6" ci="0" mb="0" cb="0"/><line nr="1463" mi="7" ci="0" mb="0" cb="0"/><line nr="1464" mi="7" ci="0" mb="0" cb="0"/><line nr="1465" mi="3" ci="0" mb="0" cb="0"/><line nr="1466" mi="5" ci="0" mb="0" cb="0"/><line nr="1467" mi="3" ci="0" mb="0" cb="0"/><line nr="1468" mi="6" ci="0" mb="0" cb="0"/><line nr="1469" mi="8" ci="0" mb="0" cb="0"/><line nr="1470" mi="8" ci="0" mb="0" cb="0"/><line nr="1471" mi="8" ci="0" mb="0" cb="0"/><line nr="1472" mi="8" ci="0" mb="0" cb="0"/><line nr="1473" mi="8" ci="0" mb="0" cb="0"/><line nr="1474" mi="9" ci="0" mb="0" cb="0"/><line nr="1475" mi="2" ci="0" mb="0" cb="0"/><line nr="1490" mi="4" ci="0" mb="0" cb="0"/><line nr="1494" mi="5" ci="0" mb="0" cb="0"/><line nr="1495" mi="5" ci="0" mb="0" cb="0"/><line nr="1496" mi="6" ci="0" mb="0" cb="0"/><line nr="1497" mi="5" ci="0" mb="0" cb="0"/><line nr="1498" mi="5" ci="0" mb="0" cb="0"/><line nr="1499" mi="5" ci="0" mb="0" cb="0"/><line nr="1501" mi="3" ci="0" mb="2" cb="0"/><line nr="1502" mi="7" ci="0" mb="0" cb="0"/><line nr="1504" mi="2" ci="0" mb="0" cb="0"/><line nr="1518" mi="4" ci="0" mb="0" cb="0"/><line nr="1519" mi="5" ci="0" mb="0" cb="0"/><line nr="1520" mi="2" ci="0" mb="0" cb="0"/><line nr="1521" mi="3" ci="0" mb="0" cb="0"/><line nr="1522" mi="5" ci="0" mb="0" cb="0"/><line nr="1523" mi="3" ci="0" mb="0" cb="0"/><line nr="1524" mi="6" ci="0" mb="0" cb="0"/><line nr="1525" mi="9" ci="0" mb="0" cb="0"/><line nr="1526" mi="8" ci="0" mb="0" cb="0"/><line nr="1528" mi="2" ci="0" mb="2" cb="0"/><line nr="1529" mi="8" ci="0" mb="0" cb="0"/><line nr="1531" mi="6" ci="0" mb="0" cb="0"/><line nr="1534" mi="2" ci="0" mb="0" cb="0"/><line nr="1546" mi="4" ci="0" mb="0" cb="0"/><line nr="1547" mi="4" ci="0" mb="0" cb="0"/><line nr="1548" mi="5" ci="0" mb="0" cb="0"/><line nr="1550" mi="11" ci="0" mb="0" cb="0"/><line nr="1551" mi="2" ci="0" mb="0" cb="0"/><line nr="1553" mi="2" ci="0" mb="0" cb="0"/><line nr="1565" mi="4" ci="0" mb="0" cb="0"/><line nr="1566" mi="3" ci="0" mb="0" cb="0"/><line nr="1567" mi="4" ci="0" mb="0" cb="0"/><line nr="1568" mi="5" ci="0" mb="0" cb="0"/><line nr="1569" mi="6" ci="0" mb="0" cb="0"/><line nr="1570" mi="4" ci="0" mb="0" cb="0"/><line nr="1571" mi="8" ci="0" mb="0" cb="0"/><line nr="1572" mi="7" ci="0" mb="0" cb="0"/><line nr="1573" mi="2" ci="0" mb="0" cb="0"/><line nr="1584" mi="4" ci="0" mb="0" cb="0"/><line nr="1585" mi="3" ci="0" mb="0" cb="0"/><line nr="1586" mi="4" ci="0" mb="0" cb="0"/><line nr="1587" mi="5" ci="0" mb="0" cb="0"/><line nr="1588" mi="6" ci="0" mb="0" cb="0"/><line nr="1589" mi="4" ci="0" mb="0" cb="0"/><line nr="1590" mi="8" ci="0" mb="0" cb="0"/><line nr="1591" mi="8" ci="0" mb="0" cb="0"/><line nr="1592" mi="7" ci="0" mb="0" cb="0"/><line nr="1593" mi="8" ci="0" mb="0" cb="0"/><line nr="1594" mi="7" ci="0" mb="0" cb="0"/><line nr="1595" mi="2" ci="0" mb="0" cb="0"/><line nr="1604" mi="4" ci="0" mb="0" cb="0"/><line nr="1606" mi="4" ci="0" mb="0" cb="0"/><line nr="1607" mi="4" ci="0" mb="0" cb="0"/><line nr="1608" mi="4" ci="0" mb="0" cb="0"/><line nr="1609" mi="4" ci="0" mb="0" cb="0"/><line nr="1610" mi="4" ci="0" mb="0" cb="0"/><line nr="1611" mi="11" ci="0" mb="2" cb="0"/><line nr="1612" mi="4" ci="0" mb="0" cb="0"/><line nr="1613" mi="4" ci="0" mb="0" cb="0"/><line nr="1614" mi="6" ci="0" mb="0" cb="0"/><line nr="1615" mi="5" ci="0" mb="0" cb="0"/><line nr="1616" mi="6" ci="0" mb="0" cb="0"/><line nr="1617" mi="7" ci="0" mb="0" cb="0"/><line nr="1618" mi="10" ci="0" mb="0" cb="0"/><line nr="1619" mi="9" ci="0" mb="0" cb="0"/><line nr="1620" mi="9" ci="0" mb="0" cb="0"/><line nr="1622" mi="4" ci="0" mb="0" cb="0"/><line nr="1623" mi="1" ci="0" mb="0" cb="0"/><line nr="1624" mi="2" ci="0" mb="0" cb="0"/><line nr="1634" mi="4" ci="0" mb="0" cb="0"/><line nr="1635" mi="6" ci="0" mb="0" cb="0"/><line nr="1636" mi="7" ci="0" mb="0" cb="0"/><line nr="1637" mi="6" ci="0" mb="0" cb="0"/><line nr="1638" mi="6" ci="0" mb="0" cb="0"/><line nr="1639" mi="6" ci="0" mb="0" cb="0"/><line nr="1640" mi="7" ci="0" mb="0" cb="0"/><line nr="1641" mi="7" ci="0" mb="0" cb="0"/><line nr="1642" mi="7" ci="0" mb="0" cb="0"/><line nr="1643" mi="7" ci="0" mb="0" cb="0"/><line nr="1644" mi="7" ci="0" mb="0" cb="0"/><line nr="1645" mi="6" ci="0" mb="0" cb="0"/><line nr="1646" mi="7" ci="0" mb="0" cb="0"/><line nr="1647" mi="7" ci="0" mb="0" cb="0"/><line nr="1648" mi="7" ci="0" mb="0" cb="0"/><line nr="1649" mi="5" ci="0" mb="0" cb="0"/><line nr="1650" mi="5" ci="0" mb="0" cb="0"/><line nr="1652" mi="7" ci="0" mb="0" cb="0"/><line nr="1653" mi="7" ci="0" mb="0" cb="0"/><line nr="1654" mi="8" ci="0" mb="0" cb="0"/><line nr="1655" mi="2" ci="0" mb="0" cb="0"/><line nr="1656" mi="7" ci="0" mb="0" cb="0"/><line nr="1657" mi="7" ci="0" mb="0" cb="0"/><line nr="1658" mi="7" ci="0" mb="0" cb="0"/><line nr="1659" mi="7" ci="0" mb="0" cb="0"/><line nr="1660" mi="7" ci="0" mb="0" cb="0"/><line nr="1661" mi="7" ci="0" mb="0" cb="0"/><line nr="1662" mi="7" ci="0" mb="0" cb="0"/><line nr="1663" mi="7" ci="0" mb="0" cb="0"/><line nr="1664" mi="7" ci="0" mb="0" cb="0"/><line nr="1665" mi="7" ci="0" mb="0" cb="0"/><line nr="1666" mi="7" ci="0" mb="0" cb="0"/><line nr="1667" mi="7" ci="0" mb="0" cb="0"/><line nr="1668" mi="4" ci="0" mb="0" cb="0"/><line nr="1669" mi="3" ci="0" mb="2" cb="0"/><line nr="1670" mi="11" ci="0" mb="2" cb="0"/><line nr="1671" mi="6" ci="0" mb="0" cb="0"/><line nr="1672" mi="1" ci="0" mb="0" cb="0"/><line nr="1674" mi="5" ci="0" mb="0" cb="0"/><line nr="1676" mi="3" ci="0" mb="0" cb="0"/><line nr="1677" mi="4" ci="0" mb="0" cb="0"/><line nr="1679" mi="11" ci="0" mb="2" cb="0"/><line nr="1680" mi="13" ci="0" mb="0" cb="0"/><line nr="1681" mi="1" ci="0" mb="0" cb="0"/><line nr="1682" mi="5" ci="0" mb="0" cb="0"/><line nr="1684" mi="3" ci="0" mb="0" cb="0"/><line nr="1685" mi="4" ci="0" mb="0" cb="0"/><line nr="1687" mi="11" ci="0" mb="2" cb="0"/><line nr="1688" mi="13" ci="0" mb="0" cb="0"/><line nr="1689" mi="1" ci="0" mb="0" cb="0"/><line nr="1690" mi="5" ci="0" mb="0" cb="0"/><line nr="1693" mi="6" ci="0" mb="0" cb="0"/><line nr="1694" mi="2" ci="0" mb="0" cb="0"/><line nr="1695" mi="3" ci="0" mb="2" cb="0"/><line nr="1696" mi="4" ci="0" mb="0" cb="0"/><line nr="1698" mi="6" ci="0" mb="0" cb="0"/><line nr="1699" mi="2" ci="0" mb="0" cb="0"/><line nr="1700" mi="2" ci="0" mb="2" cb="0"/><line nr="1701" mi="4" ci="0" mb="0" cb="0"/><line nr="1703" mi="6" ci="0" mb="0" cb="0"/><line nr="1704" mi="7" ci="0" mb="0" cb="0"/><line nr="1705" mi="6" ci="0" mb="0" cb="0"/><line nr="1706" mi="6" ci="0" mb="0" cb="0"/><line nr="1707" mi="2" ci="0" mb="0" cb="0"/><line nr="1717" mi="4" ci="0" mb="0" cb="0"/><line nr="1718" mi="11" ci="0" mb="2" cb="0"/><line nr="1719" mi="4" ci="0" mb="0" cb="0"/><line nr="1720" mi="6" ci="0" mb="0" cb="0"/><line nr="1721" mi="7" ci="0" mb="0" cb="0"/><line nr="1722" mi="4" ci="0" mb="0" cb="0"/><line nr="1723" mi="1" ci="0" mb="0" cb="0"/><line nr="1724" mi="4" ci="0" mb="0" cb="0"/><line nr="1725" mi="4" ci="0" mb="0" cb="0"/><line nr="1726" mi="2" ci="0" mb="0" cb="0"/><line nr="1727" mi="4" ci="0" mb="0" cb="0"/><line nr="1728" mi="4" ci="0" mb="0" cb="0"/><line nr="1729" mi="5" ci="0" mb="0" cb="0"/><line nr="1730" mi="3" ci="0" mb="0" cb="0"/><line nr="1731" mi="2" ci="0" mb="0" cb="0"/><line nr="1742" mi="5" ci="0" mb="0" cb="0"/><line nr="1743" mi="9" ci="0" mb="2" cb="0"/><line nr="1755" mi="4" ci="0" mb="0" cb="0"/><line nr="1756" mi="10" ci="0" mb="2" cb="0"/><line nr="1757" mi="10" ci="0" mb="4" cb="0"/><line nr="1758" mi="3" ci="0" mb="2" cb="0"/><line nr="1759" mi="9" ci="0" mb="0" cb="0"/><line nr="1760" mi="4" ci="0" mb="0" cb="0"/><line nr="1761" mi="6" ci="0" mb="0" cb="0"/><line nr="1763" mi="1" ci="0" mb="0" cb="0"/><line nr="1764" mi="2" ci="0" mb="0" cb="0"/><line nr="1775" mi="4" ci="0" mb="0" cb="0"/><line nr="1776" mi="10" ci="0" mb="2" cb="0"/><line nr="1777" mi="7" ci="0" mb="2" cb="0"/><line nr="1778" mi="9" ci="0" mb="0" cb="0"/><line nr="1779" mi="4" ci="0" mb="0" cb="0"/><line nr="1780" mi="6" ci="0" mb="0" cb="0"/><line nr="1782" mi="1" ci="0" mb="0" cb="0"/><line nr="1783" mi="2" ci="0" mb="0" cb="0"/><line nr="1793" mi="0" ci="5" mb="0" cb="0"/><line nr="1794" mi="0" ci="8" mb="1" cb="3"/><line nr="1795" mi="0" ci="4" mb="0" cb="0"/><line nr="1797" mi="0" ci="5" mb="0" cb="0"/><line nr="1807" mi="4" ci="0" mb="0" cb="0"/><line nr="1808" mi="11" ci="0" mb="2" cb="0"/><line nr="1809" mi="4" ci="0" mb="0" cb="0"/><line nr="1810" mi="13" ci="0" mb="2" cb="0"/><line nr="1811" mi="10" ci="0" mb="0" cb="0"/><line nr="1812" mi="1" ci="0" mb="0" cb="0"/><line nr="1813" mi="7" ci="0" mb="0" cb="0"/><line nr="1814" mi="1" ci="0" mb="0" cb="0"/><line nr="1815" mi="2" ci="0" mb="0" cb="0"/><line nr="1824" mi="4" ci="0" mb="0" cb="0"/><line nr="1825" mi="6" ci="0" mb="0" cb="0"/><line nr="1826" mi="7" ci="0" mb="0" cb="0"/><line nr="1827" mi="7" ci="0" mb="0" cb="0"/><line nr="1828" mi="5" ci="0" mb="0" cb="0"/><line nr="1829" mi="3" ci="0" mb="2" cb="0"/><line nr="1830" mi="8" ci="0" mb="0" cb="0"/><line nr="1832" mi="2" ci="0" mb="0" cb="0"/><line nr="1843" mi="4" ci="0" mb="0" cb="0"/><line nr="1844" mi="8" ci="0" mb="0" cb="0"/><line nr="1845" mi="8" ci="0" mb="0" cb="0"/><line nr="1846" mi="9" ci="0" mb="0" cb="0"/><line nr="1847" mi="10" ci="0" mb="0" cb="0"/><line nr="1848" mi="2" ci="0" mb="0" cb="0"/><line nr="1862" mi="0" ci="4" mb="0" cb="0"/><line nr="1863" mi="0" ci="3" mb="0" cb="0"/><line nr="1864" mi="5" ci="0" mb="0" cb="0"/><line nr="1865" mi="4" ci="0" mb="0" cb="0"/><line nr="1866" mi="6" ci="0" mb="0" cb="0"/><line nr="1867" mi="5" ci="0" mb="0" cb="0"/><line nr="1869" mi="3" ci="0" mb="0" cb="0"/><line nr="1870" mi="3" ci="0" mb="0" cb="0"/><line nr="1872" mi="4" ci="0" mb="0" cb="0"/><line nr="1874" mi="11" ci="0" mb="2" cb="0"/><line nr="1875" mi="4" ci="0" mb="0" cb="0"/><line nr="1876" mi="4" ci="0" mb="2" cb="0"/><line nr="1877" mi="4" ci="0" mb="0" cb="0"/><line nr="1878" mi="5" ci="0" mb="0" cb="0"/><line nr="1879" mi="6" ci="0" mb="0" cb="0"/><line nr="1880" mi="2" ci="0" mb="0" cb="0"/><line nr="1881" mi="5" ci="0" mb="0" cb="0"/><line nr="1882" mi="10" ci="0" mb="0" cb="0"/><line nr="1883" mi="10" ci="0" mb="0" cb="0"/><line nr="1884" mi="8" ci="0" mb="0" cb="0"/><line nr="1885" mi="3" ci="0" mb="0" cb="0"/><line nr="1886" mi="2" ci="0" mb="0" cb="0"/><line nr="1887" mi="15" ci="0" mb="0" cb="0"/><line nr="1889" mi="1" ci="0" mb="0" cb="0"/><line nr="1892" mi="5" ci="0" mb="0" cb="0"/><line nr="1893" mi="8" ci="0" mb="0" cb="0"/><line nr="1894" mi="2" ci="0" mb="0" cb="0"/><line nr="1896" mi="5" ci="0" mb="0" cb="0"/><line nr="1898" mi="1" ci="0" mb="0" cb="0"/><line nr="1900" mi="11" ci="0" mb="2" cb="0"/><line nr="1901" mi="4" ci="0" mb="0" cb="0"/><line nr="1902" mi="9" ci="0" mb="6" cb="0"/><line nr="1903" mi="4" ci="0" mb="0" cb="0"/><line nr="1904" mi="5" ci="0" mb="0" cb="0"/><line nr="1905" mi="10" ci="0" mb="0" cb="0"/><line nr="1906" mi="2" ci="0" mb="0" cb="0"/><line nr="1907" mi="5" ci="0" mb="0" cb="0"/><line nr="1908" mi="10" ci="0" mb="0" cb="0"/><line nr="1909" mi="10" ci="0" mb="0" cb="0"/><line nr="1910" mi="8" ci="0" mb="0" cb="0"/><line nr="1911" mi="3" ci="0" mb="0" cb="0"/><line nr="1912" mi="2" ci="0" mb="0" cb="0"/><line nr="1913" mi="15" ci="0" mb="0" cb="0"/><line nr="1915" mi="1" ci="0" mb="0" cb="0"/><line nr="1918" mi="5" ci="0" mb="0" cb="0"/><line nr="1919" mi="8" ci="0" mb="0" cb="0"/><line nr="1920" mi="2" ci="0" mb="0" cb="0"/><line nr="1922" mi="5" ci="0" mb="0" cb="0"/><line nr="1924" mi="1" ci="0" mb="0" cb="0"/><line nr="1925" mi="2" ci="0" mb="0" cb="0"/><line nr="1934" mi="3" ci="0" mb="0" cb="0"/><line nr="1935" mi="4" ci="0" mb="0" cb="0"/><line nr="1936" mi="5" ci="0" mb="0" cb="0"/><line nr="1937" mi="7" ci="0" mb="0" cb="0"/><line nr="1938" mi="7" ci="0" mb="0" cb="0"/><line nr="1939" mi="14" ci="0" mb="2" cb="0"/><line nr="1940" mi="2" ci="0" mb="0" cb="0"/><line nr="1956" mi="0" ci="4" mb="0" cb="0"/><line nr="1957" mi="6" ci="0" mb="0" cb="0"/><line nr="1958" mi="9" ci="0" mb="0" cb="0"/><line nr="1959" mi="7" ci="0" mb="0" cb="0"/><line nr="1960" mi="2" ci="0" mb="0" cb="0"/><line nr="1971" mi="4" ci="0" mb="0" cb="0"/><line nr="1972" mi="7" ci="0" mb="0" cb="0"/><line nr="1973" mi="11" ci="0" mb="0" cb="0"/><line nr="1974" mi="5" ci="0" mb="0" cb="0"/><line nr="1975" mi="1" ci="0" mb="0" cb="0"/><line nr="1976" mi="3" ci="0" mb="0" cb="0"/><line nr="1977" mi="9" ci="0" mb="0" cb="0"/><line nr="1979" mi="9" ci="0" mb="0" cb="0"/><line nr="1980" mi="2" ci="0" mb="0" cb="0"/><line nr="1993" mi="0" ci="4" mb="0" cb="0"/><line nr="1994" mi="2" ci="0" mb="0" cb="0"/><line nr="1995" mi="15" ci="0" mb="0" cb="0"/><line nr="2008" mi="0" ci="3" mb="1" cb="1"/><line nr="2009" mi="8" ci="0" mb="0" cb="0"/><line nr="2011" mi="11" ci="0" mb="0" cb="0"/><line nr="2012" mi="5" ci="0" mb="0" cb="0"/><line nr="2013" mi="2" ci="0" mb="0" cb="0"/><line nr="2014" mi="4" ci="0" mb="0" cb="0"/><line nr="2017" mi="0" ci="8" mb="0" cb="0"/><line nr="2019" mi="0" ci="11" mb="0" cb="0"/><line nr="2020" mi="0" ci="5" mb="0" cb="0"/><line nr="2021" mi="0" ci="6" mb="0" cb="0"/><line nr="2038" mi="0" ci="4" mb="0" cb="0"/><line nr="2040" mi="2" ci="3" mb="0" cb="0"/><line nr="2042" mi="5" ci="0" mb="0" cb="0"/><line nr="2043" mi="8" ci="0" mb="0" cb="0"/><line nr="2044" mi="2" ci="0" mb="0" cb="0"/><line nr="2046" mi="5" ci="0" mb="0" cb="0"/><line nr="2048" mi="5" ci="0" mb="0" cb="0"/><line nr="2049" mi="8" ci="0" mb="0" cb="0"/><line nr="2050" mi="2" ci="0" mb="0" cb="0"/><line nr="2052" mi="5" ci="0" mb="0" cb="0"/><line nr="2054" mi="5" ci="0" mb="0" cb="0"/><line nr="2055" mi="8" ci="0" mb="0" cb="0"/><line nr="2056" mi="2" ci="0" mb="0" cb="0"/><line nr="2058" mi="5" ci="0" mb="0" cb="0"/><line nr="2060" mi="6" ci="0" mb="0" cb="0"/><line nr="2061" mi="5" ci="0" mb="0" cb="0"/><line nr="2062" mi="2" ci="0" mb="0" cb="0"/><line nr="2064" mi="7" ci="0" mb="0" cb="0"/><line nr="2065" mi="2" ci="0" mb="0" cb="0"/><line nr="2080" mi="0" ci="4" mb="0" cb="0"/><line nr="2081" mi="2" ci="3" mb="0" cb="0"/><line nr="2083" mi="5" ci="0" mb="0" cb="0"/><line nr="2084" mi="8" ci="0" mb="0" cb="0"/><line nr="2085" mi="2" ci="0" mb="0" cb="0"/><line nr="2087" mi="5" ci="0" mb="0" cb="0"/><line nr="2089" mi="5" ci="0" mb="0" cb="0"/><line nr="2090" mi="8" ci="0" mb="0" cb="0"/><line nr="2091" mi="2" ci="0" mb="0" cb="0"/><line nr="2093" mi="5" ci="0" mb="0" cb="0"/><line nr="2095" mi="6" ci="0" mb="0" cb="0"/><line nr="2096" mi="5" ci="0" mb="0" cb="0"/><line nr="2097" mi="2" ci="0" mb="0" cb="0"/><line nr="2099" mi="7" ci="0" mb="0" cb="0"/><line nr="2100" mi="2" ci="0" mb="0" cb="0"/><line nr="2118" mi="4" ci="0" mb="0" cb="0"/><line nr="2119" mi="7" ci="0" mb="0" cb="0"/><line nr="2123" mi="5" ci="0" mb="2" cb="0"/><line nr="2124" mi="9" ci="0" mb="0" cb="0"/><line nr="2125" mi="5" ci="0" mb="2" cb="0"/><line nr="2126" mi="8" ci="0" mb="0" cb="0"/><line nr="2129" mi="5" ci="0" mb="0" cb="0"/><line nr="2130" mi="5" ci="0" mb="0" cb="0"/><line nr="2131" mi="6" ci="0" mb="0" cb="0"/><line nr="2132" mi="6" ci="0" mb="0" cb="0"/><line nr="2133" mi="7" ci="0" mb="0" cb="0"/><line nr="2134" mi="7" ci="0" mb="0" cb="0"/><line nr="2135" mi="5" ci="0" mb="0" cb="0"/><line nr="2136" mi="3" ci="0" mb="0" cb="0"/><line nr="2137" mi="5" ci="0" mb="0" cb="0"/><line nr="2138" mi="3" ci="0" mb="0" cb="0"/><line nr="2139" mi="5" ci="0" mb="0" cb="0"/><line nr="2140" mi="3" ci="0" mb="0" cb="0"/><line nr="2141" mi="5" ci="0" mb="0" cb="0"/><line nr="2142" mi="2" ci="0" mb="0" cb="0"/><line nr="2144" mi="7" ci="0" mb="0" cb="0"/><line nr="2145" mi="5" ci="0" mb="0" cb="0"/><line nr="2146" mi="6" ci="0" mb="0" cb="0"/><line nr="2147" mi="6" ci="0" mb="0" cb="0"/><line nr="2148" mi="5" ci="0" mb="0" cb="0"/><line nr="2149" mi="8" ci="0" mb="0" cb="0"/><line nr="2150" mi="6" ci="0" mb="0" cb="0"/><line nr="2151" mi="15" ci="0" mb="4" cb="0"/><line nr="2152" mi="2" ci="0" mb="0" cb="0"/><line nr="2153" mi="3" ci="0" mb="2" cb="0"/><line nr="2154" mi="4" ci="0" mb="0" cb="0"/><line nr="2156" mi="6" ci="0" mb="0" cb="0"/><line nr="2157" mi="3" ci="0" mb="0" cb="0"/><line nr="2158" mi="6" ci="0" mb="4" cb="0"/><line nr="2159" mi="8" ci="0" mb="0" cb="0"/><line nr="2160" mi="5" ci="0" mb="0" cb="0"/><line nr="2161" mi="1" ci="0" mb="0" cb="0"/><line nr="2163" mi="10" ci="0" mb="2" cb="0"/><line nr="2164" mi="7" ci="0" mb="0" cb="0"/><line nr="2167" mi="9" ci="0" mb="0" cb="0"/><line nr="2168" mi="2" ci="0" mb="0" cb="0"/><line nr="2177" mi="0" ci="4" mb="0" cb="0"/><line nr="2178" mi="0" ci="3" mb="1" cb="1"/><line nr="2179" mi="12" ci="0" mb="2" cb="0"/><line nr="2180" mi="4" ci="0" mb="0" cb="0"/><line nr="2181" mi="8" ci="0" mb="0" cb="0"/><line nr="2182" mi="8" ci="0" mb="0" cb="0"/><line nr="2183" mi="9" ci="0" mb="0" cb="0"/><line nr="2184" mi="9" ci="0" mb="0" cb="0"/><line nr="2185" mi="7" ci="0" mb="0" cb="0"/><line nr="2186" mi="1" ci="0" mb="0" cb="0"/><line nr="2188" mi="0" ci="4" mb="0" cb="0"/><line nr="2189" mi="0" ci="5" mb="0" cb="0"/><line nr="2190" mi="0" ci="2" mb="0" cb="0"/><line nr="2200" mi="0" ci="4" mb="0" cb="0"/><line nr="2201" mi="0" ci="5" mb="0" cb="0"/><line nr="2202" mi="0" ci="5" mb="0" cb="0"/><line nr="2203" mi="0" ci="5" mb="0" cb="0"/><line nr="2204" mi="0" ci="2" mb="0" cb="0"/><line nr="2215" mi="4" ci="0" mb="0" cb="0"/><line nr="2216" mi="3" ci="0" mb="0" cb="0"/><line nr="2217" mi="5" ci="0" mb="0" cb="0"/><line nr="2218" mi="4" ci="0" mb="0" cb="0"/><line nr="2219" mi="4" ci="0" mb="0" cb="0"/><line nr="2230" mi="0" ci="4" mb="0" cb="0"/><line nr="2231" mi="0" ci="3" mb="0" cb="0"/><line nr="2232" mi="5" ci="0" mb="0" cb="0"/><line nr="2233" mi="4" ci="0" mb="0" cb="0"/><line nr="2234" mi="4" ci="0" mb="0" cb="0"/><line nr="2249" mi="0" ci="4" mb="0" cb="0"/><line nr="2250" mi="0" ci="3" mb="0" cb="0"/><line nr="2251" mi="5" ci="0" mb="0" cb="0"/><line nr="2252" mi="11" ci="0" mb="0" cb="0"/><line nr="2253" mi="5" ci="0" mb="0" cb="0"/><line nr="2266" mi="0" ci="4" mb="0" cb="0"/><line nr="2267" mi="0" ci="3" mb="0" cb="0"/><line nr="2268" mi="5" ci="0" mb="0" cb="0"/><line nr="2269" mi="4" ci="0" mb="0" cb="0"/><line nr="2270" mi="4" ci="0" mb="0" cb="0"/><line nr="2271" mi="5" ci="0" mb="0" cb="0"/><line nr="2272" mi="4" ci="0" mb="0" cb="0"/><line nr="2284" mi="0" ci="4" mb="0" cb="0"/><line nr="2285" mi="0" ci="3" mb="0" cb="0"/><line nr="2286" mi="5" ci="0" mb="0" cb="0"/><line nr="2287" mi="4" ci="0" mb="0" cb="0"/><line nr="2288" mi="4" ci="0" mb="0" cb="0"/><line nr="2289" mi="5" ci="0" mb="0" cb="0"/><line nr="2290" mi="4" ci="0" mb="0" cb="0"/><line nr="2307" mi="0" ci="6" mb="0" cb="0"/><line nr="2308" mi="0" ci="4" mb="0" cb="0"/><line nr="2309" mi="6" ci="0" mb="0" cb="0"/><line nr="2310" mi="5" ci="0" mb="0" cb="0"/><line nr="2311" mi="6" ci="0" mb="0" cb="0"/><line nr="2312" mi="6" ci="0" mb="0" cb="0"/><line nr="2313" mi="4" ci="0" mb="0" cb="0"/><line nr="2314" mi="4" ci="0" mb="0" cb="0"/><line nr="2315" mi="1" ci="0" mb="0" cb="0"/><line nr="2330" mi="1" ci="3" mb="0" cb="0"/><line nr="2331" mi="10" ci="0" mb="0" cb="0"/><line nr="2333" mi="4" ci="0" mb="0" cb="0"/><line nr="2334" mi="6" ci="0" mb="0" cb="0"/><line nr="2335" mi="6" ci="0" mb="0" cb="0"/><line nr="2336" mi="5" ci="0" mb="0" cb="0"/><line nr="2337" mi="5" ci="0" mb="0" cb="0"/><line nr="2338" mi="5" ci="0" mb="0" cb="0"/><line nr="2339" mi="11" ci="0" mb="0" cb="0"/><line nr="2340" mi="2" ci="0" mb="0" cb="0"/><line nr="2355" mi="8" ci="0" mb="0" cb="0"/><line nr="2356" mi="4" ci="0" mb="0" cb="0"/><line nr="2357" mi="5" ci="0" mb="0" cb="0"/><line nr="2358" mi="5" ci="0" mb="0" cb="0"/><line nr="2359" mi="2" ci="0" mb="0" cb="0"/><line nr="2367" mi="0" ci="4" mb="0" cb="0"/><line nr="2368" mi="0" ci="5" mb="0" cb="0"/><line nr="2369" mi="0" ci="5" mb="0" cb="0"/><line nr="2370" mi="0" ci="2" mb="0" cb="0"/><line nr="2384" mi="1" ci="3" mb="0" cb="0"/><line nr="2385" mi="0" ci="4" mb="0" cb="0"/><line nr="2388" mi="4" ci="0" mb="0" cb="0"/><line nr="2389" mi="5" ci="0" mb="0" cb="0"/><line nr="2390" mi="5" ci="0" mb="0" cb="0"/><line nr="2391" mi="2" ci="0" mb="0" cb="0"/><line nr="2397" mi="1" ci="3" mb="0" cb="0"/><line nr="2398" mi="0" ci="4" mb="0" cb="0"/><line nr="2400" mi="4" ci="0" mb="0" cb="0"/><line nr="2401" mi="5" ci="0" mb="0" cb="0"/><line nr="2402" mi="5" ci="0" mb="0" cb="0"/><line nr="2403" mi="2" ci="0" mb="0" cb="0"/><line nr="2418" mi="1" ci="3" mb="0" cb="0"/><line nr="2419" mi="0" ci="4" mb="0" cb="0"/><line nr="2421" mi="4" ci="0" mb="0" cb="0"/><line nr="2422" mi="5" ci="0" mb="0" cb="0"/><line nr="2423" mi="5" ci="0" mb="0" cb="0"/><line nr="2424" mi="2" ci="0" mb="0" cb="0"/><line nr="2438" mi="8" ci="0" mb="0" cb="0"/><line nr="2439" mi="4" ci="0" mb="0" cb="0"/><line nr="2440" mi="5" ci="0" mb="0" cb="0"/><line nr="2441" mi="5" ci="0" mb="0" cb="0"/><line nr="2442" mi="2" ci="0" mb="0" cb="0"/><line nr="2455" mi="2" ci="0" mb="0" cb="0"/><line nr="2456" mi="11" ci="0" mb="2" cb="0"/><line nr="2457" mi="4" ci="0" mb="0" cb="0"/><line nr="2458" mi="7" ci="0" mb="0" cb="0"/><line nr="2459" mi="8" ci="0" mb="0" cb="0"/><line nr="2460" mi="4" ci="0" mb="0" cb="0"/><line nr="2461" mi="2" ci="0" mb="2" cb="0"/><line nr="2462" mi="3" ci="0" mb="0" cb="0"/><line nr="2463" mi="3" ci="0" mb="0" cb="0"/><line nr="2465" mi="3" ci="0" mb="0" cb="0"/><line nr="2466" mi="5" ci="0" mb="0" cb="0"/><line nr="2467" mi="4" ci="0" mb="0" cb="0"/><line nr="2469" mi="4" ci="0" mb="0" cb="0"/><line nr="2470" mi="4" ci="0" mb="0" cb="0"/><line nr="2471" mi="4" ci="0" mb="0" cb="0"/><line nr="2472" mi="1" ci="0" mb="0" cb="0"/><line nr="2473" mi="5" ci="0" mb="0" cb="0"/><line nr="2483" mi="3" ci="0" mb="0" cb="0"/><line nr="2484" mi="4" ci="0" mb="0" cb="0"/><line nr="2485" mi="13" ci="0" mb="2" cb="0"/><line nr="2486" mi="3" ci="0" mb="2" cb="0"/><line nr="2487" mi="9" ci="0" mb="0" cb="0"/><line nr="2489" mi="1" ci="0" mb="0" cb="0"/><line nr="2491" mi="4" ci="0" mb="0" cb="0"/><line nr="2493" mi="10" ci="0" mb="2" cb="0"/><line nr="2494" mi="4" ci="0" mb="0" cb="0"/><line nr="2495" mi="6" ci="0" mb="0" cb="0"/><line nr="2496" mi="7" ci="0" mb="0" cb="0"/><line nr="2497" mi="2" ci="0" mb="0" cb="0"/><line nr="2498" mi="3" ci="0" mb="2" cb="0"/><line nr="2499" mi="2" ci="0" mb="0" cb="0"/><line nr="2501" mi="5" ci="0" mb="0" cb="0"/><line nr="2502" mi="6" ci="0" mb="0" cb="0"/><line nr="2503" mi="7" ci="0" mb="0" cb="0"/><line nr="2504" mi="7" ci="0" mb="0" cb="0"/><line nr="2505" mi="8" ci="0" mb="0" cb="0"/><line nr="2506" mi="4" ci="0" mb="0" cb="0"/><line nr="2507" mi="8" ci="0" mb="0" cb="0"/><line nr="2508" mi="1" ci="0" mb="0" cb="0"/><line nr="2510" mi="10" ci="0" mb="2" cb="0"/><line nr="2511" mi="4" ci="0" mb="0" cb="0"/><line nr="2512" mi="9" ci="0" mb="0" cb="0"/><line nr="2513" mi="9" ci="0" mb="0" cb="0"/><line nr="2514" mi="5" ci="0" mb="0" cb="0"/><line nr="2515" mi="5" ci="0" mb="0" cb="0"/><line nr="2516" mi="5" ci="0" mb="0" cb="0"/><line nr="2517" mi="5" ci="0" mb="0" cb="0"/><line nr="2518" mi="11" ci="0" mb="0" cb="0"/><line nr="2519" mi="4" ci="0" mb="0" cb="0"/><line nr="2520" mi="1" ci="0" mb="0" cb="0"/><line nr="2521" mi="4" ci="0" mb="0" cb="0"/><line nr="2522" mi="5" ci="0" mb="0" cb="0"/><line nr="2523" mi="2" ci="0" mb="0" cb="0"/><counter type="INSTRUCTION" missed="4756" covered="1020"/><counter type="BRANCH" missed="192" covered="50"/><counter type="LINE" missed="920" covered="197"/><counter type="COMPLEXITY" missed="177" covered="64"/><counter type="METHOD" missed="69" covered="51"/><counter type="CLASS" missed="0" covered="1"/></sourcefile><counter type="INSTRUCTION" missed="4756" covered="1020"/><counter type="BRANCH" missed="192" covered="50"/><counter type="LINE" missed="920" covered="197"/><counter type="COMPLEXITY" missed="177" covered="64"/><counter type="METHOD" missed="69" covered="51"/><counter type="CLASS" missed="0" covered="1"/></package><counter type="INSTRUCTION" missed="4756" covered="1020"/><counter type="BRANCH" missed="192" covered="50"/><counter type="LINE" missed="920" covered="197"/><counter type="COMPLEXITY" missed="177" covered="64"/><counter type="METHOD" missed="69" covered="51"/><counter type="CLASS" missed="0" covered="1"/></report>