<?xml version="1.0" encoding="UTF-8" standalone="yes"?><!DOCTYPE report PUBLIC "-//JACOCO//DTD Report 1.1//EN" "report.dtd"><report name="JaCoCo Coverage Report"><sessioninfo id="MSI-9f8b936c" start="1788250020578" dump="1788250024624"/><package name="org/apache/storm/daemon/ui"><class name="org/apache/storm/daemon/ui/UIHelpers" sourcefilename="UIHelpers.java"><method name="&lt;init&gt;" desc="()V" line="119"><counter type="INSTRUCTION" missed="0" covered="3"/><counter type="LINE" missed="0" covered="1"/><counter type="COMPLEXITY" missed="0" covered="1"/><counter type="METHOD" missed="0" covered="1"/></method><method name="prettyUptimeStr" desc="(Ljava/lang/String;[[Ljava/lang/Object;)Ljava/lang/String;" line="143"><counter type="INSTRUCTION" missed="5" covered="56"/><counter type="BRANCH" missed="1" covered="5"/><counter type="LINE" missed="1" covered="10"/><counter type="COMPLEXITY" missed="1" covered="3"/><counter type="METHOD" missed="0" covered="1"/></method><method name="prettyUptimeSec" desc="(Ljava/lang/String;)Ljava/lang/String;" line="166"><counter type="INSTRUCTION" missed="4" covered="0"/><counter type="LINE" missed="1" covered="0"/><counter type="COMPLEXITY" missed="1" covered="0"/><counter type="METHOD" missed="1" covered="0"/></method><method name="prettyUptimeSec" desc="(I)Ljava/lang/String;" line="175"><counter type="INSTRUCTION" missed="0" covered="5"/><counter type="LINE" missed="0" covered="1"/><counter type="COMPLEXITY" missed="0" covered="1"/><counter type="METHOD" missed="0" covered="1"/></method><method name="prettyUptimeMs" desc="(Ljava/lang/String;)Ljava/lang/String;" line="184"><counter type="INSTRUCTION" missed="4" covered="0"/><counter type="LINE" missed="1" covered="0"/><counter type="COMPLEXITY" missed="1" covered="0"/><counter type="METHOD" missed="1" covered="0"/></method><method name="prettyUptimeMs" desc="(I)Ljava/lang/String;" line="193"><counter type="INSTRUCTION" missed="0" covered="5"/><counter type="LINE" missed="0" covered="1"/><counter type="COMPLEXITY" missed="0" covered="1"/><counter type="METHOD" missed="0" covered="1"/></method><method name="urlFormat" desc="(Ljava/lang/String;[Ljava/lang/Object;)Ljava/lang/String;" line="203"><counter type="INSTRUCTION" missed="0" covered="24"/><counter type="BRANCH" missed="0" covered="2"/><counter type="LINE" missed="0" covered="4"/><counter type="COMPLEXITY" missed="0" covered="2"/><counter type="METHOD" missed="0" covered="1"/></method><method name="prettyExecutorInfo" desc="(Lorg/apache/storm/generated/ExecutorInfo;)Ljava/lang/String;" line="216"><counter type="INSTRUCTION" missed="0" covered="6"/><counter type="LINE" missed="0" covered="1"/><counter type="COMPLEXITY" missed="0" covered="1"/><counter type="METHOD" missed="0" covered="1"/></method><method name="unauthorizedUserJson" desc="(Ljava/lang/String;)Ljava/util/Map;" line="225"><counter type="INSTRUCTION" missed="0" covered="13"/><counter type="LINE" missed="0" covered="2"/><counter type="COMPLEXITY" missed="0" covered="1"/><counter type="METHOD" missed="0" covered="1"/></method><method name="mkSslConnector" desc="(Lorg/eclipse/jetty/server/Server;Ljava/lang/Integer;Ljava/lang/String;Ljava/lang/String;Ljava/lang/String;Ljava/lang/String;Ljava/lang/String;Ljava/lang/String;Ljava/lang/String;Ljava/lang/Boolean;Ljava/lang/Boolean;Ljava/lang/Integer;Z)Lorg/eclipse/jetty/server/ServerConnector;" line="236"><counter type="INSTRUCTION" missed="117" covered="0"/><counter type="BRANCH" missed="16" covered="0"/><counter type="LINE" missed="24" covered="0"/><counter type="COMPLEXITY" missed="9" covered="0"/><counter type="METHOD" missed="1" covered="0"/></method><method name="configSsl" desc="(Lorg/eclipse/jetty/server/Server;Ljava/lang/Integer;Ljava/lang/String;Ljava/lang/String;Ljava/lang/String;Ljava/lang/String;Ljava/lang/String;Ljava/lang/String;Ljava/lang/String;Ljava/lang/Boolean;Ljava/lang/Boolean;Z)V" line="276"><counter type="INSTRUCTION" missed="15" covered="0"/><counter type="LINE" missed="2" covered="0"/><counter type="COMPLEXITY" missed="1" covered="0"/><counter type="METHOD" missed="1" covered="0"/></method><method name="configSsl" desc="(Lorg/eclipse/jetty/server/Server;Ljava/lang/Integer;Ljava/lang/String;Ljava/lang/String;Ljava/lang/String;Ljava/lang/String;Ljava/lang/String;Ljava/lang/String;Ljava/lang/String;Ljava/lang/Boolean;Ljava/lang/Boolean;Ljava/lang/Integer;Z)V" line="303"><counter type="INSTRUCTION" missed="20" covered="0"/><counter type="BRANCH" missed="2" covered="0"/><counter type="LINE" missed="4" covered="0"/><counter type="COMPLEXITY" missed="2" covered="0"/><counter type="METHOD" missed="1" covered="0"/></method><method name="corsFilterHandle" desc="()Lorg/eclipse/jetty/servlet/FilterHolder;" line="319"><counter type="INSTRUCTION" missed="0" covered="25"/><counter type="LINE" missed="0" covered="6"/><counter type="COMPLEXITY" missed="0" covered="1"/><counter type="METHOD" missed="0" covered="1"/></method><method name="mkAccessLoggingFilterHandle" desc="()Lorg/eclipse/jetty/servlet/FilterHolder;" line="336"><counter type="INSTRUCTION" missed="0" covered="7"/><counter type="LINE" missed="0" covered="1"/><counter type="COMPLEXITY" missed="0" covered="1"/><counter type="METHOD" missed="0" covered="1"/></method><method name="configFilter" desc="(Lorg/eclipse/jetty/server/Server;Ljakarta/servlet/Servlet;Ljava/util/List;)V" line="341"><counter type="INSTRUCTION" missed="0" covered="6"/><counter type="LINE" missed="0" covered="2"/><counter type="COMPLEXITY" missed="0" covered="1"/><counter type="METHOD" missed="0" covered="1"/></method><method name="configFilter" desc="(Lorg/eclipse/jetty/server/Server;Ljakarta/servlet/Servlet;Ljava/util/List;Ljava/util/Map;)V" line="354"><counter type="INSTRUCTION" missed="3" covered="29"/><counter type="BRANCH" missed="1" covered="3"/><counter type="LINE" missed="1" covered="9"/><counter type="COMPLEXITY" missed="1" covered="2"/><counter type="METHOD" missed="0" covered="1"/></method><method name="configFilters" desc="(Lorg/eclipse/jetty/servlet/ServletContextHandler;Ljava/util/List;)V" line="374"><counter type="INSTRUCTION" missed="49" covered="19"/><counter type="BRANCH" missed="7" covered="1"/><counter type="LINE" missed="14" covered="4"/><counter type="COMPLEXITY" missed="4" covered="1"/><counter type="METHOD" missed="0" covered="1"/></method><method name="jettyCreateServer" desc="(Ljava/lang/Integer;Ljava/lang/String;Ljava/lang/Integer;Ljava/lang/Boolean;)Lorg/eclipse/jetty/server/Server;" line="402"><counter type="INSTRUCTION" missed="7" covered="0"/><counter type="LINE" missed="1" covered="0"/><counter type="COMPLEXITY" missed="1" covered="0"/><counter type="METHOD" missed="1" covered="0"/></method><method name="jettyCreateServer" desc="(Ljava/lang/Integer;Ljava/lang/String;Ljava/lang/Integer;Ljava/lang/Integer;Ljava/lang/Boolean;)Lorg/eclipse/jetty/server/Server;" line="410"><counter type="INSTRUCTION" missed="0" covered="60"/><counter type="BRANCH" missed="3" covered="7"/><counter type="LINE" missed="0" covered="12"/><counter type="COMPLEXITY" missed="3" covered="3"/><counter type="METHOD" missed="0" covered="1"/></method><method name="stormRunJetty" desc="(Ljava/lang/Integer;Ljava/lang/String;Ljava/lang/Integer;Ljava/lang/Integer;Lorg/apache/storm/daemon/ui/IConfigurator;)V" line="437"><counter type="INSTRUCTION" missed="3" covered="13"/><counter type="BRANCH" missed="1" covered="1"/><counter type="LINE" missed="2" covered="3"/><counter type="COMPLEXITY" missed="1" covered="1"/><counter type="METHOD" missed="0" covered="1"/></method><method name="stormRunJetty" desc="(Ljava/lang/Integer;Ljava/lang/Integer;Lorg/apache/storm/daemon/ui/IConfigurator;)V" line="446"><counter type="INSTRUCTION" missed="7" covered="0"/><counter type="LINE" missed="2" covered="0"/><counter type="COMPLEXITY" missed="1" covered="0"/><counter type="METHOD" missed="1" covered="0"/></method><method name="wrapJsonInCallback" desc="(Ljava/lang/String;Ljava/lang/String;)Ljava/lang/String;" line="456"><counter type="INSTRUCTION" missed="0" covered="4"/><counter type="LINE" missed="0" covered="1"/><counter type="COMPLEXITY" missed="0" covered="1"/><counter type="METHOD" missed="0" covered="1"/></method><method name="getJsonResponseHeaders" desc="(Ljava/lang/String;Ljava/util/Map;)Ljava/util/Map;" line="466"><counter type="INSTRUCTION" missed="0" covered="39"/><counter type="BRANCH" missed="0" covered="4"/><counter type="LINE" missed="0" covered="10"/><counter type="COMPLEXITY" missed="0" covered="3"/><counter type="METHOD" missed="0" covered="1"/></method><method name="getJsonResponseBody" desc="(Ljava/lang/Object;Ljava/lang/String;Z)Ljava/lang/String;" line="486"><counter type="INSTRUCTION" missed="2" covered="14"/><counter type="BRANCH" missed="1" covered="3"/><counter type="LINE" missed="0" covered="2"/><counter type="COMPLEXITY" missed="1" covered="2"/><counter type="METHOD" missed="0" covered="1"/></method><method name="exceptionToJson" desc="(Ljava/lang/Exception;I)Ljava/util/Map;" line="497"><counter type="INSTRUCTION" missed="0" covered="20"/><counter type="LINE" missed="0" covered="5"/><counter type="COMPLEXITY" missed="0" covered="1"/><counter type="METHOD" missed="0" covered="1"/></method><method name="makeStandardResponse" desc="(Ljava/lang/Object;Ljava/lang/String;)Ljakarta/ws/rs/core/Response;" line="507"><counter type="INSTRUCTION" missed="0" covered="6"/><counter type="LINE" missed="0" covered="1"/><counter type="COMPLEXITY" missed="0" covered="1"/><counter type="METHOD" missed="0" covered="1"/></method><method name="makeStandardResponse" desc="(Ljava/lang/Object;Ljava/lang/String;Ljakarta/ws/rs/core/Response$Status;)Ljakarta/ws/rs/core/Response;" line="511"><counter type="INSTRUCTION" missed="0" covered="6"/><counter type="LINE" missed="0" covered="1"/><counter type="COMPLEXITY" missed="0" covered="1"/><counter type="METHOD" missed="0" covered="1"/></method><method name="makeStandardResponse" desc="(Ljava/lang/Object;Ljava/lang/String;ZLjakarta/ws/rs/core/Response$Status;)Ljakarta/ws/rs/core/Response;" line="523"><counter type="INSTRUCTION" missed="0" covered="37"/><counter type="BRANCH" missed="0" covered="2"/><counter type="LINE" missed="0" covered="7"/><counter type="COMPLEXITY" missed="0" covered="2"/><counter type="METHOD" missed="0" covered="1"/></method><method name="toJsonStruct" desc="(Lorg/apache/storm/utils/IVersionInfo;)Ljava/util/Map;" line="536"><counter type="INSTRUCTION" missed="48" covered="0"/><counter type="LINE" missed="9" covered="0"/><counter type="COMPLEXITY" missed="1" covered="0"/><counter type="METHOD" missed="1" covered="0"/></method><method name="getClusterSummary" desc="(Lorg/apache/storm/generated/ClusterSummary;Ljava/lang/String;Ljava/util/Map;)Ljava/util/Map;" line="556"><counter type="INSTRUCTION" missed="333" covered="0"/><counter type="BRANCH" missed="14" covered="0"/><counter type="LINE" missed="74" covered="0"/><counter type="COMPLEXITY" missed="8" covered="0"/><counter type="METHOD" missed="1" covered="0"/></method><method name="prettifyGenericResources" desc="(Ljava/util/Map;)Ljava/lang/String;" line="656"><counter type="INSTRUCTION" missed="18" covered="4"/><counter type="BRANCH" missed="1" covered="1"/><counter type="LINE" missed="6" covered="2"/><counter type="COMPLEXITY" missed="1" covered="1"/><counter type="METHOD" missed="0" covered="1"/></method><method name="unpackOwnerResourceSummary" desc="(Lorg/apache/storm/generated/OwnerResourceSummary;)Ljava/util/Map;" line="675"><counter type="INSTRUCTION" missed="27" covered="171"/><counter type="BRANCH" missed="9" covered="9"/><counter type="LINE" missed="5" covered="33"/><counter type="COMPLEXITY" missed="9" covered="1"/><counter type="METHOD" missed="0" covered="1"/></method><method name="getOwnerResourceSummaries" desc="(Ljava/util/List;Ljava/util/Map;)Ljava/util/Map;" line="739"><counter type="INSTRUCTION" missed="0" covered="38"/><counter type="BRANCH" missed="0" covered="2"/><counter type="LINE" missed="0" covered="8"/><counter type="COMPLEXITY" missed="0" covered="2"/><counter type="METHOD" missed="0" covered="1"/></method><method name="getTopologyMap" desc="(Lorg/apache/storm/generated/TopologySummary;)Ljava/util/Map;" line="758"><counter type="INSTRUCTION" missed="0" covered="173"/><counter type="LINE" missed="0" covered="30"/><counter type="COMPLEXITY" missed="0" covered="1"/><counter type="METHOD" missed="0" covered="1"/></method><method name="getOwnerResourceSummary" desc="(Ljava/util/List;Lorg/apache/storm/generated/Nimbus$Iface;Ljava/lang/String;Ljava/util/Map;)Ljava/util/Map;" line="801"><counter type="INSTRUCTION" missed="41" covered="0"/><counter type="BRANCH" missed="2" covered="0"/><counter type="LINE" missed="9" covered="0"/><counter type="COMPLEXITY" missed="2" covered="0"/><counter type="METHOD" missed="1" covered="0"/></method><method name="getTopologiesMap" desc="(Ljava/lang/String;Ljava/util/List;)Ljava/util/List;" line="824"><counter type="INSTRUCTION" missed="13" covered="16"/><counter type="BRANCH" missed="4" covered="2"/><counter type="LINE" missed="3" covered="3"/><counter type="COMPLEXITY" missed="3" covered="1"/><counter type="METHOD" missed="0" covered="1"/></method><method name="getLogviewerLink" desc="(Ljava/lang/String;Ljava/lang/String;Ljava/util/Map;I)Ljava/lang/String;" line="844"><counter type="INSTRUCTION" missed="19" covered="22"/><counter type="BRANCH" missed="1" covered="1"/><counter type="LINE" missed="2" covered="3"/><counter type="COMPLEXITY" missed="1" covered="1"/><counter type="METHOD" missed="0" covered="1"/></method><method name="getNimbusLogLink" desc="(Ljava/lang/String;Ljava/util/Map;)Ljava/lang/String;" line="860"><counter type="INSTRUCTION" missed="33" covered="0"/><counter type="BRANCH" missed="2" covered="0"/><counter type="LINE" missed="5" covered="0"/><counter type="COMPLEXITY" missed="2" covered="0"/><counter type="METHOD" missed="1" covered="0"/></method><method name="getSupervisorLogLink" desc="(Ljava/lang/String;Ljava/util/Map;)Ljava/lang/String;" line="875"><counter type="INSTRUCTION" missed="15" covered="18"/><counter type="BRANCH" missed="1" covered="1"/><counter type="LINE" missed="2" covered="3"/><counter type="COMPLEXITY" missed="1" covered="1"/><counter type="METHOD" missed="0" covered="1"/></method><method name="getWorkerLogLink" desc="(Ljava/lang/String;ILjava/util/Map;Ljava/lang/String;)Ljava/lang/String;" line="891"><counter type="INSTRUCTION" missed="2" covered="7"/><counter type="LINE" missed="0" covered="3"/><counter type="COMPLEXITY" missed="0" covered="1"/><counter type="METHOD" missed="0" covered="1"/></method><method name="getPrettifiedSupervisorMap" desc="(Lorg/apache/storm/generated/SupervisorSummary;Ljava/util/Map;)Ljava/util/Map;" line="907"><counter type="INSTRUCTION" missed="104" covered="70"/><counter type="LINE" missed="20" covered="13"/><counter type="COMPLEXITY" missed="0" covered="1"/><counter type="METHOD" missed="0" covered="1"/></method><method name="getTopologyHistoryInfo" desc="(Lorg/apache/storm/generated/TopologyHistoryInfo;)Ljava/util/Map;" line="960"><counter type="INSTRUCTION" missed="0" covered="12"/><counter type="LINE" missed="0" covered="3"/><counter type="COMPLEXITY" missed="0" covered="1"/><counter type="METHOD" missed="0" covered="1"/></method><method name="isSecureLogviewer" desc="(Ljava/util/Map;)Z" line="971"><counter type="INSTRUCTION" missed="10" covered="6"/><counter type="BRANCH" missed="3" covered="1"/><counter type="LINE" missed="3" covered="2"/><counter type="COMPLEXITY" missed="2" covered="1"/><counter type="METHOD" missed="0" covered="1"/></method><method name="getLogviewerPort" desc="(Ljava/util/Map;)I" line="986"><counter type="INSTRUCTION" missed="15" covered="0"/><counter type="BRANCH" missed="2" covered="0"/><counter type="LINE" missed="3" covered="0"/><counter type="COMPLEXITY" missed="2" covered="0"/><counter type="METHOD" missed="1" covered="0"/></method><method name="getWorkerSummaries" desc="(Lorg/apache/storm/generated/SupervisorPageInfo;Ljava/util/Map;)Ljava/util/List;" line="1000"><counter type="INSTRUCTION" missed="18" covered="9"/><counter type="BRANCH" missed="3" covered="1"/><counter type="LINE" missed="3" covered="3"/><counter type="COMPLEXITY" missed="2" covered="1"/><counter type="METHOD" missed="0" covered="1"/></method><method name="getWorkerSummaryMap" desc="(Lorg/apache/storm/generated/WorkerSummary;Ljava/util/Map;)Ljava/util/Map;" line="1016"><counter type="INSTRUCTION" missed="103" covered="0"/><counter type="LINE" missed="17" covered="0"/><counter type="COMPLEXITY" missed="1" covered="0"/><counter type="METHOD" missed="1" covered="0"/></method><method name="getSupervisorSummary" desc="(Ljava/util/List;Ljakarta/ws/rs/core/SecurityContext;Ljava/util/Map;)Ljava/util/Map;" line="1045"><counter type="INSTRUCTION" missed="21" covered="4"/><counter type="LINE" missed="6" covered="1"/><counter type="COMPLEXITY" missed="0" covered="1"/><counter type="METHOD" missed="0" covered="1"/></method><method name="getSupervisorsMap" desc="(Ljava/util/List;Ljava/util/Map;)Ljava/util/List;" line="1064"><counter type="INSTRUCTION" missed="23" covered="0"/><counter type="BRANCH" missed="2" covered="0"/><counter type="LINE" missed="5" covered="0"/><counter type="COMPLEXITY" missed="2" covered="0"/><counter type="METHOD" missed="1" covered="0"/></method><method name="addLogviewerInfo" desc="(Ljava/util/Map;Ljava/util/Map;)V" line="1077"><counter type="INSTRUCTION" missed="20" covered="0"/><counter type="BRANCH" missed="2" covered="0"/><counter type="LINE" missed="6" covered="0"/><counter type="COMPLEXITY" missed="2" covered="0"/><counter type="METHOD" missed="1" covered="0"/></method><method name="getSupervisorPageInfo" desc="(Lorg/apache/storm/generated/SupervisorPageInfo;Ljava/util/Map;)Ljava/util/Map;" line="1093"><counter type="INSTRUCTION" missed="33" covered="0"/><counter type="LINE" missed="7" covered="0"/><counter type="COMPLEXITY" missed="1" covered="0"/><counter type="METHOD" missed="1" covered="0"/></method><method name="getAllTopologiesSummary" desc="(Ljava/util/List;Ljava/util/Map;)Ljava/util/Map;" line="1110"><counter type="INSTRUCTION" missed="16" covered="4"/><counter type="LINE" missed="3" covered="1"/><counter type="COMPLEXITY" missed="0" covered="1"/><counter type="METHOD" missed="0" covered="1"/></method><method name="getWindowHint" desc="(Ljava/lang/String;)Ljava/lang/String;" line="1122"><counter type="INSTRUCTION" missed="9" covered="0"/><counter type="BRANCH" missed="2" covered="0"/><counter type="LINE" missed="3" covered="0"/><counter type="COMPLEXITY" missed="2" covered="0"/><counter type="METHOD" missed="1" covered="0"/></method><method name="getStatDisplayMap" desc="(Ljava/util/Map;)Ljava/util/Map;" line="1134"><counter type="INSTRUCTION" missed="15" covered="13"/><counter type="BRANCH" missed="1" covered="1"/><counter type="LINE" missed="2" covered="3"/><counter type="COMPLEXITY" missed="1" covered="1"/><counter type="METHOD" missed="0" covered="1"/></method><method name="getTopologySummary" desc="(Lorg/apache/storm/generated/TopologyPageInfo;Ljava/lang/String;Ljava/util/Map;Ljava/lang/String;)Ljava/util/Map;" line="1152"><counter type="INSTRUCTION" missed="71" covered="9"/><counter type="LINE" missed="14" covered="2"/><counter type="COMPLEXITY" missed="0" covered="1"/><counter type="METHOD" missed="0" covered="1"/></method><method name="getStatDisplayMapLong" desc="(Ljava/util/Map;)Ljava/util/Map;" line="1176"><counter type="INSTRUCTION" missed="27" covered="0"/><counter type="BRANCH" missed="2" covered="0"/><counter type="LINE" missed="5" covered="0"/><counter type="COMPLEXITY" missed="2" covered="0"/><counter type="METHOD" missed="1" covered="0"/></method><method name="getCommonAggStatsMap" desc="(Lorg/apache/storm/generated/CommonAggregateStats;)Ljava/util/Map;" line="1189"><counter type="INSTRUCTION" missed="82" covered="0"/><counter type="BRANCH" missed="2" covered="0"/><counter type="LINE" missed="17" covered="0"/><counter type="COMPLEXITY" missed="2" covered="0"/><counter type="METHOD" missed="1" covered="0"/></method><method name="getTruncatedErrorString" desc="(Ljava/lang/String;)Ljava/lang/String;" line="1220"><counter type="INSTRUCTION" missed="8" covered="0"/><counter type="LINE" missed="1" covered="0"/><counter type="COMPLEXITY" missed="1" covered="0"/><counter type="METHOD" missed="1" covered="0"/></method><method name="getSpoutAggStatsMap" desc="(Lorg/apache/storm/generated/ComponentAggregateStats;Ljava/lang/String;)Ljava/util/Map;" line="1231"><counter type="INSTRUCTION" missed="74" covered="0"/><counter type="BRANCH" missed="2" covered="0"/><counter type="LINE" missed="13" covered="0"/><counter type="COMPLEXITY" missed="2" covered="0"/><counter type="METHOD" missed="1" covered="0"/></method><method name="getBoltAggStatsMap" desc="(Lorg/apache/storm/generated/ComponentAggregateStats;Ljava/lang/String;)Ljava/util/Map;" line="1255"><counter type="INSTRUCTION" missed="83" covered="0"/><counter type="LINE" missed="14" covered="0"/><counter type="COMPLEXITY" missed="1" covered="0"/><counter type="METHOD" missed="1" covered="0"/></method><method name="nullToZero" desc="(Ljava/lang/Long;)Ljava/lang/Long;" line="1277"><counter type="INSTRUCTION" missed="9" covered="0"/><counter type="BRANCH" missed="2" covered="0"/><counter type="LINE" missed="1" covered="0"/><counter type="COMPLEXITY" missed="2" covered="0"/><counter type="METHOD" missed="1" covered="0"/></method><method name="nullToZero" desc="(Ljava/lang/Double;)Ljava/lang/Double;" line="1286"><counter type="INSTRUCTION" missed="9" covered="0"/><counter type="BRANCH" missed="2" covered="0"/><counter type="LINE" missed="1" covered="0"/><counter type="COMPLEXITY" missed="2" covered="0"/><counter type="METHOD" missed="1" covered="0"/></method><method name="getBoltInputStats" desc="(Lorg/apache/storm/generated/GlobalStreamId;Lorg/apache/storm/generated/ComponentAggregateStats;)Ljava/util/Map;" line="1297"><counter type="INSTRUCTION" missed="75" covered="0"/><counter type="LINE" missed="14" covered="0"/><counter type="COMPLEXITY" missed="1" covered="0"/><counter type="METHOD" missed="1" covered="0"/></method><method name="getBoltOutputStats" desc="(Ljava/lang/String;Lorg/apache/storm/generated/ComponentAggregateStats;)Ljava/util/Map;" line="1321"><counter type="INSTRUCTION" missed="30" covered="0"/><counter type="LINE" missed="6" covered="0"/><counter type="COMPLEXITY" missed="1" covered="0"/><counter type="METHOD" missed="1" covered="0"/></method><method name="getSpoutOutputStats" desc="(Ljava/lang/String;Lorg/apache/storm/generated/ComponentAggregateStats;)Ljava/util/Map;" line="1337"><counter type="INSTRUCTION" missed="60" covered="0"/><counter type="LINE" missed="11" covered="0"/><counter type="COMPLEXITY" missed="1" covered="0"/><counter type="METHOD" missed="1" covered="0"/></method><method name="getBoltExecutorStats" desc="(Ljava/lang/String;Ljava/util/Map;Lorg/apache/storm/generated/ExecutorAggregateStats;)Ljava/util/Map;" line="1359"><counter type="INSTRUCTION" missed="143" covered="0"/><counter type="LINE" missed="26" covered="0"/><counter type="COMPLEXITY" missed="1" covered="0"/><counter type="METHOD" missed="1" covered="0"/></method><method name="getSpoutExecutorStats" desc="(Ljava/lang/String;Ljava/util/Map;Lorg/apache/storm/generated/ExecutorAggregateStats;)Ljava/util/Map;" line="1398"><counter type="INSTRUCTION" missed="118" covered="0"/><counter type="LINE" missed="23" covered="0"/><counter type="COMPLEXITY" missed="1" covered="0"/><counter type="METHOD" missed="1" covered="0"/></method><method name="getComponentLastErrorInfo" desc="(Lorg/apache/storm/generated/ErrorInfo;Ljava/util/Map;Ljava/lang/String;)Ljava/util/Map;" line="1435"><counter type="INSTRUCTION" missed="47" covered="0"/><counter type="BRANCH" missed="2" covered="0"/><counter type="LINE" missed="10" covered="0"/><counter type="COMPLEXITY" missed="2" covered="0"/><counter type="METHOD" missed="1" covered="0"/></method><method name="getComponentErrorInfo" desc="(Lorg/apache/storm/generated/ErrorInfo;Ljava/util/Map;Ljava/lang/String;Z)Ljava/util/Map;" line="1463"><counter type="INSTRUCTION" missed="63" covered="0"/><counter type="BRANCH" missed="2" covered="0"/><counter type="LINE" missed="13" covered="0"/><counter type="COMPLEXITY" missed="2" covered="0"/><counter type="METHOD" missed="1" covered="0"/></method><method name="getComponentErrors" desc="(Ljava/util/List;Ljava/lang/String;Ljava/util/Map;)Ljava/util/Map;" line="1491"><counter type="INSTRUCTION" missed="22" covered="0"/><counter type="LINE" missed="6" covered="0"/><counter type="COMPLEXITY" missed="1" covered="0"/><counter type="METHOD" missed="1" covered="0"/></method><method name="getTopologyErrors" desc="(Ljava/util/List;Ljava/lang/String;Ljava/util/Map;)Ljava/util/Map;" line="1510"><counter type="INSTRUCTION" missed="22" covered="0"/><counter type="LINE" missed="6" covered="0"/><counter type="COMPLEXITY" missed="1" covered="0"/><counter type="METHOD" missed="1" covered="0"/></method><method name="getTopologySpoutAggStatsMap" desc="(Lorg/apache/storm/generated/ComponentAggregateStats;Ljava/lang/String;Ljava/util/Map;Ljava/lang/String;)Ljava/util/Map;" line="1528"><counter type="INSTRUCTION" missed="43" covered="0"/><counter type="LINE" missed="9" covered="0"/><counter type="COMPLEXITY" missed="1" covered="0"/><counter type="METHOD" missed="1" covered="0"/></method><method name="getTopologyBoltAggStatsMap" desc="(Lorg/apache/storm/generated/ComponentAggregateStats;Ljava/lang/String;Ljava/util/Map;Ljava/lang/String;)Ljava/util/Map;" line="1547"><counter type="INSTRUCTION" missed="66" covered="0"/><counter type="LINE" missed="12" covered="0"/><counter type="COMPLEXITY" missed="1" covered="0"/><counter type="METHOD" missed="1" covered="0"/></method><method name="getTopologyStatsMap" desc="(Lorg/apache/storm/generated/TopologyStats;)Ljava/util/List;" line="1567"><counter type="INSTRUCTION" missed="99" covered="0"/><counter type="BRANCH" missed="2" covered="0"/><counter type="LINE" missed="18" covered="0"/><counter type="COMPLEXITY" missed="2" covered="0"/><counter type="METHOD" missed="1" covered="0"/></method><method name="unpackTopologyInfo" desc="(Lorg/apache/storm/generated/TopologyPageInfo;Ljava/lang/String;Ljava/util/Map;)Ljava/util/Map;" line="1597"><counter type="INSTRUCTION" missed="375" covered="0"/><counter type="BRANCH" missed="12" covered="0"/><counter type="LINE" missed="64" covered="0"/><counter type="COMPLEXITY" missed="7" covered="0"/><counter type="METHOD" missed="1" covered="0"/></method><method name="getTopologyWorkers" desc="(Lorg/apache/storm/generated/TopologyInfo;Ljava/util/Map;)Ljava/util/Map;" line="1680"><counter type="INSTRUCTION" missed="65" covered="0"/><counter type="BRANCH" missed="2" covered="0"/><counter type="LINE" missed="15" covered="0"/><counter type="COMPLEXITY" missed="2" covered="0"/><counter type="METHOD" missed="1" covered="0"/></method><method name="getTopologyLag" desc="(Lorg/apache/storm/generated/StormTopology;Ljava/util/Map;)Ljava/util/Map;" line="1705"><counter type="INSTRUCTION" missed="14" covered="0"/><counter type="BRANCH" missed="2" covered="0"/><counter type="LINE" missed="2" covered="0"/><counter type="COMPLEXITY" missed="2" covered="0"/><counter type="METHOD" missed="1" covered="0"/></method><method name="getBoltExecutors" desc="(Ljava/util/List;Lorg/apache/storm/generated/StormTopology;Z)Ljava/util/Map;" line="1718"><counter type="INSTRUCTION" missed="49" covered="0"/><counter type="BRANCH" missed="8" covered="0"/><counter type="LINE" missed="9" covered="0"/><counter type="COMPLEXITY" missed="5" covered="0"/><counter type="METHOD" missed="1" covered="0"/></method><method name="getSpoutExecutors" desc="(Ljava/util/List;Lorg/apache/storm/generated/StormTopology;)Ljava/util/Map;" line="1738"><counter type="INSTRUCTION" missed="43" covered="0"/><counter type="BRANCH" missed="4" covered="0"/><counter type="LINE" missed="8" covered="0"/><counter type="COMPLEXITY" missed="3" covered="0"/><counter type="METHOD" missed="1" covered="0"/></method><method name="sanitizeStreamName" desc="(Ljava/lang/String;)Ljava/lang/String;" line="1756"><counter type="INSTRUCTION" missed="0" covered="22"/><counter type="BRANCH" missed="1" covered="3"/><counter type="LINE" missed="0" covered="4"/><counter type="COMPLEXITY" missed="1" covered="2"/><counter type="METHOD" missed="0" covered="1"/></method><method name="sanitizeTransferredStats" desc="(Ljava/util/Map;)Ljava/util/Map;" line="1770"><counter type="INSTRUCTION" missed="53" covered="0"/><counter type="BRANCH" missed="4" covered="0"/><counter type="LINE" missed="9" covered="0"/><counter type="COMPLEXITY" missed="3" covered="0"/><counter type="METHOD" missed="1" covered="0"/></method><method name="getStatMapFromExecutorSummary" desc="(Lorg/apache/storm/generated/ExecutorSummary;)Ljava/util/Map;" line="1787"><counter type="INSTRUCTION" missed="8" covered="34"/><counter type="BRANCH" missed="1" covered="1"/><counter type="LINE" missed="1" covered="7"/><counter type="COMPLEXITY" missed="1" covered="1"/><counter type="METHOD" missed="0" covered="1"/></method><method name="getInputMap" desc="(Ljava/util/Map$Entry;)Ljava/util/Map;" line="1806"><counter type="INSTRUCTION" missed="37" covered="4"/><counter type="LINE" missed="5" covered="1"/><counter type="COMPLEXITY" missed="0" covered="1"/><counter type="METHOD" missed="0" covered="1"/></method><method name="getVisualizationData" desc="(Lorg/apache/storm/generated/Nimbus$Iface;Ljava/lang/String;Ljava/lang/String;Z)Ljava/util/Map;" line="1825"><counter type="INSTRUCTION" missed="263" covered="7"/><counter type="BRANCH" missed="12" covered="0"/><counter type="LINE" missed="48" covered="2"/><counter type="COMPLEXITY" missed="6" covered="1"/><counter type="METHOD" missed="0" covered="1"/></method><method name="getStreamBox" desc="(Ljava/lang/Object;)Ljava/util/Map;" line="1897"><counter type="INSTRUCTION" missed="42" covered="0"/><counter type="BRANCH" missed="2" covered="0"/><counter type="LINE" missed="7" covered="0"/><counter type="COMPLEXITY" missed="2" covered="0"/><counter type="METHOD" missed="1" covered="0"/></method><method name="getBuildVisualization" desc="(Lorg/apache/storm/generated/Nimbus$Iface;Ljava/util/Map;Ljava/lang/String;Ljava/lang/String;Z)Ljava/util/Map;" line="1919"><counter type="INSTRUCTION" missed="24" covered="4"/><counter type="LINE" missed="4" covered="1"/><counter type="COMPLEXITY" missed="0" covered="1"/><counter type="METHOD" missed="0" covered="1"/></method><method name="getActiveAction" desc="(Lorg/apache/storm/generated/ProfileRequest;Ljava/util/Map;Ljava/lang/String;)Ljava/util/Map;" line="1934"><counter type="INSTRUCTION" missed="47" covered="4"/><counter type="LINE" missed="8" covered="1"/><counter type="COMPLEXITY" missed="0" covered="1"/><counter type="METHOD" missed="0" covered="1"/></method><method name="getActiveProfileActions" desc="(Lorg/apache/storm/generated/Nimbus$Iface;Ljava/lang/String;Ljava/lang/String;Ljava/util/Map;)Ljava/util/List;" line="1956"><counter type="INSTRUCTION" missed="12" covered="4"/><counter type="LINE" missed="2" covered="1"/><counter type="COMPLEXITY" missed="0" covered="1"/><counter type="METHOD" missed="0" covered="1"/></method><method name="getWorkerDumpLink" desc="(Ljava/lang/String;JLjava/lang/String;Ljava/util/Map;)Ljava/lang/String;" line="1971"><counter type="INSTRUCTION" missed="30" covered="33"/><counter type="BRANCH" missed="1" covered="1"/><counter type="LINE" missed="5" covered="5"/><counter type="COMPLEXITY" missed="1" covered="1"/><counter type="METHOD" missed="0" covered="1"/></method><method name="unpackBoltPageInfo" desc="(Lorg/apache/storm/generated/ComponentPageInfo;Ljava/lang/String;Ljava/lang/String;ZLjava/util/Map;)Ljava/util/Map;" line="2001"><counter type="INSTRUCTION" missed="55" covered="7"/><counter type="LINE" missed="13" covered="2"/><counter type="COMPLEXITY" missed="0" covered="1"/><counter type="METHOD" missed="0" covered="1"/></method><method name="unpackSpoutPageInfo" desc="(Lorg/apache/storm/generated/ComponentPageInfo;Ljava/lang/String;Ljava/lang/String;ZLjava/util/Map;)Ljava/util/Map;" line="2043"><counter type="INSTRUCTION" missed="50" covered="0"/><counter type="LINE" missed="12" covered="0"/><counter type="COMPLEXITY" missed="1" covered="0"/><counter type="METHOD" missed="1" covered="0"/></method><method name="getComponentPage" desc="(Lorg/apache/storm/generated/Nimbus$Iface;Ljava/lang/String;Ljava/lang/String;Ljava/lang/String;ZLjava/lang/String;Ljava/util/Map;)Ljava/util/Map;" line="2081"><counter type="INSTRUCTION" missed="229" covered="0"/><counter type="BRANCH" missed="16" covered="0"/><counter type="LINE" missed="41" covered="0"/><counter type="COMPLEXITY" missed="9" covered="0"/><counter type="METHOD" missed="1" covered="0"/></method><method name="getTopolgoyLogConfig" desc="(Lorg/apache/storm/generated/LogConfig;)Ljava/util/Map;" line="2140"><counter type="INSTRUCTION" missed="76" covered="0"/><counter type="BRANCH" missed="4" covered="0"/><counter type="LINE" missed="13" covered="0"/><counter type="COMPLEXITY" missed="3" covered="0"/><counter type="METHOD" missed="1" covered="0"/></method><method name="getTopologyOpResponse" desc="(Ljava/lang/String;Ljava/lang/String;)Ljava/util/Map;" line="2163"><counter type="INSTRUCTION" missed="0" covered="21"/><counter type="LINE" missed="0" covered="5"/><counter type="COMPLEXITY" missed="0" covered="1"/><counter type="METHOD" missed="0" covered="1"/></method><method name="putTopologyActivate" desc="(Lorg/apache/storm/generated/Nimbus$Iface;Ljava/lang/String;)Ljava/util/Map;" line="2178"><counter type="INSTRUCTION" missed="13" covered="7"/><counter type="LINE" missed="3" covered="2"/><counter type="COMPLEXITY" missed="0" covered="1"/><counter type="METHOD" missed="0" covered="1"/></method><method name="putTopologyDeactivate" desc="(Lorg/apache/storm/generated/Nimbus$Iface;Ljava/lang/String;)Ljava/util/Map;" line="2193"><counter type="INSTRUCTION" missed="13" covered="7"/><counter type="LINE" missed="3" covered="2"/><counter type="COMPLEXITY" missed="0" covered="1"/><counter type="METHOD" missed="0" covered="1"/></method><method name="putTopologyDebugActionSpct" desc="(Lorg/apache/storm/generated/Nimbus$Iface;Ljava/lang/String;Ljava/lang/String;Ljava/lang/String;Ljava/lang/String;)Ljava/util/Map;" line="2212"><counter type="INSTRUCTION" missed="21" covered="7"/><counter type="LINE" missed="3" covered="2"/><counter type="COMPLEXITY" missed="0" covered="1"/><counter type="METHOD" missed="0" covered="1"/></method><method name="putTopologyRebalance" desc="(Lorg/apache/storm/generated/Nimbus$Iface;Ljava/lang/String;Ljava/lang/String;)Ljava/util/Map;" line="2229"><counter type="INSTRUCTION" missed="29" covered="0"/><counter type="LINE" missed="7" covered="0"/><counter type="COMPLEXITY" missed="1" covered="0"/><counter type="METHOD" missed="1" covered="0"/></method><method name="putTopologyKill" desc="(Lorg/apache/storm/generated/Nimbus$Iface;Ljava/lang/String;Ljava/lang/String;)Ljava/util/Map;" line="2247"><counter type="INSTRUCTION" missed="22" covered="7"/><counter type="LINE" missed="5" covered="2"/><counter type="COMPLEXITY" missed="0" covered="1"/><counter type="METHOD" missed="0" covered="1"/></method><method name="setTopologyProfilingAction" desc="(Lorg/apache/storm/generated/Nimbus$Iface;Ljava/lang/String;Ljava/lang/String;Ljava/lang/Long;Ljava/util/Map;Lorg/apache/storm/generated/ProfileAction;)V" line="2270"><counter type="INSTRUCTION" missed="32" covered="10"/><counter type="LINE" missed="7" covered="2"/><counter type="COMPLEXITY" missed="0" covered="1"/><counter type="METHOD" missed="0" covered="1"/></method><method name="getTopologyProfilingStart" desc="(Lorg/apache/storm/generated/Nimbus$Iface;Ljava/lang/String;Ljava/lang/String;Ljava/lang/String;Ljava/util/Map;)Ljava/util/Map;" line="2293"><counter type="INSTRUCTION" missed="58" covered="0"/><counter type="LINE" missed="10" covered="0"/><counter type="COMPLEXITY" missed="1" covered="0"/><counter type="METHOD" missed="1" covered="0"/></method><method name="getTopologyProfilingStop" desc="(Lorg/apache/storm/generated/Nimbus$Iface;Ljava/lang/String;Ljava/lang/String;Ljava/util/Map;)Ljava/util/Map;" line="2318"><counter type="INSTRUCTION" missed="24" covered="0"/><counter type="LINE" missed="5" covered="0"/><counter type="COMPLEXITY" missed="1" covered="0"/><counter type="METHOD" missed="1" covered="0"/></method><method name="getProfilingDisabled" desc="()Ljava/util/Map;" line="2330"><counter type="INSTRUCTION" missed="0" covered="16"/><counter type="LINE" missed="0" covered="4"/><counter type="COMPLEXITY" missed="0" covered="1"/><counter type="METHOD" missed="0" covered="1"/></method><method name="getTopologyProfilingDump" desc="(Lorg/apache/storm/generated/Nimbus$Iface;Ljava/lang/String;Ljava/lang/String;Ljava/util/Map;)Ljava/util/Map;" line="2347"><counter type="INSTRUCTION" missed="24" covered="0"/><counter type="LINE" missed="6" covered="0"/><counter type="COMPLEXITY" missed="1" covered="0"/><counter type="METHOD" missed="1" covered="0"/></method><method name="getTopologyProfilingDumpJstack" desc="(Lorg/apache/storm/generated/Nimbus$Iface;Ljava/lang/String;Ljava/lang/String;Ljava/util/Map;)Ljava/util/Map;" line="2360"><counter type="INSTRUCTION" missed="24" covered="0"/><counter type="LINE" missed="6" covered="0"/><counter type="COMPLEXITY" missed="1" covered="0"/><counter type="METHOD" missed="1" covered="0"/></method><method name="getTopologyProfilingRestartWorker" desc="(Lorg/apache/storm/generated/Nimbus$Iface;Ljava/lang/String;Ljava/lang/String;Ljava/util/Map;)Ljava/util/Map;" line="2381"><counter type="INSTRUCTION" missed="17" covered="7"/><counter type="LINE" missed="4" covered="2"/><counter type="COMPLEXITY" missed="0" covered="1"/><counter type="METHOD" missed="0" covered="1"/></method><method name="getTopologyProfilingDumpHeap" desc="(Lorg/apache/storm/generated/Nimbus$Iface;Ljava/lang/String;Ljava/lang/String;Ljava/util/Map;)Ljava/util/Map;" line="2401"><counter type="INSTRUCTION" missed="24" covered="0"/><counter type="LINE" missed="5" covered="0"/><counter type="COMPLEXITY" missed="1" covered="0"/><counter type="METHOD" missed="1" covered="0"/></method><method name="putTopologyLogLevel" desc="(Lorg/apache/storm/generated/Nimbus$Iface;Ljava/util/Map;Ljava/lang/String;)Ljava/util/Map;" line="2418"><counter type="INSTRUCTION" missed="68" covered="6"/><counter type="BRANCH" missed="4" covered="0"/><counter type="LINE" missed="15" covered="2"/><counter type="COMPLEXITY" missed="2" covered="1"/><counter type="METHOD" missed="0" covered="1"/></method><method name="getNimbusSummary" desc="(Lorg/apache/storm/generated/ClusterSummary;Ljava/util/Map;)Ljava/util/Map;" line="2446"><counter type="INSTRUCTION" missed="196" covered="0"/><counter type="BRANCH" missed="10" covered="0"/><counter type="LINE" missed="36" covered="0"/><counter type="COMPLEXITY" missed="6" covered="0"/><counter type="METHOD" missed="1" covered="0"/></method><method name="lambda$unpackSpoutPageInfo$11" desc="(Ljava/lang/String;Ljava/util/Map;Lorg/apache/storm/generated/ExecutorAggregateStats;)Ljava/util/Map;" line="2059"><counter type="INSTRUCTION" missed="5" covered="0"/><counter type="LINE" missed="1" covered="0"/><counter type="COMPLEXITY" missed="1" covered="0"/><counter type="METHOD" missed="1" covered="0"/></method><method name="lambda$unpackSpoutPageInfo$10" desc="(Ljava/util/Map$Entry;)Ljava/util/Map;" line="2053"><counter type="INSTRUCTION" missed="8" covered="0"/><counter type="LINE" missed="1" covered="0"/><counter type="COMPLEXITY" missed="1" covered="0"/><counter type="METHOD" missed="1" covered="0"/></method><method name="lambda$unpackSpoutPageInfo$9" desc="(Ljava/util/Map$Entry;)Ljava/util/Map;" line="2047"><counter type="INSTRUCTION" missed="8" covered="0"/><counter type="LINE" missed="1" covered="0"/><counter type="COMPLEXITY" missed="1" covered="0"/><counter type="METHOD" missed="1" covered="0"/></method><method name="lambda$unpackBoltPageInfo$8" desc="(Ljava/lang/String;Ljava/util/Map;Lorg/apache/storm/generated/ExecutorAggregateStats;)Ljava/util/Map;" line="2024"><counter type="INSTRUCTION" missed="5" covered="0"/><counter type="LINE" missed="1" covered="0"/><counter type="COMPLEXITY" missed="1" covered="0"/><counter type="METHOD" missed="1" covered="0"/></method><method name="lambda$unpackBoltPageInfo$7" desc="(Ljava/util/Map$Entry;)Ljava/util/Map;" line="2018"><counter type="INSTRUCTION" missed="8" covered="0"/><counter type="LINE" missed="1" covered="0"/><counter type="COMPLEXITY" missed="1" covered="0"/><counter type="METHOD" missed="1" covered="0"/></method><method name="lambda$unpackBoltPageInfo$6" desc="(Ljava/util/Map$Entry;)Ljava/util/Map;" line="2012"><counter type="INSTRUCTION" missed="8" covered="0"/><counter type="LINE" missed="1" covered="0"/><counter type="COMPLEXITY" missed="1" covered="0"/><counter type="METHOD" missed="1" covered="0"/></method><method name="lambda$unpackBoltPageInfo$5" desc="(Ljava/util/Map$Entry;)Ljava/util/Map;" line="2006"><counter type="INSTRUCTION" missed="8" covered="0"/><counter type="LINE" missed="1" covered="0"/><counter type="COMPLEXITY" missed="1" covered="0"/><counter type="METHOD" missed="1" covered="0"/></method><method name="lambda$getActiveProfileActions$4" desc="(Ljava/util/Map;Ljava/lang/String;Lorg/apache/storm/generated/ProfileRequest;)Ljava/util/Map;" line="1958"><counter type="INSTRUCTION" missed="5" covered="0"/><counter type="LINE" missed="1" covered="0"/><counter type="COMPLEXITY" missed="1" covered="0"/><counter type="METHOD" missed="1" covered="0"/></method><method name="lambda$getTopologyErrors$3" desc="(Ljava/util/Map;Ljava/lang/String;Lorg/apache/storm/generated/ErrorInfo;)Ljava/util/Map;" line="1514"><counter type="INSTRUCTION" missed="6" covered="0"/><counter type="LINE" missed="1" covered="0"/><counter type="COMPLEXITY" missed="1" covered="0"/><counter type="METHOD" missed="1" covered="0"/></method><method name="lambda$getComponentErrors$2" desc="(Ljava/util/Map;Ljava/lang/String;Lorg/apache/storm/generated/ErrorInfo;)Ljava/util/Map;" line="1495"><counter type="INSTRUCTION" missed="6" covered="0"/><counter type="LINE" missed="1" covered="0"/><counter type="COMPLEXITY" missed="1" covered="0"/><counter type="METHOD" missed="1" covered="0"/></method><method name="lambda$getClusterSummary$1" desc="(Lorg/apache/storm/generated/SupervisorSummary;)D" line="617"><counter type="INSTRUCTION" missed="12" covered="0"/><counter type="LINE" missed="2" covered="0"/><counter type="COMPLEXITY" missed="1" covered="0"/><counter type="METHOD" missed="1" covered="0"/></method><method name="lambda$getClusterSummary$0" desc="(Lorg/apache/storm/generated/SupervisorSummary;)D" line="609"><counter type="INSTRUCTION" missed="12" covered="0"/><counter type="LINE" missed="2" covered="0"/><counter type="COMPLEXITY" missed="1" covered="0"/><counter type="METHOD" missed="1" covered="0"/></method><method name="&lt;clinit&gt;" desc="()V" line="120"><counter type="INSTRUCTION" missed="0" covered="142"/><counter type="LINE" missed="0" covered="12"/><counter type="COMPLEXITY" missed="0" covered="1"/><counter type="METHOD" missed="0" covered="1"/></method><counter type="INSTRUCTION" missed="4451" covered="1322"/><counter type="BRANCH" missed="180" covered="52"/><counter type="LINE" missed="856" covered="256"/><counter type="COMPLEXITY" missed="169" covered="68"/><counter type="METHOD" missed="65" covered="56"/><counter type="CLASS" missed="0" covered="1"/></class><sourcefile name="UIHelpers.java"><line nr="119" mi="0" ci="3" mb="0" cb="0"/><line nr="120" mi="0" ci="3" mb="0" cb="0"/><line nr="121" mi="0" ci="13" mb="0" cb="0"/><line nr="122" mi="0" ci="14" mb="0" cb="0"/><line nr="123" mi="0" ci="14" mb="0" cb="0"/><line nr="124" mi="0" ci="17" mb="0" cb="0"/><line nr="128" mi="0" ci="13" mb="0" cb="0"/><line nr="129" mi="0" ci="14" mb="0" cb="0"/><line nr="130" mi="0" ci="14" mb="0" cb="0"/><line nr="131" mi="0" ci="14" mb="0" cb="0"/><line nr="132" mi="0" ci="17" mb="0" cb="0"/><line nr="143" mi="0" ci="3" mb="0" cb="0"/><line nr="144" mi="0" ci="4" mb="0" cb="0"/><line nr="145" mi="0" ci="16" mb="0" cb="2"/><line nr="146" mi="0" ci="2" mb="0" cb="2"/><line nr="147" mi="0" ci="5" mb="0" cb="0"/><line nr="148" mi="0" ci="5" mb="0" cb="0"/><line nr="149" mi="0" ci="2" mb="1" cb="1"/><line nr="150" mi="0" ci="8" mb="0" cb="0"/><line nr="151" mi="0" ci="6" mb="0" cb="0"/><line nr="153" mi="5" ci="0" mb="0" cb="0"/><line nr="157" mi="0" ci="5" mb="0" cb="0"/><line nr="166" mi="4" ci="0" mb="0" cb="0"/><line nr="175" mi="0" ci="5" mb="0" cb="0"/><line nr="184" mi="4" ci="0" mb="0" cb="0"/><line nr="193" mi="0" ci="5" mb="0" cb="0"/><line nr="203" mi="0" ci="4" mb="0" cb="0"/><line nr="204" mi="0" ci="8" mb="0" cb="2"/><line nr="205" mi="0" ci="8" mb="0" cb="0"/><line nr="207" mi="0" ci="4" mb="0" cb="0"/><line nr="216" mi="0" ci="6" mb="0" cb="0"/><line nr="225" mi="0" ci="12" mb="0" cb="0"/><line nr="227" mi="0" ci="1" mb="0" cb="0"/><line nr="236" mi="5" ci="0" mb="0" cb="0"/><line nr="237" mi="12" ci="0" mb="0" cb="0"/><line nr="238" mi="8" ci="0" mb="0" cb="0"/><line nr="239" mi="3" ci="0" mb="0" cb="0"/><line nr="240" mi="3" ci="0" mb="0" cb="0"/><line nr="241" mi="3" ci="0" mb="0" cb="0"/><line nr="242" mi="3" ci="0" mb="0" cb="0"/><line nr="243" mi="3" ci="0" mb="0" cb="0"/><line nr="245" mi="6" ci="0" mb="6" cb="0"/><line nr="246" mi="3" ci="0" mb="0" cb="0"/><line nr="247" mi="3" ci="0" mb="0" cb="0"/><line nr="248" mi="3" ci="0" mb="0" cb="0"/><line nr="251" mi="5" ci="0" mb="4" cb="0"/><line nr="252" mi="4" ci="0" mb="0" cb="0"/><line nr="253" mi="5" ci="0" mb="4" cb="0"/><line nr="254" mi="3" ci="0" mb="0" cb="0"/><line nr="257" mi="4" ci="0" mb="0" cb="0"/><line nr="258" mi="5" ci="0" mb="0" cb="0"/><line nr="259" mi="3" ci="0" mb="2" cb="0"/><line nr="260" mi="4" ci="0" mb="0" cb="0"/><line nr="262" mi="11" ci="0" mb="0" cb="0"/><line nr="264" mi="12" ci="0" mb="0" cb="0"/><line nr="267" mi="4" ci="0" mb="0" cb="0"/><line nr="268" mi="2" ci="0" mb="0" cb="0"/><line nr="276" mi="14" ci="0" mb="0" cb="0"/><line nr="278" mi="1" ci="0" mb="0" cb="0"/><line nr="303" mi="3" ci="0" mb="2" cb="0"/><line nr="304" mi="15" ci="0" mb="0" cb="0"/><line nr="305" mi="1" ci="0" mb="0" cb="0"/><line nr="312" mi="1" ci="0" mb="0" cb="0"/><line nr="319" mi="0" ci="7" mb="0" cb="0"/><line nr="320" mi="0" ci="4" mb="0" cb="0"/><line nr="321" mi="0" ci="4" mb="0" cb="0"/><line nr="322" mi="0" ci="4" mb="0" cb="0"/><line nr="326" mi="0" ci="4" mb="0" cb="0"/><line nr="327" mi="0" ci="2" mb="0" cb="0"/><line nr="336" mi="0" ci="7" mb="0" cb="0"/><line nr="341" mi="0" ci="5" mb="0" cb="0"/><line nr="342" mi="0" ci="1" mb="0" cb="0"/><line nr="354" mi="0" ci="2" mb="0" cb="2"/><line nr="355" mi="0" ci="5" mb="0" cb="0"/><line nr="356" mi="0" ci="3" mb="0" cb="0"/><line nr="357" mi="0" ci="2" mb="1" cb="1"/><line nr="358" mi="3" ci="0" mb="0" cb="0"/><line nr="360" mi="0" ci="6" mb="0" cb="0"/><line nr="361" mi="0" ci="4" mb="0" cb="0"/><line nr="362" mi="0" ci="3" mb="0" cb="0"/><line nr="363" mi="0" ci="3" mb="0" cb="0"/><line nr="365" mi="0" ci="1" mb="0" cb="0"/><line nr="374" mi="0" ci="6" mb="0" cb="0"/><line nr="375" mi="4" ci="6" mb="1" cb="1"/><line nr="376" mi="3" ci="0" mb="0" cb="0"/><line nr="377" mi="3" ci="0" mb="0" cb="0"/><line nr="378" mi="3" ci="0" mb="0" cb="0"/><line nr="379" mi="2" ci="0" mb="2" cb="0"/><line nr="380" mi="4" ci="0" mb="0" cb="0"/><line nr="381" mi="3" ci="0" mb="0" cb="0"/><line nr="382" mi="2" ci="0" mb="2" cb="0"/><line nr="383" mi="4" ci="0" mb="0" cb="0"/><line nr="385" mi="3" ci="0" mb="0" cb="0"/><line nr="387" mi="2" ci="0" mb="2" cb="0"/><line nr="388" mi="4" ci="0" mb="0" cb="0"/><line nr="390" mi="5" ci="0" mb="0" cb="0"/><line nr="392" mi="6" ci="0" mb="0" cb="0"/><line nr="394" mi="1" ci="0" mb="0" cb="0"/><line nr="395" mi="0" ci="6" mb="0" cb="0"/><line nr="396" mi="0" ci="1" mb="0" cb="0"/><line nr="402" mi="7" ci="0" mb="0" cb="0"/><line nr="410" mi="0" ci="4" mb="0" cb="0"/><line nr="412" mi="0" ci="10" mb="2" cb="6"/><line nr="413" mi="0" ci="4" mb="0" cb="0"/><line nr="414" mi="0" ci="3" mb="0" cb="0"/><line nr="415" mi="0" ci="3" mb="1" cb="1"/><line nr="416" mi="0" ci="4" mb="0" cb="0"/><line nr="418" mi="0" ci="14" mb="0" cb="0"/><line nr="421" mi="0" ci="7" mb="0" cb="0"/><line nr="422" mi="0" ci="3" mb="0" cb="0"/><line nr="423" mi="0" ci="3" mb="0" cb="0"/><line nr="424" mi="0" ci="3" mb="0" cb="0"/><line nr="427" mi="0" ci="2" mb="0" cb="0"/><line nr="437" mi="0" ci="8" mb="0" cb="0"/><line nr="438" mi="0" ci="2" mb="1" cb="1"/><line nr="439" mi="0" ci="3" mb="0" cb="0"/><line nr="441" mi="2" ci="0" mb="0" cb="0"/><line nr="442" mi="1" ci="0" mb="0" cb="0"/><line nr="446" mi="6" ci="0" mb="0" cb="0"/><line nr="447" mi="1" ci="0" mb="0" cb="0"/><line nr="456" mi="0" ci="4" mb="0" cb="0"/><line nr="466" mi="0" ci="4" mb="0" cb="0"/><line nr="467" mi="0" ci="5" mb="0" cb="0"/><line nr="468" mi="0" ci="5" mb="0" cb="0"/><line nr="469" mi="0" ci="5" mb="0" cb="0"/><line nr="474" mi="0" ci="2" mb="0" cb="2"/><line nr="475" mi="0" ci="6" mb="0" cb="0"/><line nr="477" mi="0" ci="5" mb="0" cb="0"/><line nr="479" mi="0" ci="2" mb="0" cb="2"/><line nr="480" mi="0" ci="3" mb="0" cb="0"/><line nr="482" mi="0" ci="2" mb="0" cb="0"/><line nr="486" mi="2" ci="6" mb="1" cb="1"/><line nr="487" mi="0" ci="8" mb="0" cb="2"/><line nr="497" mi="0" ci="4" mb="0" cb="0"/><line nr="498" mi="0" ci="6" mb="0" cb="0"/><line nr="499" mi="0" ci="5" mb="0" cb="0"/><line nr="502" mi="0" ci="4" mb="0" cb="0"/><line nr="503" mi="0" ci="1" mb="0" cb="0"/><line nr="507" mi="0" ci="6" mb="0" cb="0"/><line nr="511" mi="0" ci="6" mb="0" cb="0"/><line nr="523" mi="0" ci="5" mb="0" cb="0"/><line nr="524" mi="0" ci="5" mb="0" cb="0"/><line nr="525" mi="0" ci="4" mb="0" cb="0"/><line nr="526" mi="0" ci="11" mb="0" cb="2"/><line nr="527" mi="0" ci="8" mb="0" cb="0"/><line nr="528" mi="0" ci="1" mb="0" cb="0"/><line nr="529" mi="0" ci="3" mb="0" cb="0"/><line nr="532" mi="0" ci="4" mb="0" cb="0"/><line nr="533" mi="0" ci="5" mb="0" cb="0"/><line nr="536" mi="4" ci="0" mb="0" cb="0"/><line nr="537" mi="6" ci="0" mb="0" cb="0"/><line nr="538" mi="6" ci="0" mb="0" cb="0"/><line nr="539" mi="6" ci="0" mb="0" cb="0"/><line nr="540" mi="6" ci="0" mb="0" cb="0"/><line nr="541" mi="6" ci="0" mb="0" cb="0"/><line nr="542" mi="6" ci="0" mb="0" cb="0"/><line nr="543" mi="6" ci="0" mb="0" cb="0"/><line nr="544" mi="2" ci="0" mb="0" cb="0"/><line nr="556" mi="4" ci="0" mb="0" cb="0"/><line nr="558" mi="3" ci="0" mb="2" cb="0"/><line nr="560" mi="3" ci="0" mb="0" cb="0"/><line nr="561" mi="4" ci="0" mb="0" cb="0"/><line nr="562" mi="11" ci="0" mb="2" cb="0"/><line nr="563" mi="8" ci="0" mb="0" cb="0"/><line nr="564" mi="7" ci="0" mb="0" cb="0"/><line nr="565" mi="4" ci="0" mb="0" cb="0"/><line nr="566" mi="1" ci="0" mb="0" cb="0"/><line nr="567" mi="3" ci="0" mb="0" cb="0"/><line nr="569" mi="4" ci="0" mb="0" cb="0"/><line nr="570" mi="3" ci="0" mb="2" cb="0"/><line nr="571" mi="5" ci="0" mb="0" cb="0"/><line nr="574" mi="3" ci="0" mb="2" cb="0"/><line nr="575" mi="4" ci="0" mb="0" cb="0"/><line nr="578" mi="5" ci="0" mb="0" cb="0"/><line nr="579" mi="5" ci="0" mb="0" cb="0"/><line nr="580" mi="6" ci="0" mb="0" cb="0"/><line nr="581" mi="3" ci="0" mb="0" cb="0"/><line nr="582" mi="7" ci="0" mb="0" cb="0"/><line nr="583" mi="7" ci="0" mb="0" cb="0"/><line nr="585" mi="1" ci="0" mb="0" cb="0"/><line nr="586" mi="3" ci="0" mb="0" cb="0"/><line nr="587" mi="2" ci="0" mb="0" cb="0"/><line nr="588" mi="6" ci="0" mb="0" cb="0"/><line nr="590" mi="1" ci="0" mb="0" cb="0"/><line nr="591" mi="3" ci="0" mb="0" cb="0"/><line nr="592" mi="2" ci="0" mb="0" cb="0"/><line nr="593" mi="6" ci="0" mb="0" cb="0"/><line nr="594" mi="8" ci="0" mb="0" cb="0"/><line nr="596" mi="3" ci="0" mb="0" cb="0"/><line nr="597" mi="1" ci="0" mb="0" cb="0"/><line nr="598" mi="3" ci="0" mb="0" cb="0"/><line nr="599" mi="2" ci="0" mb="0" cb="0"/><line nr="600" mi="6" ci="0" mb="0" cb="0"/><line nr="602" mi="1" ci="0" mb="0" cb="0"/><line nr="603" mi="3" ci="0" mb="0" cb="0"/><line nr="604" mi="2" ci="0" mb="0" cb="0"/><line nr="605" mi="6" ci="0" mb="0" cb="0"/><line nr="608" mi="1" ci="0" mb="0" cb="0"/><line nr="609" mi="11" ci="0" mb="0" cb="0"/><line nr="611" mi="4" ci="0" mb="0" cb="0"/><line nr="613" mi="2" ci="0" mb="0" cb="0"/><line nr="614" mi="6" ci="0" mb="0" cb="0"/><line nr="616" mi="1" ci="0" mb="0" cb="0"/><line nr="617" mi="11" ci="0" mb="0" cb="0"/><line nr="619" mi="4" ci="0" mb="0" cb="0"/><line nr="621" mi="2" ci="0" mb="0" cb="0"/><line nr="622" mi="6" ci="0" mb="0" cb="0"/><line nr="624" mi="1" ci="0" mb="0" cb="0"/><line nr="625" mi="5" ci="0" mb="0" cb="0"/><line nr="626" mi="8" ci="0" mb="0" cb="0"/><line nr="628" mi="1" ci="0" mb="0" cb="0"/><line nr="629" mi="5" ci="0" mb="0" cb="0"/><line nr="630" mi="8" ci="0" mb="0" cb="0"/><line nr="631" mi="10" ci="0" mb="0" cb="0"/><line nr="632" mi="10" ci="0" mb="0" cb="0"/><line nr="633" mi="6" ci="0" mb="0" cb="0"/><line nr="634" mi="1" ci="0" mb="0" cb="0"/><line nr="635" mi="8" ci="0" mb="2" cb="0"/><line nr="636" mi="9" ci="0" mb="0" cb="0"/><line nr="637" mi="8" ci="0" mb="2" cb="0"/><line nr="638" mi="9" ci="0" mb="0" cb="0"/><line nr="639" mi="7" ci="0" mb="0" cb="0"/><line nr="640" mi="7" ci="0" mb="0" cb="0"/><line nr="642" mi="4" ci="0" mb="0" cb="0"/><line nr="643" mi="4" ci="0" mb="0" cb="0"/><line nr="644" mi="10" ci="0" mb="2" cb="0"/><line nr="645" mi="5" ci="0" mb="0" cb="0"/><line nr="646" mi="5" ci="0" mb="0" cb="0"/><line nr="647" mi="1" ci="0" mb="0" cb="0"/><line nr="648" mi="2" ci="0" mb="0" cb="0"/><line nr="649" mi="2" ci="0" mb="0" cb="0"/><line nr="650" mi="6" ci="0" mb="0" cb="0"/><line nr="651" mi="6" ci="0" mb="0" cb="0"/><line nr="652" mi="2" ci="0" mb="0" cb="0"/><line nr="656" mi="0" ci="2" mb="1" cb="1"/><line nr="657" mi="0" ci="2" mb="0" cb="0"/><line nr="659" mi="4" ci="0" mb="0" cb="0"/><line nr="660" mi="3" ci="0" mb="0" cb="0"/><line nr="661" mi="2" ci="0" mb="0" cb="0"/><line nr="662" mi="5" ci="0" mb="0" cb="0"/><line nr="663" mi="3" ci="0" mb="0" cb="0"/><line nr="664" mi="1" ci="0" mb="0" cb="0"/><line nr="675" mi="0" ci="3" mb="0" cb="0"/><line nr="676" mi="0" ci="3" mb="1" cb="1"/><line nr="677" mi="4" ci="0" mb="0" cb="0"/><line nr="680" mi="0" ci="3" mb="0" cb="0"/><line nr="681" mi="0" ci="3" mb="1" cb="1"/><line nr="682" mi="4" ci="0" mb="0" cb="0"/><line nr="685" mi="0" ci="2" mb="0" cb="0"/><line nr="686" mi="0" ci="3" mb="1" cb="1"/><line nr="687" mi="3" ci="0" mb="0" cb="0"/><line nr="690" mi="0" ci="3" mb="0" cb="0"/><line nr="691" mi="0" ci="3" mb="1" cb="1"/><line nr="692" mi="4" ci="0" mb="0" cb="0"/><line nr="695" mi="0" ci="3" mb="0" cb="0"/><line nr="696" mi="0" ci="3" mb="1" cb="1"/><line nr="697" mi="4" ci="0" mb="0" cb="0"/><line nr="700" mi="0" ci="4" mb="0" cb="0"/><line nr="701" mi="0" ci="6" mb="0" cb="0"/><line nr="702" mi="0" ci="7" mb="0" cb="0"/><line nr="703" mi="0" ci="7" mb="0" cb="0"/><line nr="704" mi="0" ci="7" mb="0" cb="0"/><line nr="705" mi="0" ci="7" mb="0" cb="0"/><line nr="706" mi="0" ci="7" mb="0" cb="0"/><line nr="707" mi="0" ci="7" mb="0" cb="0"/><line nr="709" mi="2" ci="10" mb="1" cb="1"/><line nr="710" mi="2" ci="10" mb="1" cb="1"/><line nr="711" mi="0" ci="6" mb="0" cb="0"/><line nr="713" mi="0" ci="4" mb="0" cb="0"/><line nr="714" mi="2" ci="6" mb="1" cb="1"/><line nr="715" mi="0" ci="4" mb="0" cb="0"/><line nr="716" mi="2" ci="6" mb="1" cb="1"/><line nr="717" mi="0" ci="7" mb="0" cb="0"/><line nr="719" mi="0" ci="7" mb="0" cb="0"/><line nr="721" mi="0" ci="7" mb="0" cb="0"/><line nr="722" mi="0" ci="7" mb="0" cb="0"/><line nr="723" mi="0" ci="5" mb="0" cb="0"/><line nr="724" mi="0" ci="2" mb="0" cb="0"/><line nr="726" mi="0" ci="7" mb="0" cb="0"/><line nr="728" mi="0" ci="2" mb="0" cb="0"/><line nr="739" mi="0" ci="4" mb="0" cb="0"/><line nr="741" mi="0" ci="7" mb="0" cb="0"/><line nr="743" mi="0" ci="4" mb="0" cb="0"/><line nr="745" mi="0" ci="10" mb="0" cb="2"/><line nr="746" mi="0" ci="5" mb="0" cb="0"/><line nr="747" mi="0" ci="1" mb="0" cb="0"/><line nr="748" mi="0" ci="5" mb="0" cb="0"/><line nr="749" mi="0" ci="2" mb="0" cb="0"/><line nr="758" mi="0" ci="4" mb="0" cb="0"/><line nr="759" mi="0" ci="6" mb="0" cb="0"/><line nr="760" mi="0" ci="7" mb="0" cb="0"/><line nr="761" mi="0" ci="6" mb="0" cb="0"/><line nr="762" mi="0" ci="6" mb="0" cb="0"/><line nr="763" mi="0" ci="6" mb="0" cb="0"/><line nr="764" mi="0" ci="7" mb="0" cb="0"/><line nr="765" mi="0" ci="7" mb="0" cb="0"/><line nr="766" mi="0" ci="7" mb="0" cb="0"/><line nr="767" mi="0" ci="7" mb="0" cb="0"/><line nr="768" mi="0" ci="7" mb="0" cb="0"/><line nr="769" mi="0" ci="7" mb="0" cb="0"/><line nr="770" mi="0" ci="6" mb="0" cb="0"/><line nr="771" mi="0" ci="7" mb="0" cb="0"/><line nr="772" mi="0" ci="7" mb="0" cb="0"/><line nr="773" mi="0" ci="5" mb="0" cb="0"/><line nr="774" mi="0" ci="3" mb="0" cb="0"/><line nr="775" mi="0" ci="2" mb="0" cb="0"/><line nr="776" mi="0" ci="7" mb="0" cb="0"/><line nr="777" mi="0" ci="7" mb="0" cb="0"/><line nr="778" mi="0" ci="7" mb="0" cb="0"/><line nr="779" mi="0" ci="7" mb="0" cb="0"/><line nr="780" mi="0" ci="5" mb="0" cb="0"/><line nr="781" mi="0" ci="3" mb="0" cb="0"/><line nr="782" mi="0" ci="2" mb="0" cb="0"/><line nr="783" mi="0" ci="7" mb="0" cb="0"/><line nr="784" mi="0" ci="7" mb="0" cb="0"/><line nr="785" mi="0" ci="6" mb="0" cb="0"/><line nr="786" mi="0" ci="6" mb="0" cb="0"/><line nr="787" mi="0" ci="2" mb="0" cb="0"/><line nr="801" mi="4" ci="0" mb="0" cb="0"/><line nr="802" mi="7" ci="0" mb="0" cb="0"/><line nr="804" mi="3" ci="0" mb="2" cb="0"/><line nr="805" mi="6" ci="0" mb="0" cb="0"/><line nr="808" mi="3" ci="0" mb="0" cb="0"/><line nr="809" mi="4" ci="0" mb="0" cb="0"/><line nr="811" mi="7" ci="0" mb="0" cb="0"/><line nr="812" mi="5" ci="0" mb="0" cb="0"/><line nr="814" mi="2" ci="0" mb="0" cb="0"/><line nr="824" mi="0" ci="4" mb="0" cb="0"/><line nr="826" mi="0" ci="10" mb="1" cb="1"/><line nr="827" mi="5" ci="2" mb="3" cb="1"/><line nr="828" mi="5" ci="0" mb="0" cb="0"/><line nr="830" mi="1" ci="0" mb="0" cb="0"/><line nr="831" mi="2" ci="0" mb="0" cb="0"/><line nr="844" mi="0" ci="3" mb="1" cb="1"/><line nr="845" mi="13" ci="0" mb="0" cb="0"/><line nr="846" mi="6" ci="0" mb="0" cb="0"/><line nr="848" mi="0" ci="13" mb="0" cb="0"/><line nr="849" mi="0" ci="6" mb="0" cb="0"/><line nr="860" mi="3" ci="0" mb="2" cb="0"/><line nr="861" mi="13" ci="0" mb="0" cb="0"/><line nr="862" mi="2" ci="0" mb="0" cb="0"/><line nr="864" mi="13" ci="0" mb="0" cb="0"/><line nr="865" mi="2" ci="0" mb="0" cb="0"/><line nr="875" mi="0" ci="3" mb="1" cb="1"/><line nr="876" mi="13" ci="0" mb="0" cb="0"/><line nr="877" mi="2" ci="0" mb="0" cb="0"/><line nr="879" mi="0" ci="13" mb="0" cb="0"/><line nr="880" mi="0" ci="2" mb="0" cb="0"/><line nr="891" mi="2" ci="3" mb="0" cb="0"/><line nr="892" mi="0" ci="3" mb="0" cb="0"/><line nr="893" mi="0" ci="1" mb="0" cb="0"/><line nr="907" mi="0" ci="4" mb="0" cb="0"/><line nr="909" mi="0" ci="6" mb="0" cb="0"/><line nr="910" mi="0" ci="6" mb="0" cb="0"/><line nr="911" mi="0" ci="7" mb="0" cb="0"/><line nr="912" mi="0" ci="7" mb="0" cb="0"/><line nr="913" mi="0" ci="7" mb="0" cb="0"/><line nr="914" mi="0" ci="7" mb="0" cb="0"/><line nr="915" mi="0" ci="7" mb="0" cb="0"/><line nr="916" mi="0" ci="5" mb="0" cb="0"/><line nr="917" mi="0" ci="4" mb="0" cb="0"/><line nr="918" mi="0" ci="3" mb="0" cb="0"/><line nr="919" mi="0" ci="3" mb="0" cb="0"/><line nr="920" mi="3" ci="4" mb="0" cb="0"/><line nr="922" mi="2" ci="0" mb="0" cb="0"/><line nr="924" mi="5" ci="0" mb="0" cb="0"/><line nr="927" mi="7" ci="0" mb="0" cb="0"/><line nr="929" mi="2" ci="0" mb="0" cb="0"/><line nr="931" mi="5" ci="0" mb="0" cb="0"/><line nr="933" mi="7" ci="0" mb="0" cb="0"/><line nr="934" mi="7" ci="0" mb="0" cb="0"/><line nr="935" mi="5" ci="0" mb="0" cb="0"/><line nr="937" mi="3" ci="0" mb="0" cb="0"/><line nr="939" mi="10" ci="0" mb="0" cb="0"/><line nr="940" mi="10" ci="0" mb="0" cb="0"/><line nr="941" mi="6" ci="0" mb="0" cb="0"/><line nr="943" mi="5" ci="0" mb="0" cb="0"/><line nr="944" mi="6" ci="0" mb="0" cb="0"/><line nr="945" mi="3" ci="0" mb="0" cb="0"/><line nr="946" mi="6" ci="0" mb="0" cb="0"/><line nr="947" mi="2" ci="0" mb="0" cb="0"/><line nr="948" mi="2" ci="0" mb="0" cb="0"/><line nr="949" mi="6" ci="0" mb="0" cb="0"/><line nr="951" mi="2" ci="0" mb="0" cb="0"/><line nr="960" mi="0" ci="4" mb="0" cb="0"/><line nr="961" mi="0" ci="6" mb="0" cb="0"/><line nr="962" mi="0" ci="2" mb="0" cb="0"/><line nr="971" mi="0" ci="4" mb="1" cb="1"/><line nr="972" mi="6" ci="0" mb="0" cb="0"/><line nr="973" mi="2" ci="0" mb="2" cb="0"/><line nr="974" mi="2" ci="0" mb="0" cb="0"/><line nr="977" mi="0" ci="2" mb="0" cb="0"/><line nr="986" mi="3" ci="0" mb="2" cb="0"/><line nr="987" mi="6" ci="0" mb="0" cb="0"/><line nr="989" mi="6" ci="0" mb="0" cb="0"/><line nr="1000" mi="0" ci="4" mb="0" cb="0"/><line nr="1001" mi="0" ci="3" mb="1" cb="1"/><line nr="1002" mi="11" ci="0" mb="2" cb="0"/><line nr="1003" mi="6" ci="0" mb="0" cb="0"/><line nr="1004" mi="1" ci="0" mb="0" cb="0"/><line nr="1006" mi="0" ci="2" mb="0" cb="0"/><line nr="1016" mi="4" ci="0" mb="0" cb="0"/><line nr="1017" mi="6" ci="0" mb="0" cb="0"/><line nr="1018" mi="6" ci="0" mb="0" cb="0"/><line nr="1019" mi="7" ci="0" mb="0" cb="0"/><line nr="1020" mi="6" ci="0" mb="0" cb="0"/><line nr="1021" mi="6" ci="0" mb="0" cb="0"/><line nr="1022" mi="7" ci="0" mb="0" cb="0"/><line nr="1023" mi="7" ci="0" mb="0" cb="0"/><line nr="1024" mi="7" ci="0" mb="0" cb="0"/><line nr="1025" mi="7" ci="0" mb="0" cb="0"/><line nr="1026" mi="6" ci="0" mb="0" cb="0"/><line nr="1027" mi="7" ci="0" mb="0" cb="0"/><line nr="1028" mi="7" ci="0" mb="0" cb="0"/><line nr="1029" mi="8" ci="0" mb="0" cb="0"/><line nr="1030" mi="4" ci="0" mb="0" cb="0"/><line nr="1031" mi="6" ci="0" mb="0" cb="0"/><line nr="1032" mi="2" ci="0" mb="0" cb="0"/><line nr="1045" mi="0" ci="4" mb="0" cb="0"/><line nr="1046" mi="3" ci="0" mb="0" cb="0"/><line nr="1047" mi="4" ci="0" mb="0" cb="0"/><line nr="1048" mi="5" ci="0" mb="0" cb="0"/><line nr="1049" mi="6" ci="0" mb="0" cb="0"/><line nr="1050" mi="1" ci="0" mb="0" cb="0"/><line nr="1053" mi="2" ci="0" mb="0" cb="0"/><line nr="1064" mi="4" ci="0" mb="0" cb="0"/><line nr="1065" mi="10" ci="0" mb="2" cb="0"/><line nr="1066" mi="6" ci="0" mb="0" cb="0"/><line nr="1067" mi="1" ci="0" mb="0" cb="0"/><line nr="1068" mi="2" ci="0" mb="0" cb="0"/><line nr="1077" mi="7" ci="0" mb="0" cb="0"/><line nr="1078" mi="2" ci="0" mb="0" cb="0"/><line nr="1079" mi="3" ci="0" mb="2" cb="0"/><line nr="1080" mi="2" ci="0" mb="0" cb="0"/><line nr="1082" mi="5" ci="0" mb="0" cb="0"/><line nr="1083" mi="1" ci="0" mb="0" cb="0"/><line nr="1093" mi="4" ci="0" mb="0" cb="0"/><line nr="1094" mi="7" ci="0" mb="0" cb="0"/><line nr="1095" mi="7" ci="0" mb="0" cb="0"/><line nr="1096" mi="5" ci="0" mb="0" cb="0"/><line nr="1097" mi="5" ci="0" mb="0" cb="0"/><line nr="1098" mi="3" ci="0" mb="0" cb="0"/><line nr="1099" mi="2" ci="0" mb="0" cb="0"/><line nr="1110" mi="0" ci="4" mb="0" cb="0"/><line nr="1111" mi="7" ci="0" mb="0" cb="0"/><line nr="1112" mi="7" ci="0" mb="0" cb="0"/><line nr="1113" mi="2" ci="0" mb="0" cb="0"/><line nr="1122" mi="4" ci="0" mb="2" cb="0"/><line nr="1123" mi="2" ci="0" mb="0" cb="0"/><line nr="1125" mi="3" ci="0" mb="0" cb="0"/><line nr="1134" mi="0" ci="4" mb="0" cb="0"/><line nr="1135" mi="4" ci="7" mb="1" cb="1"/><line nr="1136" mi="10" ci="0" mb="0" cb="0"/><line nr="1137" mi="1" ci="0" mb="0" cb="0"/><line nr="1139" mi="0" ci="2" mb="0" cb="0"/><line nr="1152" mi="0" ci="4" mb="0" cb="0"/><line nr="1153" mi="0" ci="5" mb="0" cb="0"/><line nr="1154" mi="6" ci="0" mb="0" cb="0"/><line nr="1155" mi="3" ci="0" mb="0" cb="0"/><line nr="1156" mi="2" ci="0" mb="0" cb="0"/><line nr="1157" mi="3" ci="0" mb="0" cb="0"/><line nr="1158" mi="5" ci="0" mb="0" cb="0"/><line nr="1159" mi="5" ci="0" mb="0" cb="0"/><line nr="1160" mi="6" ci="0" mb="0" cb="0"/><line nr="1161" mi="6" ci="0" mb="0" cb="0"/><line nr="1162" mi="5" ci="0" mb="0" cb="0"/><line nr="1163" mi="7" ci="0" mb="0" cb="0"/><line nr="1164" mi="7" ci="0" mb="0" cb="0"/><line nr="1165" mi="7" ci="0" mb="0" cb="0"/><line nr="1166" mi="7" ci="0" mb="0" cb="0"/><line nr="1167" mi="2" ci="0" mb="0" cb="0"/><line nr="1176" mi="4" ci="0" mb="0" cb="0"/><line nr="1177" mi="11" ci="0" mb="2" cb="0"/><line nr="1178" mi="9" ci="0" mb="0" cb="0"/><line nr="1179" mi="1" ci="0" mb="0" cb="0"/><line nr="1180" mi="2" ci="0" mb="0" cb="0"/><line nr="1189" mi="4" ci="0" mb="0" cb="0"/><line nr="1190" mi="7" ci="0" mb="0" cb="0"/><line nr="1191" mi="7" ci="0" mb="0" cb="0"/><line nr="1192" mi="7" ci="0" mb="0" cb="0"/><line nr="1193" mi="7" ci="0" mb="0" cb="0"/><line nr="1194" mi="7" ci="0" mb="0" cb="0"/><line nr="1195" mi="7" ci="0" mb="0" cb="0"/><line nr="1196" mi="3" ci="0" mb="2" cb="0"/><line nr="1197" mi="5" ci="0" mb="0" cb="0"/><line nr="1199" mi="3" ci="0" mb="0" cb="0"/><line nr="1201" mi="5" ci="0" mb="0" cb="0"/><line nr="1203" mi="3" ci="0" mb="0" cb="0"/><line nr="1204" mi="5" ci="0" mb="0" cb="0"/><line nr="1206" mi="3" ci="0" mb="0" cb="0"/><line nr="1207" mi="5" ci="0" mb="0" cb="0"/><line nr="1209" mi="2" ci="0" mb="0" cb="0"/><line nr="1211" mi="2" ci="0" mb="0" cb="0"/><line nr="1220" mi="8" ci="0" mb="0" cb="0"/><line nr="1231" mi="4" ci="0" mb="0" cb="0"/><line nr="1232" mi="4" ci="0" mb="0" cb="0"/><line nr="1233" mi="3" ci="0" mb="0" cb="0"/><line nr="1234" mi="5" ci="0" mb="0" cb="0"/><line nr="1235" mi="6" ci="0" mb="0" cb="0"/><line nr="1236" mi="7" ci="0" mb="0" cb="0"/><line nr="1237" mi="7" ci="0" mb="0" cb="0"/><line nr="1238" mi="7" ci="0" mb="0" cb="0"/><line nr="1239" mi="7" ci="0" mb="0" cb="0"/><line nr="1240" mi="7" ci="0" mb="0" cb="0"/><line nr="1242" mi="3" ci="0" mb="0" cb="0"/><line nr="1243" mi="12" ci="0" mb="2" cb="0"/><line nr="1244" mi="2" ci="0" mb="0" cb="0"/><line nr="1255" mi="4" ci="0" mb="0" cb="0"/><line nr="1256" mi="3" ci="0" mb="0" cb="0"/><line nr="1257" mi="5" ci="0" mb="0" cb="0"/><line nr="1258" mi="6" ci="0" mb="0" cb="0"/><line nr="1259" mi="7" ci="0" mb="0" cb="0"/><line nr="1260" mi="7" ci="0" mb="0" cb="0"/><line nr="1261" mi="7" ci="0" mb="0" cb="0"/><line nr="1262" mi="7" ci="0" mb="0" cb="0"/><line nr="1263" mi="4" ci="0" mb="0" cb="0"/><line nr="1264" mi="8" ci="0" mb="0" cb="0"/><line nr="1265" mi="7" ci="0" mb="0" cb="0"/><line nr="1266" mi="8" ci="0" mb="0" cb="0"/><line nr="1267" mi="8" ci="0" mb="0" cb="0"/><line nr="1268" mi="2" ci="0" mb="0" cb="0"/><line nr="1277" mi="9" ci="0" mb="2" cb="0"/><line nr="1286" mi="9" ci="0" mb="2" cb="0"/><line nr="1297" mi="4" ci="0" mb="0" cb="0"/><line nr="1298" mi="3" ci="0" mb="0" cb="0"/><line nr="1299" mi="3" ci="0" mb="0" cb="0"/><line nr="1300" mi="3" ci="0" mb="0" cb="0"/><line nr="1301" mi="3" ci="0" mb="0" cb="0"/><line nr="1302" mi="5" ci="0" mb="0" cb="0"/><line nr="1303" mi="6" ci="0" mb="0" cb="0"/><line nr="1304" mi="6" ci="0" mb="0" cb="0"/><line nr="1305" mi="8" ci="0" mb="0" cb="0"/><line nr="1306" mi="8" ci="0" mb="0" cb="0"/><line nr="1307" mi="8" ci="0" mb="0" cb="0"/><line nr="1308" mi="8" ci="0" mb="0" cb="0"/><line nr="1309" mi="8" ci="0" mb="0" cb="0"/><line nr="1310" mi="2" ci="0" mb="0" cb="0"/><line nr="1321" mi="4" ci="0" mb="0" cb="0"/><line nr="1322" mi="5" ci="0" mb="0" cb="0"/><line nr="1323" mi="3" ci="0" mb="0" cb="0"/><line nr="1324" mi="8" ci="0" mb="0" cb="0"/><line nr="1325" mi="8" ci="0" mb="0" cb="0"/><line nr="1326" mi="2" ci="0" mb="0" cb="0"/><line nr="1337" mi="3" ci="0" mb="0" cb="0"/><line nr="1338" mi="3" ci="0" mb="0" cb="0"/><line nr="1339" mi="4" ci="0" mb="0" cb="0"/><line nr="1340" mi="5" ci="0" mb="0" cb="0"/><line nr="1341" mi="3" ci="0" mb="0" cb="0"/><line nr="1342" mi="8" ci="0" mb="0" cb="0"/><line nr="1343" mi="8" ci="0" mb="0" cb="0"/><line nr="1344" mi="8" ci="0" mb="0" cb="0"/><line nr="1345" mi="8" ci="0" mb="0" cb="0"/><line nr="1346" mi="8" ci="0" mb="0" cb="0"/><line nr="1347" mi="2" ci="0" mb="0" cb="0"/><line nr="1359" mi="4" ci="0" mb="0" cb="0"/><line nr="1360" mi="3" ci="0" mb="0" cb="0"/><line nr="1361" mi="3" ci="0" mb="0" cb="0"/><line nr="1362" mi="3" ci="0" mb="0" cb="0"/><line nr="1363" mi="5" ci="0" mb="0" cb="0"/><line nr="1364" mi="6" ci="0" mb="0" cb="0"/><line nr="1365" mi="7" ci="0" mb="0" cb="0"/><line nr="1366" mi="7" ci="0" mb="0" cb="0"/><line nr="1367" mi="3" ci="0" mb="0" cb="0"/><line nr="1368" mi="5" ci="0" mb="0" cb="0"/><line nr="1369" mi="3" ci="0" mb="0" cb="0"/><line nr="1370" mi="6" ci="0" mb="0" cb="0"/><line nr="1372" mi="3" ci="0" mb="0" cb="0"/><line nr="1373" mi="3" ci="0" mb="0" cb="0"/><line nr="1374" mi="8" ci="0" mb="0" cb="0"/><line nr="1375" mi="8" ci="0" mb="0" cb="0"/><line nr="1377" mi="3" ci="0" mb="0" cb="0"/><line nr="1378" mi="3" ci="0" mb="0" cb="0"/><line nr="1379" mi="9" ci="0" mb="0" cb="0"/><line nr="1380" mi="8" ci="0" mb="0" cb="0"/><line nr="1381" mi="8" ci="0" mb="0" cb="0"/><line nr="1382" mi="8" ci="0" mb="0" cb="0"/><line nr="1383" mi="8" ci="0" mb="0" cb="0"/><line nr="1384" mi="8" ci="0" mb="0" cb="0"/><line nr="1385" mi="9" ci="0" mb="0" cb="0"/><line nr="1386" mi="2" ci="0" mb="0" cb="0"/><line nr="1398" mi="4" ci="0" mb="0" cb="0"/><line nr="1399" mi="3" ci="0" mb="0" cb="0"/><line nr="1400" mi="3" ci="0" mb="0" cb="0"/><line nr="1401" mi="3" ci="0" mb="0" cb="0"/><line nr="1402" mi="3" ci="0" mb="0" cb="0"/><line nr="1403" mi="3" ci="0" mb="0" cb="0"/><line nr="1404" mi="3" ci="0" mb="0" cb="0"/><line nr="1405" mi="3" ci="0" mb="0" cb="0"/><line nr="1406" mi="5" ci="0" mb="0" cb="0"/><line nr="1407" mi="6" ci="0" mb="0" cb="0"/><line nr="1408" mi="7" ci="0" mb="0" cb="0"/><line nr="1409" mi="7" ci="0" mb="0" cb="0"/><line nr="1410" mi="3" ci="0" mb="0" cb="0"/><line nr="1411" mi="5" ci="0" mb="0" cb="0"/><line nr="1412" mi="3" ci="0" mb="0" cb="0"/><line nr="1413" mi="6" ci="0" mb="0" cb="0"/><line nr="1414" mi="8" ci="0" mb="0" cb="0"/><line nr="1415" mi="8" ci="0" mb="0" cb="0"/><line nr="1416" mi="8" ci="0" mb="0" cb="0"/><line nr="1417" mi="8" ci="0" mb="0" cb="0"/><line nr="1418" mi="8" ci="0" mb="0" cb="0"/><line nr="1419" mi="9" ci="0" mb="0" cb="0"/><line nr="1420" mi="2" ci="0" mb="0" cb="0"/><line nr="1435" mi="4" ci="0" mb="0" cb="0"/><line nr="1439" mi="5" ci="0" mb="0" cb="0"/><line nr="1440" mi="5" ci="0" mb="0" cb="0"/><line nr="1441" mi="6" ci="0" mb="0" cb="0"/><line nr="1442" mi="5" ci="0" mb="0" cb="0"/><line nr="1443" mi="5" ci="0" mb="0" cb="0"/><line nr="1444" mi="5" ci="0" mb="0" cb="0"/><line nr="1446" mi="3" ci="0" mb="2" cb="0"/><line nr="1447" mi="7" ci="0" mb="0" cb="0"/><line nr="1449" mi="2" ci="0" mb="0" cb="0"/><line nr="1463" mi="4" ci="0" mb="0" cb="0"/><line nr="1464" mi="5" ci="0" mb="0" cb="0"/><line nr="1465" mi="2" ci="0" mb="0" cb="0"/><line nr="1466" mi="3" ci="0" mb="0" cb="0"/><line nr="1467" mi="5" ci="0" mb="0" cb="0"/><line nr="1468" mi="3" ci="0" mb="0" cb="0"/><line nr="1469" mi="6" ci="0" mb="0" cb="0"/><line nr="1470" mi="9" ci="0" mb="0" cb="0"/><line nr="1471" mi="8" ci="0" mb="0" cb="0"/><line nr="1473" mi="2" ci="0" mb="2" cb="0"/><line nr="1474" mi="8" ci="0" mb="0" cb="0"/><line nr="1476" mi="6" ci="0" mb="0" cb="0"/><line nr="1479" mi="2" ci="0" mb="0" cb="0"/><line nr="1491" mi="4" ci="0" mb="0" cb="0"/><line nr="1492" mi="4" ci="0" mb="0" cb="0"/><line nr="1493" mi="5" ci="0" mb="0" cb="0"/><line nr="1495" mi="11" ci="0" mb="0" cb="0"/><line nr="1496" mi="2" ci="0" mb="0" cb="0"/><line nr="1498" mi="2" ci="0" mb="0" cb="0"/><line nr="1510" mi="4" ci="0" mb="0" cb="0"/><line nr="1511" mi="4" ci="0" mb="0" cb="0"/><line nr="1512" mi="5" ci="0" mb="0" cb="0"/><line nr="1514" mi="11" ci="0" mb="0" cb="0"/><line nr="1515" mi="2" ci="0" mb="0" cb="0"/><line nr="1517" mi="2" ci="0" mb="0" cb="0"/><line nr="1528" mi="4" ci="0" mb="0" cb="0"/><line nr="1529" mi="3" ci="0" mb="0" cb="0"/><line nr="1530" mi="4" ci="0" mb="0" cb="0"/><line nr="1531" mi="5" ci="0" mb="0" cb="0"/><line nr="1532" mi="6" ci="0" mb="0" cb="0"/><line nr="1533" mi="4" ci="0" mb="0" cb="0"/><line nr="1534" mi="8" ci="0" mb="0" cb="0"/><line nr="1535" mi="7" ci="0" mb="0" cb="0"/><line nr="1536" mi="2" ci="0" mb="0" cb="0"/><line nr="1547" mi="4" ci="0" mb="0" cb="0"/><line nr="1548" mi="3" ci="0" mb="0" cb="0"/><line nr="1549" mi="4" ci="0" mb="0" cb="0"/><line nr="1550" mi="5" ci="0" mb="0" cb="0"/><line nr="1551" mi="6" ci="0" mb="0" cb="0"/><line nr="1552" mi="4" ci="0" mb="0" cb="0"/><line nr="1553" mi="8" ci="0" mb="0" cb="0"/><line nr="1554" mi="8" ci="0" mb="0" cb="0"/><line nr="1555" mi="7" ci="0" mb="0" cb="0"/><line nr="1556" mi="8" ci="0" mb="0" cb="0"/><line nr="1557" mi="7" ci="0" mb="0" cb="0"/><line nr="1558" mi="2" ci="0" mb="0" cb="0"/><line nr="1567" mi="4" ci="0" mb="0" cb="0"/><line nr="1569" mi="4" ci="0" mb="0" cb="0"/><line nr="1570" mi="4" ci="0" mb="0" cb="0"/><line nr="1571" mi="4" ci="0" mb="0" cb="0"/><line nr="1572" mi="4" ci="0" mb="0" cb="0"/><line nr="1573" mi="4" ci="0" mb="0" cb="0"/><line nr="1574" mi="11" ci="0" mb="2" cb="0"/><line nr="1575" mi="4" ci="0" mb="0" cb="0"/><line nr="1576" mi="6" ci="0" mb="0" cb="0"/><line nr="1577" mi="5" ci="0" mb="0" cb="0"/><line nr="1578" mi="7" ci="0" mb="0" cb="0"/><line nr="1579" mi="7" ci="0" mb="0" cb="0"/><line nr="1580" mi="10" ci="0" mb="0" cb="0"/><line nr="1581" mi="9" ci="0" mb="0" cb="0"/><line nr="1582" mi="9" ci="0" mb="0" cb="0"/><line nr="1584" mi="4" ci="0" mb="0" cb="0"/><line nr="1585" mi="1" ci="0" mb="0" cb="0"/><line nr="1586" mi="2" ci="0" mb="0" cb="0"/><line nr="1597" mi="4" ci="0" mb="0" cb="0"/><line nr="1598" mi="6" ci="0" mb="0" cb="0"/><line nr="1599" mi="7" ci="0" mb="0" cb="0"/><line nr="1600" mi="6" ci="0" mb="0" cb="0"/><line nr="1601" mi="6" ci="0" mb="0" cb="0"/><line nr="1602" mi="6" ci="0" mb="0" cb="0"/><line nr="1603" mi="7" ci="0" mb="0" cb="0"/><line nr="1604" mi="7" ci="0" mb="0" cb="0"/><line nr="1605" mi="7" ci="0" mb="0" cb="0"/><line nr="1606" mi="7" ci="0" mb="0" cb="0"/><line nr="1607" mi="7" ci="0" mb="0" cb="0"/><line nr="1608" mi="6" ci="0" mb="0" cb="0"/><line nr="1609" mi="7" ci="0" mb="0" cb="0"/><line nr="1610" mi="7" ci="0" mb="0" cb="0"/><line nr="1611" mi="7" ci="0" mb="0" cb="0"/><line nr="1612" mi="5" ci="0" mb="0" cb="0"/><line nr="1613" mi="5" ci="0" mb="0" cb="0"/><line nr="1615" mi="7" ci="0" mb="0" cb="0"/><line nr="1616" mi="7" ci="0" mb="0" cb="0"/><line nr="1617" mi="8" ci="0" mb="0" cb="0"/><line nr="1618" mi="2" ci="0" mb="0" cb="0"/><line nr="1619" mi="7" ci="0" mb="0" cb="0"/><line nr="1620" mi="7" ci="0" mb="0" cb="0"/><line nr="1621" mi="7" ci="0" mb="0" cb="0"/><line nr="1622" mi="7" ci="0" mb="0" cb="0"/><line nr="1623" mi="7" ci="0" mb="0" cb="0"/><line nr="1624" mi="7" ci="0" mb="0" cb="0"/><line nr="1625" mi="7" ci="0" mb="0" cb="0"/><line nr="1626" mi="7" ci="0" mb="0" cb="0"/><line nr="1627" mi="7" ci="0" mb="0" cb="0"/><line nr="1628" mi="7" ci="0" mb="0" cb="0"/><line nr="1629" mi="7" ci="0" mb="0" cb="0"/><line nr="1630" mi="7" ci="0" mb="0" cb="0"/><line nr="1631" mi="4" ci="0" mb="0" cb="0"/><line nr="1632" mi="3" ci="0" mb="2" cb="0"/><line nr="1633" mi="11" ci="0" mb="2" cb="0"/><line nr="1634" mi="6" ci="0" mb="0" cb="0"/><line nr="1635" mi="1" ci="0" mb="0" cb="0"/><line nr="1637" mi="5" ci="0" mb="0" cb="0"/><line nr="1639" mi="3" ci="0" mb="0" cb="0"/><line nr="1640" mi="4" ci="0" mb="0" cb="0"/><line nr="1642" mi="11" ci="0" mb="2" cb="0"/><line nr="1643" mi="13" ci="0" mb="0" cb="0"/><line nr="1644" mi="1" ci="0" mb="0" cb="0"/><line nr="1645" mi="5" ci="0" mb="0" cb="0"/><line nr="1647" mi="3" ci="0" mb="0" cb="0"/><line nr="1648" mi="4" ci="0" mb="0" cb="0"/><line nr="1650" mi="11" ci="0" mb="2" cb="0"/><line nr="1651" mi="13" ci="0" mb="0" cb="0"/><line nr="1652" mi="1" ci="0" mb="0" cb="0"/><line nr="1653" mi="5" ci="0" mb="0" cb="0"/><line nr="1656" mi="6" ci="0" mb="0" cb="0"/><line nr="1657" mi="2" ci="0" mb="0" cb="0"/><line nr="1658" mi="3" ci="0" mb="2" cb="0"/><line nr="1659" mi="4" ci="0" mb="0" cb="0"/><line nr="1661" mi="6" ci="0" mb="0" cb="0"/><line nr="1662" mi="2" ci="0" mb="0" cb="0"/><line nr="1663" mi="2" ci="0" mb="2" cb="0"/><line nr="1664" mi="4" ci="0" mb="0" cb="0"/><line nr="1666" mi="6" ci="0" mb="0" cb="0"/><line nr="1667" mi="7" ci="0" mb="0" cb="0"/><line nr="1668" mi="6" ci="0" mb="0" cb="0"/><line nr="1669" mi="6" ci="0" mb="0" cb="0"/><line nr="1670" mi="2" ci="0" mb="0" cb="0"/><line nr="1680" mi="4" ci="0" mb="0" cb="0"/><line nr="1681" mi="11" ci="0" mb="2" cb="0"/><line nr="1682" mi="4" ci="0" mb="0" cb="0"/><line nr="1683" mi="6" ci="0" mb="0" cb="0"/><line nr="1684" mi="7" ci="0" mb="0" cb="0"/><line nr="1685" mi="4" ci="0" mb="0" cb="0"/><line nr="1686" mi="1" ci="0" mb="0" cb="0"/><line nr="1687" mi="4" ci="0" mb="0" cb="0"/><line nr="1688" mi="4" ci="0" mb="0" cb="0"/><line nr="1689" mi="2" ci="0" mb="0" cb="0"/><line nr="1690" mi="4" ci="0" mb="0" cb="0"/><line nr="1691" mi="4" ci="0" mb="0" cb="0"/><line nr="1692" mi="5" ci="0" mb="0" cb="0"/><line nr="1693" mi="3" ci="0" mb="0" cb="0"/><line nr="1694" mi="2" ci="0" mb="0" cb="0"/><line nr="1705" mi="5" ci="0" mb="0" cb="0"/><line nr="1706" mi="9" ci="0" mb="2" cb="0"/><line nr="1718" mi="4" ci="0" mb="0" cb="0"/><line nr="1719" mi="10" ci="0" mb="2" cb="0"/><line nr="1720" mi="10" ci="0" mb="4" cb="0"/><line nr="1721" mi="3" ci="0" mb="2" cb="0"/><line nr="1722" mi="9" ci="0" mb="0" cb="0"/><line nr="1723" mi="4" ci="0" mb="0" cb="0"/><line nr="1724" mi="6" ci="0" mb="0" cb="0"/><line nr="1726" mi="1" ci="0" mb="0" cb="0"/><line nr="1727" mi="2" ci="0" mb="0" cb="0"/><line nr="1738" mi="4" ci="0" mb="0" cb="0"/><line nr="1739" mi="10" ci="0" mb="2" cb="0"/><line nr="1740" mi="7" ci="0" mb="2" cb="0"/><line nr="1741" mi="9" ci="0" mb="0" cb="0"/><line nr="1742" mi="4" ci="0" mb="0" cb="0"/><line nr="1743" mi="6" ci="0" mb="0" cb="0"/><line nr="1745" mi="1" ci="0" mb="0" cb="0"/><line nr="1746" mi="2" ci="0" mb="0" cb="0"/><line nr="1756" mi="0" ci="5" mb="0" cb="0"/><line nr="1757" mi="0" ci="8" mb="1" cb="3"/><line nr="1758" mi="0" ci="4" mb="0" cb="0"/><line nr="1760" mi="0" ci="5" mb="0" cb="0"/><line nr="1770" mi="4" ci="0" mb="0" cb="0"/><line nr="1771" mi="11" ci="0" mb="2" cb="0"/><line nr="1772" mi="4" ci="0" mb="0" cb="0"/><line nr="1773" mi="13" ci="0" mb="2" cb="0"/><line nr="1774" mi="10" ci="0" mb="0" cb="0"/><line nr="1775" mi="1" ci="0" mb="0" cb="0"/><line nr="1776" mi="7" ci="0" mb="0" cb="0"/><line nr="1777" mi="1" ci="0" mb="0" cb="0"/><line nr="1778" mi="2" ci="0" mb="0" cb="0"/><line nr="1787" mi="0" ci="4" mb="0" cb="0"/><line nr="1788" mi="0" ci="6" mb="0" cb="0"/><line nr="1789" mi="0" ci="7" mb="0" cb="0"/><line nr="1790" mi="0" ci="7" mb="0" cb="0"/><line nr="1791" mi="0" ci="5" mb="0" cb="0"/><line nr="1792" mi="0" ci="3" mb="1" cb="1"/><line nr="1793" mi="8" ci="0" mb="0" cb="0"/><line nr="1795" mi="0" ci="2" mb="0" cb="0"/><line nr="1806" mi="0" ci="4" mb="0" cb="0"/><line nr="1807" mi="8" ci="0" mb="0" cb="0"/><line nr="1808" mi="8" ci="0" mb="0" cb="0"/><line nr="1809" mi="9" ci="0" mb="0" cb="0"/><line nr="1810" mi="10" ci="0" mb="0" cb="0"/><line nr="1811" mi="2" ci="0" mb="0" cb="0"/><line nr="1825" mi="0" ci="4" mb="0" cb="0"/><line nr="1826" mi="0" ci="3" mb="0" cb="0"/><line nr="1827" mi="5" ci="0" mb="0" cb="0"/><line nr="1828" mi="4" ci="0" mb="0" cb="0"/><line nr="1829" mi="6" ci="0" mb="0" cb="0"/><line nr="1830" mi="5" ci="0" mb="0" cb="0"/><line nr="1832" mi="3" ci="0" mb="0" cb="0"/><line nr="1833" mi="3" ci="0" mb="0" cb="0"/><line nr="1835" mi="4" ci="0" mb="0" cb="0"/><line nr="1837" mi="11" ci="0" mb="2" cb="0"/><line nr="1838" mi="4" ci="0" mb="0" cb="0"/><line nr="1839" mi="4" ci="0" mb="2" cb="0"/><line nr="1840" mi="4" ci="0" mb="0" cb="0"/><line nr="1841" mi="5" ci="0" mb="0" cb="0"/><line nr="1842" mi="6" ci="0" mb="0" cb="0"/><line nr="1843" mi="2" ci="0" mb="0" cb="0"/><line nr="1844" mi="5" ci="0" mb="0" cb="0"/><line nr="1845" mi="10" ci="0" mb="0" cb="0"/><line nr="1846" mi="10" ci="0" mb="0" cb="0"/><line nr="1847" mi="8" ci="0" mb="0" cb="0"/><line nr="1848" mi="3" ci="0" mb="0" cb="0"/><line nr="1849" mi="2" ci="0" mb="0" cb="0"/><line nr="1850" mi="15" ci="0" mb="0" cb="0"/><line nr="1852" mi="1" ci="0" mb="0" cb="0"/><line nr="1855" mi="5" ci="0" mb="0" cb="0"/><line nr="1856" mi="8" ci="0" mb="0" cb="0"/><line nr="1857" mi="2" ci="0" mb="0" cb="0"/><line nr="1859" mi="5" ci="0" mb="0" cb="0"/><line nr="1861" mi="1" ci="0" mb="0" cb="0"/><line nr="1863" mi="11" ci="0" mb="2" cb="0"/><line nr="1864" mi="4" ci="0" mb="0" cb="0"/><line nr="1865" mi="9" ci="0" mb="6" cb="0"/><line nr="1866" mi="4" ci="0" mb="0" cb="0"/><line nr="1867" mi="5" ci="0" mb="0" cb="0"/><line nr="1868" mi="10" ci="0" mb="0" cb="0"/><line nr="1869" mi="2" ci="0" mb="0" cb="0"/><line nr="1870" mi="5" ci="0" mb="0" cb="0"/><line nr="1871" mi="10" ci="0" mb="0" cb="0"/><line nr="1872" mi="10" ci="0" mb="0" cb="0"/><line nr="1873" mi="8" ci="0" mb="0" cb="0"/><line nr="1874" mi="3" ci="0" mb="0" cb="0"/><line nr="1875" mi="2" ci="0" mb="0" cb="0"/><line nr="1876" mi="15" ci="0" mb="0" cb="0"/><line nr="1878" mi="1" ci="0" mb="0" cb="0"/><line nr="1881" mi="5" ci="0" mb="0" cb="0"/><line nr="1882" mi="8" ci="0" mb="0" cb="0"/><line nr="1883" mi="2" ci="0" mb="0" cb="0"/><line nr="1885" mi="5" ci="0" mb="0" cb="0"/><line nr="1887" mi="1" ci="0" mb="0" cb="0"/><line nr="1888" mi="2" ci="0" mb="0" cb="0"/><line nr="1897" mi="3" ci="0" mb="0" cb="0"/><line nr="1898" mi="4" ci="0" mb="0" cb="0"/><line nr="1899" mi="5" ci="0" mb="0" cb="0"/><line nr="1900" mi="7" ci="0" mb="0" cb="0"/><line nr="1901" mi="7" ci="0" mb="0" cb="0"/><line nr="1902" mi="14" ci="0" mb="2" cb="0"/><line nr="1903" mi="2" ci="0" mb="0" cb="0"/><line nr="1919" mi="0" ci="4" mb="0" cb="0"/><line nr="1920" mi="6" ci="0" mb="0" cb="0"/><line nr="1921" mi="9" ci="0" mb="0" cb="0"/><line nr="1922" mi="7" ci="0" mb="0" cb="0"/><line nr="1923" mi="2" ci="0" mb="0" cb="0"/><line nr="1934" mi="0" ci="4" mb="0" cb="0"/><line nr="1935" mi="7" ci="0" mb="0" cb="0"/><line nr="1936" mi="11" ci="0" mb="0" cb="0"/><line nr="1937" mi="5" ci="0" mb="0" cb="0"/><line nr="1938" mi="1" ci="0" mb="0" cb="0"/><line nr="1939" mi="3" ci="0" mb="0" cb="0"/><line nr="1940" mi="9" ci="0" mb="0" cb="0"/><line nr="1942" mi="9" ci="0" mb="0" cb="0"/><line nr="1943" mi="2" ci="0" mb="0" cb="0"/><line nr="1956" mi="0" ci="4" mb="0" cb="0"/><line nr="1957" mi="2" ci="0" mb="0" cb="0"/><line nr="1958" mi="15" ci="0" mb="0" cb="0"/><line nr="1971" mi="0" ci="3" mb="1" cb="1"/><line nr="1972" mi="8" ci="0" mb="0" cb="0"/><line nr="1974" mi="11" ci="0" mb="0" cb="0"/><line nr="1975" mi="5" ci="0" mb="0" cb="0"/><line nr="1976" mi="2" ci="0" mb="0" cb="0"/><line nr="1977" mi="4" ci="0" mb="0" cb="0"/><line nr="1980" mi="0" ci="8" mb="0" cb="0"/><line nr="1982" mi="0" ci="11" mb="0" cb="0"/><line nr="1983" mi="0" ci="5" mb="0" cb="0"/><line nr="1984" mi="0" ci="6" mb="0" cb="0"/><line nr="2001" mi="0" ci="4" mb="0" cb="0"/><line nr="2003" mi="2" ci="3" mb="0" cb="0"/><line nr="2005" mi="5" ci="0" mb="0" cb="0"/><line nr="2006" mi="8" ci="0" mb="0" cb="0"/><line nr="2007" mi="2" ci="0" mb="0" cb="0"/><line nr="2009" mi="5" ci="0" mb="0" cb="0"/><line nr="2011" mi="5" ci="0" mb="0" cb="0"/><line nr="2012" mi="8" ci="0" mb="0" cb="0"/><line nr="2013" mi="2" ci="0" mb="0" cb="0"/><line nr="2015" mi="5" ci="0" mb="0" cb="0"/><line nr="2017" mi="5" ci="0" mb="0" cb="0"/><line nr="2018" mi="8" ci="0" mb="0" cb="0"/><line nr="2019" mi="2" ci="0" mb="0" cb="0"/><line nr="2021" mi="5" ci="0" mb="0" cb="0"/><line nr="2023" mi="6" ci="0" mb="0" cb="0"/><line nr="2024" mi="5" ci="0" mb="0" cb="0"/><line nr="2025" mi="2" ci="0" mb="0" cb="0"/><line nr="2027" mi="7" ci="0" mb="0" cb="0"/><line nr="2028" mi="2" ci="0" mb="0" cb="0"/><line nr="2043" mi="4" ci="0" mb="0" cb="0"/><line nr="2044" mi="5" ci="0" mb="0" cb="0"/><line nr="2046" mi="5" ci="0" mb="0" cb="0"/><line nr="2047" mi="8" ci="0" mb="0" cb="0"/><line nr="2048" mi="2" ci="0" mb="0" cb="0"/><line nr="2050" mi="5" ci="0" mb="0" cb="0"/><line nr="2052" mi="5" ci="0" mb="0" cb="0"/><line nr="2053" mi="8" ci="0" mb="0" cb="0"/><line nr="2054" mi="2" ci="0" mb="0" cb="0"/><line nr="2056" mi="5" ci="0" mb="0" cb="0"/><line nr="2058" mi="6" ci="0" mb="0" cb="0"/><line nr="2059" mi="5" ci="0" mb="0" cb="0"/><line nr="2060" mi="2" ci="0" mb="0" cb="0"/><line nr="2062" mi="7" ci="0" mb="0" cb="0"/><line nr="2063" mi="2" ci="0" mb="0" cb="0"/><line nr="2081" mi="4" ci="0" mb="0" cb="0"/><line nr="2082" mi="7" ci="0" mb="0" cb="0"/><line nr="2086" mi="5" ci="0" mb="2" cb="0"/><line nr="2087" mi="9" ci="0" mb="0" cb="0"/><line nr="2088" mi="5" ci="0" mb="2" cb="0"/><line nr="2089" mi="8" ci="0" mb="0" cb="0"/><line nr="2092" mi="5" ci="0" mb="0" cb="0"/><line nr="2093" mi="5" ci="0" mb="0" cb="0"/><line nr="2094" mi="6" ci="0" mb="0" cb="0"/><line nr="2095" mi="6" ci="0" mb="0" cb="0"/><line nr="2096" mi="7" ci="0" mb="0" cb="0"/><line nr="2097" mi="7" ci="0" mb="0" cb="0"/><line nr="2098" mi="5" ci="0" mb="0" cb="0"/><line nr="2099" mi="3" ci="0" mb="0" cb="0"/><line nr="2100" mi="5" ci="0" mb="0" cb="0"/><line nr="2101" mi="3" ci="0" mb="0" cb="0"/><line nr="2102" mi="5" ci="0" mb="0" cb="0"/><line nr="2103" mi="3" ci="0" mb="0" cb="0"/><line nr="2104" mi="5" ci="0" mb="0" cb="0"/><line nr="2105" mi="2" ci="0" mb="0" cb="0"/><line nr="2107" mi="7" ci="0" mb="0" cb="0"/><line nr="2108" mi="5" ci="0" mb="0" cb="0"/><line nr="2109" mi="6" ci="0" mb="0" cb="0"/><line nr="2110" mi="6" ci="0" mb="0" cb="0"/><line nr="2111" mi="5" ci="0" mb="0" cb="0"/><line nr="2112" mi="8" ci="0" mb="0" cb="0"/><line nr="2113" mi="6" ci="0" mb="0" cb="0"/><line nr="2114" mi="15" ci="0" mb="4" cb="0"/><line nr="2115" mi="2" ci="0" mb="0" cb="0"/><line nr="2116" mi="3" ci="0" mb="2" cb="0"/><line nr="2117" mi="4" ci="0" mb="0" cb="0"/><line nr="2119" mi="6" ci="0" mb="0" cb="0"/><line nr="2120" mi="3" ci="0" mb="0" cb="0"/><line nr="2121" mi="6" ci="0" mb="4" cb="0"/><line nr="2122" mi="8" ci="0" mb="0" cb="0"/><line nr="2123" mi="5" ci="0" mb="0" cb="0"/><line nr="2124" mi="1" ci="0" mb="0" cb="0"/><line nr="2126" mi="10" ci="0" mb="2" cb="0"/><line nr="2127" mi="7" ci="0" mb="0" cb="0"/><line nr="2130" mi="9" ci="0" mb="0" cb="0"/><line nr="2131" mi="2" ci="0" mb="0" cb="0"/><line nr="2140" mi="4" ci="0" mb="0" cb="0"/><line nr="2141" mi="3" ci="0" mb="2" cb="0"/><line nr="2142" mi="12" ci="0" mb="2" cb="0"/><line nr="2143" mi="4" ci="0" mb="0" cb="0"/><line nr="2144" mi="8" ci="0" mb="0" cb="0"/><line nr="2145" mi="8" ci="0" mb="0" cb="0"/><line nr="2146" mi="9" ci="0" mb="0" cb="0"/><line nr="2147" mi="9" ci="0" mb="0" cb="0"/><line nr="2148" mi="7" ci="0" mb="0" cb="0"/><line nr="2149" mi="1" ci="0" mb="0" cb="0"/><line nr="2151" mi="4" ci="0" mb="0" cb="0"/><line nr="2152" mi="5" ci="0" mb="0" cb="0"/><line nr="2153" mi="2" ci="0" mb="0" cb="0"/><line nr="2163" mi="0" ci="4" mb="0" cb="0"/><line nr="2164" mi="0" ci="5" mb="0" cb="0"/><line nr="2165" mi="0" ci="5" mb="0" cb="0"/><line nr="2166" mi="0" ci="5" mb="0" cb="0"/><line nr="2167" mi="0" ci="2" mb="0" cb="0"/><line nr="2178" mi="0" ci="4" mb="0" cb="0"/><line nr="2179" mi="0" ci="3" mb="0" cb="0"/><line nr="2180" mi="5" ci="0" mb="0" cb="0"/><line nr="2181" mi="4" ci="0" mb="0" cb="0"/><line nr="2182" mi="4" ci="0" mb="0" cb="0"/><line nr="2193" mi="0" ci="4" mb="0" cb="0"/><line nr="2194" mi="0" ci="3" mb="0" cb="0"/><line nr="2195" mi="5" ci="0" mb="0" cb="0"/><line nr="2196" mi="4" ci="0" mb="0" cb="0"/><line nr="2197" mi="4" ci="0" mb="0" cb="0"/><line nr="2212" mi="0" ci="4" mb="0" cb="0"/><line nr="2213" mi="0" ci="3" mb="0" cb="0"/><line nr="2214" mi="5" ci="0" mb="0" cb="0"/><line nr="2215" mi="11" ci="0" mb="0" cb="0"/><line nr="2216" mi="5" ci="0" mb="0" cb="0"/><line nr="2229" mi="4" ci="0" mb="0" cb="0"/><line nr="2230" mi="3" ci="0" mb="0" cb="0"/><line nr="2231" mi="5" ci="0" mb="0" cb="0"/><line nr="2232" mi="4" ci="0" mb="0" cb="0"/><line nr="2233" mi="4" ci="0" mb="0" cb="0"/><line nr="2234" mi="5" ci="0" mb="0" cb="0"/><line nr="2235" mi="4" ci="0" mb="0" cb="0"/><line nr="2247" mi="0" ci="4" mb="0" cb="0"/><line nr="2248" mi="0" ci="3" mb="0" cb="0"/><line nr="2249" mi="5" ci="0" mb="0" cb="0"/><line nr="2250" mi="4" ci="0" mb="0" cb="0"/><line nr="2251" mi="4" ci="0" mb="0" cb="0"/><line nr="2252" mi="5" ci="0" mb="0" cb="0"/><line nr="2253" mi="4" ci="0" mb="0" cb="0"/><line nr="2270" mi="0" ci="6" mb="0" cb="0"/><line nr="2271" mi="0" ci="4" mb="0" cb="0"/><line nr="2272" mi="6" ci="0" mb="0" cb="0"/><line nr="2273" mi="5" ci="0" mb="0" cb="0"/><line nr="2274" mi="6" ci="0" mb="0" cb="0"/><line nr="2275" mi="6" ci="0" mb="0" cb="0"/><line nr="2276" mi="4" ci="0" mb="0" cb="0"/><line nr="2277" mi="4" ci="0" mb="0" cb="0"/><line nr="2278" mi="1" ci="0" mb="0" cb="0"/><line nr="2293" mi="4" ci="0" mb="0" cb="0"/><line nr="2294" mi="10" ci="0" mb="0" cb="0"/><line nr="2296" mi="4" ci="0" mb="0" cb="0"/><line nr="2297" mi="6" ci="0" mb="0" cb="0"/><line nr="2298" mi="6" ci="0" mb="0" cb="0"/><line nr="2299" mi="5" ci="0" mb="0" cb="0"/><line nr="2300" mi="5" ci="0" mb="0" cb="0"/><line nr="2301" mi="5" ci="0" mb="0" cb="0"/><line nr="2302" mi="11" ci="0" mb="0" cb="0"/><line nr="2303" mi="2" ci="0" mb="0" cb="0"/><line nr="2318" mi="8" ci="0" mb="0" cb="0"/><line nr="2319" mi="4" ci="0" mb="0" cb="0"/><line nr="2320" mi="5" ci="0" mb="0" cb="0"/><line nr="2321" mi="5" ci="0" mb="0" cb="0"/><line nr="2322" mi="2" ci="0" mb="0" cb="0"/><line nr="2330" mi="0" ci="4" mb="0" cb="0"/><line nr="2331" mi="0" ci="5" mb="0" cb="0"/><line nr="2332" mi="0" ci="5" mb="0" cb="0"/><line nr="2333" mi="0" ci="2" mb="0" cb="0"/><line nr="2347" mi="4" ci="0" mb="0" cb="0"/><line nr="2348" mi="4" ci="0" mb="0" cb="0"/><line nr="2351" mi="4" ci="0" mb="0" cb="0"/><line nr="2352" mi="5" ci="0" mb="0" cb="0"/><line nr="2353" mi="5" ci="0" mb="0" cb="0"/><line nr="2354" mi="2" ci="0" mb="0" cb="0"/><line nr="2360" mi="4" ci="0" mb="0" cb="0"/><line nr="2361" mi="4" ci="0" mb="0" cb="0"/><line nr="2363" mi="4" ci="0" mb="0" cb="0"/><line nr="2364" mi="5" ci="0" mb="0" cb="0"/><line nr="2365" mi="5" ci="0" mb="0" cb="0"/><line nr="2366" mi="2" ci="0" mb="0" cb="0"/><line nr="2381" mi="1" ci="3" mb="0" cb="0"/><line nr="2382" mi="0" ci="4" mb="0" cb="0"/><line nr="2384" mi="4" ci="0" mb="0" cb="0"/><line nr="2385" mi="5" ci="0" mb="0" cb="0"/><line nr="2386" mi="5" ci="0" mb="0" cb="0"/><line nr="2387" mi="2" ci="0" mb="0" cb="0"/><line nr="2401" mi="8" ci="0" mb="0" cb="0"/><line nr="2402" mi="4" ci="0" mb="0" cb="0"/><line nr="2403" mi="5" ci="0" mb="0" cb="0"/><line nr="2404" mi="5" ci="0" mb="0" cb="0"/><line nr="2405" mi="2" ci="0" mb="0" cb="0"/><line nr="2418" mi="0" ci="2" mb="0" cb="0"/><line nr="2419" mi="7" ci="4" mb="2" cb="0"/><line nr="2420" mi="4" ci="0" mb="0" cb="0"/><line nr="2421" mi="7" ci="0" mb="0" cb="0"/><line nr="2422" mi="8" ci="0" mb="0" cb="0"/><line nr="2423" mi="4" ci="0" mb="0" cb="0"/><line nr="2424" mi="2" ci="0" mb="2" cb="0"/><line nr="2425" mi="3" ci="0" mb="0" cb="0"/><line nr="2426" mi="3" ci="0" mb="0" cb="0"/><line nr="2428" mi="3" ci="0" mb="0" cb="0"/><line nr="2429" mi="5" ci="0" mb="0" cb="0"/><line nr="2430" mi="4" ci="0" mb="0" cb="0"/><line nr="2432" mi="4" ci="0" mb="0" cb="0"/><line nr="2433" mi="4" ci="0" mb="0" cb="0"/><line nr="2434" mi="4" ci="0" mb="0" cb="0"/><line nr="2435" mi="1" ci="0" mb="0" cb="0"/><line nr="2436" mi="5" ci="0" mb="0" cb="0"/><line nr="2446" mi="3" ci="0" mb="0" cb="0"/><line nr="2447" mi="4" ci="0" mb="0" cb="0"/><line nr="2448" mi="13" ci="0" mb="2" cb="0"/><line nr="2449" mi="3" ci="0" mb="2" cb="0"/><line nr="2450" mi="8" ci="0" mb="0" cb="0"/><line nr="2452" mi="1" ci="0" mb="0" cb="0"/><line nr="2454" mi="4" ci="0" mb="0" cb="0"/><line nr="2456" mi="10" ci="0" mb="2" cb="0"/><line nr="2457" mi="4" ci="0" mb="0" cb="0"/><line nr="2458" mi="6" ci="0" mb="0" cb="0"/><line nr="2459" mi="7" ci="0" mb="0" cb="0"/><line nr="2460" mi="2" ci="0" mb="0" cb="0"/><line nr="2461" mi="3" ci="0" mb="2" cb="0"/><line nr="2462" mi="2" ci="0" mb="0" cb="0"/><line nr="2464" mi="5" ci="0" mb="0" cb="0"/><line nr="2465" mi="6" ci="0" mb="0" cb="0"/><line nr="2466" mi="7" ci="0" mb="0" cb="0"/><line nr="2467" mi="7" ci="0" mb="0" cb="0"/><line nr="2468" mi="8" ci="0" mb="0" cb="0"/><line nr="2469" mi="4" ci="0" mb="0" cb="0"/><line nr="2470" mi="9" ci="0" mb="0" cb="0"/><line nr="2471" mi="1" ci="0" mb="0" cb="0"/><line nr="2473" mi="10" ci="0" mb="2" cb="0"/><line nr="2474" mi="4" ci="0" mb="0" cb="0"/><line nr="2475" mi="9" ci="0" mb="0" cb="0"/><line nr="2476" mi="9" ci="0" mb="0" cb="0"/><line nr="2477" mi="5" ci="0" mb="0" cb="0"/><line nr="2478" mi="5" ci="0" mb="0" cb="0"/><line nr="2479" mi="5" ci="0" mb="0" cb="0"/><line nr="2480" mi="5" ci="0" mb="0" cb="0"/><line nr="2481" mi="11" ci="0" mb="0" cb="0"/><line nr="2482" mi="4" ci="0" mb="0" cb="0"/><line nr="2483" mi="1" ci="0" mb="0" cb="0"/><line nr="2484" mi="4" ci="0" mb="0" cb="0"/><line nr="2485" mi="5" ci="0" mb="0" cb="0"/><line nr="2486" mi="2" ci="0" mb="0" cb="0"/><counter type="INSTRUCTION" missed="4451" covered="1322"/><counter type="BRANCH" missed="180" covered="52"/><counter type="LINE" missed="856" covered="256"/><counter type="COMPLEXITY" missed="169" covered="68"/><counter type="METHOD" missed="65" covered="56"/><counter type="CLASS" missed="0" covered="1"/></sourcefile><counter type="INSTRUCTION" missed="4451" covered="1322"/><counter type="BRANCH" missed="180" covered="52"/><counter type="LINE" missed="856" covered="256"/><counter type="COMPLEXITY" missed="169" covered="68"/><counter type="METHOD" missed="65" covered="56"/><counter type="CLASS" missed="0" covered="1"/></package><counter type="INSTRUCTION" missed="4451" covered="1322"/><counter type="BRANCH" missed="180" covered="52"/><counter type="LINE" missed="856" covered="256"/><counter type="COMPLEXITY" missed="169" covered="68"/><counter type="METHOD" missed="65" covered="56"/><counter type="CLASS" missed="0" covered="1"/></report>