<?xml version="1.0" encoding="UTF-8" standalone="yes"?><!DOCTYPE report PUBLIC "-//JACOCO//DTD Report 1.1//EN" "report.dtd"><report name="JaCoCo Coverage Report"><sessioninfo id="MSI-fc37d25a" start="1788247662154" dump="1788247665641"/><package name="org/apache/storm/daemon/ui"><class name="org/apache/storm/daemon/ui/UIHelpers" sourcefilename="UIHelpers.java"><method name="&lt;init&gt;" desc="()V" line="122"><counter type="INSTRUCTION" missed="3" covered="0"/><counter type="LINE" missed="1" covered="0"/><counter type="COMPLEXITY" missed="1" covered="0"/><counter type="METHOD" missed="1" covered="0"/></method><method name="prettyUptimeStr" desc="(Ljava/lang/String;[[Ljava/lang/Object;)Ljava/lang/String;" line="191"><counter type="INSTRUCTION" missed="5" covered="56"/><counter type="BRANCH" missed="1" covered="5"/><counter type="LINE" missed="1" covered="10"/><counter type="COMPLEXITY" missed="1" covered="3"/><counter type="METHOD" missed="0" covered="1"/></method><method name="prettyUptimeSec" desc="(Ljava/lang/String;)Ljava/lang/String;" line="214"><counter type="INSTRUCTION" missed="4" covered="0"/><counter type="LINE" missed="1" covered="0"/><counter type="COMPLEXITY" missed="1" covered="0"/><counter type="METHOD" missed="1" covered="0"/></method><method name="prettyUptimeSec" desc="(I)Ljava/lang/String;" line="223"><counter type="INSTRUCTION" missed="5" covered="0"/><counter type="LINE" missed="1" covered="0"/><counter type="COMPLEXITY" missed="1" covered="0"/><counter type="METHOD" missed="1" covered="0"/></method><method name="prettyUptimeMs" desc="(Ljava/lang/String;)Ljava/lang/String;" line="232"><counter type="INSTRUCTION" missed="4" covered="0"/><counter type="LINE" missed="1" covered="0"/><counter type="COMPLEXITY" missed="1" covered="0"/><counter type="METHOD" missed="1" covered="0"/></method><method name="prettyUptimeMs" desc="(I)Ljava/lang/String;" line="241"><counter type="INSTRUCTION" missed="0" covered="5"/><counter type="LINE" missed="0" covered="1"/><counter type="COMPLEXITY" missed="0" covered="1"/><counter type="METHOD" missed="0" covered="1"/></method><method name="urlFormat" desc="(Ljava/lang/String;[Ljava/lang/Object;)Ljava/lang/String;" line="251"><counter type="INSTRUCTION" missed="0" covered="24"/><counter type="BRANCH" missed="0" covered="2"/><counter type="LINE" missed="0" covered="4"/><counter type="COMPLEXITY" missed="0" covered="2"/><counter type="METHOD" missed="0" covered="1"/></method><method name="prettyExecutorInfo" desc="(Lorg/apache/storm/generated/ExecutorInfo;)Ljava/lang/String;" line="264"><counter type="INSTRUCTION" missed="6" covered="0"/><counter type="LINE" missed="1" covered="0"/><counter type="COMPLEXITY" missed="1" covered="0"/><counter type="METHOD" missed="1" covered="0"/></method><method name="unauthorizedUserJson" desc="(Ljava/lang/String;)Ljava/util/Map;" line="273"><counter type="INSTRUCTION" missed="13" covered="0"/><counter type="LINE" missed="2" covered="0"/><counter type="COMPLEXITY" missed="1" covered="0"/><counter type="METHOD" missed="1" covered="0"/></method><method name="mkSslConnector" desc="(Lorg/eclipse/jetty/server/Server;Ljava/lang/Integer;Ljava/lang/String;Ljava/lang/String;Ljava/lang/String;Ljava/lang/String;Ljava/lang/String;Ljava/lang/String;Ljava/lang/String;Ljava/lang/Boolean;Ljava/lang/Boolean;Ljava/lang/Integer;Z)Lorg/eclipse/jetty/server/ServerConnector;" line="284"><counter type="INSTRUCTION" missed="71" covered="46"/><counter type="BRANCH" missed="13" covered="3"/><counter type="LINE" missed="15" covered="9"/><counter type="COMPLEXITY" missed="8" covered="1"/><counter type="METHOD" missed="0" covered="1"/></method><method name="configSsl" desc="(Lorg/eclipse/jetty/server/Server;Ljava/lang/Integer;Ljava/lang/String;Ljava/lang/String;Ljava/lang/String;Ljava/lang/String;Ljava/lang/String;Ljava/lang/String;Ljava/lang/String;Ljava/lang/Boolean;Ljava/lang/Boolean;Z)V" line="324"><counter type="INSTRUCTION" missed="15" covered="0"/><counter type="LINE" missed="2" covered="0"/><counter type="COMPLEXITY" missed="1" covered="0"/><counter type="METHOD" missed="1" covered="0"/></method><method name="configSsl" desc="(Lorg/eclipse/jetty/server/Server;Ljava/lang/Integer;Ljava/lang/String;Ljava/lang/String;Ljava/lang/String;Ljava/lang/String;Ljava/lang/String;Ljava/lang/String;Ljava/lang/String;Ljava/lang/Boolean;Ljava/lang/Boolean;Ljava/lang/Integer;Z)V" line="351"><counter type="INSTRUCTION" missed="2" covered="18"/><counter type="BRANCH" missed="0" covered="2"/><counter type="LINE" missed="1" covered="3"/><counter type="COMPLEXITY" missed="0" covered="2"/><counter type="METHOD" missed="0" covered="1"/></method><method name="corsFilterHandle" desc="()Lorg/eclipse/jetty/ee10/servlet/FilterHolder;" line="367"><counter type="INSTRUCTION" missed="0" covered="25"/><counter type="LINE" missed="0" covered="6"/><counter type="COMPLEXITY" missed="0" covered="1"/><counter type="METHOD" missed="0" covered="1"/></method><method name="mkAccessLoggingFilterHandle" desc="()Lorg/eclipse/jetty/ee10/servlet/FilterHolder;" line="384"><counter type="INSTRUCTION" missed="7" covered="0"/><counter type="LINE" missed="1" covered="0"/><counter type="COMPLEXITY" missed="1" covered="0"/><counter type="METHOD" missed="1" covered="0"/></method><method name="configFilter" desc="(Lorg/eclipse/jetty/server/Server;Ljakarta/servlet/Servlet;Ljava/util/List;)V" line="389"><counter type="INSTRUCTION" missed="6" covered="0"/><counter type="LINE" missed="2" covered="0"/><counter type="COMPLEXITY" missed="1" covered="0"/><counter type="METHOD" missed="1" covered="0"/></method><method name="configFilter" desc="(Lorg/eclipse/jetty/server/Server;Ljakarta/servlet/Servlet;Ljava/util/List;Ljava/util/Map;)V" line="402"><counter type="INSTRUCTION" missed="31" covered="0"/><counter type="BRANCH" missed="4" covered="0"/><counter type="LINE" missed="10" covered="0"/><counter type="COMPLEXITY" missed="3" covered="0"/><counter type="METHOD" missed="1" covered="0"/></method><method name="configFilters" desc="(Lorg/eclipse/jetty/ee10/servlet/ServletContextHandler;Ljava/util/List;)V" line="422"><counter type="INSTRUCTION" missed="68" covered="0"/><counter type="BRANCH" missed="8" covered="0"/><counter type="LINE" missed="18" covered="0"/><counter type="COMPLEXITY" missed="5" covered="0"/><counter type="METHOD" missed="1" covered="0"/></method><method name="jettyCreateServer" desc="(Ljava/lang/Integer;Ljava/lang/String;Ljava/lang/Integer;Ljava/lang/Boolean;)Lorg/eclipse/jetty/server/Server;" line="450"><counter type="INSTRUCTION" missed="7" covered="0"/><counter type="LINE" missed="1" covered="0"/><counter type="COMPLEXITY" missed="1" covered="0"/><counter type="METHOD" missed="1" covered="0"/></method><method name="jettyCreateServer" desc="(Ljava/lang/Integer;Ljava/lang/String;Ljava/lang/Integer;Ljava/lang/Integer;Ljava/lang/Boolean;)Lorg/eclipse/jetty/server/Server;" line="458"><counter type="INSTRUCTION" missed="0" covered="60"/><counter type="BRANCH" missed="3" covered="7"/><counter type="LINE" missed="0" covered="12"/><counter type="COMPLEXITY" missed="3" covered="3"/><counter type="METHOD" missed="0" covered="1"/></method><method name="stormRunJetty" desc="(Ljava/lang/Integer;Ljava/lang/String;Ljava/lang/Integer;Ljava/lang/Integer;Lorg/apache/storm/daemon/ui/IConfigurator;)V" line="485"><counter type="INSTRUCTION" missed="6" covered="10"/><counter type="BRANCH" missed="1" covered="1"/><counter type="LINE" missed="3" covered="2"/><counter type="COMPLEXITY" missed="1" covered="1"/><counter type="METHOD" missed="0" covered="1"/></method><method name="stormRunJetty" desc="(Ljava/lang/Integer;Ljava/lang/Integer;Lorg/apache/storm/daemon/ui/IConfigurator;)V" line="494"><counter type="INSTRUCTION" missed="7" covered="0"/><counter type="LINE" missed="2" covered="0"/><counter type="COMPLEXITY" missed="1" covered="0"/><counter type="METHOD" missed="1" covered="0"/></method><method name="sanitizeJsonpCallback" desc="(Ljava/lang/String;)Ljava/lang/String;" line="501"><counter type="INSTRUCTION" missed="4" covered="16"/><counter type="BRANCH" missed="3" covered="3"/><counter type="LINE" missed="2" covered="4"/><counter type="COMPLEXITY" missed="3" covered="1"/><counter type="METHOD" missed="0" covered="1"/></method><method name="wrapJsonInCallback" desc="(Ljava/lang/String;Ljava/lang/String;)Ljava/lang/String;" line="518"><counter type="INSTRUCTION" missed="0" covered="4"/><counter type="LINE" missed="0" covered="1"/><counter type="COMPLEXITY" missed="0" covered="1"/><counter type="METHOD" missed="0" covered="1"/></method><method name="getJsonResponseHeaders" desc="(Ljava/lang/String;Ljava/util/Map;)Ljava/util/Map;" line="528"><counter type="INSTRUCTION" missed="9" covered="38"/><counter type="BRANCH" missed="2" covered="2"/><counter type="LINE" missed="2" covered="10"/><counter type="COMPLEXITY" missed="2" covered="1"/><counter type="METHOD" missed="0" covered="1"/></method><method name="getJsonResponseBody" desc="(Ljava/lang/Object;Ljava/lang/String;Z)Ljava/lang/String;" line="550"><counter type="INSTRUCTION" missed="6" covered="13"/><counter type="BRANCH" missed="2" covered="2"/><counter type="LINE" missed="0" covered="3"/><counter type="COMPLEXITY" missed="2" covered="1"/><counter type="METHOD" missed="0" covered="1"/></method><method name="exceptionToJson" desc="(Ljava/lang/Exception;I)Ljava/util/Map;" line="562"><counter type="INSTRUCTION" missed="27" covered="0"/><counter type="BRANCH" missed="4" covered="0"/><counter type="LINE" missed="6" covered="0"/><counter type="COMPLEXITY" missed="3" covered="0"/><counter type="METHOD" missed="1" covered="0"/></method><method name="makeStandardResponse" desc="(Ljava/lang/Object;Ljava/lang/String;)Ljakarta/ws/rs/core/Response;" line="575"><counter type="INSTRUCTION" missed="0" covered="6"/><counter type="LINE" missed="0" covered="1"/><counter type="COMPLEXITY" missed="0" covered="1"/><counter type="METHOD" missed="0" covered="1"/></method><method name="makeStandardResponse" desc="(Ljava/lang/Object;Ljava/lang/String;Ljakarta/ws/rs/core/Response$Status;)Ljakarta/ws/rs/core/Response;" line="579"><counter type="INSTRUCTION" missed="6" covered="0"/><counter type="LINE" missed="1" covered="0"/><counter type="COMPLEXITY" missed="1" covered="0"/><counter type="METHOD" missed="1" covered="0"/></method><method name="makeStandardResponse" desc="(Ljava/lang/Object;Ljava/lang/String;ZLjakarta/ws/rs/core/Response$Status;)Ljakarta/ws/rs/core/Response;" line="591"><counter type="INSTRUCTION" missed="0" covered="37"/><counter type="BRANCH" missed="0" covered="2"/><counter type="LINE" missed="0" covered="7"/><counter type="COMPLEXITY" missed="0" covered="2"/><counter type="METHOD" missed="0" covered="1"/></method><method name="toJsonStruct" desc="(Lorg/apache/storm/utils/IVersionInfo;)Ljava/util/Map;" line="604"><counter type="INSTRUCTION" missed="36" covered="0"/><counter type="LINE" missed="7" covered="0"/><counter type="COMPLEXITY" missed="1" covered="0"/><counter type="METHOD" missed="1" covered="0"/></method><method name="getClusterSummary" desc="(Lorg/apache/storm/generated/ClusterSummary;Ljava/lang/String;Ljava/util/Map;)Ljava/util/Map;" line="622"><counter type="INSTRUCTION" missed="326" covered="7"/><counter type="BRANCH" missed="13" covered="1"/><counter type="LINE" missed="72" covered="2"/><counter type="COMPLEXITY" missed="7" covered="1"/><counter type="METHOD" missed="0" covered="1"/></method><method name="prettifyGenericResources" desc="(Ljava/util/Map;)Ljava/lang/String;" line="722"><counter type="INSTRUCTION" missed="22" covered="0"/><counter type="BRANCH" missed="2" covered="0"/><counter type="LINE" missed="8" covered="0"/><counter type="COMPLEXITY" missed="2" covered="0"/><counter type="METHOD" missed="1" covered="0"/></method><method name="unpackOwnerResourceSummary" desc="(Lorg/apache/storm/generated/OwnerResourceSummary;)Ljava/util/Map;" line="741"><counter type="INSTRUCTION" missed="198" covered="0"/><counter type="BRANCH" missed="18" covered="0"/><counter type="LINE" missed="38" covered="0"/><counter type="COMPLEXITY" missed="10" covered="0"/><counter type="METHOD" missed="1" covered="0"/></method><method name="getOwnerResourceSummaries" desc="(Ljava/util/List;Ljava/util/Map;)Ljava/util/Map;" line="805"><counter type="INSTRUCTION" missed="38" covered="0"/><counter type="BRANCH" missed="2" covered="0"/><counter type="LINE" missed="8" covered="0"/><counter type="COMPLEXITY" missed="2" covered="0"/><counter type="METHOD" missed="1" covered="0"/></method><method name="getTopologyMap" desc="(Lorg/apache/storm/generated/TopologySummary;)Ljava/util/Map;" line="824"><counter type="INSTRUCTION" missed="169" covered="4"/><counter type="LINE" missed="29" covered="1"/><counter type="COMPLEXITY" missed="0" covered="1"/><counter type="METHOD" missed="0" covered="1"/></method><method name="getOwnerResourceSummary" desc="(Ljava/util/List;Lorg/apache/storm/generated/Nimbus$Iface;Ljava/lang/String;Ljava/util/Map;)Ljava/util/Map;" line="867"><counter type="INSTRUCTION" missed="37" covered="4"/><counter type="BRANCH" missed="2" covered="0"/><counter type="LINE" missed="8" covered="1"/><counter type="COMPLEXITY" missed="1" covered="1"/><counter type="METHOD" missed="0" covered="1"/></method><method name="getTopologiesMap" desc="(Ljava/lang/String;Ljava/util/List;)Ljava/util/List;" line="890"><counter type="INSTRUCTION" missed="29" covered="0"/><counter type="BRANCH" missed="6" covered="0"/><counter type="LINE" missed="6" covered="0"/><counter type="COMPLEXITY" missed="4" covered="0"/><counter type="METHOD" missed="1" covered="0"/></method><method name="getLogviewerLink" desc="(Ljava/lang/String;Ljava/lang/String;Ljava/util/Map;I)Ljava/lang/String;" line="910"><counter type="INSTRUCTION" missed="41" covered="0"/><counter type="BRANCH" missed="2" covered="0"/><counter type="LINE" missed="5" covered="0"/><counter type="COMPLEXITY" missed="2" covered="0"/><counter type="METHOD" missed="1" covered="0"/></method><method name="getNimbusLogLink" desc="(Ljava/lang/String;Ljava/util/Map;)Ljava/lang/String;" line="926"><counter type="INSTRUCTION" missed="33" covered="0"/><counter type="BRANCH" missed="2" covered="0"/><counter type="LINE" missed="5" covered="0"/><counter type="COMPLEXITY" missed="2" covered="0"/><counter type="METHOD" missed="1" covered="0"/></method><method name="getSupervisorLogLink" desc="(Ljava/lang/String;Ljava/util/Map;)Ljava/lang/String;" line="941"><counter type="INSTRUCTION" missed="33" covered="0"/><counter type="BRANCH" missed="2" covered="0"/><counter type="LINE" missed="5" covered="0"/><counter type="COMPLEXITY" missed="2" covered="0"/><counter type="METHOD" missed="1" covered="0"/></method><method name="getWorkerLogLink" desc="(Ljava/lang/String;ILjava/util/Map;Ljava/lang/String;)Ljava/lang/String;" line="957"><counter type="INSTRUCTION" missed="9" covered="0"/><counter type="LINE" missed="3" covered="0"/><counter type="COMPLEXITY" missed="1" covered="0"/><counter type="METHOD" missed="1" covered="0"/></method><method name="getPrettifiedSupervisorMap" desc="(Lorg/apache/storm/generated/SupervisorSummary;Ljava/util/Map;)Ljava/util/Map;" line="973"><counter type="INSTRUCTION" missed="174" covered="0"/><counter type="LINE" missed="33" covered="0"/><counter type="COMPLEXITY" missed="1" covered="0"/><counter type="METHOD" missed="1" covered="0"/></method><method name="getTopologyHistoryInfo" desc="(Lorg/apache/storm/generated/TopologyHistoryInfo;)Ljava/util/Map;" line="1026"><counter type="INSTRUCTION" missed="8" covered="4"/><counter type="LINE" missed="2" covered="1"/><counter type="COMPLEXITY" missed="0" covered="1"/><counter type="METHOD" missed="0" covered="1"/></method><method name="isSecureLogviewer" desc="(Ljava/util/Map;)Z" line="1037"><counter type="INSTRUCTION" missed="16" covered="0"/><counter type="BRANCH" missed="4" covered="0"/><counter type="LINE" missed="5" covered="0"/><counter type="COMPLEXITY" missed="3" covered="0"/><counter type="METHOD" missed="1" covered="0"/></method><method name="getLogviewerPort" desc="(Ljava/util/Map;)I" line="1052"><counter type="INSTRUCTION" missed="15" covered="0"/><counter type="BRANCH" missed="2" covered="0"/><counter type="LINE" missed="3" covered="0"/><counter type="COMPLEXITY" missed="2" covered="0"/><counter type="METHOD" missed="1" covered="0"/></method><method name="getWorkerSummaries" desc="(Lorg/apache/storm/generated/SupervisorPageInfo;Ljava/util/Map;)Ljava/util/List;" line="1066"><counter type="INSTRUCTION" missed="23" covered="4"/><counter type="BRANCH" missed="4" covered="0"/><counter type="LINE" missed="5" covered="1"/><counter type="COMPLEXITY" missed="2" covered="1"/><counter type="METHOD" missed="0" covered="1"/></method><method name="getWorkerSummaryMap" desc="(Lorg/apache/storm/generated/WorkerSummary;Ljava/util/Map;)Ljava/util/Map;" line="1082"><counter type="INSTRUCTION" missed="103" covered="0"/><counter type="LINE" missed="17" covered="0"/><counter type="COMPLEXITY" missed="1" covered="0"/><counter type="METHOD" missed="1" covered="0"/></method><method name="getSupervisorSummary" desc="(Ljava/util/List;Ljakarta/ws/rs/core/SecurityContext;Ljava/util/Map;)Ljava/util/Map;" line="1111"><counter type="INSTRUCTION" missed="21" covered="4"/><counter type="LINE" missed="6" covered="1"/><counter type="COMPLEXITY" missed="0" covered="1"/><counter type="METHOD" missed="0" covered="1"/></method><method name="getSupervisorsMap" desc="(Ljava/util/List;Ljava/util/Map;)Ljava/util/List;" line="1130"><counter type="INSTRUCTION" missed="23" covered="0"/><counter type="BRANCH" missed="2" covered="0"/><counter type="LINE" missed="5" covered="0"/><counter type="COMPLEXITY" missed="2" covered="0"/><counter type="METHOD" missed="1" covered="0"/></method><method name="addLogviewerInfo" desc="(Ljava/util/Map;Ljava/util/Map;)V" line="1143"><counter type="INSTRUCTION" missed="20" covered="0"/><counter type="BRANCH" missed="2" covered="0"/><counter type="LINE" missed="6" covered="0"/><counter type="COMPLEXITY" missed="2" covered="0"/><counter type="METHOD" missed="1" covered="0"/></method><method name="getSupervisorPageInfo" desc="(Lorg/apache/storm/generated/SupervisorPageInfo;Ljava/util/Map;)Ljava/util/Map;" line="1159"><counter type="INSTRUCTION" missed="33" covered="0"/><counter type="LINE" missed="7" covered="0"/><counter type="COMPLEXITY" missed="1" covered="0"/><counter type="METHOD" missed="1" covered="0"/></method><method name="getAllTopologiesSummary" desc="(Ljava/util/List;Ljava/util/Map;)Ljava/util/Map;" line="1176"><counter type="INSTRUCTION" missed="20" covered="0"/><counter type="LINE" missed="4" covered="0"/><counter type="COMPLEXITY" missed="1" covered="0"/><counter type="METHOD" missed="1" covered="0"/></method><method name="getWindowHint" desc="(Ljava/lang/String;)Ljava/lang/String;" line="1188"><counter type="INSTRUCTION" missed="9" covered="0"/><counter type="BRANCH" missed="2" covered="0"/><counter type="LINE" missed="3" covered="0"/><counter type="COMPLEXITY" missed="2" covered="0"/><counter type="METHOD" missed="1" covered="0"/></method><method name="getStatDisplayMap" desc="(Ljava/util/Map;)Ljava/util/Map;" line="1200"><counter type="INSTRUCTION" missed="28" covered="0"/><counter type="BRANCH" missed="2" covered="0"/><counter type="LINE" missed="5" covered="0"/><counter type="COMPLEXITY" missed="2" covered="0"/><counter type="METHOD" missed="1" covered="0"/></method><method name="getTopologySummary" desc="(Lorg/apache/storm/generated/TopologyPageInfo;Ljava/lang/String;Ljava/util/Map;Ljava/lang/String;)Ljava/util/Map;" line="1218"><counter type="INSTRUCTION" missed="80" covered="0"/><counter type="LINE" missed="16" covered="0"/><counter type="COMPLEXITY" missed="1" covered="0"/><counter type="METHOD" missed="1" covered="0"/></method><method name="getStatDisplayMapLong" desc="(Ljava/util/Map;)Ljava/util/Map;" line="1242"><counter type="INSTRUCTION" missed="27" covered="0"/><counter type="BRANCH" missed="2" covered="0"/><counter type="LINE" missed="5" covered="0"/><counter type="COMPLEXITY" missed="2" covered="0"/><counter type="METHOD" missed="1" covered="0"/></method><method name="getCommonAggStatsMap" desc="(Lorg/apache/storm/generated/CommonAggregateStats;)Ljava/util/Map;" line="1255"><counter type="INSTRUCTION" missed="82" covered="0"/><counter type="BRANCH" missed="2" covered="0"/><counter type="LINE" missed="17" covered="0"/><counter type="COMPLEXITY" missed="2" covered="0"/><counter type="METHOD" missed="1" covered="0"/></method><method name="getTruncatedErrorString" desc="(Ljava/lang/String;)Ljava/lang/String;" line="1286"><counter type="INSTRUCTION" missed="8" covered="0"/><counter type="LINE" missed="1" covered="0"/><counter type="COMPLEXITY" missed="1" covered="0"/><counter type="METHOD" missed="1" covered="0"/></method><method name="getSpoutAggStatsMap" desc="(Lorg/apache/storm/generated/ComponentAggregateStats;Ljava/lang/String;)Ljava/util/Map;" line="1297"><counter type="INSTRUCTION" missed="74" covered="0"/><counter type="BRANCH" missed="2" covered="0"/><counter type="LINE" missed="13" covered="0"/><counter type="COMPLEXITY" missed="2" covered="0"/><counter type="METHOD" missed="1" covered="0"/></method><method name="getBoltAggStatsMap" desc="(Lorg/apache/storm/generated/ComponentAggregateStats;Ljava/lang/String;)Ljava/util/Map;" line="1321"><counter type="INSTRUCTION" missed="83" covered="0"/><counter type="LINE" missed="14" covered="0"/><counter type="COMPLEXITY" missed="1" covered="0"/><counter type="METHOD" missed="1" covered="0"/></method><method name="nullToZero" desc="(Ljava/lang/Long;)Ljava/lang/Long;" line="1343"><counter type="INSTRUCTION" missed="9" covered="0"/><counter type="BRANCH" missed="2" covered="0"/><counter type="LINE" missed="1" covered="0"/><counter type="COMPLEXITY" missed="2" covered="0"/><counter type="METHOD" missed="1" covered="0"/></method><method name="nullToZero" desc="(Ljava/lang/Double;)Ljava/lang/Double;" line="1352"><counter type="INSTRUCTION" missed="9" covered="0"/><counter type="BRANCH" missed="2" covered="0"/><counter type="LINE" missed="1" covered="0"/><counter type="COMPLEXITY" missed="2" covered="0"/><counter type="METHOD" missed="1" covered="0"/></method><method name="getBoltInputStats" desc="(Lorg/apache/storm/generated/GlobalStreamId;Lorg/apache/storm/generated/ComponentAggregateStats;)Ljava/util/Map;" line="1363"><counter type="INSTRUCTION" missed="75" covered="0"/><counter type="LINE" missed="14" covered="0"/><counter type="COMPLEXITY" missed="1" covered="0"/><counter type="METHOD" missed="1" covered="0"/></method><method name="getBoltOutputStats" desc="(Ljava/lang/String;Lorg/apache/storm/generated/ComponentAggregateStats;)Ljava/util/Map;" line="1387"><counter type="INSTRUCTION" missed="30" covered="0"/><counter type="LINE" missed="6" covered="0"/><counter type="COMPLEXITY" missed="1" covered="0"/><counter type="METHOD" missed="1" covered="0"/></method><method name="getSpoutOutputStats" desc="(Ljava/lang/String;Lorg/apache/storm/generated/ComponentAggregateStats;)Ljava/util/Map;" line="1403"><counter type="INSTRUCTION" missed="60" covered="0"/><counter type="LINE" missed="11" covered="0"/><counter type="COMPLEXITY" missed="1" covered="0"/><counter type="METHOD" missed="1" covered="0"/></method><method name="getBoltExecutorStats" desc="(Ljava/lang/String;Ljava/util/Map;Lorg/apache/storm/generated/ExecutorAggregateStats;)Ljava/util/Map;" line="1425"><counter type="INSTRUCTION" missed="143" covered="0"/><counter type="LINE" missed="26" covered="0"/><counter type="COMPLEXITY" missed="1" covered="0"/><counter type="METHOD" missed="1" covered="0"/></method><method name="getSpoutExecutorStats" desc="(Ljava/lang/String;Ljava/util/Map;Lorg/apache/storm/generated/ExecutorAggregateStats;)Ljava/util/Map;" line="1464"><counter type="INSTRUCTION" missed="118" covered="0"/><counter type="LINE" missed="23" covered="0"/><counter type="COMPLEXITY" missed="1" covered="0"/><counter type="METHOD" missed="1" covered="0"/></method><method name="getComponentLastErrorInfo" desc="(Lorg/apache/storm/generated/ErrorInfo;Ljava/util/Map;Ljava/lang/String;)Ljava/util/Map;" line="1501"><counter type="INSTRUCTION" missed="47" covered="0"/><counter type="BRANCH" missed="2" covered="0"/><counter type="LINE" missed="10" covered="0"/><counter type="COMPLEXITY" missed="2" covered="0"/><counter type="METHOD" missed="1" covered="0"/></method><method name="getComponentErrorInfo" desc="(Lorg/apache/storm/generated/ErrorInfo;Ljava/util/Map;Ljava/lang/String;Z)Ljava/util/Map;" line="1529"><counter type="INSTRUCTION" missed="63" covered="0"/><counter type="BRANCH" missed="2" covered="0"/><counter type="LINE" missed="13" covered="0"/><counter type="COMPLEXITY" missed="2" covered="0"/><counter type="METHOD" missed="1" covered="0"/></method><method name="getComponentErrors" desc="(Ljava/util/List;Ljava/lang/String;Ljava/util/Map;)Ljava/util/Map;" line="1557"><counter type="INSTRUCTION" missed="23" covered="0"/><counter type="LINE" missed="6" covered="0"/><counter type="COMPLEXITY" missed="1" covered="0"/><counter type="METHOD" missed="1" covered="0"/></method><method name="getTopologySpoutAggStatsMap" desc="(Lorg/apache/storm/generated/ComponentAggregateStats;Ljava/lang/String;Ljava/util/Map;Ljava/lang/String;)Ljava/util/Map;" line="1575"><counter type="INSTRUCTION" missed="43" covered="0"/><counter type="LINE" missed="9" covered="0"/><counter type="COMPLEXITY" missed="1" covered="0"/><counter type="METHOD" missed="1" covered="0"/></method><method name="getTopologyBoltAggStatsMap" desc="(Lorg/apache/storm/generated/ComponentAggregateStats;Ljava/lang/String;Ljava/util/Map;Ljava/lang/String;)Ljava/util/Map;" line="1594"><counter type="INSTRUCTION" missed="66" covered="0"/><counter type="LINE" missed="12" covered="0"/><counter type="COMPLEXITY" missed="1" covered="0"/><counter type="METHOD" missed="1" covered="0"/></method><method name="getTopologyStatsMap" desc="(Lorg/apache/storm/generated/TopologyStats;)Ljava/util/List;" line="1614"><counter type="INSTRUCTION" missed="99" covered="0"/><counter type="BRANCH" missed="2" covered="0"/><counter type="LINE" missed="18" covered="0"/><counter type="COMPLEXITY" missed="2" covered="0"/><counter type="METHOD" missed="1" covered="0"/></method><method name="unpackTopologyInfo" desc="(Lorg/apache/storm/generated/TopologyPageInfo;Ljava/lang/String;Ljava/util/Map;)Ljava/util/Map;" line="1644"><counter type="INSTRUCTION" missed="375" covered="0"/><counter type="BRANCH" missed="12" covered="0"/><counter type="LINE" missed="64" covered="0"/><counter type="COMPLEXITY" missed="7" covered="0"/><counter type="METHOD" missed="1" covered="0"/></method><method name="getTopologyWorkers" desc="(Lorg/apache/storm/generated/TopologyInfo;Ljava/util/Map;)Ljava/util/Map;" line="1727"><counter type="INSTRUCTION" missed="61" covered="4"/><counter type="BRANCH" missed="2" covered="0"/><counter type="LINE" missed="14" covered="1"/><counter type="COMPLEXITY" missed="1" covered="1"/><counter type="METHOD" missed="0" covered="1"/></method><method name="getTopologyLag" desc="(Lorg/apache/storm/generated/StormTopology;Ljava/util/Map;)Ljava/util/Map;" line="1752"><counter type="INSTRUCTION" missed="14" covered="0"/><counter type="BRANCH" missed="2" covered="0"/><counter type="LINE" missed="2" covered="0"/><counter type="COMPLEXITY" missed="2" covered="0"/><counter type="METHOD" missed="1" covered="0"/></method><method name="getBoltExecutors" desc="(Ljava/util/List;Lorg/apache/storm/generated/StormTopology;Z)Ljava/util/Map;" line="1765"><counter type="INSTRUCTION" missed="49" covered="0"/><counter type="BRANCH" missed="8" covered="0"/><counter type="LINE" missed="9" covered="0"/><counter type="COMPLEXITY" missed="5" covered="0"/><counter type="METHOD" missed="1" covered="0"/></method><method name="getSpoutExecutors" desc="(Ljava/util/List;Lorg/apache/storm/generated/StormTopology;)Ljava/util/Map;" line="1785"><counter type="INSTRUCTION" missed="43" covered="0"/><counter type="BRANCH" missed="4" covered="0"/><counter type="LINE" missed="8" covered="0"/><counter type="COMPLEXITY" missed="3" covered="0"/><counter type="METHOD" missed="1" covered="0"/></method><method name="sanitizeStreamName" desc="(Ljava/lang/String;)Ljava/lang/String;" line="1803"><counter type="INSTRUCTION" missed="22" covered="0"/><counter type="BRANCH" missed="4" covered="0"/><counter type="LINE" missed="4" covered="0"/><counter type="COMPLEXITY" missed="3" covered="0"/><counter type="METHOD" missed="1" covered="0"/></method><method name="sanitizeTransferredStats" desc="(Ljava/util/Map;)Ljava/util/Map;" line="1817"><counter type="INSTRUCTION" missed="53" covered="0"/><counter type="BRANCH" missed="4" covered="0"/><counter type="LINE" missed="9" covered="0"/><counter type="COMPLEXITY" missed="3" covered="0"/><counter type="METHOD" missed="1" covered="0"/></method><method name="getStatMapFromExecutorSummary" desc="(Lorg/apache/storm/generated/ExecutorSummary;)Ljava/util/Map;" line="1834"><counter type="INSTRUCTION" missed="42" covered="0"/><counter type="BRANCH" missed="2" covered="0"/><counter type="LINE" missed="8" covered="0"/><counter type="COMPLEXITY" missed="2" covered="0"/><counter type="METHOD" missed="1" covered="0"/></method><method name="getInputMap" desc="(Ljava/util/Map$Entry;)Ljava/util/Map;" line="1853"><counter type="INSTRUCTION" missed="41" covered="0"/><counter type="LINE" missed="6" covered="0"/><counter type="COMPLEXITY" missed="1" covered="0"/><counter type="METHOD" missed="1" covered="0"/></method><method name="getVisualizationData" desc="(Lorg/apache/storm/generated/Nimbus$Iface;Ljava/lang/String;Ljava/lang/String;Z)Ljava/util/Map;" line="1872"><counter type="INSTRUCTION" missed="267" covered="7"/><counter type="BRANCH" missed="12" covered="0"/><counter type="LINE" missed="48" covered="2"/><counter type="COMPLEXITY" missed="6" covered="1"/><counter type="METHOD" missed="0" covered="1"/></method><method name="getStreamBox" desc="(Ljava/lang/Object;)Ljava/util/Map;" line="1944"><counter type="INSTRUCTION" missed="42" covered="0"/><counter type="BRANCH" missed="2" covered="0"/><counter type="LINE" missed="7" covered="0"/><counter type="COMPLEXITY" missed="2" covered="0"/><counter type="METHOD" missed="1" covered="0"/></method><method name="getBuildVisualization" desc="(Lorg/apache/storm/generated/Nimbus$Iface;Ljava/util/Map;Ljava/lang/String;Ljava/lang/String;Z)Ljava/util/Map;" line="1966"><counter type="INSTRUCTION" missed="25" covered="4"/><counter type="LINE" missed="4" covered="1"/><counter type="COMPLEXITY" missed="0" covered="1"/><counter type="METHOD" missed="0" covered="1"/></method><method name="getActiveAction" desc="(Lorg/apache/storm/generated/ProfileRequest;Ljava/util/Map;Ljava/lang/String;)Ljava/util/Map;" line="1981"><counter type="INSTRUCTION" missed="51" covered="0"/><counter type="LINE" missed="9" covered="0"/><counter type="COMPLEXITY" missed="1" covered="0"/><counter type="METHOD" missed="1" covered="0"/></method><method name="getActiveProfileActions" desc="(Lorg/apache/storm/generated/Nimbus$Iface;Ljava/lang/String;Ljava/lang/String;Ljava/util/Map;)Ljava/util/List;" line="2003"><counter type="INSTRUCTION" missed="17" covered="0"/><counter type="LINE" missed="3" covered="0"/><counter type="COMPLEXITY" missed="1" covered="0"/><counter type="METHOD" missed="1" covered="0"/></method><method name="getWorkerDumpLink" desc="(Ljava/lang/String;JLjava/lang/String;Ljava/util/Map;)Ljava/lang/String;" line="2018"><counter type="INSTRUCTION" missed="63" covered="0"/><counter type="BRANCH" missed="2" covered="0"/><counter type="LINE" missed="10" covered="0"/><counter type="COMPLEXITY" missed="2" covered="0"/><counter type="METHOD" missed="1" covered="0"/></method><method name="unpackBoltPageInfo" desc="(Lorg/apache/storm/generated/ComponentPageInfo;Ljava/lang/String;Ljava/lang/String;ZLjava/util/Map;)Ljava/util/Map;" line="2048"><counter type="INSTRUCTION" missed="59" covered="7"/><counter type="LINE" missed="13" covered="2"/><counter type="COMPLEXITY" missed="0" covered="1"/><counter type="METHOD" missed="0" covered="1"/></method><method name="unpackSpoutPageInfo" desc="(Lorg/apache/storm/generated/ComponentPageInfo;Ljava/lang/String;Ljava/lang/String;ZLjava/util/Map;)Ljava/util/Map;" line="2090"><counter type="INSTRUCTION" missed="53" covered="0"/><counter type="LINE" missed="12" covered="0"/><counter type="COMPLEXITY" missed="1" covered="0"/><counter type="METHOD" missed="1" covered="0"/></method><method name="getComponentPage" desc="(Lorg/apache/storm/generated/Nimbus$Iface;Ljava/lang/String;Ljava/lang/String;Ljava/lang/String;ZLjava/lang/String;Ljava/util/Map;)Ljava/util/Map;" line="2128"><counter type="INSTRUCTION" missed="229" covered="0"/><counter type="BRANCH" missed="16" covered="0"/><counter type="LINE" missed="41" covered="0"/><counter type="COMPLEXITY" missed="9" covered="0"/><counter type="METHOD" missed="1" covered="0"/></method><method name="getTopolgoyLogConfig" desc="(Lorg/apache/storm/generated/LogConfig;)Ljava/util/Map;" line="2187"><counter type="INSTRUCTION" missed="76" covered="0"/><counter type="BRANCH" missed="4" covered="0"/><counter type="LINE" missed="13" covered="0"/><counter type="COMPLEXITY" missed="3" covered="0"/><counter type="METHOD" missed="1" covered="0"/></method><method name="getTopologyOpResponse" desc="(Ljava/lang/String;Ljava/lang/String;)Ljava/util/Map;" line="2210"><counter type="INSTRUCTION" missed="21" covered="0"/><counter type="LINE" missed="5" covered="0"/><counter type="COMPLEXITY" missed="1" covered="0"/><counter type="METHOD" missed="1" covered="0"/></method><method name="putTopologyActivate" desc="(Lorg/apache/storm/generated/Nimbus$Iface;Ljava/lang/String;)Ljava/util/Map;" line="2225"><counter type="INSTRUCTION" missed="13" covered="7"/><counter type="LINE" missed="3" covered="2"/><counter type="COMPLEXITY" missed="0" covered="1"/><counter type="METHOD" missed="0" covered="1"/></method><method name="putTopologyDeactivate" desc="(Lorg/apache/storm/generated/Nimbus$Iface;Ljava/lang/String;)Ljava/util/Map;" line="2240"><counter type="INSTRUCTION" missed="20" covered="0"/><counter type="LINE" missed="5" covered="0"/><counter type="COMPLEXITY" missed="1" covered="0"/><counter type="METHOD" missed="1" covered="0"/></method><method name="putTopologyDebugActionSpct" desc="(Lorg/apache/storm/generated/Nimbus$Iface;Ljava/lang/String;Ljava/lang/String;Ljava/lang/String;Ljava/lang/String;)Ljava/util/Map;" line="2259"><counter type="INSTRUCTION" missed="28" covered="0"/><counter type="LINE" missed="5" covered="0"/><counter type="COMPLEXITY" missed="1" covered="0"/><counter type="METHOD" missed="1" covered="0"/></method><method name="putTopologyRebalance" desc="(Lorg/apache/storm/generated/Nimbus$Iface;Ljava/lang/String;Ljava/lang/String;)Ljava/util/Map;" line="2276"><counter type="INSTRUCTION" missed="29" covered="0"/><counter type="LINE" missed="7" covered="0"/><counter type="COMPLEXITY" missed="1" covered="0"/><counter type="METHOD" missed="1" covered="0"/></method><method name="putTopologyKill" desc="(Lorg/apache/storm/generated/Nimbus$Iface;Ljava/lang/String;Ljava/lang/String;)Ljava/util/Map;" line="2294"><counter type="INSTRUCTION" missed="22" covered="7"/><counter type="LINE" missed="5" covered="2"/><counter type="COMPLEXITY" missed="0" covered="1"/><counter type="METHOD" missed="0" covered="1"/></method><method name="setTopologyProfilingAction" desc="(Lorg/apache/storm/generated/Nimbus$Iface;Ljava/lang/String;Ljava/lang/String;Ljava/lang/Long;Ljava/util/Map;Lorg/apache/storm/generated/ProfileAction;)V" line="2317"><counter type="INSTRUCTION" missed="32" covered="10"/><counter type="LINE" missed="7" covered="2"/><counter type="COMPLEXITY" missed="0" covered="1"/><counter type="METHOD" missed="0" covered="1"/></method><method name="getTopologyProfilingStart" desc="(Lorg/apache/storm/generated/Nimbus$Iface;Ljava/lang/String;Ljava/lang/String;Ljava/lang/String;Ljava/util/Map;)Ljava/util/Map;" line="2340"><counter type="INSTRUCTION" missed="58" covered="0"/><counter type="LINE" missed="10" covered="0"/><counter type="COMPLEXITY" missed="1" covered="0"/><counter type="METHOD" missed="1" covered="0"/></method><method name="getTopologyProfilingStop" desc="(Lorg/apache/storm/generated/Nimbus$Iface;Ljava/lang/String;Ljava/lang/String;Ljava/util/Map;)Ljava/util/Map;" line="2365"><counter type="INSTRUCTION" missed="24" covered="0"/><counter type="LINE" missed="5" covered="0"/><counter type="COMPLEXITY" missed="1" covered="0"/><counter type="METHOD" missed="1" covered="0"/></method><method name="getProfilingDisabled" desc="()Ljava/util/Map;" line="2377"><counter type="INSTRUCTION" missed="0" covered="16"/><counter type="LINE" missed="0" covered="4"/><counter type="COMPLEXITY" missed="0" covered="1"/><counter type="METHOD" missed="0" covered="1"/></method><method name="getTopologyProfilingDump" desc="(Lorg/apache/storm/generated/Nimbus$Iface;Ljava/lang/String;Ljava/lang/String;Ljava/util/Map;)Ljava/util/Map;" line="2394"><counter type="INSTRUCTION" missed="24" covered="0"/><counter type="LINE" missed="6" covered="0"/><counter type="COMPLEXITY" missed="1" covered="0"/><counter type="METHOD" missed="1" covered="0"/></method><method name="getTopologyProfilingDumpJstack" desc="(Lorg/apache/storm/generated/Nimbus$Iface;Ljava/lang/String;Ljava/lang/String;Ljava/util/Map;)Ljava/util/Map;" line="2407"><counter type="INSTRUCTION" missed="17" covered="7"/><counter type="LINE" missed="4" covered="2"/><counter type="COMPLEXITY" missed="0" covered="1"/><counter type="METHOD" missed="0" covered="1"/></method><method name="getTopologyProfilingRestartWorker" desc="(Lorg/apache/storm/generated/Nimbus$Iface;Ljava/lang/String;Ljava/lang/String;Ljava/util/Map;)Ljava/util/Map;" line="2428"><counter type="INSTRUCTION" missed="17" covered="7"/><counter type="LINE" missed="4" covered="2"/><counter type="COMPLEXITY" missed="0" covered="1"/><counter type="METHOD" missed="0" covered="1"/></method><method name="getTopologyProfilingDumpHeap" desc="(Lorg/apache/storm/generated/Nimbus$Iface;Ljava/lang/String;Ljava/lang/String;Ljava/util/Map;)Ljava/util/Map;" line="2448"><counter type="INSTRUCTION" missed="24" covered="0"/><counter type="LINE" missed="5" covered="0"/><counter type="COMPLEXITY" missed="1" covered="0"/><counter type="METHOD" missed="1" covered="0"/></method><method name="putTopologyLogLevel" desc="(Lorg/apache/storm/generated/Nimbus$Iface;Ljava/util/Map;Ljava/lang/String;)Ljava/util/Map;" line="2465"><counter type="INSTRUCTION" missed="72" covered="2"/><counter type="BRANCH" missed="4" covered="0"/><counter type="LINE" missed="16" covered="1"/><counter type="COMPLEXITY" missed="2" covered="1"/><counter type="METHOD" missed="0" covered="1"/></method><method name="getNimbusSummary" desc="(Lorg/apache/storm/generated/ClusterSummary;Ljava/util/Map;)Ljava/util/Map;" line="2493"><counter type="INSTRUCTION" missed="196" covered="0"/><counter type="BRANCH" missed="10" covered="0"/><counter type="LINE" missed="36" covered="0"/><counter type="COMPLEXITY" missed="6" covered="0"/><counter type="METHOD" missed="1" covered="0"/></method><method name="lambda$unpackSpoutPageInfo$2" desc="(Ljava/lang/String;Ljava/util/Map;Lorg/apache/storm/generated/ExecutorAggregateStats;)Ljava/util/Map;" line="2106"><counter type="INSTRUCTION" missed="5" covered="0"/><counter type="LINE" missed="1" covered="0"/><counter type="COMPLEXITY" missed="1" covered="0"/><counter type="METHOD" missed="1" covered="0"/></method><method name="lambda$unpackSpoutPageInfo$1" desc="(Ljava/util/Map$Entry;)Ljava/util/Map;" line="2100"><counter type="INSTRUCTION" missed="8" covered="0"/><counter type="LINE" missed="1" covered="0"/><counter type="COMPLEXITY" missed="1" covered="0"/><counter type="METHOD" missed="1" covered="0"/></method><method name="lambda$unpackSpoutPageInfo$0" desc="(Ljava/util/Map$Entry;)Ljava/util/Map;" line="2094"><counter type="INSTRUCTION" missed="8" covered="0"/><counter type="LINE" missed="1" covered="0"/><counter type="COMPLEXITY" missed="1" covered="0"/><counter type="METHOD" missed="1" covered="0"/></method><method name="lambda$unpackBoltPageInfo$3" desc="(Ljava/lang/String;Ljava/util/Map;Lorg/apache/storm/generated/ExecutorAggregateStats;)Ljava/util/Map;" line="2071"><counter type="INSTRUCTION" missed="5" covered="0"/><counter type="LINE" missed="1" covered="0"/><counter type="COMPLEXITY" missed="1" covered="0"/><counter type="METHOD" missed="1" covered="0"/></method><method name="lambda$unpackBoltPageInfo$2" desc="(Ljava/util/Map$Entry;)Ljava/util/Map;" line="2065"><counter type="INSTRUCTION" missed="8" covered="0"/><counter type="LINE" missed="1" covered="0"/><counter type="COMPLEXITY" missed="1" covered="0"/><counter type="METHOD" missed="1" covered="0"/></method><method name="lambda$unpackBoltPageInfo$1" desc="(Ljava/util/Map$Entry;)Ljava/util/Map;" line="2059"><counter type="INSTRUCTION" missed="8" covered="0"/><counter type="LINE" missed="1" covered="0"/><counter type="COMPLEXITY" missed="1" covered="0"/><counter type="METHOD" missed="1" covered="0"/></method><method name="lambda$unpackBoltPageInfo$0" desc="(Ljava/util/Map$Entry;)Ljava/util/Map;" line="2053"><counter type="INSTRUCTION" missed="8" covered="0"/><counter type="LINE" missed="1" covered="0"/><counter type="COMPLEXITY" missed="1" covered="0"/><counter type="METHOD" missed="1" covered="0"/></method><method name="lambda$getActiveProfileActions$0" desc="(Ljava/util/Map;Ljava/lang/String;Lorg/apache/storm/generated/ProfileRequest;)Ljava/util/Map;" line="2005"><counter type="INSTRUCTION" missed="5" covered="0"/><counter type="LINE" missed="1" covered="0"/><counter type="COMPLEXITY" missed="1" covered="0"/><counter type="METHOD" missed="1" covered="0"/></method><method name="lambda$getComponentErrors$0" desc="(Ljava/util/Map;Ljava/lang/String;Lorg/apache/storm/generated/ErrorInfo;)Ljava/util/Map;" line="1561"><counter type="INSTRUCTION" missed="6" covered="0"/><counter type="LINE" missed="1" covered="0"/><counter type="COMPLEXITY" missed="1" covered="0"/><counter type="METHOD" missed="1" covered="0"/></method><method name="lambda$getClusterSummary$1" desc="(Lorg/apache/storm/generated/SupervisorSummary;)D" line="683"><counter type="INSTRUCTION" missed="12" covered="0"/><counter type="LINE" missed="2" covered="0"/><counter type="COMPLEXITY" missed="1" covered="0"/><counter type="METHOD" missed="1" covered="0"/></method><method name="lambda$getClusterSummary$0" desc="(Lorg/apache/storm/generated/SupervisorSummary;)D" line="675"><counter type="INSTRUCTION" missed="12" covered="0"/><counter type="LINE" missed="2" covered="0"/><counter type="COMPLEXITY" missed="1" covered="0"/><counter type="METHOD" missed="1" covered="0"/></method><method name="&lt;clinit&gt;" desc="()V" line="123"><counter type="INSTRUCTION" missed="0" covered="145"/><counter type="LINE" missed="0" covered="14"/><counter type="COMPLEXITY" missed="0" covered="1"/><counter type="METHOD" missed="0" covered="1"/></method><counter type="INSTRUCTION" missed="5179" covered="608"/><counter type="BRANCH" missed="212" covered="30"/><counter type="LINE" missed="1001" covered="115"/><counter type="COMPLEXITY" missed="202" covered="39"/><counter type="METHOD" missed="88" covered="32"/><counter type="CLASS" missed="0" covered="1"/></class><sourcefile name="UIHelpers.java"><line nr="122" mi="3" ci="0" mb="0" cb="0"/><line nr="123" mi="0" ci="3" mb="0" cb="0"/><line nr="169" mi="0" ci="13" mb="0" cb="0"/><line nr="170" mi="0" ci="14" mb="0" cb="0"/><line nr="171" mi="0" ci="14" mb="0" cb="0"/><line nr="172" mi="0" ci="17" mb="0" cb="0"/><line nr="176" mi="0" ci="13" mb="0" cb="0"/><line nr="177" mi="0" ci="14" mb="0" cb="0"/><line nr="178" mi="0" ci="14" mb="0" cb="0"/><line nr="179" mi="0" ci="14" mb="0" cb="0"/><line nr="180" mi="0" ci="17" mb="0" cb="0"/><line nr="191" mi="0" ci="3" mb="0" cb="0"/><line nr="192" mi="0" ci="4" mb="0" cb="0"/><line nr="193" mi="0" ci="16" mb="0" cb="2"/><line nr="194" mi="0" ci="2" mb="0" cb="2"/><line nr="195" mi="0" ci="5" mb="0" cb="0"/><line nr="196" mi="0" ci="5" mb="0" cb="0"/><line nr="197" mi="0" ci="2" mb="1" cb="1"/><line nr="198" mi="0" ci="8" mb="0" cb="0"/><line nr="199" mi="0" ci="6" mb="0" cb="0"/><line nr="201" mi="5" ci="0" mb="0" cb="0"/><line nr="205" mi="0" ci="5" mb="0" cb="0"/><line nr="214" mi="4" ci="0" mb="0" cb="0"/><line nr="223" mi="5" ci="0" mb="0" cb="0"/><line nr="232" mi="4" ci="0" mb="0" cb="0"/><line nr="241" mi="0" ci="5" mb="0" cb="0"/><line nr="251" mi="0" ci="4" mb="0" cb="0"/><line nr="252" mi="0" ci="8" mb="0" cb="2"/><line nr="253" mi="0" ci="8" mb="0" cb="0"/><line nr="255" mi="0" ci="4" mb="0" cb="0"/><line nr="264" mi="6" ci="0" mb="0" cb="0"/><line nr="273" mi="12" ci="0" mb="0" cb="0"/><line nr="275" mi="1" ci="0" mb="0" cb="0"/><line nr="284" mi="0" ci="5" mb="0" cb="0"/><line nr="285" mi="0" ci="12" mb="0" cb="0"/><line nr="286" mi="0" ci="8" mb="0" cb="0"/><line nr="287" mi="0" ci="3" mb="0" cb="0"/><line nr="288" mi="0" ci="3" mb="0" cb="0"/><line nr="289" mi="0" ci="3" mb="0" cb="0"/><line nr="290" mi="0" ci="3" mb="0" cb="0"/><line nr="291" mi="0" ci="3" mb="0" cb="0"/><line nr="293" mi="0" ci="6" mb="3" cb="3"/><line nr="294" mi="3" ci="0" mb="0" cb="0"/><line nr="295" mi="3" ci="0" mb="0" cb="0"/><line nr="296" mi="3" ci="0" mb="0" cb="0"/><line nr="299" mi="5" ci="0" mb="4" cb="0"/><line nr="300" mi="4" ci="0" mb="0" cb="0"/><line nr="301" mi="5" ci="0" mb="4" cb="0"/><line nr="302" mi="3" ci="0" mb="0" cb="0"/><line nr="305" mi="4" ci="0" mb="0" cb="0"/><line nr="306" mi="5" ci="0" mb="0" cb="0"/><line nr="307" mi="3" ci="0" mb="2" cb="0"/><line nr="308" mi="4" ci="0" mb="0" cb="0"/><line nr="310" mi="11" ci="0" mb="0" cb="0"/><line nr="312" mi="12" ci="0" mb="0" cb="0"/><line nr="315" mi="4" ci="0" mb="0" cb="0"/><line nr="316" mi="2" ci="0" mb="0" cb="0"/><line nr="324" mi="14" ci="0" mb="0" cb="0"/><line nr="326" mi="1" ci="0" mb="0" cb="0"/><line nr="351" mi="0" ci="3" mb="0" cb="2"/><line nr="352" mi="1" ci="14" mb="0" cb="0"/><line nr="353" mi="1" ci="0" mb="0" cb="0"/><line nr="360" mi="0" ci="1" mb="0" cb="0"/><line nr="367" mi="0" ci="7" mb="0" cb="0"/><line nr="368" mi="0" ci="4" mb="0" cb="0"/><line nr="369" mi="0" ci="4" mb="0" cb="0"/><line nr="370" mi="0" ci="4" mb="0" cb="0"/><line nr="374" mi="0" ci="4" mb="0" cb="0"/><line nr="375" mi="0" ci="2" mb="0" cb="0"/><line nr="384" mi="7" ci="0" mb="0" cb="0"/><line nr="389" mi="5" ci="0" mb="0" cb="0"/><line nr="390" mi="1" ci="0" mb="0" cb="0"/><line nr="402" mi="2" ci="0" mb="2" cb="0"/><line nr="403" mi="5" ci="0" mb="0" cb="0"/><line nr="404" mi="3" ci="0" mb="0" cb="0"/><line nr="405" mi="2" ci="0" mb="2" cb="0"/><line nr="406" mi="3" ci="0" mb="0" cb="0"/><line nr="408" mi="5" ci="0" mb="0" cb="0"/><line nr="409" mi="4" ci="0" mb="0" cb="0"/><line nr="410" mi="3" ci="0" mb="0" cb="0"/><line nr="411" mi="3" ci="0" mb="0" cb="0"/><line nr="413" mi="1" ci="0" mb="0" cb="0"/><line nr="422" mi="6" ci="0" mb="0" cb="0"/><line nr="423" mi="10" ci="0" mb="2" cb="0"/><line nr="424" mi="3" ci="0" mb="0" cb="0"/><line nr="425" mi="3" ci="0" mb="0" cb="0"/><line nr="426" mi="3" ci="0" mb="0" cb="0"/><line nr="427" mi="2" ci="0" mb="2" cb="0"/><line nr="428" mi="4" ci="0" mb="0" cb="0"/><line nr="429" mi="3" ci="0" mb="0" cb="0"/><line nr="430" mi="2" ci="0" mb="2" cb="0"/><line nr="431" mi="4" ci="0" mb="0" cb="0"/><line nr="433" mi="3" ci="0" mb="0" cb="0"/><line nr="435" mi="2" ci="0" mb="2" cb="0"/><line nr="436" mi="4" ci="0" mb="0" cb="0"/><line nr="438" mi="5" ci="0" mb="0" cb="0"/><line nr="440" mi="6" ci="0" mb="0" cb="0"/><line nr="442" mi="1" ci="0" mb="0" cb="0"/><line nr="443" mi="6" ci="0" mb="0" cb="0"/><line nr="444" mi="1" ci="0" mb="0" cb="0"/><line nr="450" mi="7" ci="0" mb="0" cb="0"/><line nr="458" mi="0" ci="4" mb="0" cb="0"/><line nr="460" mi="0" ci="10" mb="2" cb="6"/><line nr="461" mi="0" ci="4" mb="0" cb="0"/><line nr="462" mi="0" ci="3" mb="0" cb="0"/><line nr="463" mi="0" ci="3" mb="1" cb="1"/><line nr="464" mi="0" ci="4" mb="0" cb="0"/><line nr="466" mi="0" ci="14" mb="0" cb="0"/><line nr="469" mi="0" ci="7" mb="0" cb="0"/><line nr="470" mi="0" ci="3" mb="0" cb="0"/><line nr="471" mi="0" ci="3" mb="0" cb="0"/><line nr="472" mi="0" ci="3" mb="0" cb="0"/><line nr="475" mi="0" ci="2" mb="0" cb="0"/><line nr="485" mi="0" ci="8" mb="0" cb="0"/><line nr="486" mi="0" ci="2" mb="1" cb="1"/><line nr="487" mi="3" ci="0" mb="0" cb="0"/><line nr="489" mi="2" ci="0" mb="0" cb="0"/><line nr="490" mi="1" ci="0" mb="0" cb="0"/><line nr="494" mi="6" ci="0" mb="0" cb="0"/><line nr="495" mi="1" ci="0" mb="0" cb="0"/><line nr="497" mi="0" ci="1" mb="0" cb="0"/><line nr="498" mi="0" ci="2" mb="0" cb="0"/><line nr="501" mi="0" ci="2" mb="1" cb="1"/><line nr="502" mi="2" ci="0" mb="0" cb="0"/><line nr="504" mi="0" ci="9" mb="2" cb="2"/><line nr="505" mi="0" ci="3" mb="0" cb="0"/><line nr="506" mi="0" ci="2" mb="0" cb="0"/><line nr="508" mi="2" ci="0" mb="0" cb="0"/><line nr="518" mi="0" ci="4" mb="0" cb="0"/><line nr="528" mi="0" ci="3" mb="0" cb="0"/><line nr="529" mi="0" ci="4" mb="0" cb="0"/><line nr="530" mi="0" ci="5" mb="0" cb="0"/><line nr="531" mi="0" ci="5" mb="0" cb="0"/><line nr="532" mi="0" ci="5" mb="0" cb="0"/><line nr="537" mi="0" ci="5" mb="0" cb="0"/><line nr="538" mi="0" ci="2" mb="1" cb="1"/><line nr="539" mi="6" ci="0" mb="0" cb="0"/><line nr="541" mi="0" ci="5" mb="0" cb="0"/><line nr="543" mi="0" ci="2" mb="1" cb="1"/><line nr="544" mi="3" ci="0" mb="0" cb="0"/><line nr="546" mi="0" ci="2" mb="0" cb="0"/><line nr="550" mi="0" ci="3" mb="0" cb="0"/><line nr="551" mi="2" ci="6" mb="1" cb="1"/><line nr="552" mi="4" ci="4" mb="1" cb="1"/><line nr="562" mi="6" ci="0" mb="0" cb="0"/><line nr="563" mi="3" ci="0" mb="0" cb="0"/><line nr="564" mi="5" ci="0" mb="4" cb="0"/><line nr="565" mi="4" ci="0" mb="0" cb="0"/><line nr="567" mi="5" ci="0" mb="0" cb="0"/><line nr="570" mi="4" ci="0" mb="0" cb="0"/><line nr="575" mi="0" ci="6" mb="0" cb="0"/><line nr="579" mi="6" ci="0" mb="0" cb="0"/><line nr="591" mi="0" ci="5" mb="0" cb="0"/><line nr="592" mi="0" ci="5" mb="0" cb="0"/><line nr="593" mi="0" ci="4" mb="0" cb="0"/><line nr="594" mi="0" ci="11" mb="0" cb="2"/><line nr="595" mi="0" ci="8" mb="0" cb="0"/><line nr="596" mi="0" ci="1" mb="0" cb="0"/><line nr="597" mi="0" ci="3" mb="0" cb="0"/><line nr="600" mi="0" ci="4" mb="0" cb="0"/><line nr="601" mi="0" ci="5" mb="0" cb="0"/><line nr="604" mi="4" ci="0" mb="0" cb="0"/><line nr="605" mi="6" ci="0" mb="0" cb="0"/><line nr="606" mi="6" ci="0" mb="0" cb="0"/><line nr="607" mi="6" ci="0" mb="0" cb="0"/><line nr="608" mi="6" ci="0" mb="0" cb="0"/><line nr="609" mi="6" ci="0" mb="0" cb="0"/><line nr="610" mi="2" ci="0" mb="0" cb="0"/><line nr="622" mi="0" ci="4" mb="0" cb="0"/><line nr="624" mi="0" ci="3" mb="1" cb="1"/><line nr="626" mi="3" ci="0" mb="0" cb="0"/><line nr="627" mi="4" ci="0" mb="0" cb="0"/><line nr="628" mi="11" ci="0" mb="2" cb="0"/><line nr="629" mi="8" ci="0" mb="0" cb="0"/><line nr="630" mi="7" ci="0" mb="0" cb="0"/><line nr="631" mi="4" ci="0" mb="0" cb="0"/><line nr="632" mi="1" ci="0" mb="0" cb="0"/><line nr="633" mi="3" ci="0" mb="0" cb="0"/><line nr="635" mi="4" ci="0" mb="0" cb="0"/><line nr="636" mi="3" ci="0" mb="2" cb="0"/><line nr="637" mi="5" ci="0" mb="0" cb="0"/><line nr="640" mi="3" ci="0" mb="2" cb="0"/><line nr="641" mi="4" ci="0" mb="0" cb="0"/><line nr="644" mi="5" ci="0" mb="0" cb="0"/><line nr="645" mi="5" ci="0" mb="0" cb="0"/><line nr="646" mi="6" ci="0" mb="0" cb="0"/><line nr="647" mi="3" ci="0" mb="0" cb="0"/><line nr="648" mi="7" ci="0" mb="0" cb="0"/><line nr="649" mi="7" ci="0" mb="0" cb="0"/><line nr="651" mi="1" ci="0" mb="0" cb="0"/><line nr="652" mi="3" ci="0" mb="0" cb="0"/><line nr="653" mi="2" ci="0" mb="0" cb="0"/><line nr="654" mi="6" ci="0" mb="0" cb="0"/><line nr="656" mi="1" ci="0" mb="0" cb="0"/><line nr="657" mi="3" ci="0" mb="0" cb="0"/><line nr="658" mi="2" ci="0" mb="0" cb="0"/><line nr="659" mi="6" ci="0" mb="0" cb="0"/><line nr="660" mi="8" ci="0" mb="0" cb="0"/><line nr="662" mi="3" ci="0" mb="0" cb="0"/><line nr="663" mi="1" ci="0" mb="0" cb="0"/><line nr="664" mi="3" ci="0" mb="0" cb="0"/><line nr="665" mi="2" ci="0" mb="0" cb="0"/><line nr="666" mi="6" ci="0" mb="0" cb="0"/><line nr="668" mi="1" ci="0" mb="0" cb="0"/><line nr="669" mi="3" ci="0" mb="0" cb="0"/><line nr="670" mi="2" ci="0" mb="0" cb="0"/><line nr="671" mi="6" ci="0" mb="0" cb="0"/><line nr="674" mi="1" ci="0" mb="0" cb="0"/><line nr="675" mi="11" ci="0" mb="0" cb="0"/><line nr="677" mi="4" ci="0" mb="0" cb="0"/><line nr="679" mi="2" ci="0" mb="0" cb="0"/><line nr="680" mi="6" ci="0" mb="0" cb="0"/><line nr="682" mi="1" ci="0" mb="0" cb="0"/><line nr="683" mi="11" ci="0" mb="0" cb="0"/><line nr="685" mi="4" ci="0" mb="0" cb="0"/><line nr="687" mi="2" ci="0" mb="0" cb="0"/><line nr="688" mi="6" ci="0" mb="0" cb="0"/><line nr="690" mi="1" ci="0" mb="0" cb="0"/><line nr="691" mi="5" ci="0" mb="0" cb="0"/><line nr="692" mi="8" ci="0" mb="0" cb="0"/><line nr="694" mi="1" ci="0" mb="0" cb="0"/><line nr="695" mi="5" ci="0" mb="0" cb="0"/><line nr="696" mi="8" ci="0" mb="0" cb="0"/><line nr="697" mi="10" ci="0" mb="0" cb="0"/><line nr="698" mi="10" ci="0" mb="0" cb="0"/><line nr="699" mi="6" ci="0" mb="0" cb="0"/><line nr="700" mi="1" ci="0" mb="0" cb="0"/><line nr="701" mi="8" ci="0" mb="2" cb="0"/><line nr="702" mi="9" ci="0" mb="0" cb="0"/><line nr="703" mi="8" ci="0" mb="2" cb="0"/><line nr="704" mi="9" ci="0" mb="0" cb="0"/><line nr="705" mi="7" ci="0" mb="0" cb="0"/><line nr="706" mi="7" ci="0" mb="0" cb="0"/><line nr="708" mi="4" ci="0" mb="0" cb="0"/><line nr="709" mi="4" ci="0" mb="0" cb="0"/><line nr="710" mi="10" ci="0" mb="2" cb="0"/><line nr="711" mi="5" ci="0" mb="0" cb="0"/><line nr="712" mi="5" ci="0" mb="0" cb="0"/><line nr="713" mi="1" ci="0" mb="0" cb="0"/><line nr="714" mi="2" ci="0" mb="0" cb="0"/><line nr="715" mi="2" ci="0" mb="0" cb="0"/><line nr="716" mi="6" ci="0" mb="0" cb="0"/><line nr="717" mi="6" ci="0" mb="0" cb="0"/><line nr="718" mi="2" ci="0" mb="0" cb="0"/><line nr="722" mi="2" ci="0" mb="2" cb="0"/><line nr="723" mi="2" ci="0" mb="0" cb="0"/><line nr="725" mi="4" ci="0" mb="0" cb="0"/><line nr="726" mi="3" ci="0" mb="0" cb="0"/><line nr="727" mi="2" ci="0" mb="0" cb="0"/><line nr="728" mi="5" ci="0" mb="0" cb="0"/><line nr="729" mi="3" ci="0" mb="0" cb="0"/><line nr="730" mi="1" ci="0" mb="0" cb="0"/><line nr="741" mi="3" ci="0" mb="0" cb="0"/><line nr="742" mi="3" ci="0" mb="2" cb="0"/><line nr="743" mi="4" ci="0" mb="0" cb="0"/><line nr="746" mi="3" ci="0" mb="0" cb="0"/><line nr="747" mi="3" ci="0" mb="2" cb="0"/><line nr="748" mi="4" ci="0" mb="0" cb="0"/><line nr="751" mi="2" ci="0" mb="0" cb="0"/><line nr="752" mi="3" ci="0" mb="2" cb="0"/><line nr="753" mi="3" ci="0" mb="0" cb="0"/><line nr="756" mi="3" ci="0" mb="0" cb="0"/><line nr="757" mi="3" ci="0" mb="2" cb="0"/><line nr="758" mi="4" ci="0" mb="0" cb="0"/><line nr="761" mi="3" ci="0" mb="0" cb="0"/><line nr="762" mi="3" ci="0" mb="2" cb="0"/><line nr="763" mi="4" ci="0" mb="0" cb="0"/><line nr="766" mi="4" ci="0" mb="0" cb="0"/><line nr="767" mi="6" ci="0" mb="0" cb="0"/><line nr="768" mi="7" ci="0" mb="0" cb="0"/><line nr="769" mi="7" ci="0" mb="0" cb="0"/><line nr="770" mi="7" ci="0" mb="0" cb="0"/><line nr="771" mi="7" ci="0" mb="0" cb="0"/><line nr="772" mi="7" ci="0" mb="0" cb="0"/><line nr="773" mi="7" ci="0" mb="0" cb="0"/><line nr="775" mi="12" ci="0" mb="2" cb="0"/><line nr="776" mi="12" ci="0" mb="2" cb="0"/><line nr="777" mi="6" ci="0" mb="0" cb="0"/><line nr="779" mi="4" ci="0" mb="0" cb="0"/><line nr="780" mi="8" ci="0" mb="2" cb="0"/><line nr="781" mi="4" ci="0" mb="0" cb="0"/><line nr="782" mi="8" ci="0" mb="2" cb="0"/><line nr="783" mi="7" ci="0" mb="0" cb="0"/><line nr="785" mi="7" ci="0" mb="0" cb="0"/><line nr="787" mi="7" ci="0" mb="0" cb="0"/><line nr="788" mi="7" ci="0" mb="0" cb="0"/><line nr="789" mi="5" ci="0" mb="0" cb="0"/><line nr="790" mi="2" ci="0" mb="0" cb="0"/><line nr="792" mi="7" ci="0" mb="0" cb="0"/><line nr="794" mi="2" ci="0" mb="0" cb="0"/><line nr="805" mi="4" ci="0" mb="0" cb="0"/><line nr="807" mi="7" ci="0" mb="0" cb="0"/><line nr="809" mi="4" ci="0" mb="0" cb="0"/><line nr="811" mi="10" ci="0" mb="2" cb="0"/><line nr="812" mi="5" ci="0" mb="0" cb="0"/><line nr="813" mi="1" ci="0" mb="0" cb="0"/><line nr="814" mi="5" ci="0" mb="0" cb="0"/><line nr="815" mi="2" ci="0" mb="0" cb="0"/><line nr="824" mi="0" ci="4" mb="0" cb="0"/><line nr="825" mi="6" ci="0" mb="0" cb="0"/><line nr="826" mi="7" ci="0" mb="0" cb="0"/><line nr="827" mi="6" ci="0" mb="0" cb="0"/><line nr="828" mi="6" ci="0" mb="0" cb="0"/><line nr="829" mi="6" ci="0" mb="0" cb="0"/><line nr="830" mi="7" ci="0" mb="0" cb="0"/><line nr="831" mi="7" ci="0" mb="0" cb="0"/><line nr="832" mi="7" ci="0" mb="0" cb="0"/><line nr="833" mi="7" ci="0" mb="0" cb="0"/><line nr="834" mi="7" ci="0" mb="0" cb="0"/><line nr="835" mi="7" ci="0" mb="0" cb="0"/><line nr="836" mi="6" ci="0" mb="0" cb="0"/><line nr="837" mi="7" ci="0" mb="0" cb="0"/><line nr="838" mi="7" ci="0" mb="0" cb="0"/><line nr="839" mi="5" ci="0" mb="0" cb="0"/><line nr="840" mi="3" ci="0" mb="0" cb="0"/><line nr="841" mi="2" ci="0" mb="0" cb="0"/><line nr="842" mi="7" ci="0" mb="0" cb="0"/><line nr="843" mi="7" ci="0" mb="0" cb="0"/><line nr="844" mi="7" ci="0" mb="0" cb="0"/><line nr="845" mi="7" ci="0" mb="0" cb="0"/><line nr="846" mi="5" ci="0" mb="0" cb="0"/><line nr="847" mi="3" ci="0" mb="0" cb="0"/><line nr="848" mi="2" ci="0" mb="0" cb="0"/><line nr="849" mi="7" ci="0" mb="0" cb="0"/><line nr="850" mi="7" ci="0" mb="0" cb="0"/><line nr="851" mi="6" ci="0" mb="0" cb="0"/><line nr="852" mi="6" ci="0" mb="0" cb="0"/><line nr="853" mi="2" ci="0" mb="0" cb="0"/><line nr="867" mi="0" ci="4" mb="0" cb="0"/><line nr="868" mi="7" ci="0" mb="0" cb="0"/><line nr="870" mi="3" ci="0" mb="2" cb="0"/><line nr="871" mi="6" ci="0" mb="0" cb="0"/><line nr="874" mi="3" ci="0" mb="0" cb="0"/><line nr="875" mi="4" ci="0" mb="0" cb="0"/><line nr="877" mi="7" ci="0" mb="0" cb="0"/><line nr="878" mi="5" ci="0" mb="0" cb="0"/><line nr="880" mi="2" ci="0" mb="0" cb="0"/><line nr="890" mi="4" ci="0" mb="0" cb="0"/><line nr="892" mi="10" ci="0" mb="2" cb="0"/><line nr="893" mi="7" ci="0" mb="4" cb="0"/><line nr="894" mi="5" ci="0" mb="0" cb="0"/><line nr="896" mi="1" ci="0" mb="0" cb="0"/><line nr="897" mi="2" ci="0" mb="0" cb="0"/><line nr="910" mi="3" ci="0" mb="2" cb="0"/><line nr="911" mi="13" ci="0" mb="0" cb="0"/><line nr="912" mi="6" ci="0" mb="0" cb="0"/><line nr="914" mi="13" ci="0" mb="0" cb="0"/><line nr="915" mi="6" ci="0" mb="0" cb="0"/><line nr="926" mi="3" ci="0" mb="2" cb="0"/><line nr="927" mi="13" ci="0" mb="0" cb="0"/><line nr="928" mi="2" ci="0" mb="0" cb="0"/><line nr="930" mi="13" ci="0" mb="0" cb="0"/><line nr="931" mi="2" ci="0" mb="0" cb="0"/><line nr="941" mi="3" ci="0" mb="2" cb="0"/><line nr="942" mi="13" ci="0" mb="0" cb="0"/><line nr="943" mi="2" ci="0" mb="0" cb="0"/><line nr="945" mi="13" ci="0" mb="0" cb="0"/><line nr="946" mi="2" ci="0" mb="0" cb="0"/><line nr="957" mi="5" ci="0" mb="0" cb="0"/><line nr="958" mi="3" ci="0" mb="0" cb="0"/><line nr="959" mi="1" ci="0" mb="0" cb="0"/><line nr="973" mi="4" ci="0" mb="0" cb="0"/><line nr="975" mi="6" ci="0" mb="0" cb="0"/><line nr="976" mi="6" ci="0" mb="0" cb="0"/><line nr="977" mi="7" ci="0" mb="0" cb="0"/><line nr="978" mi="7" ci="0" mb="0" cb="0"/><line nr="979" mi="7" ci="0" mb="0" cb="0"/><line nr="980" mi="7" ci="0" mb="0" cb="0"/><line nr="981" mi="7" ci="0" mb="0" cb="0"/><line nr="982" mi="5" ci="0" mb="0" cb="0"/><line nr="983" mi="4" ci="0" mb="0" cb="0"/><line nr="984" mi="3" ci="0" mb="0" cb="0"/><line nr="985" mi="3" ci="0" mb="0" cb="0"/><line nr="986" mi="7" ci="0" mb="0" cb="0"/><line nr="988" mi="2" ci="0" mb="0" cb="0"/><line nr="990" mi="5" ci="0" mb="0" cb="0"/><line nr="993" mi="7" ci="0" mb="0" cb="0"/><line nr="995" mi="2" ci="0" mb="0" cb="0"/><line nr="997" mi="5" ci="0" mb="0" cb="0"/><line nr="999" mi="7" ci="0" mb="0" cb="0"/><line nr="1000" mi="7" ci="0" mb="0" cb="0"/><line nr="1001" mi="5" ci="0" mb="0" cb="0"/><line nr="1003" mi="3" ci="0" mb="0" cb="0"/><line nr="1005" mi="10" ci="0" mb="0" cb="0"/><line nr="1006" mi="10" ci="0" mb="0" cb="0"/><line nr="1007" mi="6" ci="0" mb="0" cb="0"/><line nr="1009" mi="5" ci="0" mb="0" cb="0"/><line nr="1010" mi="6" ci="0" mb="0" cb="0"/><line nr="1011" mi="3" ci="0" mb="0" cb="0"/><line nr="1012" mi="6" ci="0" mb="0" cb="0"/><line nr="1013" mi="2" ci="0" mb="0" cb="0"/><line nr="1014" mi="2" ci="0" mb="0" cb="0"/><line nr="1015" mi="6" ci="0" mb="0" cb="0"/><line nr="1017" mi="2" ci="0" mb="0" cb="0"/><line nr="1026" mi="0" ci="4" mb="0" cb="0"/><line nr="1027" mi="6" ci="0" mb="0" cb="0"/><line nr="1028" mi="2" ci="0" mb="0" cb="0"/><line nr="1037" mi="4" ci="0" mb="2" cb="0"/><line nr="1038" mi="6" ci="0" mb="0" cb="0"/><line nr="1039" mi="2" ci="0" mb="2" cb="0"/><line nr="1040" mi="2" ci="0" mb="0" cb="0"/><line nr="1043" mi="2" ci="0" mb="0" cb="0"/><line nr="1052" mi="3" ci="0" mb="2" cb="0"/><line nr="1053" mi="6" ci="0" mb="0" cb="0"/><line nr="1055" mi="6" ci="0" mb="0" cb="0"/><line nr="1066" mi="0" ci="4" mb="0" cb="0"/><line nr="1067" mi="3" ci="0" mb="2" cb="0"/><line nr="1068" mi="11" ci="0" mb="2" cb="0"/><line nr="1069" mi="6" ci="0" mb="0" cb="0"/><line nr="1070" mi="1" ci="0" mb="0" cb="0"/><line nr="1072" mi="2" ci="0" mb="0" cb="0"/><line nr="1082" mi="4" ci="0" mb="0" cb="0"/><line nr="1083" mi="6" ci="0" mb="0" cb="0"/><line nr="1084" mi="6" ci="0" mb="0" cb="0"/><line nr="1085" mi="7" ci="0" mb="0" cb="0"/><line nr="1086" mi="6" ci="0" mb="0" cb="0"/><line nr="1087" mi="6" ci="0" mb="0" cb="0"/><line nr="1088" mi="7" ci="0" mb="0" cb="0"/><line nr="1089" mi="7" ci="0" mb="0" cb="0"/><line nr="1090" mi="7" ci="0" mb="0" cb="0"/><line nr="1091" mi="7" ci="0" mb="0" cb="0"/><line nr="1092" mi="6" ci="0" mb="0" cb="0"/><line nr="1093" mi="7" ci="0" mb="0" cb="0"/><line nr="1094" mi="7" ci="0" mb="0" cb="0"/><line nr="1095" mi="8" ci="0" mb="0" cb="0"/><line nr="1096" mi="4" ci="0" mb="0" cb="0"/><line nr="1097" mi="6" ci="0" mb="0" cb="0"/><line nr="1098" mi="2" ci="0" mb="0" cb="0"/><line nr="1111" mi="0" ci="4" mb="0" cb="0"/><line nr="1112" mi="3" ci="0" mb="0" cb="0"/><line nr="1113" mi="4" ci="0" mb="0" cb="0"/><line nr="1114" mi="5" ci="0" mb="0" cb="0"/><line nr="1115" mi="6" ci="0" mb="0" cb="0"/><line nr="1116" mi="1" ci="0" mb="0" cb="0"/><line nr="1119" mi="2" ci="0" mb="0" cb="0"/><line nr="1130" mi="4" ci="0" mb="0" cb="0"/><line nr="1131" mi="10" ci="0" mb="2" cb="0"/><line nr="1132" mi="6" ci="0" mb="0" cb="0"/><line nr="1133" mi="1" ci="0" mb="0" cb="0"/><line nr="1134" mi="2" ci="0" mb="0" cb="0"/><line nr="1143" mi="7" ci="0" mb="0" cb="0"/><line nr="1144" mi="2" ci="0" mb="0" cb="0"/><line nr="1145" mi="3" ci="0" mb="2" cb="0"/><line nr="1146" mi="2" ci="0" mb="0" cb="0"/><line nr="1148" mi="5" ci="0" mb="0" cb="0"/><line nr="1149" mi="1" ci="0" mb="0" cb="0"/><line nr="1159" mi="4" ci="0" mb="0" cb="0"/><line nr="1160" mi="7" ci="0" mb="0" cb="0"/><line nr="1161" mi="7" ci="0" mb="0" cb="0"/><line nr="1162" mi="5" ci="0" mb="0" cb="0"/><line nr="1163" mi="5" ci="0" mb="0" cb="0"/><line nr="1164" mi="3" ci="0" mb="0" cb="0"/><line nr="1165" mi="2" ci="0" mb="0" cb="0"/><line nr="1176" mi="4" ci="0" mb="0" cb="0"/><line nr="1177" mi="7" ci="0" mb="0" cb="0"/><line nr="1178" mi="7" ci="0" mb="0" cb="0"/><line nr="1179" mi="2" ci="0" mb="0" cb="0"/><line nr="1188" mi="4" ci="0" mb="2" cb="0"/><line nr="1189" mi="2" ci="0" mb="0" cb="0"/><line nr="1191" mi="3" ci="0" mb="0" cb="0"/><line nr="1200" mi="4" ci="0" mb="0" cb="0"/><line nr="1201" mi="11" ci="0" mb="2" cb="0"/><line nr="1202" mi="10" ci="0" mb="0" cb="0"/><line nr="1203" mi="1" ci="0" mb="0" cb="0"/><line nr="1205" mi="2" ci="0" mb="0" cb="0"/><line nr="1218" mi="4" ci="0" mb="0" cb="0"/><line nr="1219" mi="5" ci="0" mb="0" cb="0"/><line nr="1220" mi="6" ci="0" mb="0" cb="0"/><line nr="1221" mi="3" ci="0" mb="0" cb="0"/><line nr="1222" mi="2" ci="0" mb="0" cb="0"/><line nr="1223" mi="3" ci="0" mb="0" cb="0"/><line nr="1224" mi="5" ci="0" mb="0" cb="0"/><line nr="1225" mi="5" ci="0" mb="0" cb="0"/><line nr="1226" mi="6" ci="0" mb="0" cb="0"/><line nr="1227" mi="6" ci="0" mb="0" cb="0"/><line nr="1228" mi="5" ci="0" mb="0" cb="0"/><line nr="1229" mi="7" ci="0" mb="0" cb="0"/><line nr="1230" mi="7" ci="0" mb="0" cb="0"/><line nr="1231" mi="7" ci="0" mb="0" cb="0"/><line nr="1232" mi="7" ci="0" mb="0" cb="0"/><line nr="1233" mi="2" ci="0" mb="0" cb="0"/><line nr="1242" mi="4" ci="0" mb="0" cb="0"/><line nr="1243" mi="11" ci="0" mb="2" cb="0"/><line nr="1244" mi="9" ci="0" mb="0" cb="0"/><line nr="1245" mi="1" ci="0" mb="0" cb="0"/><line nr="1246" mi="2" ci="0" mb="0" cb="0"/><line nr="1255" mi="4" ci="0" mb="0" cb="0"/><line nr="1256" mi="7" ci="0" mb="0" cb="0"/><line nr="1257" mi="7" ci="0" mb="0" cb="0"/><line nr="1258" mi="7" ci="0" mb="0" cb="0"/><line nr="1259" mi="7" ci="0" mb="0" cb="0"/><line nr="1260" mi="7" ci="0" mb="0" cb="0"/><line nr="1261" mi="7" ci="0" mb="0" cb="0"/><line nr="1262" mi="3" ci="0" mb="2" cb="0"/><line nr="1263" mi="5" ci="0" mb="0" cb="0"/><line nr="1265" mi="3" ci="0" mb="0" cb="0"/><line nr="1267" mi="5" ci="0" mb="0" cb="0"/><line nr="1269" mi="3" ci="0" mb="0" cb="0"/><line nr="1270" mi="5" ci="0" mb="0" cb="0"/><line nr="1272" mi="3" ci="0" mb="0" cb="0"/><line nr="1273" mi="5" ci="0" mb="0" cb="0"/><line nr="1275" mi="2" ci="0" mb="0" cb="0"/><line nr="1277" mi="2" ci="0" mb="0" cb="0"/><line nr="1286" mi="8" ci="0" mb="0" cb="0"/><line nr="1297" mi="4" ci="0" mb="0" cb="0"/><line nr="1298" mi="4" ci="0" mb="0" cb="0"/><line nr="1299" mi="3" ci="0" mb="0" cb="0"/><line nr="1300" mi="5" ci="0" mb="0" cb="0"/><line nr="1301" mi="6" ci="0" mb="0" cb="0"/><line nr="1302" mi="7" ci="0" mb="0" cb="0"/><line nr="1303" mi="7" ci="0" mb="0" cb="0"/><line nr="1304" mi="7" ci="0" mb="0" cb="0"/><line nr="1305" mi="7" ci="0" mb="0" cb="0"/><line nr="1306" mi="7" ci="0" mb="0" cb="0"/><line nr="1308" mi="3" ci="0" mb="0" cb="0"/><line nr="1309" mi="12" ci="0" mb="2" cb="0"/><line nr="1310" mi="2" ci="0" mb="0" cb="0"/><line nr="1321" mi="4" ci="0" mb="0" cb="0"/><line nr="1322" mi="3" ci="0" mb="0" cb="0"/><line nr="1323" mi="5" ci="0" mb="0" cb="0"/><line nr="1324" mi="6" ci="0" mb="0" cb="0"/><line nr="1325" mi="7" ci="0" mb="0" cb="0"/><line nr="1326" mi="7" ci="0" mb="0" cb="0"/><line nr="1327" mi="7" ci="0" mb="0" cb="0"/><line nr="1328" mi="7" ci="0" mb="0" cb="0"/><line nr="1329" mi="4" ci="0" mb="0" cb="0"/><line nr="1330" mi="8" ci="0" mb="0" cb="0"/><line nr="1331" mi="7" ci="0" mb="0" cb="0"/><line nr="1332" mi="8" ci="0" mb="0" cb="0"/><line nr="1333" mi="8" ci="0" mb="0" cb="0"/><line nr="1334" mi="2" ci="0" mb="0" cb="0"/><line nr="1343" mi="9" ci="0" mb="2" cb="0"/><line nr="1352" mi="9" ci="0" mb="2" cb="0"/><line nr="1363" mi="4" ci="0" mb="0" cb="0"/><line nr="1364" mi="3" ci="0" mb="0" cb="0"/><line nr="1365" mi="3" ci="0" mb="0" cb="0"/><line nr="1366" mi="3" ci="0" mb="0" cb="0"/><line nr="1367" mi="3" ci="0" mb="0" cb="0"/><line nr="1368" mi="5" ci="0" mb="0" cb="0"/><line nr="1369" mi="6" ci="0" mb="0" cb="0"/><line nr="1370" mi="6" ci="0" mb="0" cb="0"/><line nr="1371" mi="8" ci="0" mb="0" cb="0"/><line nr="1372" mi="8" ci="0" mb="0" cb="0"/><line nr="1373" mi="8" ci="0" mb="0" cb="0"/><line nr="1374" mi="8" ci="0" mb="0" cb="0"/><line nr="1375" mi="8" ci="0" mb="0" cb="0"/><line nr="1376" mi="2" ci="0" mb="0" cb="0"/><line nr="1387" mi="4" ci="0" mb="0" cb="0"/><line nr="1388" mi="5" ci="0" mb="0" cb="0"/><line nr="1389" mi="3" ci="0" mb="0" cb="0"/><line nr="1390" mi="8" ci="0" mb="0" cb="0"/><line nr="1391" mi="8" ci="0" mb="0" cb="0"/><line nr="1392" mi="2" ci="0" mb="0" cb="0"/><line nr="1403" mi="3" ci="0" mb="0" cb="0"/><line nr="1404" mi="3" ci="0" mb="0" cb="0"/><line nr="1405" mi="4" ci="0" mb="0" cb="0"/><line nr="1406" mi="5" ci="0" mb="0" cb="0"/><line nr="1407" mi="3" ci="0" mb="0" cb="0"/><line nr="1408" mi="8" ci="0" mb="0" cb="0"/><line nr="1409" mi="8" ci="0" mb="0" cb="0"/><line nr="1410" mi="8" ci="0" mb="0" cb="0"/><line nr="1411" mi="8" ci="0" mb="0" cb="0"/><line nr="1412" mi="8" ci="0" mb="0" cb="0"/><line nr="1413" mi="2" ci="0" mb="0" cb="0"/><line nr="1425" mi="4" ci="0" mb="0" cb="0"/><line nr="1426" mi="3" ci="0" mb="0" cb="0"/><line nr="1427" mi="3" ci="0" mb="0" cb="0"/><line nr="1428" mi="3" ci="0" mb="0" cb="0"/><line nr="1429" mi="5" ci="0" mb="0" cb="0"/><line nr="1430" mi="6" ci="0" mb="0" cb="0"/><line nr="1431" mi="7" ci="0" mb="0" cb="0"/><line nr="1432" mi="7" ci="0" mb="0" cb="0"/><line nr="1433" mi="3" ci="0" mb="0" cb="0"/><line nr="1434" mi="5" ci="0" mb="0" cb="0"/><line nr="1435" mi="3" ci="0" mb="0" cb="0"/><line nr="1436" mi="6" ci="0" mb="0" cb="0"/><line nr="1438" mi="3" ci="0" mb="0" cb="0"/><line nr="1439" mi="3" ci="0" mb="0" cb="0"/><line nr="1440" mi="8" ci="0" mb="0" cb="0"/><line nr="1441" mi="8" ci="0" mb="0" cb="0"/><line nr="1443" mi="3" ci="0" mb="0" cb="0"/><line nr="1444" mi="3" ci="0" mb="0" cb="0"/><line nr="1445" mi="9" ci="0" mb="0" cb="0"/><line nr="1446" mi="8" ci="0" mb="0" cb="0"/><line nr="1447" mi="8" ci="0" mb="0" cb="0"/><line nr="1448" mi="8" ci="0" mb="0" cb="0"/><line nr="1449" mi="8" ci="0" mb="0" cb="0"/><line nr="1450" mi="8" ci="0" mb="0" cb="0"/><line nr="1451" mi="9" ci="0" mb="0" cb="0"/><line nr="1452" mi="2" ci="0" mb="0" cb="0"/><line nr="1464" mi="4" ci="0" mb="0" cb="0"/><line nr="1465" mi="3" ci="0" mb="0" cb="0"/><line nr="1466" mi="3" ci="0" mb="0" cb="0"/><line nr="1467" mi="3" ci="0" mb="0" cb="0"/><line nr="1468" mi="3" ci="0" mb="0" cb="0"/><line nr="1469" mi="3" ci="0" mb="0" cb="0"/><line nr="1470" mi="3" ci="0" mb="0" cb="0"/><line nr="1471" mi="3" ci="0" mb="0" cb="0"/><line nr="1472" mi="5" ci="0" mb="0" cb="0"/><line nr="1473" mi="6" ci="0" mb="0" cb="0"/><line nr="1474" mi="7" ci="0" mb="0" cb="0"/><line nr="1475" mi="7" ci="0" mb="0" cb="0"/><line nr="1476" mi="3" ci="0" mb="0" cb="0"/><line nr="1477" mi="5" ci="0" mb="0" cb="0"/><line nr="1478" mi="3" ci="0" mb="0" cb="0"/><line nr="1479" mi="6" ci="0" mb="0" cb="0"/><line nr="1480" mi="8" ci="0" mb="0" cb="0"/><line nr="1481" mi="8" ci="0" mb="0" cb="0"/><line nr="1482" mi="8" ci="0" mb="0" cb="0"/><line nr="1483" mi="8" ci="0" mb="0" cb="0"/><line nr="1484" mi="8" ci="0" mb="0" cb="0"/><line nr="1485" mi="9" ci="0" mb="0" cb="0"/><line nr="1486" mi="2" ci="0" mb="0" cb="0"/><line nr="1501" mi="4" ci="0" mb="0" cb="0"/><line nr="1505" mi="5" ci="0" mb="0" cb="0"/><line nr="1506" mi="5" ci="0" mb="0" cb="0"/><line nr="1507" mi="6" ci="0" mb="0" cb="0"/><line nr="1508" mi="5" ci="0" mb="0" cb="0"/><line nr="1509" mi="5" ci="0" mb="0" cb="0"/><line nr="1510" mi="5" ci="0" mb="0" cb="0"/><line nr="1512" mi="3" ci="0" mb="2" cb="0"/><line nr="1513" mi="7" ci="0" mb="0" cb="0"/><line nr="1515" mi="2" ci="0" mb="0" cb="0"/><line nr="1529" mi="4" ci="0" mb="0" cb="0"/><line nr="1530" mi="5" ci="0" mb="0" cb="0"/><line nr="1531" mi="2" ci="0" mb="0" cb="0"/><line nr="1532" mi="3" ci="0" mb="0" cb="0"/><line nr="1533" mi="5" ci="0" mb="0" cb="0"/><line nr="1534" mi="3" ci="0" mb="0" cb="0"/><line nr="1535" mi="6" ci="0" mb="0" cb="0"/><line nr="1536" mi="9" ci="0" mb="0" cb="0"/><line nr="1537" mi="8" ci="0" mb="0" cb="0"/><line nr="1539" mi="2" ci="0" mb="2" cb="0"/><line nr="1540" mi="8" ci="0" mb="0" cb="0"/><line nr="1542" mi="6" ci="0" mb="0" cb="0"/><line nr="1545" mi="2" ci="0" mb="0" cb="0"/><line nr="1557" mi="4" ci="0" mb="0" cb="0"/><line nr="1558" mi="4" ci="0" mb="0" cb="0"/><line nr="1559" mi="5" ci="0" mb="0" cb="0"/><line nr="1561" mi="12" ci="0" mb="0" cb="0"/><line nr="1562" mi="2" ci="0" mb="0" cb="0"/><line nr="1564" mi="2" ci="0" mb="0" cb="0"/><line nr="1575" mi="4" ci="0" mb="0" cb="0"/><line nr="1576" mi="3" ci="0" mb="0" cb="0"/><line nr="1577" mi="4" ci="0" mb="0" cb="0"/><line nr="1578" mi="5" ci="0" mb="0" cb="0"/><line nr="1579" mi="6" ci="0" mb="0" cb="0"/><line nr="1580" mi="4" ci="0" mb="0" cb="0"/><line nr="1581" mi="8" ci="0" mb="0" cb="0"/><line nr="1582" mi="7" ci="0" mb="0" cb="0"/><line nr="1583" mi="2" ci="0" mb="0" cb="0"/><line nr="1594" mi="4" ci="0" mb="0" cb="0"/><line nr="1595" mi="3" ci="0" mb="0" cb="0"/><line nr="1596" mi="4" ci="0" mb="0" cb="0"/><line nr="1597" mi="5" ci="0" mb="0" cb="0"/><line nr="1598" mi="6" ci="0" mb="0" cb="0"/><line nr="1599" mi="4" ci="0" mb="0" cb="0"/><line nr="1600" mi="8" ci="0" mb="0" cb="0"/><line nr="1601" mi="8" ci="0" mb="0" cb="0"/><line nr="1602" mi="7" ci="0" mb="0" cb="0"/><line nr="1603" mi="8" ci="0" mb="0" cb="0"/><line nr="1604" mi="7" ci="0" mb="0" cb="0"/><line nr="1605" mi="2" ci="0" mb="0" cb="0"/><line nr="1614" mi="4" ci="0" mb="0" cb="0"/><line nr="1616" mi="4" ci="0" mb="0" cb="0"/><line nr="1617" mi="4" ci="0" mb="0" cb="0"/><line nr="1618" mi="4" ci="0" mb="0" cb="0"/><line nr="1619" mi="4" ci="0" mb="0" cb="0"/><line nr="1620" mi="4" ci="0" mb="0" cb="0"/><line nr="1621" mi="11" ci="0" mb="2" cb="0"/><line nr="1622" mi="4" ci="0" mb="0" cb="0"/><line nr="1623" mi="6" ci="0" mb="0" cb="0"/><line nr="1624" mi="5" ci="0" mb="0" cb="0"/><line nr="1625" mi="7" ci="0" mb="0" cb="0"/><line nr="1626" mi="7" ci="0" mb="0" cb="0"/><line nr="1627" mi="10" ci="0" mb="0" cb="0"/><line nr="1628" mi="9" ci="0" mb="0" cb="0"/><line nr="1629" mi="9" ci="0" mb="0" cb="0"/><line nr="1631" mi="4" ci="0" mb="0" cb="0"/><line nr="1632" mi="1" ci="0" mb="0" cb="0"/><line nr="1633" mi="2" ci="0" mb="0" cb="0"/><line nr="1644" mi="4" ci="0" mb="0" cb="0"/><line nr="1645" mi="6" ci="0" mb="0" cb="0"/><line nr="1646" mi="7" ci="0" mb="0" cb="0"/><line nr="1647" mi="6" ci="0" mb="0" cb="0"/><line nr="1648" mi="6" ci="0" mb="0" cb="0"/><line nr="1649" mi="6" ci="0" mb="0" cb="0"/><line nr="1650" mi="7" ci="0" mb="0" cb="0"/><line nr="1651" mi="7" ci="0" mb="0" cb="0"/><line nr="1652" mi="7" ci="0" mb="0" cb="0"/><line nr="1653" mi="7" ci="0" mb="0" cb="0"/><line nr="1654" mi="7" ci="0" mb="0" cb="0"/><line nr="1655" mi="6" ci="0" mb="0" cb="0"/><line nr="1656" mi="7" ci="0" mb="0" cb="0"/><line nr="1657" mi="7" ci="0" mb="0" cb="0"/><line nr="1658" mi="7" ci="0" mb="0" cb="0"/><line nr="1659" mi="5" ci="0" mb="0" cb="0"/><line nr="1660" mi="5" ci="0" mb="0" cb="0"/><line nr="1662" mi="7" ci="0" mb="0" cb="0"/><line nr="1663" mi="7" ci="0" mb="0" cb="0"/><line nr="1664" mi="8" ci="0" mb="0" cb="0"/><line nr="1665" mi="2" ci="0" mb="0" cb="0"/><line nr="1666" mi="7" ci="0" mb="0" cb="0"/><line nr="1667" mi="7" ci="0" mb="0" cb="0"/><line nr="1668" mi="7" ci="0" mb="0" cb="0"/><line nr="1669" mi="7" ci="0" mb="0" cb="0"/><line nr="1670" mi="7" ci="0" mb="0" cb="0"/><line nr="1671" mi="7" ci="0" mb="0" cb="0"/><line nr="1672" mi="7" ci="0" mb="0" cb="0"/><line nr="1673" mi="7" ci="0" mb="0" cb="0"/><line nr="1674" mi="7" ci="0" mb="0" cb="0"/><line nr="1675" mi="7" ci="0" mb="0" cb="0"/><line nr="1676" mi="7" ci="0" mb="0" cb="0"/><line nr="1677" mi="7" ci="0" mb="0" cb="0"/><line nr="1678" mi="4" ci="0" mb="0" cb="0"/><line nr="1679" mi="3" ci="0" mb="2" cb="0"/><line nr="1680" mi="11" ci="0" mb="2" cb="0"/><line nr="1681" mi="6" ci="0" mb="0" cb="0"/><line nr="1682" mi="1" ci="0" mb="0" cb="0"/><line nr="1684" mi="5" ci="0" mb="0" cb="0"/><line nr="1686" mi="3" ci="0" mb="0" cb="0"/><line nr="1687" mi="4" ci="0" mb="0" cb="0"/><line nr="1689" mi="11" ci="0" mb="2" cb="0"/><line nr="1690" mi="13" ci="0" mb="0" cb="0"/><line nr="1691" mi="1" ci="0" mb="0" cb="0"/><line nr="1692" mi="5" ci="0" mb="0" cb="0"/><line nr="1694" mi="3" ci="0" mb="0" cb="0"/><line nr="1695" mi="4" ci="0" mb="0" cb="0"/><line nr="1697" mi="11" ci="0" mb="2" cb="0"/><line nr="1698" mi="13" ci="0" mb="0" cb="0"/><line nr="1699" mi="1" ci="0" mb="0" cb="0"/><line nr="1700" mi="5" ci="0" mb="0" cb="0"/><line nr="1703" mi="6" ci="0" mb="0" cb="0"/><line nr="1704" mi="2" ci="0" mb="0" cb="0"/><line nr="1705" mi="3" ci="0" mb="2" cb="0"/><line nr="1706" mi="4" ci="0" mb="0" cb="0"/><line nr="1708" mi="6" ci="0" mb="0" cb="0"/><line nr="1709" mi="2" ci="0" mb="0" cb="0"/><line nr="1710" mi="2" ci="0" mb="2" cb="0"/><line nr="1711" mi="4" ci="0" mb="0" cb="0"/><line nr="1713" mi="6" ci="0" mb="0" cb="0"/><line nr="1714" mi="7" ci="0" mb="0" cb="0"/><line nr="1715" mi="6" ci="0" mb="0" cb="0"/><line nr="1716" mi="6" ci="0" mb="0" cb="0"/><line nr="1717" mi="2" ci="0" mb="0" cb="0"/><line nr="1727" mi="0" ci="4" mb="0" cb="0"/><line nr="1728" mi="11" ci="0" mb="2" cb="0"/><line nr="1729" mi="4" ci="0" mb="0" cb="0"/><line nr="1730" mi="6" ci="0" mb="0" cb="0"/><line nr="1731" mi="7" ci="0" mb="0" cb="0"/><line nr="1732" mi="4" ci="0" mb="0" cb="0"/><line nr="1733" mi="1" ci="0" mb="0" cb="0"/><line nr="1734" mi="4" ci="0" mb="0" cb="0"/><line nr="1735" mi="4" ci="0" mb="0" cb="0"/><line nr="1736" mi="2" ci="0" mb="0" cb="0"/><line nr="1737" mi="4" ci="0" mb="0" cb="0"/><line nr="1738" mi="4" ci="0" mb="0" cb="0"/><line nr="1739" mi="5" ci="0" mb="0" cb="0"/><line nr="1740" mi="3" ci="0" mb="0" cb="0"/><line nr="1741" mi="2" ci="0" mb="0" cb="0"/><line nr="1752" mi="5" ci="0" mb="0" cb="0"/><line nr="1753" mi="9" ci="0" mb="2" cb="0"/><line nr="1765" mi="4" ci="0" mb="0" cb="0"/><line nr="1766" mi="10" ci="0" mb="2" cb="0"/><line nr="1767" mi="10" ci="0" mb="4" cb="0"/><line nr="1768" mi="3" ci="0" mb="2" cb="0"/><line nr="1769" mi="9" ci="0" mb="0" cb="0"/><line nr="1770" mi="4" ci="0" mb="0" cb="0"/><line nr="1771" mi="6" ci="0" mb="0" cb="0"/><line nr="1773" mi="1" ci="0" mb="0" cb="0"/><line nr="1774" mi="2" ci="0" mb="0" cb="0"/><line nr="1785" mi="4" ci="0" mb="0" cb="0"/><line nr="1786" mi="10" ci="0" mb="2" cb="0"/><line nr="1787" mi="7" ci="0" mb="2" cb="0"/><line nr="1788" mi="9" ci="0" mb="0" cb="0"/><line nr="1789" mi="4" ci="0" mb="0" cb="0"/><line nr="1790" mi="6" ci="0" mb="0" cb="0"/><line nr="1792" mi="1" ci="0" mb="0" cb="0"/><line nr="1793" mi="2" ci="0" mb="0" cb="0"/><line nr="1803" mi="5" ci="0" mb="0" cb="0"/><line nr="1804" mi="8" ci="0" mb="4" cb="0"/><line nr="1805" mi="4" ci="0" mb="0" cb="0"/><line nr="1807" mi="5" ci="0" mb="0" cb="0"/><line nr="1817" mi="4" ci="0" mb="0" cb="0"/><line nr="1818" mi="11" ci="0" mb="2" cb="0"/><line nr="1819" mi="4" ci="0" mb="0" cb="0"/><line nr="1820" mi="13" ci="0" mb="2" cb="0"/><line nr="1821" mi="10" ci="0" mb="0" cb="0"/><line nr="1822" mi="1" ci="0" mb="0" cb="0"/><line nr="1823" mi="7" ci="0" mb="0" cb="0"/><line nr="1824" mi="1" ci="0" mb="0" cb="0"/><line nr="1825" mi="2" ci="0" mb="0" cb="0"/><line nr="1834" mi="4" ci="0" mb="0" cb="0"/><line nr="1835" mi="6" ci="0" mb="0" cb="0"/><line nr="1836" mi="7" ci="0" mb="0" cb="0"/><line nr="1837" mi="7" ci="0" mb="0" cb="0"/><line nr="1838" mi="5" ci="0" mb="0" cb="0"/><line nr="1839" mi="3" ci="0" mb="2" cb="0"/><line nr="1840" mi="8" ci="0" mb="0" cb="0"/><line nr="1842" mi="2" ci="0" mb="0" cb="0"/><line nr="1853" mi="4" ci="0" mb="0" cb="0"/><line nr="1854" mi="8" ci="0" mb="0" cb="0"/><line nr="1855" mi="8" ci="0" mb="0" cb="0"/><line nr="1856" mi="9" ci="0" mb="0" cb="0"/><line nr="1857" mi="10" ci="0" mb="0" cb="0"/><line nr="1858" mi="2" ci="0" mb="0" cb="0"/><line nr="1872" mi="0" ci="4" mb="0" cb="0"/><line nr="1873" mi="0" ci="3" mb="0" cb="0"/><line nr="1874" mi="5" ci="0" mb="0" cb="0"/><line nr="1875" mi="4" ci="0" mb="0" cb="0"/><line nr="1876" mi="6" ci="0" mb="0" cb="0"/><line nr="1877" mi="5" ci="0" mb="0" cb="0"/><line nr="1879" mi="3" ci="0" mb="0" cb="0"/><line nr="1880" mi="3" ci="0" mb="0" cb="0"/><line nr="1882" mi="4" ci="0" mb="0" cb="0"/><line nr="1884" mi="11" ci="0" mb="2" cb="0"/><line nr="1885" mi="4" ci="0" mb="0" cb="0"/><line nr="1886" mi="4" ci="0" mb="2" cb="0"/><line nr="1887" mi="4" ci="0" mb="0" cb="0"/><line nr="1888" mi="5" ci="0" mb="0" cb="0"/><line nr="1889" mi="6" ci="0" mb="0" cb="0"/><line nr="1890" mi="2" ci="0" mb="0" cb="0"/><line nr="1891" mi="5" ci="0" mb="0" cb="0"/><line nr="1892" mi="10" ci="0" mb="0" cb="0"/><line nr="1893" mi="10" ci="0" mb="0" cb="0"/><line nr="1894" mi="8" ci="0" mb="0" cb="0"/><line nr="1895" mi="4" ci="0" mb="0" cb="0"/><line nr="1896" mi="2" ci="0" mb="0" cb="0"/><line nr="1897" mi="15" ci="0" mb="0" cb="0"/><line nr="1899" mi="1" ci="0" mb="0" cb="0"/><line nr="1902" mi="5" ci="0" mb="0" cb="0"/><line nr="1903" mi="9" ci="0" mb="0" cb="0"/><line nr="1904" mi="2" ci="0" mb="0" cb="0"/><line nr="1906" mi="5" ci="0" mb="0" cb="0"/><line nr="1908" mi="1" ci="0" mb="0" cb="0"/><line nr="1910" mi="11" ci="0" mb="2" cb="0"/><line nr="1911" mi="4" ci="0" mb="0" cb="0"/><line nr="1912" mi="9" ci="0" mb="6" cb="0"/><line nr="1913" mi="4" ci="0" mb="0" cb="0"/><line nr="1914" mi="5" ci="0" mb="0" cb="0"/><line nr="1915" mi="10" ci="0" mb="0" cb="0"/><line nr="1916" mi="2" ci="0" mb="0" cb="0"/><line nr="1917" mi="5" ci="0" mb="0" cb="0"/><line nr="1918" mi="10" ci="0" mb="0" cb="0"/><line nr="1919" mi="10" ci="0" mb="0" cb="0"/><line nr="1920" mi="8" ci="0" mb="0" cb="0"/><line nr="1921" mi="4" ci="0" mb="0" cb="0"/><line nr="1922" mi="2" ci="0" mb="0" cb="0"/><line nr="1923" mi="15" ci="0" mb="0" cb="0"/><line nr="1925" mi="1" ci="0" mb="0" cb="0"/><line nr="1928" mi="5" ci="0" mb="0" cb="0"/><line nr="1929" mi="9" ci="0" mb="0" cb="0"/><line nr="1930" mi="2" ci="0" mb="0" cb="0"/><line nr="1932" mi="5" ci="0" mb="0" cb="0"/><line nr="1934" mi="1" ci="0" mb="0" cb="0"/><line nr="1935" mi="2" ci="0" mb="0" cb="0"/><line nr="1944" mi="3" ci="0" mb="0" cb="0"/><line nr="1945" mi="4" ci="0" mb="0" cb="0"/><line nr="1946" mi="5" ci="0" mb="0" cb="0"/><line nr="1947" mi="7" ci="0" mb="0" cb="0"/><line nr="1948" mi="7" ci="0" mb="0" cb="0"/><line nr="1949" mi="14" ci="0" mb="2" cb="0"/><line nr="1950" mi="2" ci="0" mb="0" cb="0"/><line nr="1966" mi="0" ci="4" mb="0" cb="0"/><line nr="1967" mi="6" ci="0" mb="0" cb="0"/><line nr="1968" mi="10" ci="0" mb="0" cb="0"/><line nr="1969" mi="7" ci="0" mb="0" cb="0"/><line nr="1970" mi="2" ci="0" mb="0" cb="0"/><line nr="1981" mi="4" ci="0" mb="0" cb="0"/><line nr="1982" mi="7" ci="0" mb="0" cb="0"/><line nr="1983" mi="11" ci="0" mb="0" cb="0"/><line nr="1984" mi="5" ci="0" mb="0" cb="0"/><line nr="1985" mi="1" ci="0" mb="0" cb="0"/><line nr="1986" mi="3" ci="0" mb="0" cb="0"/><line nr="1987" mi="9" ci="0" mb="0" cb="0"/><line nr="1989" mi="9" ci="0" mb="0" cb="0"/><line nr="1990" mi="2" ci="0" mb="0" cb="0"/><line nr="2003" mi="4" ci="0" mb="0" cb="0"/><line nr="2004" mi="2" ci="0" mb="0" cb="0"/><line nr="2005" mi="16" ci="0" mb="0" cb="0"/><line nr="2018" mi="3" ci="0" mb="2" cb="0"/><line nr="2019" mi="8" ci="0" mb="0" cb="0"/><line nr="2021" mi="11" ci="0" mb="0" cb="0"/><line nr="2022" mi="5" ci="0" mb="0" cb="0"/><line nr="2023" mi="2" ci="0" mb="0" cb="0"/><line nr="2024" mi="4" ci="0" mb="0" cb="0"/><line nr="2027" mi="8" ci="0" mb="0" cb="0"/><line nr="2029" mi="11" ci="0" mb="0" cb="0"/><line nr="2030" mi="5" ci="0" mb="0" cb="0"/><line nr="2031" mi="6" ci="0" mb="0" cb="0"/><line nr="2048" mi="0" ci="4" mb="0" cb="0"/><line nr="2050" mi="2" ci="3" mb="0" cb="0"/><line nr="2052" mi="6" ci="0" mb="0" cb="0"/><line nr="2053" mi="8" ci="0" mb="0" cb="0"/><line nr="2054" mi="2" ci="0" mb="0" cb="0"/><line nr="2056" mi="5" ci="0" mb="0" cb="0"/><line nr="2058" mi="6" ci="0" mb="0" cb="0"/><line nr="2059" mi="8" ci="0" mb="0" cb="0"/><line nr="2060" mi="2" ci="0" mb="0" cb="0"/><line nr="2062" mi="5" ci="0" mb="0" cb="0"/><line nr="2064" mi="6" ci="0" mb="0" cb="0"/><line nr="2065" mi="8" ci="0" mb="0" cb="0"/><line nr="2066" mi="2" ci="0" mb="0" cb="0"/><line nr="2068" mi="5" ci="0" mb="0" cb="0"/><line nr="2070" mi="7" ci="0" mb="0" cb="0"/><line nr="2071" mi="5" ci="0" mb="0" cb="0"/><line nr="2072" mi="2" ci="0" mb="0" cb="0"/><line nr="2074" mi="7" ci="0" mb="0" cb="0"/><line nr="2075" mi="2" ci="0" mb="0" cb="0"/><line nr="2090" mi="4" ci="0" mb="0" cb="0"/><line nr="2091" mi="5" ci="0" mb="0" cb="0"/><line nr="2093" mi="6" ci="0" mb="0" cb="0"/><line nr="2094" mi="8" ci="0" mb="0" cb="0"/><line nr="2095" mi="2" ci="0" mb="0" cb="0"/><line nr="2097" mi="5" ci="0" mb="0" cb="0"/><line nr="2099" mi="6" ci="0" mb="0" cb="0"/><line nr="2100" mi="8" ci="0" mb="0" cb="0"/><line nr="2101" mi="2" ci="0" mb="0" cb="0"/><line nr="2103" mi="5" ci="0" mb="0" cb="0"/><line nr="2105" mi="7" ci="0" mb="0" cb="0"/><line nr="2106" mi="5" ci="0" mb="0" cb="0"/><line nr="2107" mi="2" ci="0" mb="0" cb="0"/><line nr="2109" mi="7" ci="0" mb="0" cb="0"/><line nr="2110" mi="2" ci="0" mb="0" cb="0"/><line nr="2128" mi="4" ci="0" mb="0" cb="0"/><line nr="2129" mi="7" ci="0" mb="0" cb="0"/><line nr="2133" mi="5" ci="0" mb="2" cb="0"/><line nr="2134" mi="9" ci="0" mb="0" cb="0"/><line nr="2135" mi="5" ci="0" mb="2" cb="0"/><line nr="2136" mi="8" ci="0" mb="0" cb="0"/><line nr="2139" mi="5" ci="0" mb="0" cb="0"/><line nr="2140" mi="5" ci="0" mb="0" cb="0"/><line nr="2141" mi="6" ci="0" mb="0" cb="0"/><line nr="2142" mi="6" ci="0" mb="0" cb="0"/><line nr="2143" mi="7" ci="0" mb="0" cb="0"/><line nr="2144" mi="7" ci="0" mb="0" cb="0"/><line nr="2145" mi="5" ci="0" mb="0" cb="0"/><line nr="2146" mi="3" ci="0" mb="0" cb="0"/><line nr="2147" mi="5" ci="0" mb="0" cb="0"/><line nr="2148" mi="3" ci="0" mb="0" cb="0"/><line nr="2149" mi="5" ci="0" mb="0" cb="0"/><line nr="2150" mi="3" ci="0" mb="0" cb="0"/><line nr="2151" mi="5" ci="0" mb="0" cb="0"/><line nr="2152" mi="2" ci="0" mb="0" cb="0"/><line nr="2154" mi="7" ci="0" mb="0" cb="0"/><line nr="2155" mi="5" ci="0" mb="0" cb="0"/><line nr="2156" mi="6" ci="0" mb="0" cb="0"/><line nr="2157" mi="6" ci="0" mb="0" cb="0"/><line nr="2158" mi="5" ci="0" mb="0" cb="0"/><line nr="2159" mi="8" ci="0" mb="0" cb="0"/><line nr="2160" mi="6" ci="0" mb="0" cb="0"/><line nr="2161" mi="15" ci="0" mb="4" cb="0"/><line nr="2162" mi="2" ci="0" mb="0" cb="0"/><line nr="2163" mi="3" ci="0" mb="2" cb="0"/><line nr="2164" mi="4" ci="0" mb="0" cb="0"/><line nr="2166" mi="6" ci="0" mb="0" cb="0"/><line nr="2167" mi="3" ci="0" mb="0" cb="0"/><line nr="2168" mi="6" ci="0" mb="4" cb="0"/><line nr="2169" mi="8" ci="0" mb="0" cb="0"/><line nr="2170" mi="5" ci="0" mb="0" cb="0"/><line nr="2171" mi="1" ci="0" mb="0" cb="0"/><line nr="2173" mi="10" ci="0" mb="2" cb="0"/><line nr="2174" mi="7" ci="0" mb="0" cb="0"/><line nr="2177" mi="9" ci="0" mb="0" cb="0"/><line nr="2178" mi="2" ci="0" mb="0" cb="0"/><line nr="2187" mi="4" ci="0" mb="0" cb="0"/><line nr="2188" mi="3" ci="0" mb="2" cb="0"/><line nr="2189" mi="12" ci="0" mb="2" cb="0"/><line nr="2190" mi="4" ci="0" mb="0" cb="0"/><line nr="2191" mi="8" ci="0" mb="0" cb="0"/><line nr="2192" mi="8" ci="0" mb="0" cb="0"/><line nr="2193" mi="9" ci="0" mb="0" cb="0"/><line nr="2194" mi="9" ci="0" mb="0" cb="0"/><line nr="2195" mi="7" ci="0" mb="0" cb="0"/><line nr="2196" mi="1" ci="0" mb="0" cb="0"/><line nr="2198" mi="4" ci="0" mb="0" cb="0"/><line nr="2199" mi="5" ci="0" mb="0" cb="0"/><line nr="2200" mi="2" ci="0" mb="0" cb="0"/><line nr="2210" mi="4" ci="0" mb="0" cb="0"/><line nr="2211" mi="5" ci="0" mb="0" cb="0"/><line nr="2212" mi="5" ci="0" mb="0" cb="0"/><line nr="2213" mi="5" ci="0" mb="0" cb="0"/><line nr="2214" mi="2" ci="0" mb="0" cb="0"/><line nr="2225" mi="0" ci="4" mb="0" cb="0"/><line nr="2226" mi="0" ci="3" mb="0" cb="0"/><line nr="2227" mi="5" ci="0" mb="0" cb="0"/><line nr="2228" mi="4" ci="0" mb="0" cb="0"/><line nr="2229" mi="4" ci="0" mb="0" cb="0"/><line nr="2240" mi="4" ci="0" mb="0" cb="0"/><line nr="2241" mi="3" ci="0" mb="0" cb="0"/><line nr="2242" mi="5" ci="0" mb="0" cb="0"/><line nr="2243" mi="4" ci="0" mb="0" cb="0"/><line nr="2244" mi="4" ci="0" mb="0" cb="0"/><line nr="2259" mi="4" ci="0" mb="0" cb="0"/><line nr="2260" mi="3" ci="0" mb="0" cb="0"/><line nr="2261" mi="5" ci="0" mb="0" cb="0"/><line nr="2262" mi="11" ci="0" mb="0" cb="0"/><line nr="2263" mi="5" ci="0" mb="0" cb="0"/><line nr="2276" mi="4" ci="0" mb="0" cb="0"/><line nr="2277" mi="3" ci="0" mb="0" cb="0"/><line nr="2278" mi="5" ci="0" mb="0" cb="0"/><line nr="2279" mi="4" ci="0" mb="0" cb="0"/><line nr="2280" mi="4" ci="0" mb="0" cb="0"/><line nr="2281" mi="5" ci="0" mb="0" cb="0"/><line nr="2282" mi="4" ci="0" mb="0" cb="0"/><line nr="2294" mi="0" ci="4" mb="0" cb="0"/><line nr="2295" mi="0" ci="3" mb="0" cb="0"/><line nr="2296" mi="5" ci="0" mb="0" cb="0"/><line nr="2297" mi="4" ci="0" mb="0" cb="0"/><line nr="2298" mi="4" ci="0" mb="0" cb="0"/><line nr="2299" mi="5" ci="0" mb="0" cb="0"/><line nr="2300" mi="4" ci="0" mb="0" cb="0"/><line nr="2317" mi="0" ci="6" mb="0" cb="0"/><line nr="2318" mi="0" ci="4" mb="0" cb="0"/><line nr="2319" mi="6" ci="0" mb="0" cb="0"/><line nr="2320" mi="5" ci="0" mb="0" cb="0"/><line nr="2321" mi="6" ci="0" mb="0" cb="0"/><line nr="2322" mi="6" ci="0" mb="0" cb="0"/><line nr="2323" mi="4" ci="0" mb="0" cb="0"/><line nr="2324" mi="4" ci="0" mb="0" cb="0"/><line nr="2325" mi="1" ci="0" mb="0" cb="0"/><line nr="2340" mi="4" ci="0" mb="0" cb="0"/><line nr="2341" mi="10" ci="0" mb="0" cb="0"/><line nr="2343" mi="4" ci="0" mb="0" cb="0"/><line nr="2344" mi="6" ci="0" mb="0" cb="0"/><line nr="2345" mi="6" ci="0" mb="0" cb="0"/><line nr="2346" mi="5" ci="0" mb="0" cb="0"/><line nr="2347" mi="5" ci="0" mb="0" cb="0"/><line nr="2348" mi="5" ci="0" mb="0" cb="0"/><line nr="2349" mi="11" ci="0" mb="0" cb="0"/><line nr="2350" mi="2" ci="0" mb="0" cb="0"/><line nr="2365" mi="8" ci="0" mb="0" cb="0"/><line nr="2366" mi="4" ci="0" mb="0" cb="0"/><line nr="2367" mi="5" ci="0" mb="0" cb="0"/><line nr="2368" mi="5" ci="0" mb="0" cb="0"/><line nr="2369" mi="2" ci="0" mb="0" cb="0"/><line nr="2377" mi="0" ci="4" mb="0" cb="0"/><line nr="2378" mi="0" ci="5" mb="0" cb="0"/><line nr="2379" mi="0" ci="5" mb="0" cb="0"/><line nr="2380" mi="0" ci="2" mb="0" cb="0"/><line nr="2394" mi="4" ci="0" mb="0" cb="0"/><line nr="2395" mi="4" ci="0" mb="0" cb="0"/><line nr="2398" mi="4" ci="0" mb="0" cb="0"/><line nr="2399" mi="5" ci="0" mb="0" cb="0"/><line nr="2400" mi="5" ci="0" mb="0" cb="0"/><line nr="2401" mi="2" ci="0" mb="0" cb="0"/><line nr="2407" mi="1" ci="3" mb="0" cb="0"/><line nr="2408" mi="0" ci="4" mb="0" cb="0"/><line nr="2410" mi="4" ci="0" mb="0" cb="0"/><line nr="2411" mi="5" ci="0" mb="0" cb="0"/><line nr="2412" mi="5" ci="0" mb="0" cb="0"/><line nr="2413" mi="2" ci="0" mb="0" cb="0"/><line nr="2428" mi="1" ci="3" mb="0" cb="0"/><line nr="2429" mi="0" ci="4" mb="0" cb="0"/><line nr="2431" mi="4" ci="0" mb="0" cb="0"/><line nr="2432" mi="5" ci="0" mb="0" cb="0"/><line nr="2433" mi="5" ci="0" mb="0" cb="0"/><line nr="2434" mi="2" ci="0" mb="0" cb="0"/><line nr="2448" mi="8" ci="0" mb="0" cb="0"/><line nr="2449" mi="4" ci="0" mb="0" cb="0"/><line nr="2450" mi="5" ci="0" mb="0" cb="0"/><line nr="2451" mi="5" ci="0" mb="0" cb="0"/><line nr="2452" mi="2" ci="0" mb="0" cb="0"/><line nr="2465" mi="0" ci="2" mb="0" cb="0"/><line nr="2466" mi="11" ci="0" mb="2" cb="0"/><line nr="2467" mi="4" ci="0" mb="0" cb="0"/><line nr="2468" mi="7" ci="0" mb="0" cb="0"/><line nr="2469" mi="8" ci="0" mb="0" cb="0"/><line nr="2470" mi="4" ci="0" mb="0" cb="0"/><line nr="2471" mi="2" ci="0" mb="2" cb="0"/><line nr="2472" mi="3" ci="0" mb="0" cb="0"/><line nr="2473" mi="3" ci="0" mb="0" cb="0"/><line nr="2475" mi="3" ci="0" mb="0" cb="0"/><line nr="2476" mi="5" ci="0" mb="0" cb="0"/><line nr="2477" mi="4" ci="0" mb="0" cb="0"/><line nr="2479" mi="4" ci="0" mb="0" cb="0"/><line nr="2480" mi="4" ci="0" mb="0" cb="0"/><line nr="2481" mi="4" ci="0" mb="0" cb="0"/><line nr="2482" mi="1" ci="0" mb="0" cb="0"/><line nr="2483" mi="5" ci="0" mb="0" cb="0"/><line nr="2493" mi="3" ci="0" mb="0" cb="0"/><line nr="2494" mi="4" ci="0" mb="0" cb="0"/><line nr="2495" mi="13" ci="0" mb="2" cb="0"/><line nr="2496" mi="3" ci="0" mb="2" cb="0"/><line nr="2497" mi="9" ci="0" mb="0" cb="0"/><line nr="2499" mi="1" ci="0" mb="0" cb="0"/><line nr="2501" mi="4" ci="0" mb="0" cb="0"/><line nr="2503" mi="10" ci="0" mb="2" cb="0"/><line nr="2504" mi="4" ci="0" mb="0" cb="0"/><line nr="2505" mi="6" ci="0" mb="0" cb="0"/><line nr="2506" mi="7" ci="0" mb="0" cb="0"/><line nr="2507" mi="2" ci="0" mb="0" cb="0"/><line nr="2508" mi="3" ci="0" mb="2" cb="0"/><line nr="2509" mi="2" ci="0" mb="0" cb="0"/><line nr="2511" mi="5" ci="0" mb="0" cb="0"/><line nr="2512" mi="6" ci="0" mb="0" cb="0"/><line nr="2513" mi="7" ci="0" mb="0" cb="0"/><line nr="2514" mi="7" ci="0" mb="0" cb="0"/><line nr="2515" mi="8" ci="0" mb="0" cb="0"/><line nr="2516" mi="4" ci="0" mb="0" cb="0"/><line nr="2517" mi="8" ci="0" mb="0" cb="0"/><line nr="2518" mi="1" ci="0" mb="0" cb="0"/><line nr="2520" mi="10" ci="0" mb="2" cb="0"/><line nr="2521" mi="4" ci="0" mb="0" cb="0"/><line nr="2522" mi="9" ci="0" mb="0" cb="0"/><line nr="2523" mi="9" ci="0" mb="0" cb="0"/><line nr="2524" mi="5" ci="0" mb="0" cb="0"/><line nr="2525" mi="5" ci="0" mb="0" cb="0"/><line nr="2526" mi="5" ci="0" mb="0" cb="0"/><line nr="2527" mi="5" ci="0" mb="0" cb="0"/><line nr="2528" mi="11" ci="0" mb="0" cb="0"/><line nr="2529" mi="4" ci="0" mb="0" cb="0"/><line nr="2530" mi="1" ci="0" mb="0" cb="0"/><line nr="2531" mi="4" ci="0" mb="0" cb="0"/><line nr="2532" mi="5" ci="0" mb="0" cb="0"/><line nr="2533" mi="2" ci="0" mb="0" cb="0"/><counter type="INSTRUCTION" missed="5179" covered="608"/><counter type="BRANCH" missed="212" covered="30"/><counter type="LINE" missed="1001" covered="115"/><counter type="COMPLEXITY" missed="202" covered="39"/><counter type="METHOD" missed="88" covered="32"/><counter type="CLASS" missed="0" covered="1"/></sourcefile><counter type="INSTRUCTION" missed="5179" covered="608"/><counter type="BRANCH" missed="212" covered="30"/><counter type="LINE" missed="1001" covered="115"/><counter type="COMPLEXITY" missed="202" covered="39"/><counter type="METHOD" missed="88" covered="32"/><counter type="CLASS" missed="0" covered="1"/></package><counter type="INSTRUCTION" missed="5179" covered="608"/><counter type="BRANCH" missed="212" covered="30"/><counter type="LINE" missed="1001" covered="115"/><counter type="COMPLEXITY" missed="202" covered="39"/><counter type="METHOD" missed="88" covered="32"/><counter type="CLASS" missed="0" covered="1"/></report>