<?xml version="1.0" encoding="UTF-8" standalone="yes"?><!DOCTYPE report PUBLIC "-//JACOCO//DTD Report 1.1//EN" "report.dtd"><report name="JaCoCo Coverage Report"><sessioninfo id="MSI-f60b1184" start="1788246463570" dump="1788246464675"/><package name="org/apache/storm/redis/bolt"><class name="org/apache/storm/redis/bolt/RedisFilterBolt" sourcefilename="RedisFilterBolt.java"><method name="&lt;init&gt;" desc="(Lorg/apache/storm/redis/common/config/JedisPoolConfig;Lorg/apache/storm/redis/common/mapper/RedisFilterMapper;)V" line="68"><counter type="INSTRUCTION" missed="8" covered="22"/><counter type="BRANCH" missed="3" covered="1"/><counter type="LINE" missed="1" covered="8"/><counter type="COMPLEXITY" missed="2" covered="1"/><counter type="METHOD" missed="0" covered="1"/></method><method name="&lt;init&gt;" desc="(Lorg/apache/storm/redis/common/config/JedisClusterConfig;Lorg/apache/storm/redis/common/mapper/RedisFilterMapper;)V" line="93"><counter type="INSTRUCTION" missed="0" covered="18"/><counter type="LINE" missed="0" covered="7"/><counter type="COMPLEXITY" missed="0" covered="1"/><counter type="METHOD" missed="0" covered="1"/></method><method name="process" desc="(Lorg/apache/storm/tuple/Tuple;)V" line="108"><counter type="INSTRUCTION" missed="17" covered="18"/><counter type="BRANCH" missed="2" covered="0"/><counter type="LINE" missed="4" covered="6"/><counter type="COMPLEXITY" missed="1" covered="1"/><counter type="METHOD" missed="0" covered="1"/></method><method name="isPresent" desc="(Lorg/apache/storm/redis/common/container/JedisCommandsContainer;Ljava/lang/String;)Z" line="135"><counter type="INSTRUCTION" missed="66" covered="0"/><counter type="BRANCH" missed="11" covered="0"/><counter type="LINE" missed="9" covered="0"/><counter type="COMPLEXITY" missed="9" covered="0"/><counter type="METHOD" missed="1" covered="0"/></method><method name="containsGeoPosition" desc="(Ljava/util/List;)Z" line="170"><counter type="INSTRUCTION" missed="11" covered="0"/><counter type="BRANCH" missed="4" covered="0"/><counter type="LINE" missed="2" covered="0"/><counter type="COMPLEXITY" missed="3" covered="0"/><counter type="METHOD" missed="1" covered="0"/></method><method name="declareOutputFields" desc="(Lorg/apache/storm/topology/OutputFieldsDeclarer;)V" line="179"><counter type="INSTRUCTION" missed="0" covered="5"/><counter type="LINE" missed="0" covered="2"/><counter type="COMPLEXITY" missed="0" covered="1"/><counter type="METHOD" missed="0" covered="1"/></method><counter type="INSTRUCTION" missed="102" covered="63"/><counter type="BRANCH" missed="20" covered="1"/><counter type="LINE" missed="16" covered="23"/><counter type="COMPLEXITY" missed="15" covered="4"/><counter type="METHOD" missed="2" covered="4"/><counter type="CLASS" missed="0" covered="1"/></class><class name="org/apache/storm/redis/bolt/RedisFilterBolt$1" sourcefilename="RedisFilterBolt.java"/><sourcefile name="RedisFilterBolt.java"><line nr="68" mi="0" ci="3" mb="0" cb="0"/><line nr="70" mi="0" ci="3" mb="0" cb="0"/><line nr="72" mi="0" ci="1" mb="0" cb="0"/><line nr="73" mi="0" ci="2" mb="0" cb="0"/><line nr="74" mi="0" ci="4" mb="0" cb="0"/><line nr="75" mi="0" ci="4" mb="0" cb="0"/><line nr="77" mi="3" ci="4" mb="3" cb="1"/><line nr="79" mi="5" ci="0" mb="0" cb="0"/><line nr="81" mi="0" ci="1" mb="0" cb="0"/><line nr="93" mi="0" ci="3" mb="0" cb="0"/><line nr="95" mi="0" ci="3" mb="0" cb="0"/><line nr="97" mi="0" ci="1" mb="0" cb="0"/><line nr="98" mi="0" ci="2" mb="0" cb="0"/><line nr="99" mi="0" ci="4" mb="0" cb="0"/><line nr="100" mi="0" ci="4" mb="0" cb="0"/><line nr="101" mi="0" ci="1" mb="0" cb="0"/><line nr="108" mi="0" ci="5" mb="0" cb="0"/><line nr="111" mi="0" ci="3" mb="0" cb="0"/><line nr="113" mi="5" ci="0" mb="2" cb="0"/><line nr="114" mi="7" ci="0" mb="0" cb="0"/><line nr="117" mi="4" ci="0" mb="0" cb="0"/><line nr="118" mi="0" ci="1" mb="0" cb="0"/><line nr="119" mi="0" ci="4" mb="0" cb="0"/><line nr="120" mi="0" ci="4" mb="0" cb="0"/><line nr="121" mi="1" ci="0" mb="0" cb="0"/><line nr="122" mi="0" ci="1" mb="0" cb="0"/><line nr="135" mi="6" ci="0" mb="7" cb="0"/><line nr="137" mi="5" ci="0" mb="0" cb="0"/><line nr="140" mi="7" ci="0" mb="0" cb="0"/><line nr="143" mi="7" ci="0" mb="0" cb="0"/><line nr="146" mi="10" ci="0" mb="2" cb="0"/><line nr="149" mi="10" ci="0" mb="2" cb="0"/><line nr="152" mi="12" ci="0" mb="0" cb="0"/><line nr="153" mi="1" ci="0" mb="0" cb="0"/><line nr="156" mi="8" ci="0" mb="0" cb="0"/><line nr="170" mi="4" ci="0" mb="2" cb="0"/><line nr="171" mi="7" ci="0" mb="2" cb="0"/><line nr="179" mi="0" ci="4" mb="0" cb="0"/><line nr="180" mi="0" ci="1" mb="0" cb="0"/><counter type="INSTRUCTION" missed="102" covered="63"/><counter type="BRANCH" missed="20" covered="1"/><counter type="LINE" missed="16" covered="23"/><counter type="COMPLEXITY" missed="15" covered="4"/><counter type="METHOD" missed="2" covered="4"/><counter type="CLASS" missed="0" covered="1"/></sourcefile><counter type="INSTRUCTION" missed="102" covered="63"/><counter type="BRANCH" missed="20" covered="1"/><counter type="LINE" missed="16" covered="23"/><counter type="COMPLEXITY" missed="15" covered="4"/><counter type="METHOD" missed="2" covered="4"/><counter type="CLASS" missed="0" covered="1"/></package><counter type="INSTRUCTION" missed="102" covered="63"/><counter type="BRANCH" missed="20" covered="1"/><counter type="LINE" missed="16" covered="23"/><counter type="COMPLEXITY" missed="15" covered="4"/><counter type="METHOD" missed="2" covered="4"/><counter type="CLASS" missed="0" covered="1"/></report>