<?xml version="1.0" encoding="UTF-8" standalone="yes"?><!DOCTYPE report PUBLIC "-//JACOCO//DTD Report 1.1//EN" "report.dtd"><report name="JaCoCo Coverage Report"><sessioninfo id="MSI-5210f3cf" start="1788250066970" dump="1788250071978"/><package name="org/apache/storm/daemon/ui"><class name="org/apache/storm/daemon/ui/UIHelpers" sourcefilename="UIHelpers.java"><method name="&lt;init&gt;" desc="()V" line="117"><counter type="INSTRUCTION" missed="0" covered="3"/><counter type="LINE" missed="0" covered="1"/><counter type="COMPLEXITY" missed="0" covered="1"/><counter type="METHOD" missed="0" covered="1"/></method><method name="prettyUptimeStr" desc="(Ljava/lang/String;[[Ljava/lang/Object;)Ljava/lang/String;" line="179"><counter type="INSTRUCTION" missed="0" covered="61"/><counter type="BRANCH" missed="0" covered="6"/><counter type="LINE" missed="0" covered="11"/><counter type="COMPLEXITY" missed="0" covered="4"/><counter type="METHOD" missed="0" covered="1"/></method><method name="prettyUptimeSec" desc="(Ljava/lang/String;)Ljava/lang/String;" line="202"><counter type="INSTRUCTION" missed="4" covered="0"/><counter type="LINE" missed="1" covered="0"/><counter type="COMPLEXITY" missed="1" covered="0"/><counter type="METHOD" missed="1" covered="0"/></method><method name="prettyUptimeSec" desc="(I)Ljava/lang/String;" line="211"><counter type="INSTRUCTION" missed="0" covered="5"/><counter type="LINE" missed="0" covered="1"/><counter type="COMPLEXITY" missed="0" covered="1"/><counter type="METHOD" missed="0" covered="1"/></method><method name="prettyUptimeMs" desc="(Ljava/lang/String;)Ljava/lang/String;" line="220"><counter type="INSTRUCTION" missed="4" covered="0"/><counter type="LINE" missed="1" covered="0"/><counter type="COMPLEXITY" missed="1" covered="0"/><counter type="METHOD" missed="1" covered="0"/></method><method name="prettyUptimeMs" desc="(I)Ljava/lang/String;" line="229"><counter type="INSTRUCTION" missed="0" covered="5"/><counter type="LINE" missed="0" covered="1"/><counter type="COMPLEXITY" missed="0" covered="1"/><counter type="METHOD" missed="0" covered="1"/></method><method name="urlFormat" desc="(Ljava/lang/String;[Ljava/lang/Object;)Ljava/lang/String;" line="239"><counter type="INSTRUCTION" missed="0" covered="24"/><counter type="BRANCH" missed="0" covered="2"/><counter type="LINE" missed="0" covered="4"/><counter type="COMPLEXITY" missed="0" covered="2"/><counter type="METHOD" missed="0" covered="1"/></method><method name="prettyExecutorInfo" desc="(Lorg/apache/storm/generated/ExecutorInfo;)Ljava/lang/String;" line="252"><counter type="INSTRUCTION" missed="0" covered="6"/><counter type="LINE" missed="0" covered="1"/><counter type="COMPLEXITY" missed="0" covered="1"/><counter type="METHOD" missed="0" covered="1"/></method><method name="unauthorizedUserJson" desc="(Ljava/lang/String;)Ljava/util/Map;" line="261"><counter type="INSTRUCTION" missed="0" covered="13"/><counter type="LINE" missed="0" covered="2"/><counter type="COMPLEXITY" missed="0" covered="1"/><counter type="METHOD" missed="0" covered="1"/></method><method name="mkSslConnector" desc="(Lorg/eclipse/jetty/server/Server;Ljava/lang/Integer;Ljava/lang/String;Ljava/lang/String;Ljava/lang/String;Ljava/lang/String;Ljava/lang/String;Ljava/lang/String;Ljava/lang/String;Ljava/lang/Boolean;Ljava/lang/Boolean;Ljava/lang/Integer;Z)Lorg/eclipse/jetty/server/ServerConnector;" line="272"><counter type="INSTRUCTION" missed="12" covered="105"/><counter type="BRANCH" missed="10" covered="6"/><counter type="LINE" missed="3" covered="21"/><counter type="COMPLEXITY" missed="8" covered="1"/><counter type="METHOD" missed="0" covered="1"/></method><method name="configSsl" desc="(Lorg/eclipse/jetty/server/Server;Ljava/lang/Integer;Ljava/lang/String;Ljava/lang/String;Ljava/lang/String;Ljava/lang/String;Ljava/lang/String;Ljava/lang/String;Ljava/lang/String;Ljava/lang/Boolean;Ljava/lang/Boolean;Z)V" line="312"><counter type="INSTRUCTION" missed="0" covered="15"/><counter type="LINE" missed="0" covered="2"/><counter type="COMPLEXITY" missed="0" covered="1"/><counter type="METHOD" missed="0" covered="1"/></method><method name="configSsl" desc="(Lorg/eclipse/jetty/server/Server;Ljava/lang/Integer;Ljava/lang/String;Ljava/lang/String;Ljava/lang/String;Ljava/lang/String;Ljava/lang/String;Ljava/lang/String;Ljava/lang/String;Ljava/lang/Boolean;Ljava/lang/Boolean;Ljava/lang/Integer;Z)V" line="339"><counter type="INSTRUCTION" missed="0" covered="20"/><counter type="BRANCH" missed="1" covered="1"/><counter type="LINE" missed="0" covered="4"/><counter type="COMPLEXITY" missed="1" covered="1"/><counter type="METHOD" missed="0" covered="1"/></method><method name="corsFilterHandle" desc="()Lorg/eclipse/jetty/servlet/FilterHolder;" line="355"><counter type="INSTRUCTION" missed="0" covered="25"/><counter type="LINE" missed="0" covered="6"/><counter type="COMPLEXITY" missed="0" covered="1"/><counter type="METHOD" missed="0" covered="1"/></method><method name="mkAccessLoggingFilterHandle" desc="()Lorg/eclipse/jetty/servlet/FilterHolder;" line="372"><counter type="INSTRUCTION" missed="0" covered="7"/><counter type="LINE" missed="0" covered="1"/><counter type="COMPLEXITY" missed="0" covered="1"/><counter type="METHOD" missed="0" covered="1"/></method><method name="configFilter" desc="(Lorg/eclipse/jetty/server/Server;Ljakarta/servlet/Servlet;Ljava/util/List;)V" line="377"><counter type="INSTRUCTION" missed="6" covered="0"/><counter type="LINE" missed="2" covered="0"/><counter type="COMPLEXITY" missed="1" covered="0"/><counter type="METHOD" missed="1" covered="0"/></method><method name="configFilter" desc="(Lorg/eclipse/jetty/server/Server;Ljakarta/servlet/Servlet;Ljava/util/List;Ljava/util/Map;)V" line="390"><counter type="INSTRUCTION" missed="32" covered="0"/><counter type="BRANCH" missed="4" covered="0"/><counter type="LINE" missed="10" covered="0"/><counter type="COMPLEXITY" missed="3" covered="0"/><counter type="METHOD" missed="1" covered="0"/></method><method name="configFilters" desc="(Lorg/eclipse/jetty/servlet/ServletContextHandler;Ljava/util/List;)V" line="410"><counter type="INSTRUCTION" missed="59" covered="9"/><counter type="BRANCH" missed="8" covered="0"/><counter type="LINE" missed="16" covered="2"/><counter type="COMPLEXITY" missed="4" covered="1"/><counter type="METHOD" missed="0" covered="1"/></method><method name="jettyCreateServer" desc="(Ljava/lang/Integer;Ljava/lang/String;Ljava/lang/Integer;Ljava/lang/Boolean;)Lorg/eclipse/jetty/server/Server;" line="438"><counter type="INSTRUCTION" missed="0" covered="7"/><counter type="LINE" missed="0" covered="1"/><counter type="COMPLEXITY" missed="0" covered="1"/><counter type="METHOD" missed="0" covered="1"/></method><method name="jettyCreateServer" desc="(Ljava/lang/Integer;Ljava/lang/String;Ljava/lang/Integer;Ljava/lang/Integer;Ljava/lang/Boolean;)Lorg/eclipse/jetty/server/Server;" line="446"><counter type="INSTRUCTION" missed="0" covered="60"/><counter type="BRANCH" missed="0" covered="10"/><counter type="LINE" missed="0" covered="12"/><counter type="COMPLEXITY" missed="0" covered="6"/><counter type="METHOD" missed="0" covered="1"/></method><method name="stormRunJetty" desc="(Ljava/lang/Integer;Ljava/lang/String;Ljava/lang/Integer;Ljava/lang/Integer;Lorg/apache/storm/daemon/ui/IConfigurator;)V" line="473"><counter type="INSTRUCTION" missed="3" covered="13"/><counter type="BRANCH" missed="0" covered="2"/><counter type="LINE" missed="2" covered="3"/><counter type="COMPLEXITY" missed="0" covered="2"/><counter type="METHOD" missed="0" covered="1"/></method><method name="stormRunJetty" desc="(Ljava/lang/Integer;Ljava/lang/Integer;Lorg/apache/storm/daemon/ui/IConfigurator;)V" line="482"><counter type="INSTRUCTION" missed="7" covered="0"/><counter type="LINE" missed="2" covered="0"/><counter type="COMPLEXITY" missed="1" covered="0"/><counter type="METHOD" missed="1" covered="0"/></method><method name="sanitizeJsonpCallback" desc="(Ljava/lang/String;)Ljava/lang/String;" line="489"><counter type="INSTRUCTION" missed="2" covered="18"/><counter type="BRANCH" missed="2" covered="4"/><counter type="LINE" missed="1" covered="5"/><counter type="COMPLEXITY" missed="2" covered="2"/><counter type="METHOD" missed="0" covered="1"/></method><method name="wrapJsonInCallback" desc="(Ljava/lang/String;Ljava/lang/String;)Ljava/lang/String;" line="506"><counter type="INSTRUCTION" missed="0" covered="4"/><counter type="LINE" missed="0" covered="1"/><counter type="COMPLEXITY" missed="0" covered="1"/><counter type="METHOD" missed="0" covered="1"/></method><method name="getJsonResponseHeaders" desc="(Ljava/lang/String;Ljava/util/Map;)Ljava/util/Map;" line="516"><counter type="INSTRUCTION" missed="0" covered="47"/><counter type="BRANCH" missed="0" covered="4"/><counter type="LINE" missed="0" covered="12"/><counter type="COMPLEXITY" missed="0" covered="3"/><counter type="METHOD" missed="0" covered="1"/></method><method name="getJsonResponseBody" desc="(Ljava/lang/Object;Ljava/lang/String;Z)Ljava/lang/String;" line="538"><counter type="INSTRUCTION" missed="2" covered="17"/><counter type="BRANCH" missed="1" covered="3"/><counter type="LINE" missed="0" covered="3"/><counter type="COMPLEXITY" missed="1" covered="2"/><counter type="METHOD" missed="0" covered="1"/></method><method name="exceptionToJson" desc="(Ljava/lang/Exception;I)Ljava/util/Map;" line="550"><counter type="INSTRUCTION" missed="0" covered="27"/><counter type="BRANCH" missed="0" covered="4"/><counter type="LINE" missed="0" covered="6"/><counter type="COMPLEXITY" missed="0" covered="3"/><counter type="METHOD" missed="0" covered="1"/></method><method name="makeStandardResponse" desc="(Ljava/lang/Object;Ljava/lang/String;)Ljakarta/ws/rs/core/Response;" line="563"><counter type="INSTRUCTION" missed="0" covered="6"/><counter type="LINE" missed="0" covered="1"/><counter type="COMPLEXITY" missed="0" covered="1"/><counter type="METHOD" missed="0" covered="1"/></method><method name="makeStandardResponse" desc="(Ljava/lang/Object;Ljava/lang/String;Ljakarta/ws/rs/core/Response$Status;)Ljakarta/ws/rs/core/Response;" line="567"><counter type="INSTRUCTION" missed="0" covered="6"/><counter type="LINE" missed="0" covered="1"/><counter type="COMPLEXITY" missed="0" covered="1"/><counter type="METHOD" missed="0" covered="1"/></method><method name="makeStandardResponse" desc="(Ljava/lang/Object;Ljava/lang/String;ZLjakarta/ws/rs/core/Response$Status;)Ljakarta/ws/rs/core/Response;" line="579"><counter type="INSTRUCTION" missed="0" covered="37"/><counter type="BRANCH" missed="0" covered="2"/><counter type="LINE" missed="0" covered="7"/><counter type="COMPLEXITY" missed="0" covered="2"/><counter type="METHOD" missed="0" covered="1"/></method><method name="toJsonStruct" desc="(Lorg/apache/storm/utils/IVersionInfo;)Ljava/util/Map;" line="592"><counter type="INSTRUCTION" missed="0" covered="36"/><counter type="LINE" missed="0" covered="7"/><counter type="COMPLEXITY" missed="0" covered="1"/><counter type="METHOD" missed="0" covered="1"/></method><method name="getClusterSummary" desc="(Lorg/apache/storm/generated/ClusterSummary;Ljava/lang/String;Ljava/util/Map;)Ljava/util/Map;" line="610"><counter type="INSTRUCTION" missed="60" covered="273"/><counter type="BRANCH" missed="7" covered="7"/><counter type="LINE" missed="8" covered="66"/><counter type="COMPLEXITY" missed="7" covered="1"/><counter type="METHOD" missed="0" covered="1"/></method><method name="prettifyGenericResources" desc="(Ljava/util/Map;)Ljava/lang/String;" line="710"><counter type="INSTRUCTION" missed="2" covered="20"/><counter type="BRANCH" missed="1" covered="1"/><counter type="LINE" missed="1" covered="7"/><counter type="COMPLEXITY" missed="1" covered="1"/><counter type="METHOD" missed="0" covered="1"/></method><method name="unpackOwnerResourceSummary" desc="(Lorg/apache/storm/generated/OwnerResourceSummary;)Ljava/util/Map;" line="729"><counter type="INSTRUCTION" missed="198" covered="0"/><counter type="BRANCH" missed="18" covered="0"/><counter type="LINE" missed="38" covered="0"/><counter type="COMPLEXITY" missed="10" covered="0"/><counter type="METHOD" missed="1" covered="0"/></method><method name="getOwnerResourceSummaries" desc="(Ljava/util/List;Ljava/util/Map;)Ljava/util/Map;" line="793"><counter type="INSTRUCTION" missed="38" covered="0"/><counter type="BRANCH" missed="2" covered="0"/><counter type="LINE" missed="8" covered="0"/><counter type="COMPLEXITY" missed="2" covered="0"/><counter type="METHOD" missed="1" covered="0"/></method><method name="getTopologyMap" desc="(Lorg/apache/storm/generated/TopologySummary;)Ljava/util/Map;" line="812"><counter type="INSTRUCTION" missed="163" covered="10"/><counter type="LINE" missed="28" covered="2"/><counter type="COMPLEXITY" missed="0" covered="1"/><counter type="METHOD" missed="0" covered="1"/></method><method name="getOwnerResourceSummary" desc="(Ljava/util/List;Lorg/apache/storm/generated/Nimbus$Iface;Ljava/lang/String;Ljava/util/Map;)Ljava/util/Map;" line="855"><counter type="INSTRUCTION" missed="41" covered="0"/><counter type="BRANCH" missed="2" covered="0"/><counter type="LINE" missed="9" covered="0"/><counter type="COMPLEXITY" missed="2" covered="0"/><counter type="METHOD" missed="1" covered="0"/></method><method name="getTopologiesMap" desc="(Ljava/lang/String;Ljava/util/List;)Ljava/util/List;" line="878"><counter type="INSTRUCTION" missed="25" covered="4"/><counter type="BRANCH" missed="6" covered="0"/><counter type="LINE" missed="5" covered="1"/><counter type="COMPLEXITY" missed="3" covered="1"/><counter type="METHOD" missed="0" covered="1"/></method><method name="getLogviewerLink" desc="(Ljava/lang/String;Ljava/lang/String;Ljava/util/Map;I)Ljava/lang/String;" line="898"><counter type="INSTRUCTION" missed="19" covered="22"/><counter type="BRANCH" missed="1" covered="1"/><counter type="LINE" missed="2" covered="3"/><counter type="COMPLEXITY" missed="1" covered="1"/><counter type="METHOD" missed="0" covered="1"/></method><method name="getNimbusLogLink" desc="(Ljava/lang/String;Ljava/util/Map;)Ljava/lang/String;" line="914"><counter type="INSTRUCTION" missed="15" covered="18"/><counter type="BRANCH" missed="1" covered="1"/><counter type="LINE" missed="2" covered="3"/><counter type="COMPLEXITY" missed="1" covered="1"/><counter type="METHOD" missed="0" covered="1"/></method><method name="getSupervisorLogLink" desc="(Ljava/lang/String;Ljava/util/Map;)Ljava/lang/String;" line="929"><counter type="INSTRUCTION" missed="33" covered="0"/><counter type="BRANCH" missed="2" covered="0"/><counter type="LINE" missed="5" covered="0"/><counter type="COMPLEXITY" missed="2" covered="0"/><counter type="METHOD" missed="1" covered="0"/></method><method name="getWorkerLogLink" desc="(Ljava/lang/String;ILjava/util/Map;Ljava/lang/String;)Ljava/lang/String;" line="945"><counter type="INSTRUCTION" missed="0" covered="9"/><counter type="LINE" missed="0" covered="3"/><counter type="COMPLEXITY" missed="0" covered="1"/><counter type="METHOD" missed="0" covered="1"/></method><method name="getPrettifiedSupervisorMap" desc="(Lorg/apache/storm/generated/SupervisorSummary;Ljava/util/Map;)Ljava/util/Map;" line="961"><counter type="INSTRUCTION" missed="104" covered="70"/><counter type="LINE" missed="20" covered="13"/><counter type="COMPLEXITY" missed="0" covered="1"/><counter type="METHOD" missed="0" covered="1"/></method><method name="getTopologyHistoryInfo" desc="(Lorg/apache/storm/generated/TopologyHistoryInfo;)Ljava/util/Map;" line="1014"><counter type="INSTRUCTION" missed="0" covered="12"/><counter type="LINE" missed="0" covered="3"/><counter type="COMPLEXITY" missed="0" covered="1"/><counter type="METHOD" missed="0" covered="1"/></method><method name="isSecureLogviewer" desc="(Ljava/util/Map;)Z" line="1025"><counter type="INSTRUCTION" missed="10" covered="6"/><counter type="BRANCH" missed="3" covered="1"/><counter type="LINE" missed="3" covered="2"/><counter type="COMPLEXITY" missed="2" covered="1"/><counter type="METHOD" missed="0" covered="1"/></method><method name="getLogviewerPort" desc="(Ljava/util/Map;)I" line="1040"><counter type="INSTRUCTION" missed="15" covered="0"/><counter type="BRANCH" missed="2" covered="0"/><counter type="LINE" missed="3" covered="0"/><counter type="COMPLEXITY" missed="2" covered="0"/><counter type="METHOD" missed="1" covered="0"/></method><method name="getWorkerSummaries" desc="(Lorg/apache/storm/generated/SupervisorPageInfo;Ljava/util/Map;)Ljava/util/List;" line="1054"><counter type="INSTRUCTION" missed="18" covered="9"/><counter type="BRANCH" missed="3" covered="1"/><counter type="LINE" missed="3" covered="3"/><counter type="COMPLEXITY" missed="2" covered="1"/><counter type="METHOD" missed="0" covered="1"/></method><method name="getWorkerSummaryMap" desc="(Lorg/apache/storm/generated/WorkerSummary;Ljava/util/Map;)Ljava/util/Map;" line="1070"><counter type="INSTRUCTION" missed="103" covered="0"/><counter type="LINE" missed="17" covered="0"/><counter type="COMPLEXITY" missed="1" covered="0"/><counter type="METHOD" missed="1" covered="0"/></method><method name="getSupervisorSummary" desc="(Ljava/util/List;Ljakarta/ws/rs/core/SecurityContext;Ljava/util/Map;)Ljava/util/Map;" line="1099"><counter type="INSTRUCTION" missed="25" covered="0"/><counter type="LINE" missed="7" covered="0"/><counter type="COMPLEXITY" missed="1" covered="0"/><counter type="METHOD" missed="1" covered="0"/></method><method name="getSupervisorsMap" desc="(Ljava/util/List;Ljava/util/Map;)Ljava/util/List;" line="1118"><counter type="INSTRUCTION" missed="23" covered="0"/><counter type="BRANCH" missed="2" covered="0"/><counter type="LINE" missed="5" covered="0"/><counter type="COMPLEXITY" missed="2" covered="0"/><counter type="METHOD" missed="1" covered="0"/></method><method name="addLogviewerInfo" desc="(Ljava/util/Map;Ljava/util/Map;)V" line="1131"><counter type="INSTRUCTION" missed="20" covered="0"/><counter type="BRANCH" missed="2" covered="0"/><counter type="LINE" missed="6" covered="0"/><counter type="COMPLEXITY" missed="2" covered="0"/><counter type="METHOD" missed="1" covered="0"/></method><method name="getSupervisorPageInfo" desc="(Lorg/apache/storm/generated/SupervisorPageInfo;Ljava/util/Map;)Ljava/util/Map;" line="1147"><counter type="INSTRUCTION" missed="33" covered="0"/><counter type="LINE" missed="7" covered="0"/><counter type="COMPLEXITY" missed="1" covered="0"/><counter type="METHOD" missed="1" covered="0"/></method><method name="getAllTopologiesSummary" desc="(Ljava/util/List;Ljava/util/Map;)Ljava/util/Map;" line="1164"><counter type="INSTRUCTION" missed="16" covered="4"/><counter type="LINE" missed="3" covered="1"/><counter type="COMPLEXITY" missed="0" covered="1"/><counter type="METHOD" missed="0" covered="1"/></method><method name="getWindowHint" desc="(Ljava/lang/String;)Ljava/lang/String;" line="1176"><counter type="INSTRUCTION" missed="9" covered="0"/><counter type="BRANCH" missed="2" covered="0"/><counter type="LINE" missed="3" covered="0"/><counter type="COMPLEXITY" missed="2" covered="0"/><counter type="METHOD" missed="1" covered="0"/></method><method name="getStatDisplayMap" desc="(Ljava/util/Map;)Ljava/util/Map;" line="1188"><counter type="INSTRUCTION" missed="28" covered="0"/><counter type="BRANCH" missed="2" covered="0"/><counter type="LINE" missed="5" covered="0"/><counter type="COMPLEXITY" missed="2" covered="0"/><counter type="METHOD" missed="1" covered="0"/></method><method name="getTopologySummary" desc="(Lorg/apache/storm/generated/TopologyPageInfo;Ljava/lang/String;Ljava/util/Map;Ljava/lang/String;)Ljava/util/Map;" line="1206"><counter type="INSTRUCTION" missed="80" covered="0"/><counter type="LINE" missed="16" covered="0"/><counter type="COMPLEXITY" missed="1" covered="0"/><counter type="METHOD" missed="1" covered="0"/></method><method name="getStatDisplayMapLong" desc="(Ljava/util/Map;)Ljava/util/Map;" line="1230"><counter type="INSTRUCTION" missed="27" covered="0"/><counter type="BRANCH" missed="2" covered="0"/><counter type="LINE" missed="5" covered="0"/><counter type="COMPLEXITY" missed="2" covered="0"/><counter type="METHOD" missed="1" covered="0"/></method><method name="getCommonAggStatsMap" desc="(Lorg/apache/storm/generated/CommonAggregateStats;)Ljava/util/Map;" line="1243"><counter type="INSTRUCTION" missed="82" covered="0"/><counter type="BRANCH" missed="2" covered="0"/><counter type="LINE" missed="17" covered="0"/><counter type="COMPLEXITY" missed="2" covered="0"/><counter type="METHOD" missed="1" covered="0"/></method><method name="getTruncatedErrorString" desc="(Ljava/lang/String;)Ljava/lang/String;" line="1274"><counter type="INSTRUCTION" missed="8" covered="0"/><counter type="LINE" missed="1" covered="0"/><counter type="COMPLEXITY" missed="1" covered="0"/><counter type="METHOD" missed="1" covered="0"/></method><method name="getSpoutAggStatsMap" desc="(Lorg/apache/storm/generated/ComponentAggregateStats;Ljava/lang/String;)Ljava/util/Map;" line="1285"><counter type="INSTRUCTION" missed="74" covered="0"/><counter type="BRANCH" missed="2" covered="0"/><counter type="LINE" missed="13" covered="0"/><counter type="COMPLEXITY" missed="2" covered="0"/><counter type="METHOD" missed="1" covered="0"/></method><method name="getBoltAggStatsMap" desc="(Lorg/apache/storm/generated/ComponentAggregateStats;Ljava/lang/String;)Ljava/util/Map;" line="1309"><counter type="INSTRUCTION" missed="83" covered="0"/><counter type="LINE" missed="14" covered="0"/><counter type="COMPLEXITY" missed="1" covered="0"/><counter type="METHOD" missed="1" covered="0"/></method><method name="nullToZero" desc="(Ljava/lang/Long;)Ljava/lang/Long;" line="1331"><counter type="INSTRUCTION" missed="9" covered="0"/><counter type="BRANCH" missed="2" covered="0"/><counter type="LINE" missed="1" covered="0"/><counter type="COMPLEXITY" missed="2" covered="0"/><counter type="METHOD" missed="1" covered="0"/></method><method name="nullToZero" desc="(Ljava/lang/Double;)Ljava/lang/Double;" line="1340"><counter type="INSTRUCTION" missed="9" covered="0"/><counter type="BRANCH" missed="2" covered="0"/><counter type="LINE" missed="1" covered="0"/><counter type="COMPLEXITY" missed="2" covered="0"/><counter type="METHOD" missed="1" covered="0"/></method><method name="getBoltInputStats" desc="(Lorg/apache/storm/generated/GlobalStreamId;Lorg/apache/storm/generated/ComponentAggregateStats;)Ljava/util/Map;" line="1351"><counter type="INSTRUCTION" missed="75" covered="0"/><counter type="LINE" missed="14" covered="0"/><counter type="COMPLEXITY" missed="1" covered="0"/><counter type="METHOD" missed="1" covered="0"/></method><method name="getBoltOutputStats" desc="(Ljava/lang/String;Lorg/apache/storm/generated/ComponentAggregateStats;)Ljava/util/Map;" line="1375"><counter type="INSTRUCTION" missed="30" covered="0"/><counter type="LINE" missed="6" covered="0"/><counter type="COMPLEXITY" missed="1" covered="0"/><counter type="METHOD" missed="1" covered="0"/></method><method name="getSpoutOutputStats" desc="(Ljava/lang/String;Lorg/apache/storm/generated/ComponentAggregateStats;)Ljava/util/Map;" line="1391"><counter type="INSTRUCTION" missed="60" covered="0"/><counter type="LINE" missed="11" covered="0"/><counter type="COMPLEXITY" missed="1" covered="0"/><counter type="METHOD" missed="1" covered="0"/></method><method name="getBoltExecutorStats" desc="(Ljava/lang/String;Ljava/util/Map;Lorg/apache/storm/generated/ExecutorAggregateStats;)Ljava/util/Map;" line="1413"><counter type="INSTRUCTION" missed="143" covered="0"/><counter type="LINE" missed="26" covered="0"/><counter type="COMPLEXITY" missed="1" covered="0"/><counter type="METHOD" missed="1" covered="0"/></method><method name="getSpoutExecutorStats" desc="(Ljava/lang/String;Ljava/util/Map;Lorg/apache/storm/generated/ExecutorAggregateStats;)Ljava/util/Map;" line="1452"><counter type="INSTRUCTION" missed="118" covered="0"/><counter type="LINE" missed="23" covered="0"/><counter type="COMPLEXITY" missed="1" covered="0"/><counter type="METHOD" missed="1" covered="0"/></method><method name="getComponentLastErrorInfo" desc="(Lorg/apache/storm/generated/ErrorInfo;Ljava/util/Map;Ljava/lang/String;)Ljava/util/Map;" line="1489"><counter type="INSTRUCTION" missed="47" covered="0"/><counter type="BRANCH" missed="2" covered="0"/><counter type="LINE" missed="10" covered="0"/><counter type="COMPLEXITY" missed="2" covered="0"/><counter type="METHOD" missed="1" covered="0"/></method><method name="getComponentErrorInfo" desc="(Lorg/apache/storm/generated/ErrorInfo;Ljava/util/Map;Ljava/lang/String;Z)Ljava/util/Map;" line="1517"><counter type="INSTRUCTION" missed="63" covered="0"/><counter type="BRANCH" missed="2" covered="0"/><counter type="LINE" missed="13" covered="0"/><counter type="COMPLEXITY" missed="2" covered="0"/><counter type="METHOD" missed="1" covered="0"/></method><method name="getComponentErrors" desc="(Ljava/util/List;Ljava/lang/String;Ljava/util/Map;)Ljava/util/Map;" line="1545"><counter type="INSTRUCTION" missed="22" covered="0"/><counter type="LINE" missed="6" covered="0"/><counter type="COMPLEXITY" missed="1" covered="0"/><counter type="METHOD" missed="1" covered="0"/></method><method name="getTopologySpoutAggStatsMap" desc="(Lorg/apache/storm/generated/ComponentAggregateStats;Ljava/lang/String;Ljava/util/Map;Ljava/lang/String;)Ljava/util/Map;" line="1563"><counter type="INSTRUCTION" missed="43" covered="0"/><counter type="LINE" missed="9" covered="0"/><counter type="COMPLEXITY" missed="1" covered="0"/><counter type="METHOD" missed="1" covered="0"/></method><method name="getTopologyBoltAggStatsMap" desc="(Lorg/apache/storm/generated/ComponentAggregateStats;Ljava/lang/String;Ljava/util/Map;Ljava/lang/String;)Ljava/util/Map;" line="1582"><counter type="INSTRUCTION" missed="66" covered="0"/><counter type="LINE" missed="12" covered="0"/><counter type="COMPLEXITY" missed="1" covered="0"/><counter type="METHOD" missed="1" covered="0"/></method><method name="getTopologyStatsMap" desc="(Lorg/apache/storm/generated/TopologyStats;)Ljava/util/List;" line="1602"><counter type="INSTRUCTION" missed="99" covered="0"/><counter type="BRANCH" missed="2" covered="0"/><counter type="LINE" missed="18" covered="0"/><counter type="COMPLEXITY" missed="2" covered="0"/><counter type="METHOD" missed="1" covered="0"/></method><method name="unpackTopologyInfo" desc="(Lorg/apache/storm/generated/TopologyPageInfo;Ljava/lang/String;Ljava/util/Map;)Ljava/util/Map;" line="1632"><counter type="INSTRUCTION" missed="375" covered="0"/><counter type="BRANCH" missed="12" covered="0"/><counter type="LINE" missed="64" covered="0"/><counter type="COMPLEXITY" missed="7" covered="0"/><counter type="METHOD" missed="1" covered="0"/></method><method name="getTopologyWorkers" desc="(Lorg/apache/storm/generated/TopologyInfo;Ljava/util/Map;)Ljava/util/Map;" line="1715"><counter type="INSTRUCTION" missed="65" covered="0"/><counter type="BRANCH" missed="2" covered="0"/><counter type="LINE" missed="15" covered="0"/><counter type="COMPLEXITY" missed="2" covered="0"/><counter type="METHOD" missed="1" covered="0"/></method><method name="getTopologyLag" desc="(Lorg/apache/storm/generated/StormTopology;Ljava/util/Map;)Ljava/util/Map;" line="1740"><counter type="INSTRUCTION" missed="14" covered="0"/><counter type="BRANCH" missed="2" covered="0"/><counter type="LINE" missed="2" covered="0"/><counter type="COMPLEXITY" missed="2" covered="0"/><counter type="METHOD" missed="1" covered="0"/></method><method name="getBoltExecutors" desc="(Ljava/util/List;Lorg/apache/storm/generated/StormTopology;Z)Ljava/util/Map;" line="1753"><counter type="INSTRUCTION" missed="49" covered="0"/><counter type="BRANCH" missed="8" covered="0"/><counter type="LINE" missed="9" covered="0"/><counter type="COMPLEXITY" missed="5" covered="0"/><counter type="METHOD" missed="1" covered="0"/></method><method name="getSpoutExecutors" desc="(Ljava/util/List;Lorg/apache/storm/generated/StormTopology;)Ljava/util/Map;" line="1773"><counter type="INSTRUCTION" missed="43" covered="0"/><counter type="BRANCH" missed="4" covered="0"/><counter type="LINE" missed="8" covered="0"/><counter type="COMPLEXITY" missed="3" covered="0"/><counter type="METHOD" missed="1" covered="0"/></method><method name="sanitizeStreamName" desc="(Ljava/lang/String;)Ljava/lang/String;" line="1791"><counter type="INSTRUCTION" missed="0" covered="22"/><counter type="BRANCH" missed="1" covered="3"/><counter type="LINE" missed="0" covered="4"/><counter type="COMPLEXITY" missed="1" covered="2"/><counter type="METHOD" missed="0" covered="1"/></method><method name="sanitizeTransferredStats" desc="(Ljava/util/Map;)Ljava/util/Map;" line="1805"><counter type="INSTRUCTION" missed="53" covered="0"/><counter type="BRANCH" missed="4" covered="0"/><counter type="LINE" missed="9" covered="0"/><counter type="COMPLEXITY" missed="3" covered="0"/><counter type="METHOD" missed="1" covered="0"/></method><method name="getStatMapFromExecutorSummary" desc="(Lorg/apache/storm/generated/ExecutorSummary;)Ljava/util/Map;" line="1822"><counter type="INSTRUCTION" missed="8" covered="34"/><counter type="BRANCH" missed="1" covered="1"/><counter type="LINE" missed="1" covered="7"/><counter type="COMPLEXITY" missed="1" covered="1"/><counter type="METHOD" missed="0" covered="1"/></method><method name="getInputMap" desc="(Ljava/util/Map$Entry;)Ljava/util/Map;" line="1841"><counter type="INSTRUCTION" missed="12" covered="29"/><counter type="LINE" missed="2" covered="4"/><counter type="COMPLEXITY" missed="0" covered="1"/><counter type="METHOD" missed="0" covered="1"/></method><method name="getVisualizationData" desc="(Lorg/apache/storm/generated/Nimbus$Iface;Ljava/lang/String;Ljava/lang/String;Z)Ljava/util/Map;" line="1860"><counter type="INSTRUCTION" missed="270" covered="0"/><counter type="BRANCH" missed="12" covered="0"/><counter type="LINE" missed="50" covered="0"/><counter type="COMPLEXITY" missed="7" covered="0"/><counter type="METHOD" missed="1" covered="0"/></method><method name="getStreamBox" desc="(Ljava/lang/Object;)Ljava/util/Map;" line="1932"><counter type="INSTRUCTION" missed="42" covered="0"/><counter type="BRANCH" missed="2" covered="0"/><counter type="LINE" missed="7" covered="0"/><counter type="COMPLEXITY" missed="2" covered="0"/><counter type="METHOD" missed="1" covered="0"/></method><method name="getBuildVisualization" desc="(Lorg/apache/storm/generated/Nimbus$Iface;Ljava/util/Map;Ljava/lang/String;Ljava/lang/String;Z)Ljava/util/Map;" line="1954"><counter type="INSTRUCTION" missed="28" covered="0"/><counter type="LINE" missed="5" covered="0"/><counter type="COMPLEXITY" missed="1" covered="0"/><counter type="METHOD" missed="1" covered="0"/></method><method name="getActiveAction" desc="(Lorg/apache/storm/generated/ProfileRequest;Ljava/util/Map;Ljava/lang/String;)Ljava/util/Map;" line="1969"><counter type="INSTRUCTION" missed="47" covered="4"/><counter type="LINE" missed="8" covered="1"/><counter type="COMPLEXITY" missed="0" covered="1"/><counter type="METHOD" missed="0" covered="1"/></method><method name="getActiveProfileActions" desc="(Lorg/apache/storm/generated/Nimbus$Iface;Ljava/lang/String;Ljava/lang/String;Ljava/util/Map;)Ljava/util/List;" line="1991"><counter type="INSTRUCTION" missed="16" covered="0"/><counter type="LINE" missed="3" covered="0"/><counter type="COMPLEXITY" missed="1" covered="0"/><counter type="METHOD" missed="1" covered="0"/></method><method name="getWorkerDumpLink" desc="(Ljava/lang/String;JLjava/lang/String;Ljava/util/Map;)Ljava/lang/String;" line="2006"><counter type="INSTRUCTION" missed="30" covered="33"/><counter type="BRANCH" missed="1" covered="1"/><counter type="LINE" missed="5" covered="5"/><counter type="COMPLEXITY" missed="1" covered="1"/><counter type="METHOD" missed="0" covered="1"/></method><method name="unpackBoltPageInfo" desc="(Lorg/apache/storm/generated/ComponentPageInfo;Ljava/lang/String;Ljava/lang/String;ZLjava/util/Map;)Ljava/util/Map;" line="2036"><counter type="INSTRUCTION" missed="62" covered="0"/><counter type="LINE" missed="15" covered="0"/><counter type="COMPLEXITY" missed="1" covered="0"/><counter type="METHOD" missed="1" covered="0"/></method><method name="unpackSpoutPageInfo" desc="(Lorg/apache/storm/generated/ComponentPageInfo;Ljava/lang/String;Ljava/lang/String;ZLjava/util/Map;)Ljava/util/Map;" line="2078"><counter type="INSTRUCTION" missed="43" covered="7"/><counter type="LINE" missed="10" covered="2"/><counter type="COMPLEXITY" missed="0" covered="1"/><counter type="METHOD" missed="0" covered="1"/></method><method name="getComponentPage" desc="(Lorg/apache/storm/generated/Nimbus$Iface;Ljava/lang/String;Ljava/lang/String;Ljava/lang/String;ZLjava/lang/String;Ljava/util/Map;)Ljava/util/Map;" line="2116"><counter type="INSTRUCTION" missed="229" covered="0"/><counter type="BRANCH" missed="16" covered="0"/><counter type="LINE" missed="41" covered="0"/><counter type="COMPLEXITY" missed="9" covered="0"/><counter type="METHOD" missed="1" covered="0"/></method><method name="getTopolgoyLogConfig" desc="(Lorg/apache/storm/generated/LogConfig;)Ljava/util/Map;" line="2175"><counter type="INSTRUCTION" missed="76" covered="0"/><counter type="BRANCH" missed="4" covered="0"/><counter type="LINE" missed="13" covered="0"/><counter type="COMPLEXITY" missed="3" covered="0"/><counter type="METHOD" missed="1" covered="0"/></method><method name="getTopologyOpResponse" desc="(Ljava/lang/String;Ljava/lang/String;)Ljava/util/Map;" line="2198"><counter type="INSTRUCTION" missed="0" covered="21"/><counter type="LINE" missed="0" covered="5"/><counter type="COMPLEXITY" missed="0" covered="1"/><counter type="METHOD" missed="0" covered="1"/></method><method name="putTopologyActivate" desc="(Lorg/apache/storm/generated/Nimbus$Iface;Ljava/lang/String;)Ljava/util/Map;" line="2213"><counter type="INSTRUCTION" missed="13" covered="7"/><counter type="LINE" missed="3" covered="2"/><counter type="COMPLEXITY" missed="0" covered="1"/><counter type="METHOD" missed="0" covered="1"/></method><method name="putTopologyDeactivate" desc="(Lorg/apache/storm/generated/Nimbus$Iface;Ljava/lang/String;)Ljava/util/Map;" line="2228"><counter type="INSTRUCTION" missed="20" covered="0"/><counter type="LINE" missed="5" covered="0"/><counter type="COMPLEXITY" missed="1" covered="0"/><counter type="METHOD" missed="1" covered="0"/></method><method name="putTopologyDebugActionSpct" desc="(Lorg/apache/storm/generated/Nimbus$Iface;Ljava/lang/String;Ljava/lang/String;Ljava/lang/String;Ljava/lang/String;)Ljava/util/Map;" line="2247"><counter type="INSTRUCTION" missed="28" covered="0"/><counter type="LINE" missed="5" covered="0"/><counter type="COMPLEXITY" missed="1" covered="0"/><counter type="METHOD" missed="1" covered="0"/></method><method name="putTopologyRebalance" desc="(Lorg/apache/storm/generated/Nimbus$Iface;Ljava/lang/String;Ljava/lang/String;)Ljava/util/Map;" line="2264"><counter type="INSTRUCTION" missed="22" covered="7"/><counter type="LINE" missed="5" covered="2"/><counter type="COMPLEXITY" missed="0" covered="1"/><counter type="METHOD" missed="0" covered="1"/></method><method name="putTopologyKill" desc="(Lorg/apache/storm/generated/Nimbus$Iface;Ljava/lang/String;Ljava/lang/String;)Ljava/util/Map;" line="2282"><counter type="INSTRUCTION" missed="29" covered="0"/><counter type="LINE" missed="7" covered="0"/><counter type="COMPLEXITY" missed="1" covered="0"/><counter type="METHOD" missed="1" covered="0"/></method><method name="setTopologyProfilingAction" desc="(Lorg/apache/storm/generated/Nimbus$Iface;Ljava/lang/String;Ljava/lang/String;Ljava/lang/Long;Ljava/util/Map;Lorg/apache/storm/generated/ProfileAction;)V" line="2305"><counter type="INSTRUCTION" missed="32" covered="10"/><counter type="LINE" missed="7" covered="2"/><counter type="COMPLEXITY" missed="0" covered="1"/><counter type="METHOD" missed="0" covered="1"/></method><method name="getTopologyProfilingStart" desc="(Lorg/apache/storm/generated/Nimbus$Iface;Ljava/lang/String;Ljava/lang/String;Ljava/lang/String;Ljava/util/Map;)Ljava/util/Map;" line="2328"><counter type="INSTRUCTION" missed="55" covered="3"/><counter type="LINE" missed="9" covered="1"/><counter type="COMPLEXITY" missed="0" covered="1"/><counter type="METHOD" missed="0" covered="1"/></method><method name="getTopologyProfilingStop" desc="(Lorg/apache/storm/generated/Nimbus$Iface;Ljava/lang/String;Ljava/lang/String;Ljava/util/Map;)Ljava/util/Map;" line="2353"><counter type="INSTRUCTION" missed="24" covered="0"/><counter type="LINE" missed="5" covered="0"/><counter type="COMPLEXITY" missed="1" covered="0"/><counter type="METHOD" missed="1" covered="0"/></method><method name="getProfilingDisabled" desc="()Ljava/util/Map;" line="2365"><counter type="INSTRUCTION" missed="0" covered="16"/><counter type="LINE" missed="0" covered="4"/><counter type="COMPLEXITY" missed="0" covered="1"/><counter type="METHOD" missed="0" covered="1"/></method><method name="getTopologyProfilingDump" desc="(Lorg/apache/storm/generated/Nimbus$Iface;Ljava/lang/String;Ljava/lang/String;Ljava/util/Map;)Ljava/util/Map;" line="2382"><counter type="INSTRUCTION" missed="17" covered="7"/><counter type="LINE" missed="4" covered="2"/><counter type="COMPLEXITY" missed="0" covered="1"/><counter type="METHOD" missed="0" covered="1"/></method><method name="getTopologyProfilingDumpJstack" desc="(Lorg/apache/storm/generated/Nimbus$Iface;Ljava/lang/String;Ljava/lang/String;Ljava/util/Map;)Ljava/util/Map;" line="2395"><counter type="INSTRUCTION" missed="17" covered="7"/><counter type="LINE" missed="4" covered="2"/><counter type="COMPLEXITY" missed="0" covered="1"/><counter type="METHOD" missed="0" covered="1"/></method><method name="getTopologyProfilingRestartWorker" desc="(Lorg/apache/storm/generated/Nimbus$Iface;Ljava/lang/String;Ljava/lang/String;Ljava/util/Map;)Ljava/util/Map;" line="2416"><counter type="INSTRUCTION" missed="17" covered="7"/><counter type="LINE" missed="4" covered="2"/><counter type="COMPLEXITY" missed="0" covered="1"/><counter type="METHOD" missed="0" covered="1"/></method><method name="getTopologyProfilingDumpHeap" desc="(Lorg/apache/storm/generated/Nimbus$Iface;Ljava/lang/String;Ljava/lang/String;Ljava/util/Map;)Ljava/util/Map;" line="2436"><counter type="INSTRUCTION" missed="24" covered="0"/><counter type="LINE" missed="5" covered="0"/><counter type="COMPLEXITY" missed="1" covered="0"/><counter type="METHOD" missed="1" covered="0"/></method><method name="putTopologyLogLevel" desc="(Lorg/apache/storm/generated/Nimbus$Iface;Ljava/util/Map;Ljava/lang/String;)Ljava/util/Map;" line="2453"><counter type="INSTRUCTION" missed="74" covered="0"/><counter type="BRANCH" missed="4" covered="0"/><counter type="LINE" missed="17" covered="0"/><counter type="COMPLEXITY" missed="3" covered="0"/><counter type="METHOD" missed="1" covered="0"/></method><method name="getNimbusSummary" desc="(Lorg/apache/storm/generated/ClusterSummary;Ljava/util/Map;)Ljava/util/Map;" line="2481"><counter type="INSTRUCTION" missed="197" covered="0"/><counter type="BRANCH" missed="10" covered="0"/><counter type="LINE" missed="36" covered="0"/><counter type="COMPLEXITY" missed="6" covered="0"/><counter type="METHOD" missed="1" covered="0"/></method><method name="lambda$unpackSpoutPageInfo$10" desc="(Ljava/lang/String;Ljava/util/Map;Lorg/apache/storm/generated/ExecutorAggregateStats;)Ljava/util/Map;" line="2094"><counter type="INSTRUCTION" missed="5" covered="0"/><counter type="LINE" missed="1" covered="0"/><counter type="COMPLEXITY" missed="1" covered="0"/><counter type="METHOD" missed="1" covered="0"/></method><method name="lambda$unpackSpoutPageInfo$9" desc="(Ljava/util/Map$Entry;)Ljava/util/Map;" line="2088"><counter type="INSTRUCTION" missed="8" covered="0"/><counter type="LINE" missed="1" covered="0"/><counter type="COMPLEXITY" missed="1" covered="0"/><counter type="METHOD" missed="1" covered="0"/></method><method name="lambda$unpackSpoutPageInfo$8" desc="(Ljava/util/Map$Entry;)Ljava/util/Map;" line="2082"><counter type="INSTRUCTION" missed="8" covered="0"/><counter type="LINE" missed="1" covered="0"/><counter type="COMPLEXITY" missed="1" covered="0"/><counter type="METHOD" missed="1" covered="0"/></method><method name="lambda$unpackBoltPageInfo$7" desc="(Ljava/lang/String;Ljava/util/Map;Lorg/apache/storm/generated/ExecutorAggregateStats;)Ljava/util/Map;" line="2059"><counter type="INSTRUCTION" missed="5" covered="0"/><counter type="LINE" missed="1" covered="0"/><counter type="COMPLEXITY" missed="1" covered="0"/><counter type="METHOD" missed="1" covered="0"/></method><method name="lambda$unpackBoltPageInfo$6" desc="(Ljava/util/Map$Entry;)Ljava/util/Map;" line="2053"><counter type="INSTRUCTION" missed="8" covered="0"/><counter type="LINE" missed="1" covered="0"/><counter type="COMPLEXITY" missed="1" covered="0"/><counter type="METHOD" missed="1" covered="0"/></method><method name="lambda$unpackBoltPageInfo$5" desc="(Ljava/util/Map$Entry;)Ljava/util/Map;" line="2047"><counter type="INSTRUCTION" missed="8" covered="0"/><counter type="LINE" missed="1" covered="0"/><counter type="COMPLEXITY" missed="1" covered="0"/><counter type="METHOD" missed="1" covered="0"/></method><method name="lambda$unpackBoltPageInfo$4" desc="(Ljava/util/Map$Entry;)Ljava/util/Map;" line="2041"><counter type="INSTRUCTION" missed="8" covered="0"/><counter type="LINE" missed="1" covered="0"/><counter type="COMPLEXITY" missed="1" covered="0"/><counter type="METHOD" missed="1" covered="0"/></method><method name="lambda$getActiveProfileActions$3" desc="(Ljava/util/Map;Ljava/lang/String;Lorg/apache/storm/generated/ProfileRequest;)Ljava/util/Map;" line="1993"><counter type="INSTRUCTION" missed="5" covered="0"/><counter type="LINE" missed="1" covered="0"/><counter type="COMPLEXITY" missed="1" covered="0"/><counter type="METHOD" missed="1" covered="0"/></method><method name="lambda$getComponentErrors$2" desc="(Ljava/util/Map;Ljava/lang/String;Lorg/apache/storm/generated/ErrorInfo;)Ljava/util/Map;" line="1549"><counter type="INSTRUCTION" missed="6" covered="0"/><counter type="LINE" missed="1" covered="0"/><counter type="COMPLEXITY" missed="1" covered="0"/><counter type="METHOD" missed="1" covered="0"/></method><method name="lambda$getClusterSummary$1" desc="(Lorg/apache/storm/generated/SupervisorSummary;)D" line="671"><counter type="INSTRUCTION" missed="12" covered="0"/><counter type="LINE" missed="2" covered="0"/><counter type="COMPLEXITY" missed="1" covered="0"/><counter type="METHOD" missed="1" covered="0"/></method><method name="lambda$getClusterSummary$0" desc="(Lorg/apache/storm/generated/SupervisorSummary;)D" line="663"><counter type="INSTRUCTION" missed="12" covered="0"/><counter type="LINE" missed="2" covered="0"/><counter type="COMPLEXITY" missed="1" covered="0"/><counter type="METHOD" missed="1" covered="0"/></method><method name="&lt;clinit&gt;" desc="()V" line="118"><counter type="INSTRUCTION" missed="0" covered="145"/><counter type="LINE" missed="0" covered="14"/><counter type="COMPLEXITY" missed="0" covered="1"/><counter type="METHOD" missed="0" covered="1"/></method><counter type="INSTRUCTION" missed="4383" covered="1392"/><counter type="BRANCH" missed="181" covered="61"/><counter type="LINE" missed="834" covered="282"/><counter type="COMPLEXITY" missed="170" covered="71"/><counter type="METHOD" missed="67" covered="53"/><counter type="CLASS" missed="0" covered="1"/></class><sourcefile name="UIHelpers.java"><line nr="117" mi="0" ci="3" mb="0" cb="0"/><line nr="118" mi="0" ci="3" mb="0" cb="0"/><line nr="157" mi="0" ci="13" mb="0" cb="0"/><line nr="158" mi="0" ci="14" mb="0" cb="0"/><line nr="159" mi="0" ci="14" mb="0" cb="0"/><line nr="160" mi="0" ci="17" mb="0" cb="0"/><line nr="164" mi="0" ci="13" mb="0" cb="0"/><line nr="165" mi="0" ci="14" mb="0" cb="0"/><line nr="166" mi="0" ci="14" mb="0" cb="0"/><line nr="167" mi="0" ci="14" mb="0" cb="0"/><line nr="168" mi="0" ci="17" mb="0" cb="0"/><line nr="179" mi="0" ci="3" mb="0" cb="0"/><line nr="180" mi="0" ci="4" mb="0" cb="0"/><line nr="181" mi="0" ci="16" mb="0" cb="2"/><line nr="182" mi="0" ci="2" mb="0" cb="2"/><line nr="183" mi="0" ci="5" mb="0" cb="0"/><line nr="184" mi="0" ci="5" mb="0" cb="0"/><line nr="185" mi="0" ci="2" mb="0" cb="2"/><line nr="186" mi="0" ci="8" mb="0" cb="0"/><line nr="187" mi="0" ci="6" mb="0" cb="0"/><line nr="189" mi="0" ci="5" mb="0" cb="0"/><line nr="193" mi="0" ci="5" mb="0" cb="0"/><line nr="202" mi="4" ci="0" mb="0" cb="0"/><line nr="211" mi="0" ci="5" mb="0" cb="0"/><line nr="220" mi="4" ci="0" mb="0" cb="0"/><line nr="229" mi="0" ci="5" mb="0" cb="0"/><line nr="239" mi="0" ci="4" mb="0" cb="0"/><line nr="240" mi="0" ci="8" mb="0" cb="2"/><line nr="241" mi="0" ci="8" mb="0" cb="0"/><line nr="243" mi="0" ci="4" mb="0" cb="0"/><line nr="252" mi="0" ci="6" mb="0" cb="0"/><line nr="261" mi="0" ci="12" mb="0" cb="0"/><line nr="263" mi="0" ci="1" mb="0" cb="0"/><line nr="272" mi="0" ci="5" mb="0" cb="0"/><line nr="273" mi="0" ci="12" mb="0" cb="0"/><line nr="274" mi="0" ci="8" mb="0" cb="0"/><line nr="275" mi="0" ci="3" mb="0" cb="0"/><line nr="276" mi="0" ci="3" mb="0" cb="0"/><line nr="277" mi="0" ci="3" mb="0" cb="0"/><line nr="278" mi="0" ci="3" mb="0" cb="0"/><line nr="279" mi="0" ci="3" mb="0" cb="0"/><line nr="281" mi="0" ci="6" mb="3" cb="3"/><line nr="282" mi="0" ci="3" mb="0" cb="0"/><line nr="283" mi="0" ci="3" mb="0" cb="0"/><line nr="284" mi="0" ci="3" mb="0" cb="0"/><line nr="287" mi="0" ci="5" mb="2" cb="2"/><line nr="288" mi="0" ci="4" mb="0" cb="0"/><line nr="289" mi="5" ci="0" mb="4" cb="0"/><line nr="290" mi="3" ci="0" mb="0" cb="0"/><line nr="293" mi="0" ci="4" mb="0" cb="0"/><line nr="294" mi="0" ci="5" mb="0" cb="0"/><line nr="295" mi="0" ci="3" mb="1" cb="1"/><line nr="296" mi="4" ci="0" mb="0" cb="0"/><line nr="298" mi="0" ci="11" mb="0" cb="0"/><line nr="300" mi="0" ci="12" mb="0" cb="0"/><line nr="303" mi="0" ci="4" mb="0" cb="0"/><line nr="304" mi="0" ci="2" mb="0" cb="0"/><line nr="312" mi="0" ci="14" mb="0" cb="0"/><line nr="314" mi="0" ci="1" mb="0" cb="0"/><line nr="339" mi="0" ci="3" mb="1" cb="1"/><line nr="340" mi="0" ci="15" mb="0" cb="0"/><line nr="341" mi="0" ci="1" mb="0" cb="0"/><line nr="348" mi="0" ci="1" mb="0" cb="0"/><line nr="355" mi="0" ci="7" mb="0" cb="0"/><line nr="356" mi="0" ci="4" mb="0" cb="0"/><line nr="357" mi="0" ci="4" mb="0" cb="0"/><line nr="358" mi="0" ci="4" mb="0" cb="0"/><line nr="362" mi="0" ci="4" mb="0" cb="0"/><line nr="363" mi="0" ci="2" mb="0" cb="0"/><line nr="372" mi="0" ci="7" mb="0" cb="0"/><line nr="377" mi="5" ci="0" mb="0" cb="0"/><line nr="378" mi="1" ci="0" mb="0" cb="0"/><line nr="390" mi="2" ci="0" mb="2" cb="0"/><line nr="391" mi="5" ci="0" mb="0" cb="0"/><line nr="392" mi="3" ci="0" mb="0" cb="0"/><line nr="393" mi="2" ci="0" mb="2" cb="0"/><line nr="394" mi="3" ci="0" mb="0" cb="0"/><line nr="396" mi="6" ci="0" mb="0" cb="0"/><line nr="397" mi="4" ci="0" mb="0" cb="0"/><line nr="398" mi="3" ci="0" mb="0" cb="0"/><line nr="399" mi="3" ci="0" mb="0" cb="0"/><line nr="401" mi="1" ci="0" mb="0" cb="0"/><line nr="410" mi="0" ci="6" mb="0" cb="0"/><line nr="411" mi="7" ci="3" mb="2" cb="0"/><line nr="412" mi="3" ci="0" mb="0" cb="0"/><line nr="413" mi="3" ci="0" mb="0" cb="0"/><line nr="414" mi="3" ci="0" mb="0" cb="0"/><line nr="415" mi="2" ci="0" mb="2" cb="0"/><line nr="416" mi="4" ci="0" mb="0" cb="0"/><line nr="417" mi="3" ci="0" mb="0" cb="0"/><line nr="418" mi="2" ci="0" mb="2" cb="0"/><line nr="419" mi="4" ci="0" mb="0" cb="0"/><line nr="421" mi="3" ci="0" mb="0" cb="0"/><line nr="423" mi="2" ci="0" mb="2" cb="0"/><line nr="424" mi="4" ci="0" mb="0" cb="0"/><line nr="426" mi="5" ci="0" mb="0" cb="0"/><line nr="428" mi="6" ci="0" mb="0" cb="0"/><line nr="430" mi="1" ci="0" mb="0" cb="0"/><line nr="431" mi="6" ci="0" mb="0" cb="0"/><line nr="432" mi="1" ci="0" mb="0" cb="0"/><line nr="438" mi="0" ci="7" mb="0" cb="0"/><line nr="446" mi="0" ci="4" mb="0" cb="0"/><line nr="448" mi="0" ci="10" mb="0" cb="8"/><line nr="449" mi="0" ci="4" mb="0" cb="0"/><line nr="450" mi="0" ci="3" mb="0" cb="0"/><line nr="451" mi="0" ci="3" mb="0" cb="2"/><line nr="452" mi="0" ci="4" mb="0" cb="0"/><line nr="454" mi="0" ci="14" mb="0" cb="0"/><line nr="457" mi="0" ci="7" mb="0" cb="0"/><line nr="458" mi="0" ci="3" mb="0" cb="0"/><line nr="459" mi="0" ci="3" mb="0" cb="0"/><line nr="460" mi="0" ci="3" mb="0" cb="0"/><line nr="463" mi="0" ci="2" mb="0" cb="0"/><line nr="473" mi="0" ci="8" mb="0" cb="0"/><line nr="474" mi="0" ci="2" mb="0" cb="2"/><line nr="475" mi="0" ci="3" mb="0" cb="0"/><line nr="477" mi="2" ci="0" mb="0" cb="0"/><line nr="478" mi="1" ci="0" mb="0" cb="0"/><line nr="482" mi="6" ci="0" mb="0" cb="0"/><line nr="483" mi="1" ci="0" mb="0" cb="0"/><line nr="485" mi="0" ci="1" mb="0" cb="0"/><line nr="486" mi="0" ci="2" mb="0" cb="0"/><line nr="489" mi="0" ci="2" mb="1" cb="1"/><line nr="490" mi="2" ci="0" mb="0" cb="0"/><line nr="492" mi="0" ci="9" mb="1" cb="3"/><line nr="493" mi="0" ci="3" mb="0" cb="0"/><line nr="494" mi="0" ci="2" mb="0" cb="0"/><line nr="496" mi="0" ci="2" mb="0" cb="0"/><line nr="506" mi="0" ci="4" mb="0" cb="0"/><line nr="516" mi="0" ci="3" mb="0" cb="0"/><line nr="517" mi="0" ci="4" mb="0" cb="0"/><line nr="518" mi="0" ci="5" mb="0" cb="0"/><line nr="519" mi="0" ci="5" mb="0" cb="0"/><line nr="520" mi="0" ci="5" mb="0" cb="0"/><line nr="525" mi="0" ci="5" mb="0" cb="0"/><line nr="526" mi="0" ci="2" mb="0" cb="2"/><line nr="527" mi="0" ci="6" mb="0" cb="0"/><line nr="529" mi="0" ci="5" mb="0" cb="0"/><line nr="531" mi="0" ci="2" mb="0" cb="2"/><line nr="532" mi="0" ci="3" mb="0" cb="0"/><line nr="534" mi="0" ci="2" mb="0" cb="0"/><line nr="538" mi="0" ci="3" mb="0" cb="0"/><line nr="539" mi="2" ci="6" mb="1" cb="1"/><line nr="540" mi="0" ci="8" mb="0" cb="2"/><line nr="550" mi="0" ci="6" mb="0" cb="0"/><line nr="551" mi="0" ci="3" mb="0" cb="0"/><line nr="552" mi="0" ci="5" mb="0" cb="4"/><line nr="553" mi="0" ci="4" mb="0" cb="0"/><line nr="555" mi="0" ci="5" mb="0" cb="0"/><line nr="558" mi="0" ci="4" mb="0" cb="0"/><line nr="563" mi="0" ci="6" mb="0" cb="0"/><line nr="567" mi="0" ci="6" mb="0" cb="0"/><line nr="579" mi="0" ci="5" mb="0" cb="0"/><line nr="580" mi="0" ci="5" mb="0" cb="0"/><line nr="581" mi="0" ci="4" mb="0" cb="0"/><line nr="582" mi="0" ci="11" mb="0" cb="2"/><line nr="583" mi="0" ci="8" mb="0" cb="0"/><line nr="584" mi="0" ci="1" mb="0" cb="0"/><line nr="585" mi="0" ci="3" mb="0" cb="0"/><line nr="588" mi="0" ci="4" mb="0" cb="0"/><line nr="589" mi="0" ci="5" mb="0" cb="0"/><line nr="592" mi="0" ci="4" mb="0" cb="0"/><line nr="593" mi="0" ci="6" mb="0" cb="0"/><line nr="594" mi="0" ci="6" mb="0" cb="0"/><line nr="595" mi="0" ci="6" mb="0" cb="0"/><line nr="596" mi="0" ci="6" mb="0" cb="0"/><line nr="597" mi="0" ci="6" mb="0" cb="0"/><line nr="598" mi="0" ci="2" mb="0" cb="0"/><line nr="610" mi="0" ci="4" mb="0" cb="0"/><line nr="612" mi="0" ci="3" mb="1" cb="1"/><line nr="614" mi="0" ci="3" mb="0" cb="0"/><line nr="615" mi="0" ci="4" mb="0" cb="0"/><line nr="616" mi="4" ci="7" mb="1" cb="1"/><line nr="617" mi="8" ci="0" mb="0" cb="0"/><line nr="618" mi="7" ci="0" mb="0" cb="0"/><line nr="619" mi="4" ci="0" mb="0" cb="0"/><line nr="620" mi="1" ci="0" mb="0" cb="0"/><line nr="621" mi="0" ci="3" mb="0" cb="0"/><line nr="623" mi="0" ci="4" mb="0" cb="0"/><line nr="624" mi="0" ci="3" mb="1" cb="1"/><line nr="625" mi="5" ci="0" mb="0" cb="0"/><line nr="628" mi="0" ci="3" mb="1" cb="1"/><line nr="629" mi="0" ci="4" mb="0" cb="0"/><line nr="632" mi="0" ci="5" mb="0" cb="0"/><line nr="633" mi="0" ci="5" mb="0" cb="0"/><line nr="634" mi="0" ci="6" mb="0" cb="0"/><line nr="635" mi="0" ci="3" mb="0" cb="0"/><line nr="636" mi="0" ci="7" mb="0" cb="0"/><line nr="637" mi="0" ci="7" mb="0" cb="0"/><line nr="639" mi="0" ci="1" mb="0" cb="0"/><line nr="640" mi="0" ci="3" mb="0" cb="0"/><line nr="641" mi="0" ci="2" mb="0" cb="0"/><line nr="642" mi="0" ci="6" mb="0" cb="0"/><line nr="644" mi="0" ci="1" mb="0" cb="0"/><line nr="645" mi="0" ci="3" mb="0" cb="0"/><line nr="646" mi="0" ci="2" mb="0" cb="0"/><line nr="647" mi="0" ci="6" mb="0" cb="0"/><line nr="648" mi="0" ci="8" mb="0" cb="0"/><line nr="650" mi="0" ci="3" mb="0" cb="0"/><line nr="651" mi="0" ci="1" mb="0" cb="0"/><line nr="652" mi="0" ci="3" mb="0" cb="0"/><line nr="653" mi="0" ci="2" mb="0" cb="0"/><line nr="654" mi="0" ci="6" mb="0" cb="0"/><line nr="656" mi="0" ci="1" mb="0" cb="0"/><line nr="657" mi="0" ci="3" mb="0" cb="0"/><line nr="658" mi="0" ci="2" mb="0" cb="0"/><line nr="659" mi="0" ci="6" mb="0" cb="0"/><line nr="662" mi="0" ci="1" mb="0" cb="0"/><line nr="663" mi="8" ci="3" mb="0" cb="0"/><line nr="665" mi="4" ci="0" mb="0" cb="0"/><line nr="667" mi="0" ci="2" mb="0" cb="0"/><line nr="668" mi="0" ci="6" mb="0" cb="0"/><line nr="670" mi="0" ci="1" mb="0" cb="0"/><line nr="671" mi="8" ci="3" mb="0" cb="0"/><line nr="673" mi="4" ci="0" mb="0" cb="0"/><line nr="675" mi="0" ci="2" mb="0" cb="0"/><line nr="676" mi="0" ci="6" mb="0" cb="0"/><line nr="678" mi="0" ci="1" mb="0" cb="0"/><line nr="679" mi="0" ci="5" mb="0" cb="0"/><line nr="680" mi="0" ci="8" mb="0" cb="0"/><line nr="682" mi="0" ci="1" mb="0" cb="0"/><line nr="683" mi="0" ci="5" mb="0" cb="0"/><line nr="684" mi="0" ci="8" mb="0" cb="0"/><line nr="685" mi="0" ci="10" mb="0" cb="0"/><line nr="686" mi="0" ci="10" mb="0" cb="0"/><line nr="687" mi="0" ci="6" mb="0" cb="0"/><line nr="688" mi="0" ci="1" mb="0" cb="0"/><line nr="689" mi="0" ci="8" mb="1" cb="1"/><line nr="690" mi="8" ci="1" mb="0" cb="0"/><line nr="691" mi="0" ci="8" mb="1" cb="1"/><line nr="692" mi="8" ci="1" mb="0" cb="0"/><line nr="693" mi="0" ci="7" mb="0" cb="0"/><line nr="694" mi="0" ci="7" mb="0" cb="0"/><line nr="696" mi="0" ci="4" mb="0" cb="0"/><line nr="697" mi="0" ci="4" mb="0" cb="0"/><line nr="698" mi="4" ci="6" mb="1" cb="1"/><line nr="699" mi="5" ci="0" mb="0" cb="0"/><line nr="700" mi="5" ci="0" mb="0" cb="0"/><line nr="701" mi="1" ci="0" mb="0" cb="0"/><line nr="702" mi="0" ci="2" mb="0" cb="0"/><line nr="703" mi="0" ci="2" mb="0" cb="0"/><line nr="704" mi="0" ci="6" mb="0" cb="0"/><line nr="705" mi="0" ci="6" mb="0" cb="0"/><line nr="706" mi="0" ci="2" mb="0" cb="0"/><line nr="710" mi="0" ci="2" mb="1" cb="1"/><line nr="711" mi="2" ci="0" mb="0" cb="0"/><line nr="713" mi="0" ci="4" mb="0" cb="0"/><line nr="714" mi="0" ci="3" mb="0" cb="0"/><line nr="715" mi="0" ci="2" mb="0" cb="0"/><line nr="716" mi="0" ci="5" mb="0" cb="0"/><line nr="717" mi="0" ci="3" mb="0" cb="0"/><line nr="718" mi="0" ci="1" mb="0" cb="0"/><line nr="729" mi="3" ci="0" mb="0" cb="0"/><line nr="730" mi="3" ci="0" mb="2" cb="0"/><line nr="731" mi="4" ci="0" mb="0" cb="0"/><line nr="734" mi="3" ci="0" mb="0" cb="0"/><line nr="735" mi="3" ci="0" mb="2" cb="0"/><line nr="736" mi="4" ci="0" mb="0" cb="0"/><line nr="739" mi="2" ci="0" mb="0" cb="0"/><line nr="740" mi="3" ci="0" mb="2" cb="0"/><line nr="741" mi="3" ci="0" mb="0" cb="0"/><line nr="744" mi="3" ci="0" mb="0" cb="0"/><line nr="745" mi="3" ci="0" mb="2" cb="0"/><line nr="746" mi="4" ci="0" mb="0" cb="0"/><line nr="749" mi="3" ci="0" mb="0" cb="0"/><line nr="750" mi="3" ci="0" mb="2" cb="0"/><line nr="751" mi="4" ci="0" mb="0" cb="0"/><line nr="754" mi="4" ci="0" mb="0" cb="0"/><line nr="755" mi="6" ci="0" mb="0" cb="0"/><line nr="756" mi="7" ci="0" mb="0" cb="0"/><line nr="757" mi="7" ci="0" mb="0" cb="0"/><line nr="758" mi="7" ci="0" mb="0" cb="0"/><line nr="759" mi="7" ci="0" mb="0" cb="0"/><line nr="760" mi="7" ci="0" mb="0" cb="0"/><line nr="761" mi="7" ci="0" mb="0" cb="0"/><line nr="763" mi="12" ci="0" mb="2" cb="0"/><line nr="764" mi="12" ci="0" mb="2" cb="0"/><line nr="765" mi="6" ci="0" mb="0" cb="0"/><line nr="767" mi="4" ci="0" mb="0" cb="0"/><line nr="768" mi="8" ci="0" mb="2" cb="0"/><line nr="769" mi="4" ci="0" mb="0" cb="0"/><line nr="770" mi="8" ci="0" mb="2" cb="0"/><line nr="771" mi="7" ci="0" mb="0" cb="0"/><line nr="773" mi="7" ci="0" mb="0" cb="0"/><line nr="775" mi="7" ci="0" mb="0" cb="0"/><line nr="776" mi="7" ci="0" mb="0" cb="0"/><line nr="777" mi="5" ci="0" mb="0" cb="0"/><line nr="778" mi="2" ci="0" mb="0" cb="0"/><line nr="780" mi="7" ci="0" mb="0" cb="0"/><line nr="782" mi="2" ci="0" mb="0" cb="0"/><line nr="793" mi="4" ci="0" mb="0" cb="0"/><line nr="795" mi="7" ci="0" mb="0" cb="0"/><line nr="797" mi="4" ci="0" mb="0" cb="0"/><line nr="799" mi="10" ci="0" mb="2" cb="0"/><line nr="800" mi="5" ci="0" mb="0" cb="0"/><line nr="801" mi="1" ci="0" mb="0" cb="0"/><line nr="802" mi="5" ci="0" mb="0" cb="0"/><line nr="803" mi="2" ci="0" mb="0" cb="0"/><line nr="812" mi="0" ci="4" mb="0" cb="0"/><line nr="813" mi="0" ci="6" mb="0" cb="0"/><line nr="814" mi="7" ci="0" mb="0" cb="0"/><line nr="815" mi="6" ci="0" mb="0" cb="0"/><line nr="816" mi="6" ci="0" mb="0" cb="0"/><line nr="817" mi="6" ci="0" mb="0" cb="0"/><line nr="818" mi="7" ci="0" mb="0" cb="0"/><line nr="819" mi="7" ci="0" mb="0" cb="0"/><line nr="820" mi="7" ci="0" mb="0" cb="0"/><line nr="821" mi="7" ci="0" mb="0" cb="0"/><line nr="822" mi="7" ci="0" mb="0" cb="0"/><line nr="823" mi="7" ci="0" mb="0" cb="0"/><line nr="824" mi="6" ci="0" mb="0" cb="0"/><line nr="825" mi="7" ci="0" mb="0" cb="0"/><line nr="826" mi="7" ci="0" mb="0" cb="0"/><line nr="827" mi="5" ci="0" mb="0" cb="0"/><line nr="828" mi="3" ci="0" mb="0" cb="0"/><line nr="829" mi="2" ci="0" mb="0" cb="0"/><line nr="830" mi="7" ci="0" mb="0" cb="0"/><line nr="831" mi="7" ci="0" mb="0" cb="0"/><line nr="832" mi="7" ci="0" mb="0" cb="0"/><line nr="833" mi="7" ci="0" mb="0" cb="0"/><line nr="834" mi="5" ci="0" mb="0" cb="0"/><line nr="835" mi="3" ci="0" mb="0" cb="0"/><line nr="836" mi="2" ci="0" mb="0" cb="0"/><line nr="837" mi="7" ci="0" mb="0" cb="0"/><line nr="838" mi="7" ci="0" mb="0" cb="0"/><line nr="839" mi="6" ci="0" mb="0" cb="0"/><line nr="840" mi="6" ci="0" mb="0" cb="0"/><line nr="841" mi="2" ci="0" mb="0" cb="0"/><line nr="855" mi="4" ci="0" mb="0" cb="0"/><line nr="856" mi="7" ci="0" mb="0" cb="0"/><line nr="858" mi="3" ci="0" mb="2" cb="0"/><line nr="859" mi="6" ci="0" mb="0" cb="0"/><line nr="862" mi="3" ci="0" mb="0" cb="0"/><line nr="863" mi="4" ci="0" mb="0" cb="0"/><line nr="865" mi="7" ci="0" mb="0" cb="0"/><line nr="866" mi="5" ci="0" mb="0" cb="0"/><line nr="868" mi="2" ci="0" mb="0" cb="0"/><line nr="878" mi="0" ci="4" mb="0" cb="0"/><line nr="880" mi="10" ci="0" mb="2" cb="0"/><line nr="881" mi="7" ci="0" mb="4" cb="0"/><line nr="882" mi="5" ci="0" mb="0" cb="0"/><line nr="884" mi="1" ci="0" mb="0" cb="0"/><line nr="885" mi="2" ci="0" mb="0" cb="0"/><line nr="898" mi="0" ci="3" mb="1" cb="1"/><line nr="899" mi="13" ci="0" mb="0" cb="0"/><line nr="900" mi="6" ci="0" mb="0" cb="0"/><line nr="902" mi="0" ci="13" mb="0" cb="0"/><line nr="903" mi="0" ci="6" mb="0" cb="0"/><line nr="914" mi="0" ci="3" mb="1" cb="1"/><line nr="915" mi="13" ci="0" mb="0" cb="0"/><line nr="916" mi="2" ci="0" mb="0" cb="0"/><line nr="918" mi="0" ci="13" mb="0" cb="0"/><line nr="919" mi="0" ci="2" mb="0" cb="0"/><line nr="929" mi="3" ci="0" mb="2" cb="0"/><line nr="930" mi="13" ci="0" mb="0" cb="0"/><line nr="931" mi="2" ci="0" mb="0" cb="0"/><line nr="933" mi="13" ci="0" mb="0" cb="0"/><line nr="934" mi="2" ci="0" mb="0" cb="0"/><line nr="945" mi="0" ci="5" mb="0" cb="0"/><line nr="946" mi="0" ci="3" mb="0" cb="0"/><line nr="947" mi="0" ci="1" mb="0" cb="0"/><line nr="961" mi="0" ci="4" mb="0" cb="0"/><line nr="963" mi="0" ci="6" mb="0" cb="0"/><line nr="964" mi="0" ci="6" mb="0" cb="0"/><line nr="965" mi="0" ci="7" mb="0" cb="0"/><line nr="966" mi="0" ci="7" mb="0" cb="0"/><line nr="967" mi="0" ci="7" mb="0" cb="0"/><line nr="968" mi="0" ci="7" mb="0" cb="0"/><line nr="969" mi="0" ci="7" mb="0" cb="0"/><line nr="970" mi="0" ci="5" mb="0" cb="0"/><line nr="971" mi="0" ci="4" mb="0" cb="0"/><line nr="972" mi="0" ci="3" mb="0" cb="0"/><line nr="973" mi="0" ci="3" mb="0" cb="0"/><line nr="974" mi="3" ci="4" mb="0" cb="0"/><line nr="976" mi="2" ci="0" mb="0" cb="0"/><line nr="978" mi="5" ci="0" mb="0" cb="0"/><line nr="981" mi="7" ci="0" mb="0" cb="0"/><line nr="983" mi="2" ci="0" mb="0" cb="0"/><line nr="985" mi="5" ci="0" mb="0" cb="0"/><line nr="987" mi="7" ci="0" mb="0" cb="0"/><line nr="988" mi="7" ci="0" mb="0" cb="0"/><line nr="989" mi="5" ci="0" mb="0" cb="0"/><line nr="991" mi="3" ci="0" mb="0" cb="0"/><line nr="993" mi="10" ci="0" mb="0" cb="0"/><line nr="994" mi="10" ci="0" mb="0" cb="0"/><line nr="995" mi="6" ci="0" mb="0" cb="0"/><line nr="997" mi="5" ci="0" mb="0" cb="0"/><line nr="998" mi="6" ci="0" mb="0" cb="0"/><line nr="999" mi="3" ci="0" mb="0" cb="0"/><line nr="1000" mi="6" ci="0" mb="0" cb="0"/><line nr="1001" mi="2" ci="0" mb="0" cb="0"/><line nr="1002" mi="2" ci="0" mb="0" cb="0"/><line nr="1003" mi="6" ci="0" mb="0" cb="0"/><line nr="1005" mi="2" ci="0" mb="0" cb="0"/><line nr="1014" mi="0" ci="4" mb="0" cb="0"/><line nr="1015" mi="0" ci="6" mb="0" cb="0"/><line nr="1016" mi="0" ci="2" mb="0" cb="0"/><line nr="1025" mi="0" ci="4" mb="1" cb="1"/><line nr="1026" mi="6" ci="0" mb="0" cb="0"/><line nr="1027" mi="2" ci="0" mb="2" cb="0"/><line nr="1028" mi="2" ci="0" mb="0" cb="0"/><line nr="1031" mi="0" ci="2" mb="0" cb="0"/><line nr="1040" mi="3" ci="0" mb="2" cb="0"/><line nr="1041" mi="6" ci="0" mb="0" cb="0"/><line nr="1043" mi="6" ci="0" mb="0" cb="0"/><line nr="1054" mi="0" ci="4" mb="0" cb="0"/><line nr="1055" mi="0" ci="3" mb="1" cb="1"/><line nr="1056" mi="11" ci="0" mb="2" cb="0"/><line nr="1057" mi="6" ci="0" mb="0" cb="0"/><line nr="1058" mi="1" ci="0" mb="0" cb="0"/><line nr="1060" mi="0" ci="2" mb="0" cb="0"/><line nr="1070" mi="4" ci="0" mb="0" cb="0"/><line nr="1071" mi="6" ci="0" mb="0" cb="0"/><line nr="1072" mi="6" ci="0" mb="0" cb="0"/><line nr="1073" mi="7" ci="0" mb="0" cb="0"/><line nr="1074" mi="6" ci="0" mb="0" cb="0"/><line nr="1075" mi="6" ci="0" mb="0" cb="0"/><line nr="1076" mi="7" ci="0" mb="0" cb="0"/><line nr="1077" mi="7" ci="0" mb="0" cb="0"/><line nr="1078" mi="7" ci="0" mb="0" cb="0"/><line nr="1079" mi="7" ci="0" mb="0" cb="0"/><line nr="1080" mi="6" ci="0" mb="0" cb="0"/><line nr="1081" mi="7" ci="0" mb="0" cb="0"/><line nr="1082" mi="7" ci="0" mb="0" cb="0"/><line nr="1083" mi="8" ci="0" mb="0" cb="0"/><line nr="1084" mi="4" ci="0" mb="0" cb="0"/><line nr="1085" mi="6" ci="0" mb="0" cb="0"/><line nr="1086" mi="2" ci="0" mb="0" cb="0"/><line nr="1099" mi="4" ci="0" mb="0" cb="0"/><line nr="1100" mi="3" ci="0" mb="0" cb="0"/><line nr="1101" mi="4" ci="0" mb="0" cb="0"/><line nr="1102" mi="5" ci="0" mb="0" cb="0"/><line nr="1103" mi="6" ci="0" mb="0" cb="0"/><line nr="1104" mi="1" ci="0" mb="0" cb="0"/><line nr="1107" mi="2" ci="0" mb="0" cb="0"/><line nr="1118" mi="4" ci="0" mb="0" cb="0"/><line nr="1119" mi="10" ci="0" mb="2" cb="0"/><line nr="1120" mi="6" ci="0" mb="0" cb="0"/><line nr="1121" mi="1" ci="0" mb="0" cb="0"/><line nr="1122" mi="2" ci="0" mb="0" cb="0"/><line nr="1131" mi="7" ci="0" mb="0" cb="0"/><line nr="1132" mi="2" ci="0" mb="0" cb="0"/><line nr="1133" mi="3" ci="0" mb="2" cb="0"/><line nr="1134" mi="2" ci="0" mb="0" cb="0"/><line nr="1136" mi="5" ci="0" mb="0" cb="0"/><line nr="1137" mi="1" ci="0" mb="0" cb="0"/><line nr="1147" mi="4" ci="0" mb="0" cb="0"/><line nr="1148" mi="7" ci="0" mb="0" cb="0"/><line nr="1149" mi="7" ci="0" mb="0" cb="0"/><line nr="1150" mi="5" ci="0" mb="0" cb="0"/><line nr="1151" mi="5" ci="0" mb="0" cb="0"/><line nr="1152" mi="3" ci="0" mb="0" cb="0"/><line nr="1153" mi="2" ci="0" mb="0" cb="0"/><line nr="1164" mi="0" ci="4" mb="0" cb="0"/><line nr="1165" mi="7" ci="0" mb="0" cb="0"/><line nr="1166" mi="7" ci="0" mb="0" cb="0"/><line nr="1167" mi="2" ci="0" mb="0" cb="0"/><line nr="1176" mi="4" ci="0" mb="2" cb="0"/><line nr="1177" mi="2" ci="0" mb="0" cb="0"/><line nr="1179" mi="3" ci="0" mb="0" cb="0"/><line nr="1188" mi="4" ci="0" mb="0" cb="0"/><line nr="1189" mi="11" ci="0" mb="2" cb="0"/><line nr="1190" mi="10" ci="0" mb="0" cb="0"/><line nr="1191" mi="1" ci="0" mb="0" cb="0"/><line nr="1193" mi="2" ci="0" mb="0" cb="0"/><line nr="1206" mi="4" ci="0" mb="0" cb="0"/><line nr="1207" mi="5" ci="0" mb="0" cb="0"/><line nr="1208" mi="6" ci="0" mb="0" cb="0"/><line nr="1209" mi="3" ci="0" mb="0" cb="0"/><line nr="1210" mi="2" ci="0" mb="0" cb="0"/><line nr="1211" mi="3" ci="0" mb="0" cb="0"/><line nr="1212" mi="5" ci="0" mb="0" cb="0"/><line nr="1213" mi="5" ci="0" mb="0" cb="0"/><line nr="1214" mi="6" ci="0" mb="0" cb="0"/><line nr="1215" mi="6" ci="0" mb="0" cb="0"/><line nr="1216" mi="5" ci="0" mb="0" cb="0"/><line nr="1217" mi="7" ci="0" mb="0" cb="0"/><line nr="1218" mi="7" ci="0" mb="0" cb="0"/><line nr="1219" mi="7" ci="0" mb="0" cb="0"/><line nr="1220" mi="7" ci="0" mb="0" cb="0"/><line nr="1221" mi="2" ci="0" mb="0" cb="0"/><line nr="1230" mi="4" ci="0" mb="0" cb="0"/><line nr="1231" mi="11" ci="0" mb="2" cb="0"/><line nr="1232" mi="9" ci="0" mb="0" cb="0"/><line nr="1233" mi="1" ci="0" mb="0" cb="0"/><line nr="1234" mi="2" ci="0" mb="0" cb="0"/><line nr="1243" mi="4" ci="0" mb="0" cb="0"/><line nr="1244" mi="7" ci="0" mb="0" cb="0"/><line nr="1245" mi="7" ci="0" mb="0" cb="0"/><line nr="1246" mi="7" ci="0" mb="0" cb="0"/><line nr="1247" mi="7" ci="0" mb="0" cb="0"/><line nr="1248" mi="7" ci="0" mb="0" cb="0"/><line nr="1249" mi="7" ci="0" mb="0" cb="0"/><line nr="1250" mi="3" ci="0" mb="2" cb="0"/><line nr="1251" mi="5" ci="0" mb="0" cb="0"/><line nr="1253" mi="3" ci="0" mb="0" cb="0"/><line nr="1255" mi="5" ci="0" mb="0" cb="0"/><line nr="1257" mi="3" ci="0" mb="0" cb="0"/><line nr="1258" mi="5" ci="0" mb="0" cb="0"/><line nr="1260" mi="3" ci="0" mb="0" cb="0"/><line nr="1261" mi="5" ci="0" mb="0" cb="0"/><line nr="1263" mi="2" ci="0" mb="0" cb="0"/><line nr="1265" mi="2" ci="0" mb="0" cb="0"/><line nr="1274" mi="8" ci="0" mb="0" cb="0"/><line nr="1285" mi="4" ci="0" mb="0" cb="0"/><line nr="1286" mi="4" ci="0" mb="0" cb="0"/><line nr="1287" mi="3" ci="0" mb="0" cb="0"/><line nr="1288" mi="5" ci="0" mb="0" cb="0"/><line nr="1289" mi="6" ci="0" mb="0" cb="0"/><line nr="1290" mi="7" ci="0" mb="0" cb="0"/><line nr="1291" mi="7" ci="0" mb="0" cb="0"/><line nr="1292" mi="7" ci="0" mb="0" cb="0"/><line nr="1293" mi="7" ci="0" mb="0" cb="0"/><line nr="1294" mi="7" ci="0" mb="0" cb="0"/><line nr="1296" mi="3" ci="0" mb="0" cb="0"/><line nr="1297" mi="12" ci="0" mb="2" cb="0"/><line nr="1298" mi="2" ci="0" mb="0" cb="0"/><line nr="1309" mi="4" ci="0" mb="0" cb="0"/><line nr="1310" mi="3" ci="0" mb="0" cb="0"/><line nr="1311" mi="5" ci="0" mb="0" cb="0"/><line nr="1312" mi="6" ci="0" mb="0" cb="0"/><line nr="1313" mi="7" ci="0" mb="0" cb="0"/><line nr="1314" mi="7" ci="0" mb="0" cb="0"/><line nr="1315" mi="7" ci="0" mb="0" cb="0"/><line nr="1316" mi="7" ci="0" mb="0" cb="0"/><line nr="1317" mi="4" ci="0" mb="0" cb="0"/><line nr="1318" mi="8" ci="0" mb="0" cb="0"/><line nr="1319" mi="7" ci="0" mb="0" cb="0"/><line nr="1320" mi="8" ci="0" mb="0" cb="0"/><line nr="1321" mi="8" ci="0" mb="0" cb="0"/><line nr="1322" mi="2" ci="0" mb="0" cb="0"/><line nr="1331" mi="9" ci="0" mb="2" cb="0"/><line nr="1340" mi="9" ci="0" mb="2" cb="0"/><line nr="1351" mi="4" ci="0" mb="0" cb="0"/><line nr="1352" mi="3" ci="0" mb="0" cb="0"/><line nr="1353" mi="3" ci="0" mb="0" cb="0"/><line nr="1354" mi="3" ci="0" mb="0" cb="0"/><line nr="1355" mi="3" ci="0" mb="0" cb="0"/><line nr="1356" mi="5" ci="0" mb="0" cb="0"/><line nr="1357" mi="6" ci="0" mb="0" cb="0"/><line nr="1358" mi="6" ci="0" mb="0" cb="0"/><line nr="1359" mi="8" ci="0" mb="0" cb="0"/><line nr="1360" mi="8" ci="0" mb="0" cb="0"/><line nr="1361" mi="8" ci="0" mb="0" cb="0"/><line nr="1362" mi="8" ci="0" mb="0" cb="0"/><line nr="1363" mi="8" ci="0" mb="0" cb="0"/><line nr="1364" mi="2" ci="0" mb="0" cb="0"/><line nr="1375" mi="4" ci="0" mb="0" cb="0"/><line nr="1376" mi="5" ci="0" mb="0" cb="0"/><line nr="1377" mi="3" ci="0" mb="0" cb="0"/><line nr="1378" mi="8" ci="0" mb="0" cb="0"/><line nr="1379" mi="8" ci="0" mb="0" cb="0"/><line nr="1380" mi="2" ci="0" mb="0" cb="0"/><line nr="1391" mi="3" ci="0" mb="0" cb="0"/><line nr="1392" mi="3" ci="0" mb="0" cb="0"/><line nr="1393" mi="4" ci="0" mb="0" cb="0"/><line nr="1394" mi="5" ci="0" mb="0" cb="0"/><line nr="1395" mi="3" ci="0" mb="0" cb="0"/><line nr="1396" mi="8" ci="0" mb="0" cb="0"/><line nr="1397" mi="8" ci="0" mb="0" cb="0"/><line nr="1398" mi="8" ci="0" mb="0" cb="0"/><line nr="1399" mi="8" ci="0" mb="0" cb="0"/><line nr="1400" mi="8" ci="0" mb="0" cb="0"/><line nr="1401" mi="2" ci="0" mb="0" cb="0"/><line nr="1413" mi="4" ci="0" mb="0" cb="0"/><line nr="1414" mi="3" ci="0" mb="0" cb="0"/><line nr="1415" mi="3" ci="0" mb="0" cb="0"/><line nr="1416" mi="3" ci="0" mb="0" cb="0"/><line nr="1417" mi="5" ci="0" mb="0" cb="0"/><line nr="1418" mi="6" ci="0" mb="0" cb="0"/><line nr="1419" mi="7" ci="0" mb="0" cb="0"/><line nr="1420" mi="7" ci="0" mb="0" cb="0"/><line nr="1421" mi="3" ci="0" mb="0" cb="0"/><line nr="1422" mi="5" ci="0" mb="0" cb="0"/><line nr="1423" mi="3" ci="0" mb="0" cb="0"/><line nr="1424" mi="6" ci="0" mb="0" cb="0"/><line nr="1426" mi="3" ci="0" mb="0" cb="0"/><line nr="1427" mi="3" ci="0" mb="0" cb="0"/><line nr="1428" mi="8" ci="0" mb="0" cb="0"/><line nr="1429" mi="8" ci="0" mb="0" cb="0"/><line nr="1431" mi="3" ci="0" mb="0" cb="0"/><line nr="1432" mi="3" ci="0" mb="0" cb="0"/><line nr="1433" mi="9" ci="0" mb="0" cb="0"/><line nr="1434" mi="8" ci="0" mb="0" cb="0"/><line nr="1435" mi="8" ci="0" mb="0" cb="0"/><line nr="1436" mi="8" ci="0" mb="0" cb="0"/><line nr="1437" mi="8" ci="0" mb="0" cb="0"/><line nr="1438" mi="8" ci="0" mb="0" cb="0"/><line nr="1439" mi="9" ci="0" mb="0" cb="0"/><line nr="1440" mi="2" ci="0" mb="0" cb="0"/><line nr="1452" mi="4" ci="0" mb="0" cb="0"/><line nr="1453" mi="3" ci="0" mb="0" cb="0"/><line nr="1454" mi="3" ci="0" mb="0" cb="0"/><line nr="1455" mi="3" ci="0" mb="0" cb="0"/><line nr="1456" mi="3" ci="0" mb="0" cb="0"/><line nr="1457" mi="3" ci="0" mb="0" cb="0"/><line nr="1458" mi="3" ci="0" mb="0" cb="0"/><line nr="1459" mi="3" ci="0" mb="0" cb="0"/><line nr="1460" mi="5" ci="0" mb="0" cb="0"/><line nr="1461" mi="6" ci="0" mb="0" cb="0"/><line nr="1462" mi="7" ci="0" mb="0" cb="0"/><line nr="1463" mi="7" ci="0" mb="0" cb="0"/><line nr="1464" mi="3" ci="0" mb="0" cb="0"/><line nr="1465" mi="5" ci="0" mb="0" cb="0"/><line nr="1466" mi="3" ci="0" mb="0" cb="0"/><line nr="1467" mi="6" ci="0" mb="0" cb="0"/><line nr="1468" mi="8" ci="0" mb="0" cb="0"/><line nr="1469" mi="8" ci="0" mb="0" cb="0"/><line nr="1470" mi="8" ci="0" mb="0" cb="0"/><line nr="1471" mi="8" ci="0" mb="0" cb="0"/><line nr="1472" mi="8" ci="0" mb="0" cb="0"/><line nr="1473" mi="9" ci="0" mb="0" cb="0"/><line nr="1474" mi="2" ci="0" mb="0" cb="0"/><line nr="1489" mi="4" ci="0" mb="0" cb="0"/><line nr="1493" mi="5" ci="0" mb="0" cb="0"/><line nr="1494" mi="5" ci="0" mb="0" cb="0"/><line nr="1495" mi="6" ci="0" mb="0" cb="0"/><line nr="1496" mi="5" ci="0" mb="0" cb="0"/><line nr="1497" mi="5" ci="0" mb="0" cb="0"/><line nr="1498" mi="5" ci="0" mb="0" cb="0"/><line nr="1500" mi="3" ci="0" mb="2" cb="0"/><line nr="1501" mi="7" ci="0" mb="0" cb="0"/><line nr="1503" mi="2" ci="0" mb="0" cb="0"/><line nr="1517" mi="4" ci="0" mb="0" cb="0"/><line nr="1518" mi="5" ci="0" mb="0" cb="0"/><line nr="1519" mi="2" ci="0" mb="0" cb="0"/><line nr="1520" mi="3" ci="0" mb="0" cb="0"/><line nr="1521" mi="5" ci="0" mb="0" cb="0"/><line nr="1522" mi="3" ci="0" mb="0" cb="0"/><line nr="1523" mi="6" ci="0" mb="0" cb="0"/><line nr="1524" mi="9" ci="0" mb="0" cb="0"/><line nr="1525" mi="8" ci="0" mb="0" cb="0"/><line nr="1527" mi="2" ci="0" mb="2" cb="0"/><line nr="1528" mi="8" ci="0" mb="0" cb="0"/><line nr="1530" mi="6" ci="0" mb="0" cb="0"/><line nr="1533" mi="2" ci="0" mb="0" cb="0"/><line nr="1545" mi="4" ci="0" mb="0" cb="0"/><line nr="1546" mi="4" ci="0" mb="0" cb="0"/><line nr="1547" mi="5" ci="0" mb="0" cb="0"/><line nr="1549" mi="11" ci="0" mb="0" cb="0"/><line nr="1550" mi="2" ci="0" mb="0" cb="0"/><line nr="1552" mi="2" ci="0" mb="0" cb="0"/><line nr="1563" mi="4" ci="0" mb="0" cb="0"/><line nr="1564" mi="3" ci="0" mb="0" cb="0"/><line nr="1565" mi="4" ci="0" mb="0" cb="0"/><line nr="1566" mi="5" ci="0" mb="0" cb="0"/><line nr="1567" mi="6" ci="0" mb="0" cb="0"/><line nr="1568" mi="4" ci="0" mb="0" cb="0"/><line nr="1569" mi="8" ci="0" mb="0" cb="0"/><line nr="1570" mi="7" ci="0" mb="0" cb="0"/><line nr="1571" mi="2" ci="0" mb="0" cb="0"/><line nr="1582" mi="4" ci="0" mb="0" cb="0"/><line nr="1583" mi="3" ci="0" mb="0" cb="0"/><line nr="1584" mi="4" ci="0" mb="0" cb="0"/><line nr="1585" mi="5" ci="0" mb="0" cb="0"/><line nr="1586" mi="6" ci="0" mb="0" cb="0"/><line nr="1587" mi="4" ci="0" mb="0" cb="0"/><line nr="1588" mi="8" ci="0" mb="0" cb="0"/><line nr="1589" mi="8" ci="0" mb="0" cb="0"/><line nr="1590" mi="7" ci="0" mb="0" cb="0"/><line nr="1591" mi="8" ci="0" mb="0" cb="0"/><line nr="1592" mi="7" ci="0" mb="0" cb="0"/><line nr="1593" mi="2" ci="0" mb="0" cb="0"/><line nr="1602" mi="4" ci="0" mb="0" cb="0"/><line nr="1604" mi="4" ci="0" mb="0" cb="0"/><line nr="1605" mi="4" ci="0" mb="0" cb="0"/><line nr="1606" mi="4" ci="0" mb="0" cb="0"/><line nr="1607" mi="4" ci="0" mb="0" cb="0"/><line nr="1608" mi="4" ci="0" mb="0" cb="0"/><line nr="1609" mi="11" ci="0" mb="2" cb="0"/><line nr="1610" mi="4" ci="0" mb="0" cb="0"/><line nr="1611" mi="6" ci="0" mb="0" cb="0"/><line nr="1612" mi="5" ci="0" mb="0" cb="0"/><line nr="1613" mi="7" ci="0" mb="0" cb="0"/><line nr="1614" mi="7" ci="0" mb="0" cb="0"/><line nr="1615" mi="10" ci="0" mb="0" cb="0"/><line nr="1616" mi="9" ci="0" mb="0" cb="0"/><line nr="1617" mi="9" ci="0" mb="0" cb="0"/><line nr="1619" mi="4" ci="0" mb="0" cb="0"/><line nr="1620" mi="1" ci="0" mb="0" cb="0"/><line nr="1621" mi="2" ci="0" mb="0" cb="0"/><line nr="1632" mi="4" ci="0" mb="0" cb="0"/><line nr="1633" mi="6" ci="0" mb="0" cb="0"/><line nr="1634" mi="7" ci="0" mb="0" cb="0"/><line nr="1635" mi="6" ci="0" mb="0" cb="0"/><line nr="1636" mi="6" ci="0" mb="0" cb="0"/><line nr="1637" mi="6" ci="0" mb="0" cb="0"/><line nr="1638" mi="7" ci="0" mb="0" cb="0"/><line nr="1639" mi="7" ci="0" mb="0" cb="0"/><line nr="1640" mi="7" ci="0" mb="0" cb="0"/><line nr="1641" mi="7" ci="0" mb="0" cb="0"/><line nr="1642" mi="7" ci="0" mb="0" cb="0"/><line nr="1643" mi="6" ci="0" mb="0" cb="0"/><line nr="1644" mi="7" ci="0" mb="0" cb="0"/><line nr="1645" mi="7" ci="0" mb="0" cb="0"/><line nr="1646" mi="7" ci="0" mb="0" cb="0"/><line nr="1647" mi="5" ci="0" mb="0" cb="0"/><line nr="1648" mi="5" ci="0" mb="0" cb="0"/><line nr="1650" mi="7" ci="0" mb="0" cb="0"/><line nr="1651" mi="7" ci="0" mb="0" cb="0"/><line nr="1652" mi="8" ci="0" mb="0" cb="0"/><line nr="1653" mi="2" ci="0" mb="0" cb="0"/><line nr="1654" mi="7" ci="0" mb="0" cb="0"/><line nr="1655" mi="7" ci="0" mb="0" cb="0"/><line nr="1656" mi="7" ci="0" mb="0" cb="0"/><line nr="1657" mi="7" ci="0" mb="0" cb="0"/><line nr="1658" mi="7" ci="0" mb="0" cb="0"/><line nr="1659" mi="7" ci="0" mb="0" cb="0"/><line nr="1660" mi="7" ci="0" mb="0" cb="0"/><line nr="1661" mi="7" ci="0" mb="0" cb="0"/><line nr="1662" mi="7" ci="0" mb="0" cb="0"/><line nr="1663" mi="7" ci="0" mb="0" cb="0"/><line nr="1664" mi="7" ci="0" mb="0" cb="0"/><line nr="1665" mi="7" ci="0" mb="0" cb="0"/><line nr="1666" mi="4" ci="0" mb="0" cb="0"/><line nr="1667" mi="3" ci="0" mb="2" cb="0"/><line nr="1668" mi="11" ci="0" mb="2" cb="0"/><line nr="1669" mi="6" ci="0" mb="0" cb="0"/><line nr="1670" mi="1" ci="0" mb="0" cb="0"/><line nr="1672" mi="5" ci="0" mb="0" cb="0"/><line nr="1674" mi="3" ci="0" mb="0" cb="0"/><line nr="1675" mi="4" ci="0" mb="0" cb="0"/><line nr="1677" mi="11" ci="0" mb="2" cb="0"/><line nr="1678" mi="13" ci="0" mb="0" cb="0"/><line nr="1679" mi="1" ci="0" mb="0" cb="0"/><line nr="1680" mi="5" ci="0" mb="0" cb="0"/><line nr="1682" mi="3" ci="0" mb="0" cb="0"/><line nr="1683" mi="4" ci="0" mb="0" cb="0"/><line nr="1685" mi="11" ci="0" mb="2" cb="0"/><line nr="1686" mi="13" ci="0" mb="0" cb="0"/><line nr="1687" mi="1" ci="0" mb="0" cb="0"/><line nr="1688" mi="5" ci="0" mb="0" cb="0"/><line nr="1691" mi="6" ci="0" mb="0" cb="0"/><line nr="1692" mi="2" ci="0" mb="0" cb="0"/><line nr="1693" mi="3" ci="0" mb="2" cb="0"/><line nr="1694" mi="4" ci="0" mb="0" cb="0"/><line nr="1696" mi="6" ci="0" mb="0" cb="0"/><line nr="1697" mi="2" ci="0" mb="0" cb="0"/><line nr="1698" mi="2" ci="0" mb="2" cb="0"/><line nr="1699" mi="4" ci="0" mb="0" cb="0"/><line nr="1701" mi="6" ci="0" mb="0" cb="0"/><line nr="1702" mi="7" ci="0" mb="0" cb="0"/><line nr="1703" mi="6" ci="0" mb="0" cb="0"/><line nr="1704" mi="6" ci="0" mb="0" cb="0"/><line nr="1705" mi="2" ci="0" mb="0" cb="0"/><line nr="1715" mi="4" ci="0" mb="0" cb="0"/><line nr="1716" mi="11" ci="0" mb="2" cb="0"/><line nr="1717" mi="4" ci="0" mb="0" cb="0"/><line nr="1718" mi="6" ci="0" mb="0" cb="0"/><line nr="1719" mi="7" ci="0" mb="0" cb="0"/><line nr="1720" mi="4" ci="0" mb="0" cb="0"/><line nr="1721" mi="1" ci="0" mb="0" cb="0"/><line nr="1722" mi="4" ci="0" mb="0" cb="0"/><line nr="1723" mi="4" ci="0" mb="0" cb="0"/><line nr="1724" mi="2" ci="0" mb="0" cb="0"/><line nr="1725" mi="4" ci="0" mb="0" cb="0"/><line nr="1726" mi="4" ci="0" mb="0" cb="0"/><line nr="1727" mi="5" ci="0" mb="0" cb="0"/><line nr="1728" mi="3" ci="0" mb="0" cb="0"/><line nr="1729" mi="2" ci="0" mb="0" cb="0"/><line nr="1740" mi="5" ci="0" mb="0" cb="0"/><line nr="1741" mi="9" ci="0" mb="2" cb="0"/><line nr="1753" mi="4" ci="0" mb="0" cb="0"/><line nr="1754" mi="10" ci="0" mb="2" cb="0"/><line nr="1755" mi="10" ci="0" mb="4" cb="0"/><line nr="1756" mi="3" ci="0" mb="2" cb="0"/><line nr="1757" mi="9" ci="0" mb="0" cb="0"/><line nr="1758" mi="4" ci="0" mb="0" cb="0"/><line nr="1759" mi="6" ci="0" mb="0" cb="0"/><line nr="1761" mi="1" ci="0" mb="0" cb="0"/><line nr="1762" mi="2" ci="0" mb="0" cb="0"/><line nr="1773" mi="4" ci="0" mb="0" cb="0"/><line nr="1774" mi="10" ci="0" mb="2" cb="0"/><line nr="1775" mi="7" ci="0" mb="2" cb="0"/><line nr="1776" mi="9" ci="0" mb="0" cb="0"/><line nr="1777" mi="4" ci="0" mb="0" cb="0"/><line nr="1778" mi="6" ci="0" mb="0" cb="0"/><line nr="1780" mi="1" ci="0" mb="0" cb="0"/><line nr="1781" mi="2" ci="0" mb="0" cb="0"/><line nr="1791" mi="0" ci="5" mb="0" cb="0"/><line nr="1792" mi="0" ci="8" mb="1" cb="3"/><line nr="1793" mi="0" ci="4" mb="0" cb="0"/><line nr="1795" mi="0" ci="5" mb="0" cb="0"/><line nr="1805" mi="4" ci="0" mb="0" cb="0"/><line nr="1806" mi="11" ci="0" mb="2" cb="0"/><line nr="1807" mi="4" ci="0" mb="0" cb="0"/><line nr="1808" mi="13" ci="0" mb="2" cb="0"/><line nr="1809" mi="10" ci="0" mb="0" cb="0"/><line nr="1810" mi="1" ci="0" mb="0" cb="0"/><line nr="1811" mi="7" ci="0" mb="0" cb="0"/><line nr="1812" mi="1" ci="0" mb="0" cb="0"/><line nr="1813" mi="2" ci="0" mb="0" cb="0"/><line nr="1822" mi="0" ci="4" mb="0" cb="0"/><line nr="1823" mi="0" ci="6" mb="0" cb="0"/><line nr="1824" mi="0" ci="7" mb="0" cb="0"/><line nr="1825" mi="0" ci="7" mb="0" cb="0"/><line nr="1826" mi="0" ci="5" mb="0" cb="0"/><line nr="1827" mi="0" ci="3" mb="1" cb="1"/><line nr="1828" mi="8" ci="0" mb="0" cb="0"/><line nr="1830" mi="0" ci="2" mb="0" cb="0"/><line nr="1841" mi="0" ci="4" mb="0" cb="0"/><line nr="1842" mi="0" ci="8" mb="0" cb="0"/><line nr="1843" mi="0" ci="8" mb="0" cb="0"/><line nr="1844" mi="0" ci="9" mb="0" cb="0"/><line nr="1845" mi="10" ci="0" mb="0" cb="0"/><line nr="1846" mi="2" ci="0" mb="0" cb="0"/><line nr="1860" mi="4" ci="0" mb="0" cb="0"/><line nr="1861" mi="3" ci="0" mb="0" cb="0"/><line nr="1862" mi="5" ci="0" mb="0" cb="0"/><line nr="1863" mi="4" ci="0" mb="0" cb="0"/><line nr="1864" mi="6" ci="0" mb="0" cb="0"/><line nr="1865" mi="5" ci="0" mb="0" cb="0"/><line nr="1867" mi="3" ci="0" mb="0" cb="0"/><line nr="1868" mi="3" ci="0" mb="0" cb="0"/><line nr="1870" mi="4" ci="0" mb="0" cb="0"/><line nr="1872" mi="11" ci="0" mb="2" cb="0"/><line nr="1873" mi="4" ci="0" mb="0" cb="0"/><line nr="1874" mi="4" ci="0" mb="2" cb="0"/><line nr="1875" mi="4" ci="0" mb="0" cb="0"/><line nr="1876" mi="5" ci="0" mb="0" cb="0"/><line nr="1877" mi="6" ci="0" mb="0" cb="0"/><line nr="1878" mi="2" ci="0" mb="0" cb="0"/><line nr="1879" mi="5" ci="0" mb="0" cb="0"/><line nr="1880" mi="10" ci="0" mb="0" cb="0"/><line nr="1881" mi="10" ci="0" mb="0" cb="0"/><line nr="1882" mi="8" ci="0" mb="0" cb="0"/><line nr="1883" mi="3" ci="0" mb="0" cb="0"/><line nr="1884" mi="2" ci="0" mb="0" cb="0"/><line nr="1885" mi="15" ci="0" mb="0" cb="0"/><line nr="1887" mi="1" ci="0" mb="0" cb="0"/><line nr="1890" mi="5" ci="0" mb="0" cb="0"/><line nr="1891" mi="8" ci="0" mb="0" cb="0"/><line nr="1892" mi="2" ci="0" mb="0" cb="0"/><line nr="1894" mi="5" ci="0" mb="0" cb="0"/><line nr="1896" mi="1" ci="0" mb="0" cb="0"/><line nr="1898" mi="11" ci="0" mb="2" cb="0"/><line nr="1899" mi="4" ci="0" mb="0" cb="0"/><line nr="1900" mi="9" ci="0" mb="6" cb="0"/><line nr="1901" mi="4" ci="0" mb="0" cb="0"/><line nr="1902" mi="5" ci="0" mb="0" cb="0"/><line nr="1903" mi="10" ci="0" mb="0" cb="0"/><line nr="1904" mi="2" ci="0" mb="0" cb="0"/><line nr="1905" mi="5" ci="0" mb="0" cb="0"/><line nr="1906" mi="10" ci="0" mb="0" cb="0"/><line nr="1907" mi="10" ci="0" mb="0" cb="0"/><line nr="1908" mi="8" ci="0" mb="0" cb="0"/><line nr="1909" mi="3" ci="0" mb="0" cb="0"/><line nr="1910" mi="2" ci="0" mb="0" cb="0"/><line nr="1911" mi="15" ci="0" mb="0" cb="0"/><line nr="1913" mi="1" ci="0" mb="0" cb="0"/><line nr="1916" mi="5" ci="0" mb="0" cb="0"/><line nr="1917" mi="8" ci="0" mb="0" cb="0"/><line nr="1918" mi="2" ci="0" mb="0" cb="0"/><line nr="1920" mi="5" ci="0" mb="0" cb="0"/><line nr="1922" mi="1" ci="0" mb="0" cb="0"/><line nr="1923" mi="2" ci="0" mb="0" cb="0"/><line nr="1932" mi="3" ci="0" mb="0" cb="0"/><line nr="1933" mi="4" ci="0" mb="0" cb="0"/><line nr="1934" mi="5" ci="0" mb="0" cb="0"/><line nr="1935" mi="7" ci="0" mb="0" cb="0"/><line nr="1936" mi="7" ci="0" mb="0" cb="0"/><line nr="1937" mi="14" ci="0" mb="2" cb="0"/><line nr="1938" mi="2" ci="0" mb="0" cb="0"/><line nr="1954" mi="4" ci="0" mb="0" cb="0"/><line nr="1955" mi="6" ci="0" mb="0" cb="0"/><line nr="1956" mi="9" ci="0" mb="0" cb="0"/><line nr="1957" mi="7" ci="0" mb="0" cb="0"/><line nr="1958" mi="2" ci="0" mb="0" cb="0"/><line nr="1969" mi="0" ci="4" mb="0" cb="0"/><line nr="1970" mi="7" ci="0" mb="0" cb="0"/><line nr="1971" mi="11" ci="0" mb="0" cb="0"/><line nr="1972" mi="5" ci="0" mb="0" cb="0"/><line nr="1973" mi="1" ci="0" mb="0" cb="0"/><line nr="1974" mi="3" ci="0" mb="0" cb="0"/><line nr="1975" mi="9" ci="0" mb="0" cb="0"/><line nr="1977" mi="9" ci="0" mb="0" cb="0"/><line nr="1978" mi="2" ci="0" mb="0" cb="0"/><line nr="1991" mi="4" ci="0" mb="0" cb="0"/><line nr="1992" mi="2" ci="0" mb="0" cb="0"/><line nr="1993" mi="15" ci="0" mb="0" cb="0"/><line nr="2006" mi="0" ci="3" mb="1" cb="1"/><line nr="2007" mi="8" ci="0" mb="0" cb="0"/><line nr="2009" mi="11" ci="0" mb="0" cb="0"/><line nr="2010" mi="5" ci="0" mb="0" cb="0"/><line nr="2011" mi="2" ci="0" mb="0" cb="0"/><line nr="2012" mi="4" ci="0" mb="0" cb="0"/><line nr="2015" mi="0" ci="8" mb="0" cb="0"/><line nr="2017" mi="0" ci="11" mb="0" cb="0"/><line nr="2018" mi="0" ci="5" mb="0" cb="0"/><line nr="2019" mi="0" ci="6" mb="0" cb="0"/><line nr="2036" mi="4" ci="0" mb="0" cb="0"/><line nr="2038" mi="5" ci="0" mb="0" cb="0"/><line nr="2040" mi="5" ci="0" mb="0" cb="0"/><line nr="2041" mi="8" ci="0" mb="0" cb="0"/><line nr="2042" mi="2" ci="0" mb="0" cb="0"/><line nr="2044" mi="5" ci="0" mb="0" cb="0"/><line nr="2046" mi="5" ci="0" mb="0" cb="0"/><line nr="2047" mi="8" ci="0" mb="0" cb="0"/><line nr="2048" mi="2" ci="0" mb="0" cb="0"/><line nr="2050" mi="5" ci="0" mb="0" cb="0"/><line nr="2052" mi="5" ci="0" mb="0" cb="0"/><line nr="2053" mi="8" ci="0" mb="0" cb="0"/><line nr="2054" mi="2" ci="0" mb="0" cb="0"/><line nr="2056" mi="5" ci="0" mb="0" cb="0"/><line nr="2058" mi="6" ci="0" mb="0" cb="0"/><line nr="2059" mi="5" ci="0" mb="0" cb="0"/><line nr="2060" mi="2" ci="0" mb="0" cb="0"/><line nr="2062" mi="7" ci="0" mb="0" cb="0"/><line nr="2063" mi="2" ci="0" mb="0" cb="0"/><line nr="2078" mi="0" ci="4" mb="0" cb="0"/><line nr="2079" mi="2" ci="3" mb="0" cb="0"/><line nr="2081" mi="5" ci="0" mb="0" cb="0"/><line nr="2082" mi="8" ci="0" mb="0" cb="0"/><line nr="2083" mi="2" ci="0" mb="0" cb="0"/><line nr="2085" mi="5" ci="0" mb="0" cb="0"/><line nr="2087" mi="5" ci="0" mb="0" cb="0"/><line nr="2088" mi="8" ci="0" mb="0" cb="0"/><line nr="2089" mi="2" ci="0" mb="0" cb="0"/><line nr="2091" mi="5" ci="0" mb="0" cb="0"/><line nr="2093" mi="6" ci="0" mb="0" cb="0"/><line nr="2094" mi="5" ci="0" mb="0" cb="0"/><line nr="2095" mi="2" ci="0" mb="0" cb="0"/><line nr="2097" mi="7" ci="0" mb="0" cb="0"/><line nr="2098" mi="2" ci="0" mb="0" cb="0"/><line nr="2116" mi="4" ci="0" mb="0" cb="0"/><line nr="2117" mi="7" ci="0" mb="0" cb="0"/><line nr="2121" mi="5" ci="0" mb="2" cb="0"/><line nr="2122" mi="9" ci="0" mb="0" cb="0"/><line nr="2123" mi="5" ci="0" mb="2" cb="0"/><line nr="2124" mi="8" ci="0" mb="0" cb="0"/><line nr="2127" mi="5" ci="0" mb="0" cb="0"/><line nr="2128" mi="5" ci="0" mb="0" cb="0"/><line nr="2129" mi="6" ci="0" mb="0" cb="0"/><line nr="2130" mi="6" ci="0" mb="0" cb="0"/><line nr="2131" mi="7" ci="0" mb="0" cb="0"/><line nr="2132" mi="7" ci="0" mb="0" cb="0"/><line nr="2133" mi="5" ci="0" mb="0" cb="0"/><line nr="2134" mi="3" ci="0" mb="0" cb="0"/><line nr="2135" mi="5" ci="0" mb="0" cb="0"/><line nr="2136" mi="3" ci="0" mb="0" cb="0"/><line nr="2137" mi="5" ci="0" mb="0" cb="0"/><line nr="2138" mi="3" ci="0" mb="0" cb="0"/><line nr="2139" mi="5" ci="0" mb="0" cb="0"/><line nr="2140" mi="2" ci="0" mb="0" cb="0"/><line nr="2142" mi="7" ci="0" mb="0" cb="0"/><line nr="2143" mi="5" ci="0" mb="0" cb="0"/><line nr="2144" mi="6" ci="0" mb="0" cb="0"/><line nr="2145" mi="6" ci="0" mb="0" cb="0"/><line nr="2146" mi="5" ci="0" mb="0" cb="0"/><line nr="2147" mi="8" ci="0" mb="0" cb="0"/><line nr="2148" mi="6" ci="0" mb="0" cb="0"/><line nr="2149" mi="15" ci="0" mb="4" cb="0"/><line nr="2150" mi="2" ci="0" mb="0" cb="0"/><line nr="2151" mi="3" ci="0" mb="2" cb="0"/><line nr="2152" mi="4" ci="0" mb="0" cb="0"/><line nr="2154" mi="6" ci="0" mb="0" cb="0"/><line nr="2155" mi="3" ci="0" mb="0" cb="0"/><line nr="2156" mi="6" ci="0" mb="4" cb="0"/><line nr="2157" mi="8" ci="0" mb="0" cb="0"/><line nr="2158" mi="5" ci="0" mb="0" cb="0"/><line nr="2159" mi="1" ci="0" mb="0" cb="0"/><line nr="2161" mi="10" ci="0" mb="2" cb="0"/><line nr="2162" mi="7" ci="0" mb="0" cb="0"/><line nr="2165" mi="9" ci="0" mb="0" cb="0"/><line nr="2166" mi="2" ci="0" mb="0" cb="0"/><line nr="2175" mi="4" ci="0" mb="0" cb="0"/><line nr="2176" mi="3" ci="0" mb="2" cb="0"/><line nr="2177" mi="12" ci="0" mb="2" cb="0"/><line nr="2178" mi="4" ci="0" mb="0" cb="0"/><line nr="2179" mi="8" ci="0" mb="0" cb="0"/><line nr="2180" mi="8" ci="0" mb="0" cb="0"/><line nr="2181" mi="9" ci="0" mb="0" cb="0"/><line nr="2182" mi="9" ci="0" mb="0" cb="0"/><line nr="2183" mi="7" ci="0" mb="0" cb="0"/><line nr="2184" mi="1" ci="0" mb="0" cb="0"/><line nr="2186" mi="4" ci="0" mb="0" cb="0"/><line nr="2187" mi="5" ci="0" mb="0" cb="0"/><line nr="2188" mi="2" ci="0" mb="0" cb="0"/><line nr="2198" mi="0" ci="4" mb="0" cb="0"/><line nr="2199" mi="0" ci="5" mb="0" cb="0"/><line nr="2200" mi="0" ci="5" mb="0" cb="0"/><line nr="2201" mi="0" ci="5" mb="0" cb="0"/><line nr="2202" mi="0" ci="2" mb="0" cb="0"/><line nr="2213" mi="0" ci="4" mb="0" cb="0"/><line nr="2214" mi="0" ci="3" mb="0" cb="0"/><line nr="2215" mi="5" ci="0" mb="0" cb="0"/><line nr="2216" mi="4" ci="0" mb="0" cb="0"/><line nr="2217" mi="4" ci="0" mb="0" cb="0"/><line nr="2228" mi="4" ci="0" mb="0" cb="0"/><line nr="2229" mi="3" ci="0" mb="0" cb="0"/><line nr="2230" mi="5" ci="0" mb="0" cb="0"/><line nr="2231" mi="4" ci="0" mb="0" cb="0"/><line nr="2232" mi="4" ci="0" mb="0" cb="0"/><line nr="2247" mi="4" ci="0" mb="0" cb="0"/><line nr="2248" mi="3" ci="0" mb="0" cb="0"/><line nr="2249" mi="5" ci="0" mb="0" cb="0"/><line nr="2250" mi="11" ci="0" mb="0" cb="0"/><line nr="2251" mi="5" ci="0" mb="0" cb="0"/><line nr="2264" mi="0" ci="4" mb="0" cb="0"/><line nr="2265" mi="0" ci="3" mb="0" cb="0"/><line nr="2266" mi="5" ci="0" mb="0" cb="0"/><line nr="2267" mi="4" ci="0" mb="0" cb="0"/><line nr="2268" mi="4" ci="0" mb="0" cb="0"/><line nr="2269" mi="5" ci="0" mb="0" cb="0"/><line nr="2270" mi="4" ci="0" mb="0" cb="0"/><line nr="2282" mi="4" ci="0" mb="0" cb="0"/><line nr="2283" mi="3" ci="0" mb="0" cb="0"/><line nr="2284" mi="5" ci="0" mb="0" cb="0"/><line nr="2285" mi="4" ci="0" mb="0" cb="0"/><line nr="2286" mi="4" ci="0" mb="0" cb="0"/><line nr="2287" mi="5" ci="0" mb="0" cb="0"/><line nr="2288" mi="4" ci="0" mb="0" cb="0"/><line nr="2305" mi="0" ci="6" mb="0" cb="0"/><line nr="2306" mi="0" ci="4" mb="0" cb="0"/><line nr="2307" mi="6" ci="0" mb="0" cb="0"/><line nr="2308" mi="5" ci="0" mb="0" cb="0"/><line nr="2309" mi="6" ci="0" mb="0" cb="0"/><line nr="2310" mi="6" ci="0" mb="0" cb="0"/><line nr="2311" mi="4" ci="0" mb="0" cb="0"/><line nr="2312" mi="4" ci="0" mb="0" cb="0"/><line nr="2313" mi="1" ci="0" mb="0" cb="0"/><line nr="2328" mi="1" ci="3" mb="0" cb="0"/><line nr="2329" mi="10" ci="0" mb="0" cb="0"/><line nr="2331" mi="4" ci="0" mb="0" cb="0"/><line nr="2332" mi="6" ci="0" mb="0" cb="0"/><line nr="2333" mi="6" ci="0" mb="0" cb="0"/><line nr="2334" mi="5" ci="0" mb="0" cb="0"/><line nr="2335" mi="5" ci="0" mb="0" cb="0"/><line nr="2336" mi="5" ci="0" mb="0" cb="0"/><line nr="2337" mi="11" ci="0" mb="0" cb="0"/><line nr="2338" mi="2" ci="0" mb="0" cb="0"/><line nr="2353" mi="8" ci="0" mb="0" cb="0"/><line nr="2354" mi="4" ci="0" mb="0" cb="0"/><line nr="2355" mi="5" ci="0" mb="0" cb="0"/><line nr="2356" mi="5" ci="0" mb="0" cb="0"/><line nr="2357" mi="2" ci="0" mb="0" cb="0"/><line nr="2365" mi="0" ci="4" mb="0" cb="0"/><line nr="2366" mi="0" ci="5" mb="0" cb="0"/><line nr="2367" mi="0" ci="5" mb="0" cb="0"/><line nr="2368" mi="0" ci="2" mb="0" cb="0"/><line nr="2382" mi="1" ci="3" mb="0" cb="0"/><line nr="2383" mi="0" ci="4" mb="0" cb="0"/><line nr="2386" mi="4" ci="0" mb="0" cb="0"/><line nr="2387" mi="5" ci="0" mb="0" cb="0"/><line nr="2388" mi="5" ci="0" mb="0" cb="0"/><line nr="2389" mi="2" ci="0" mb="0" cb="0"/><line nr="2395" mi="1" ci="3" mb="0" cb="0"/><line nr="2396" mi="0" ci="4" mb="0" cb="0"/><line nr="2398" mi="4" ci="0" mb="0" cb="0"/><line nr="2399" mi="5" ci="0" mb="0" cb="0"/><line nr="2400" mi="5" ci="0" mb="0" cb="0"/><line nr="2401" mi="2" ci="0" mb="0" cb="0"/><line nr="2416" mi="1" ci="3" mb="0" cb="0"/><line nr="2417" mi="0" ci="4" mb="0" cb="0"/><line nr="2419" mi="4" ci="0" mb="0" cb="0"/><line nr="2420" mi="5" ci="0" mb="0" cb="0"/><line nr="2421" mi="5" ci="0" mb="0" cb="0"/><line nr="2422" mi="2" ci="0" mb="0" cb="0"/><line nr="2436" mi="8" ci="0" mb="0" cb="0"/><line nr="2437" mi="4" ci="0" mb="0" cb="0"/><line nr="2438" mi="5" ci="0" mb="0" cb="0"/><line nr="2439" mi="5" ci="0" mb="0" cb="0"/><line nr="2440" mi="2" ci="0" mb="0" cb="0"/><line nr="2453" mi="2" ci="0" mb="0" cb="0"/><line nr="2454" mi="11" ci="0" mb="2" cb="0"/><line nr="2455" mi="4" ci="0" mb="0" cb="0"/><line nr="2456" mi="7" ci="0" mb="0" cb="0"/><line nr="2457" mi="8" ci="0" mb="0" cb="0"/><line nr="2458" mi="4" ci="0" mb="0" cb="0"/><line nr="2459" mi="2" ci="0" mb="2" cb="0"/><line nr="2460" mi="3" ci="0" mb="0" cb="0"/><line nr="2461" mi="3" ci="0" mb="0" cb="0"/><line nr="2463" mi="3" ci="0" mb="0" cb="0"/><line nr="2464" mi="5" ci="0" mb="0" cb="0"/><line nr="2465" mi="4" ci="0" mb="0" cb="0"/><line nr="2467" mi="4" ci="0" mb="0" cb="0"/><line nr="2468" mi="4" ci="0" mb="0" cb="0"/><line nr="2469" mi="4" ci="0" mb="0" cb="0"/><line nr="2470" mi="1" ci="0" mb="0" cb="0"/><line nr="2471" mi="5" ci="0" mb="0" cb="0"/><line nr="2481" mi="3" ci="0" mb="0" cb="0"/><line nr="2482" mi="4" ci="0" mb="0" cb="0"/><line nr="2483" mi="13" ci="0" mb="2" cb="0"/><line nr="2484" mi="3" ci="0" mb="2" cb="0"/><line nr="2485" mi="9" ci="0" mb="0" cb="0"/><line nr="2487" mi="1" ci="0" mb="0" cb="0"/><line nr="2489" mi="4" ci="0" mb="0" cb="0"/><line nr="2491" mi="10" ci="0" mb="2" cb="0"/><line nr="2492" mi="4" ci="0" mb="0" cb="0"/><line nr="2493" mi="6" ci="0" mb="0" cb="0"/><line nr="2494" mi="7" ci="0" mb="0" cb="0"/><line nr="2495" mi="2" ci="0" mb="0" cb="0"/><line nr="2496" mi="3" ci="0" mb="2" cb="0"/><line nr="2497" mi="2" ci="0" mb="0" cb="0"/><line nr="2499" mi="5" ci="0" mb="0" cb="0"/><line nr="2500" mi="6" ci="0" mb="0" cb="0"/><line nr="2501" mi="7" ci="0" mb="0" cb="0"/><line nr="2502" mi="7" ci="0" mb="0" cb="0"/><line nr="2503" mi="8" ci="0" mb="0" cb="0"/><line nr="2504" mi="4" ci="0" mb="0" cb="0"/><line nr="2505" mi="9" ci="0" mb="0" cb="0"/><line nr="2506" mi="1" ci="0" mb="0" cb="0"/><line nr="2508" mi="10" ci="0" mb="2" cb="0"/><line nr="2509" mi="4" ci="0" mb="0" cb="0"/><line nr="2510" mi="9" ci="0" mb="0" cb="0"/><line nr="2511" mi="9" ci="0" mb="0" cb="0"/><line nr="2512" mi="5" ci="0" mb="0" cb="0"/><line nr="2513" mi="5" ci="0" mb="0" cb="0"/><line nr="2514" mi="5" ci="0" mb="0" cb="0"/><line nr="2515" mi="5" ci="0" mb="0" cb="0"/><line nr="2516" mi="11" ci="0" mb="0" cb="0"/><line nr="2517" mi="4" ci="0" mb="0" cb="0"/><line nr="2518" mi="1" ci="0" mb="0" cb="0"/><line nr="2519" mi="4" ci="0" mb="0" cb="0"/><line nr="2520" mi="5" ci="0" mb="0" cb="0"/><line nr="2521" mi="2" ci="0" mb="0" cb="0"/><counter type="INSTRUCTION" missed="4383" covered="1392"/><counter type="BRANCH" missed="181" covered="61"/><counter type="LINE" missed="834" covered="282"/><counter type="COMPLEXITY" missed="170" covered="71"/><counter type="METHOD" missed="67" covered="53"/><counter type="CLASS" missed="0" covered="1"/></sourcefile><counter type="INSTRUCTION" missed="4383" covered="1392"/><counter type="BRANCH" missed="181" covered="61"/><counter type="LINE" missed="834" covered="282"/><counter type="COMPLEXITY" missed="170" covered="71"/><counter type="METHOD" missed="67" covered="53"/><counter type="CLASS" missed="0" covered="1"/></package><counter type="INSTRUCTION" missed="4383" covered="1392"/><counter type="BRANCH" missed="181" covered="61"/><counter type="LINE" missed="834" covered="282"/><counter type="COMPLEXITY" missed="170" covered="71"/><counter type="METHOD" missed="67" covered="53"/><counter type="CLASS" missed="0" covered="1"/></report>